:::MLLOG {"namespace": "", "time_ms": 1633372607935, "event_type": "POINT_IN_TIME", "key": "cache_clear", "value": null, "metadata": {"file": "/p/project/jb_benchmark/MLPerf-1.0-combined/MLPerf/benchmarks-closed/cosmoflow//cosmoflow/train.py", "lineno": 122}}
:::MLLOG {"namespace": "", "time_ms": 1633372607969, "event_type": "INTERVAL_START", "key": "init_start", "value": null, "metadata": {"file": "/p/project/jb_benchmark/MLPerf-1.0-combined/MLPerf/benchmarks-closed/cosmoflow//cosmoflow/train.py", "lineno": 123}}
:::MLLOG {"namespace": "", "time_ms": 1633372607969, "event_type": "POINT_IN_TIME", "key": "submission_benchmark", "value": "cosmoflow", "metadata": {"file": "/p/project/jb_benchmark/MLPerf-1.0-combined/MLPerf/benchmarks-closed/cosmoflow//cosmoflow/train.py", "lineno": 125}}
:::MLLOG {"namespace": "", "time_ms": 1633372607969, "event_type": "POINT_IN_TIME", "key": "submission_org", "value": "HelmholtzAI", "metadata": {"file": "/p/project/jb_benchmark/MLPerf-1.0-combined/MLPerf/benchmarks-closed/cosmoflow//cosmoflow/train.py", "lineno": 127}}
:::MLLOG {"namespace": "", "time_ms": 1633372607969, "event_type": "POINT_IN_TIME", "key": "submission_division", "value": "closed", "metadata": {"file": "/p/project/jb_benchmark/MLPerf-1.0-combined/MLPerf/benchmarks-closed/cosmoflow//cosmoflow/train.py", "lineno": 128}}
:::MLLOG {"namespace": "", "time_ms": 1633372607969, "event_type": "POINT_IN_TIME", "key": "submission_status", "value": "onprem", "metadata": {"file": "/p/project/jb_benchmark/MLPerf-1.0-combined/MLPerf/benchmarks-closed/cosmoflow//cosmoflow/train.py", "lineno": 129}}
:::MLLOG {"namespace": "", "time_ms": 1633372607969, "event_type": "POINT_IN_TIME", "key": "submission_platform", "value": "A100", "metadata": {"file": "/p/project/jb_benchmark/MLPerf-1.0-combined/MLPerf/benchmarks-closed/cosmoflow//cosmoflow/train.py", "lineno": 130}}
:::MLLOG {"namespace": "", "time_ms": 1633372607969, "event_type": "POINT_IN_TIME", "key": "number_of_nodes", "value": 128, "metadata": {"file": "/p/project/jb_benchmark/MLPerf-1.0-combined/MLPerf/benchmarks-closed/cosmoflow//cosmoflow/train.py", "lineno": 132}}
:::MLLOG {"namespace": "", "time_ms": 1633372607970, "event_type": "POINT_IN_TIME", "key": "accelerators_per_node", "value": 4, "metadata": {"file": "/p/project/jb_benchmark/MLPerf-1.0-combined/MLPerf/benchmarks-closed/cosmoflow//cosmoflow/train.py", "lineno": 134}}
:::MLLOG {"namespace": "", "time_ms": 1633372632785, "event_type": "POINT_IN_TIME", "key": "opt_weight_decay", "value": 0.0, "metadata": {"file": "/p/project/jb_benchmark/MLPerf-1.0-combined/MLPerf/benchmarks-closed/cosmoflow//cosmoflow/train.py", "lineno": 150}}
:::MLLOG {"namespace": "", "time_ms": 1633372632786, "event_type": "POINT_IN_TIME", "key": "dropout", "value": 0.5, "metadata": {"file": "/p/project/jb_benchmark/MLPerf-1.0-combined/MLPerf/benchmarks-closed/cosmoflow//cosmoflow/train.py", "lineno": 152}}
:::MLLOG {"namespace": "", "time_ms": 1633372633409, "event_type": "POINT_IN_TIME", "key": "global_batch_size", "value": 512, "metadata": {"file": "/p/project/jb_benchmark/MLPerf-1.0-combined/MLPerf/benchmarks-closed/cosmoflow/cosmoflow/h5_data.py", "lineno": 410}}
:::MLLOG {"namespace": "", "time_ms": 1633372633411, "event_type": "POINT_IN_TIME", "key": "train_samples", "value": 524288, "metadata": {"file": "/p/project/jb_benchmark/MLPerf-1.0-combined/MLPerf/benchmarks-closed/cosmoflow/cosmoflow/h5_data.py", "lineno": 412}}
:::MLLOG {"namespace": "", "time_ms": 1633372633411, "event_type": "POINT_IN_TIME", "key": "eval_samples", "value": 65536, "metadata": {"file": "/p/project/jb_benchmark/MLPerf-1.0-combined/MLPerf/benchmarks-closed/cosmoflow/cosmoflow/h5_data.py", "lineno": 414}}
:::MLLOG {"namespace": "", "time_ms": 1633372633412, "event_type": "POINT_IN_TIME", "key": "opt_base_learning_rate", "value": 0.008, "metadata": {"file": "/p/project/jb_benchmark/MLPerf-1.0-combined/MLPerf/benchmarks-closed/cosmoflow//cosmoflow/train.py", "lineno": 87}}
:::MLLOG {"namespace": "", "time_ms": 1633372633412, "event_type": "POINT_IN_TIME", "key": "opt_learning_rate_warmup_epochs", "value": 4, "metadata": {"file": "/p/project/jb_benchmark/MLPerf-1.0-combined/MLPerf/benchmarks-closed/cosmoflow//cosmoflow/train.py", "lineno": 89}}
:::MLLOG {"namespace": "", "time_ms": 1633372633412, "event_type": "POINT_IN_TIME", "key": "opt_learning_rate_warmup_factor", "value": 8, "metadata": {"file": "/p/project/jb_benchmark/MLPerf-1.0-combined/MLPerf/benchmarks-closed/cosmoflow//cosmoflow/train.py", "lineno": 91}}
:::MLLOG {"namespace": "", "time_ms": 1633372633412, "event_type": "POINT_IN_TIME", "key": "opt_learning_rate_decay_boundary_epochs", "value": [32, 64], "metadata": {"file": "/p/project/jb_benchmark/MLPerf-1.0-combined/MLPerf/benchmarks-closed/cosmoflow//cosmoflow/train.py", "lineno": 93}}
:::MLLOG {"namespace": "", "time_ms": 1633372633412, "event_type": "POINT_IN_TIME", "key": "opt_learning_rate_decay_factor", "value": [0.25, 0.125], "metadata": {"file": "/p/project/jb_benchmark/MLPerf-1.0-combined/MLPerf/benchmarks-closed/cosmoflow//cosmoflow/train.py", "lineno": 95}}
:::MLLOG {"namespace": "", "time_ms": 1633372633412, "event_type": "POINT_IN_TIME", "key": "opt_name", "value": "sgd", "metadata": {"file": "/p/project/jb_benchmark/MLPerf-1.0-combined/MLPerf/benchmarks-closed/cosmoflow//cosmoflow/train.py", "lineno": 171}}
:::MLLOG {"namespace": "", "time_ms": 1633372633642, "event_type": "INTERVAL_END", "key": "init_stop", "value": null, "metadata": {"file": "/p/project/jb_benchmark/MLPerf-1.0-combined/MLPerf/benchmarks-closed/cosmoflow/cosmoflow/utils.py", "lineno": 141}}
:::MLLOG {"namespace": "", "time_ms": 1633372633644, "event_type": "INTERVAL_START", "key": "run_start", "value": null, "metadata": {"file": "/p/project/jb_benchmark/MLPerf-1.0-combined/MLPerf/benchmarks-closed/cosmoflow//cosmoflow/train.py", "lineno": 195}}
:::MLLOG {"namespace": "", "time_ms": 1633372633644, "event_type": "INTERVAL_START", "key": "staging_start", "value": null, "metadata": {"file": "/p/project/jb_benchmark/MLPerf-1.0-combined/MLPerf/benchmarks-closed/cosmoflow/cosmoflow/h5_data.py", "lineno": 418}}
:::MLLOG {"namespace": "", "time_ms": 1633372756953, "event_type": "INTERVAL_END", "key": "staging_stop", "value": null, "metadata": {"file": "/p/project/jb_benchmark/MLPerf-1.0-combined/MLPerf/benchmarks-closed/cosmoflow/cosmoflow/h5_data.py", "lineno": 421}}
:::MLLOG {"namespace": "", "time_ms": 1633372756953, "event_type": "INTERVAL_START", "key": "epoch_start", "value": null, "metadata": {"file": "/p/project/jb_benchmark/MLPerf-1.0-combined/MLPerf/benchmarks-closed/cosmoflow//cosmoflow/train.py", "lineno": 205, "epoch_num": 1}}
:::MLLOG {"namespace": "", "time_ms": 1633372781058, "event_type": "POINT_IN_TIME", "key": "throughput", "value": 21750.88215068391, "metadata": {"file": "/p/project/jb_benchmark/MLPerf-1.0-combined/MLPerf/benchmarks-closed/cosmoflow//cosmoflow/train.py", "lineno": 337, "epoch_num": 1}}
:::MLLOG {"namespace": "", "time_ms": 1633372781058, "event_type": "INTERVAL_START", "key": "eval_start", "value": null, "metadata": {"file": "/p/project/jb_benchmark/MLPerf-1.0-combined/MLPerf/benchmarks-closed/cosmoflow//cosmoflow/train.py", "lineno": 345, "epoch_num": 1}}
:::MLLOG {"namespace": "", "time_ms": 1633372798866, "event_type": "INTERVAL_END", "key": "eval_stop", "value": null, "metadata": {"file": "/p/project/jb_benchmark/MLPerf-1.0-combined/MLPerf/benchmarks-closed/cosmoflow/cosmoflow/utils.py", "lineno": 141, "epoch_num": 1}}
:::MLLOG {"namespace": "", "time_ms": 1633372798867, "event_type": "INTERVAL_END", "key": "epoch_stop", "value": null, "metadata": {"file": "/p/project/jb_benchmark/MLPerf-1.0-combined/MLPerf/benchmarks-closed/cosmoflow/cosmoflow/utils.py", "lineno": 141, "epoch_num": 1}}
:::MLLOG {"namespace": "", "time_ms": 1633372798867, "event_type": "POINT_IN_TIME", "key": "eval_error", "value": 0.38291478145401925, "metadata": {"file": "/p/project/jb_benchmark/MLPerf-1.0-combined/MLPerf/benchmarks-closed/cosmoflow//cosmoflow/train.py", "lineno": 221, "epoch_num": 1}}
:::MLLOG {"namespace": "", "time_ms": 1633372798867, "event_type": "INTERVAL_START", "key": "epoch_start", "value": null, "metadata": {"file": "/p/project/jb_benchmark/MLPerf-1.0-combined/MLPerf/benchmarks-closed/cosmoflow//cosmoflow/train.py", "lineno": 205, "epoch_num": 2}}
:::MLLOG {"namespace": "", "time_ms": 1633372819701, "event_type": "POINT_IN_TIME", "key": "throughput", "value": 25165.448261610047, "metadata": {"file": "/p/project/jb_benchmark/MLPerf-1.0-combined/MLPerf/benchmarks-closed/cosmoflow//cosmoflow/train.py", "lineno": 337, "epoch_num": 2}}
:::MLLOG {"namespace": "", "time_ms": 1633372819701, "event_type": "INTERVAL_START", "key": "eval_start", "value": null, "metadata": {"file": "/p/project/jb_benchmark/MLPerf-1.0-combined/MLPerf/benchmarks-closed/cosmoflow//cosmoflow/train.py", "lineno": 345, "epoch_num": 2}}
:::MLLOG {"namespace": "", "time_ms": 1633372835558, "event_type": "INTERVAL_END", "key": "eval_stop", "value": null, "metadata": {"file": "/p/project/jb_benchmark/MLPerf-1.0-combined/MLPerf/benchmarks-closed/cosmoflow/cosmoflow/utils.py", "lineno": 141, "epoch_num": 2}}
:::MLLOG {"namespace": "", "time_ms": 1633372835559, "event_type": "INTERVAL_END", "key": "epoch_stop", "value": null, "metadata": {"file": "/p/project/jb_benchmark/MLPerf-1.0-combined/MLPerf/benchmarks-closed/cosmoflow/cosmoflow/utils.py", "lineno": 141, "epoch_num": 2}}
:::MLLOG {"namespace": "", "time_ms": 1633372835559, "event_type": "POINT_IN_TIME", "key": "eval_error", "value": 0.32302975648781285, "metadata": {"file": "/p/project/jb_benchmark/MLPerf-1.0-combined/MLPerf/benchmarks-closed/cosmoflow//cosmoflow/train.py", "lineno": 221, "epoch_num": 2}}
:::MLLOG {"namespace": "", "time_ms": 1633372835559, "event_type": "INTERVAL_START", "key": "epoch_start", "value": null, "metadata": {"file": "/p/project/jb_benchmark/MLPerf-1.0-combined/MLPerf/benchmarks-closed/cosmoflow//cosmoflow/train.py", "lineno": 205, "epoch_num": 3}}
:::MLLOG {"namespace": "", "time_ms": 1633372856502, "event_type": "POINT_IN_TIME", "key": "throughput", "value": 25034.569090484827, "metadata": {"file": "/p/project/jb_benchmark/MLPerf-1.0-combined/MLPerf/benchmarks-closed/cosmoflow//cosmoflow/train.py", "lineno": 337, "epoch_num": 3}}
:::MLLOG {"namespace": "", "time_ms": 1633372856502, "event_type": "INTERVAL_START", "key": "eval_start", "value": null, "metadata": {"file": "/p/project/jb_benchmark/MLPerf-1.0-combined/MLPerf/benchmarks-closed/cosmoflow//cosmoflow/train.py", "lineno": 345, "epoch_num": 3}}
:::MLLOG {"namespace": "", "time_ms": 1633372871042, "event_type": "INTERVAL_END", "key": "eval_stop", "value": null, "metadata": {"file": "/p/project/jb_benchmark/MLPerf-1.0-combined/MLPerf/benchmarks-closed/cosmoflow/cosmoflow/utils.py", "lineno": 141, "epoch_num": 3}}
:::MLLOG {"namespace": "", "time_ms": 1633372871043, "event_type": "INTERVAL_END", "key": "epoch_stop", "value": null, "metadata": {"file": "/p/project/jb_benchmark/MLPerf-1.0-combined/MLPerf/benchmarks-closed/cosmoflow/cosmoflow/utils.py", "lineno": 141, "epoch_num": 3}}
:::MLLOG {"namespace": "", "time_ms": 1633372871043, "event_type": "POINT_IN_TIME", "key": "eval_error", "value": 0.31925642443820834, "metadata": {"file": "/p/project/jb_benchmark/MLPerf-1.0-combined/MLPerf/benchmarks-closed/cosmoflow//cosmoflow/train.py", "lineno": 221, "epoch_num": 3}}
:::MLLOG {"namespace": "", "time_ms": 1633372871043, "event_type": "INTERVAL_START", "key": "epoch_start", "value": null, "metadata": {"file": "/p/project/jb_benchmark/MLPerf-1.0-combined/MLPerf/benchmarks-closed/cosmoflow//cosmoflow/train.py", "lineno": 205, "epoch_num": 4}}
:::MLLOG {"namespace": "", "time_ms": 1633372891685, "event_type": "POINT_IN_TIME", "key": "throughput", "value": 25399.601801659366, "metadata": {"file": "/p/project/jb_benchmark/MLPerf-1.0-combined/MLPerf/benchmarks-closed/cosmoflow//cosmoflow/train.py", "lineno": 337, "epoch_num": 4}}
:::MLLOG {"namespace": "", "time_ms": 1633372891686, "event_type": "INTERVAL_START", "key": "eval_start", "value": null, "metadata": {"file": "/p/project/jb_benchmark/MLPerf-1.0-combined/MLPerf/benchmarks-closed/cosmoflow//cosmoflow/train.py", "lineno": 345, "epoch_num": 4}}
:::MLLOG {"namespace": "", "time_ms": 1633372905579, "event_type": "INTERVAL_END", "key": "eval_stop", "value": null, "metadata": {"file": "/p/project/jb_benchmark/MLPerf-1.0-combined/MLPerf/benchmarks-closed/cosmoflow/cosmoflow/utils.py", "lineno": 141, "epoch_num": 4}}
:::MLLOG {"namespace": "", "time_ms": 1633372905580, "event_type": "INTERVAL_END", "key": "epoch_stop", "value": null, "metadata": {"file": "/p/project/jb_benchmark/MLPerf-1.0-combined/MLPerf/benchmarks-closed/cosmoflow/cosmoflow/utils.py", "lineno": 141, "epoch_num": 4}}
:::MLLOG {"namespace": "", "time_ms": 1633372905580, "event_type": "POINT_IN_TIME", "key": "eval_error", "value": 0.2744328953819368, "metadata": {"file": "/p/project/jb_benchmark/MLPerf-1.0-combined/MLPerf/benchmarks-closed/cosmoflow//cosmoflow/train.py", "lineno": 221, "epoch_num": 4}}
:::MLLOG {"namespace": "", "time_ms": 1633372905580, "event_type": "INTERVAL_START", "key": "epoch_start", "value": null, "metadata": {"file": "/p/project/jb_benchmark/MLPerf-1.0-combined/MLPerf/benchmarks-closed/cosmoflow//cosmoflow/train.py", "lineno": 205, "epoch_num": 5}}
:::MLLOG {"namespace": "", "time_ms": 1633372926117, "event_type": "POINT_IN_TIME", "key": "throughput", "value": 25529.233234999807, "metadata": {"file": "/p/project/jb_benchmark/MLPerf-1.0-combined/MLPerf/benchmarks-closed/cosmoflow//cosmoflow/train.py", "lineno": 337, "epoch_num": 5}}
:::MLLOG {"namespace": "", "time_ms": 1633372926117, "event_type": "INTERVAL_START", "key": "eval_start", "value": null, "metadata": {"file": "/p/project/jb_benchmark/MLPerf-1.0-combined/MLPerf/benchmarks-closed/cosmoflow//cosmoflow/train.py", "lineno": 345, "epoch_num": 5}}
:::MLLOG {"namespace": "", "time_ms": 1633372939928, "event_type": "INTERVAL_END", "key": "eval_stop", "value": null, "metadata": {"file": "/p/project/jb_benchmark/MLPerf-1.0-combined/MLPerf/benchmarks-closed/cosmoflow/cosmoflow/utils.py", "lineno": 141, "epoch_num": 5}}
:::MLLOG {"namespace": "", "time_ms": 1633372939929, "event_type": "INTERVAL_END", "key": "epoch_stop", "value": null, "metadata": {"file": "/p/project/jb_benchmark/MLPerf-1.0-combined/MLPerf/benchmarks-closed/cosmoflow/cosmoflow/utils.py", "lineno": 141, "epoch_num": 5}}
:::MLLOG {"namespace": "", "time_ms": 1633372939929, "event_type": "POINT_IN_TIME", "key": "eval_error", "value": 0.3054307698912453, "metadata": {"file": "/p/project/jb_benchmark/MLPerf-1.0-combined/MLPerf/benchmarks-closed/cosmoflow//cosmoflow/train.py", "lineno": 221, "epoch_num": 5}}
:::MLLOG {"namespace": "", "time_ms": 1633372939929, "event_type": "INTERVAL_START", "key": "epoch_start", "value": null, "metadata": {"file": "/p/project/jb_benchmark/MLPerf-1.0-combined/MLPerf/benchmarks-closed/cosmoflow//cosmoflow/train.py", "lineno": 205, "epoch_num": 6}}
:::MLLOG {"namespace": "", "time_ms": 1633372960594, "event_type": "POINT_IN_TIME", "key": "throughput", "value": 25371.639891835577, "metadata": {"file": "/p/project/jb_benchmark/MLPerf-1.0-combined/MLPerf/benchmarks-closed/cosmoflow//cosmoflow/train.py", "lineno": 337, "epoch_num": 6}}
:::MLLOG {"namespace": "", "time_ms": 1633372960594, "event_type": "INTERVAL_START", "key": "eval_start", "value": null, "metadata": {"file": "/p/project/jb_benchmark/MLPerf-1.0-combined/MLPerf/benchmarks-closed/cosmoflow//cosmoflow/train.py", "lineno": 345, "epoch_num": 6}}
:::MLLOG {"namespace": "", "time_ms": 1633372972477, "event_type": "INTERVAL_END", "key": "eval_stop", "value": null, "metadata": {"file": "/p/project/jb_benchmark/MLPerf-1.0-combined/MLPerf/benchmarks-closed/cosmoflow/cosmoflow/utils.py", "lineno": 141, "epoch_num": 6}}
:::MLLOG {"namespace": "", "time_ms": 1633372972478, "event_type": "INTERVAL_END", "key": "epoch_stop", "value": null, "metadata": {"file": "/p/project/jb_benchmark/MLPerf-1.0-combined/MLPerf/benchmarks-closed/cosmoflow/cosmoflow/utils.py", "lineno": 141, "epoch_num": 6}}
:::MLLOG {"namespace": "", "time_ms": 1633372972478, "event_type": "POINT_IN_TIME", "key": "eval_error", "value": 0.3572432993678376, "metadata": {"file": "/p/project/jb_benchmark/MLPerf-1.0-combined/MLPerf/benchmarks-closed/cosmoflow//cosmoflow/train.py", "lineno": 221, "epoch_num": 6}}
:::MLLOG {"namespace": "", "time_ms": 1633372972478, "event_type": "INTERVAL_START", "key": "epoch_start", "value": null, "metadata": {"file": "/p/project/jb_benchmark/MLPerf-1.0-combined/MLPerf/benchmarks-closed/cosmoflow//cosmoflow/train.py", "lineno": 205, "epoch_num": 7}}
:::MLLOG {"namespace": "", "time_ms": 1633372992984, "event_type": "POINT_IN_TIME", "key": "throughput", "value": 25567.804239985406, "metadata": {"file": "/p/project/jb_benchmark/MLPerf-1.0-combined/MLPerf/benchmarks-closed/cosmoflow//cosmoflow/train.py", "lineno": 337, "epoch_num": 7}}
:::MLLOG {"namespace": "", "time_ms": 1633372992985, "event_type": "INTERVAL_START", "key": "eval_start", "value": null, "metadata": {"file": "/p/project/jb_benchmark/MLPerf-1.0-combined/MLPerf/benchmarks-closed/cosmoflow//cosmoflow/train.py", "lineno": 345, "epoch_num": 7}}
:::MLLOG {"namespace": "", "time_ms": 1633373004390, "event_type": "INTERVAL_END", "key": "eval_stop", "value": null, "metadata": {"file": "/p/project/jb_benchmark/MLPerf-1.0-combined/MLPerf/benchmarks-closed/cosmoflow/cosmoflow/utils.py", "lineno": 141, "epoch_num": 7}}
:::MLLOG {"namespace": "", "time_ms": 1633373004391, "event_type": "INTERVAL_END", "key": "epoch_stop", "value": null, "metadata": {"file": "/p/project/jb_benchmark/MLPerf-1.0-combined/MLPerf/benchmarks-closed/cosmoflow/cosmoflow/utils.py", "lineno": 141, "epoch_num": 7}}
:::MLLOG {"namespace": "", "time_ms": 1633373004391, "event_type": "POINT_IN_TIME", "key": "eval_error", "value": 0.38214695430360734, "metadata": {"file": "/p/project/jb_benchmark/MLPerf-1.0-combined/MLPerf/benchmarks-closed/cosmoflow//cosmoflow/train.py", "lineno": 221, "epoch_num": 7}}
:::MLLOG {"namespace": "", "time_ms": 1633373004391, "event_type": "INTERVAL_START", "key": "epoch_start", "value": null, "metadata": {"file": "/p/project/jb_benchmark/MLPerf-1.0-combined/MLPerf/benchmarks-closed/cosmoflow//cosmoflow/train.py", "lineno": 205, "epoch_num": 8}}
:::MLLOG {"namespace": "", "time_ms": 1633373031144, "event_type": "POINT_IN_TIME", "key": "throughput", "value": 19597.54741428514, "metadata": {"file": "/p/project/jb_benchmark/MLPerf-1.0-combined/MLPerf/benchmarks-closed/cosmoflow//cosmoflow/train.py", "lineno": 337, "epoch_num": 8}}
:::MLLOG {"namespace": "", "time_ms": 1633373031145, "event_type": "INTERVAL_START", "key": "eval_start", "value": null, "metadata": {"file": "/p/project/jb_benchmark/MLPerf-1.0-combined/MLPerf/benchmarks-closed/cosmoflow//cosmoflow/train.py", "lineno": 345, "epoch_num": 8}}
:::MLLOG {"namespace": "", "time_ms": 1633373040059, "event_type": "INTERVAL_END", "key": "eval_stop", "value": null, "metadata": {"file": "/p/project/jb_benchmark/MLPerf-1.0-combined/MLPerf/benchmarks-closed/cosmoflow/cosmoflow/utils.py", "lineno": 141, "epoch_num": 8}}
:::MLLOG {"namespace": "", "time_ms": 1633373040060, "event_type": "INTERVAL_END", "key": "epoch_stop", "value": null, "metadata": {"file": "/p/project/jb_benchmark/MLPerf-1.0-combined/MLPerf/benchmarks-closed/cosmoflow/cosmoflow/utils.py", "lineno": 141, "epoch_num": 8}}
:::MLLOG {"namespace": "", "time_ms": 1633373040060, "event_type": "POINT_IN_TIME", "key": "eval_error", "value": 0.2602596280630678, "metadata": {"file": "/p/project/jb_benchmark/MLPerf-1.0-combined/MLPerf/benchmarks-closed/cosmoflow//cosmoflow/train.py", "lineno": 221, "epoch_num": 8}}
:::MLLOG {"namespace": "", "time_ms": 1633373040060, "event_type": "INTERVAL_START", "key": "epoch_start", "value": null, "metadata": {"file": "/p/project/jb_benchmark/MLPerf-1.0-combined/MLPerf/benchmarks-closed/cosmoflow//cosmoflow/train.py", "lineno": 205, "epoch_num": 9}}
:::MLLOG {"namespace": "", "time_ms": 1633373060765, "event_type": "POINT_IN_TIME", "key": "throughput", "value": 25322.169152512004, "metadata": {"file": "/p/project/jb_benchmark/MLPerf-1.0-combined/MLPerf/benchmarks-closed/cosmoflow//cosmoflow/train.py", "lineno": 337, "epoch_num": 9}}
:::MLLOG {"namespace": "", "time_ms": 1633373060765, "event_type": "INTERVAL_START", "key": "eval_start", "value": null, "metadata": {"file": "/p/project/jb_benchmark/MLPerf-1.0-combined/MLPerf/benchmarks-closed/cosmoflow//cosmoflow/train.py", "lineno": 345, "epoch_num": 9}}
:::MLLOG {"namespace": "", "time_ms": 1633373071199, "event_type": "INTERVAL_END", "key": "eval_stop", "value": null, "metadata": {"file": "/p/project/jb_benchmark/MLPerf-1.0-combined/MLPerf/benchmarks-closed/cosmoflow/cosmoflow/utils.py", "lineno": 141, "epoch_num": 9}}
:::MLLOG {"namespace": "", "time_ms": 1633373071199, "event_type": "INTERVAL_END", "key": "epoch_stop", "value": null, "metadata": {"file": "/p/project/jb_benchmark/MLPerf-1.0-combined/MLPerf/benchmarks-closed/cosmoflow/cosmoflow/utils.py", "lineno": 141, "epoch_num": 9}}
:::MLLOG {"namespace": "", "time_ms": 1633373071199, "event_type": "POINT_IN_TIME", "key": "eval_error", "value": 0.21065270894905552, "metadata": {"file": "/p/project/jb_benchmark/MLPerf-1.0-combined/MLPerf/benchmarks-closed/cosmoflow//cosmoflow/train.py", "lineno": 221, "epoch_num": 9}}
:::MLLOG {"namespace": "", "time_ms": 1633373071200, "event_type": "INTERVAL_START", "key": "epoch_start", "value": null, "metadata": {"file": "/p/project/jb_benchmark/MLPerf-1.0-combined/MLPerf/benchmarks-closed/cosmoflow//cosmoflow/train.py", "lineno": 205, "epoch_num": 10}}
:::MLLOG {"namespace": "", "time_ms": 1633373091800, "event_type": "POINT_IN_TIME", "key": "throughput", "value": 25451.039743282163, "metadata": {"file": "/p/project/jb_benchmark/MLPerf-1.0-combined/MLPerf/benchmarks-closed/cosmoflow//cosmoflow/train.py", "lineno": 337, "epoch_num": 10}}
:::MLLOG {"namespace": "", "time_ms": 1633373091800, "event_type": "INTERVAL_START", "key": "eval_start", "value": null, "metadata": {"file": "/p/project/jb_benchmark/MLPerf-1.0-combined/MLPerf/benchmarks-closed/cosmoflow//cosmoflow/train.py", "lineno": 345, "epoch_num": 10}}
:::MLLOG {"namespace": "", "time_ms": 1633373102135, "event_type": "INTERVAL_END", "key": "eval_stop", "value": null, "metadata": {"file": "/p/project/jb_benchmark/MLPerf-1.0-combined/MLPerf/benchmarks-closed/cosmoflow/cosmoflow/utils.py", "lineno": 141, "epoch_num": 10}}
:::MLLOG {"namespace": "", "time_ms": 1633373102136, "event_type": "INTERVAL_END", "key": "epoch_stop", "value": null, "metadata": {"file": "/p/project/jb_benchmark/MLPerf-1.0-combined/MLPerf/benchmarks-closed/cosmoflow/cosmoflow/utils.py", "lineno": 141, "epoch_num": 10}}
:::MLLOG {"namespace": "", "time_ms": 1633373102136, "event_type": "POINT_IN_TIME", "key": "eval_error", "value": 0.19101005789707415, "metadata": {"file": "/p/project/jb_benchmark/MLPerf-1.0-combined/MLPerf/benchmarks-closed/cosmoflow//cosmoflow/train.py", "lineno": 221, "epoch_num": 10}}
:::MLLOG {"namespace": "", "time_ms": 1633373102136, "event_type": "INTERVAL_START", "key": "epoch_start", "value": null, "metadata": {"file": "/p/project/jb_benchmark/MLPerf-1.0-combined/MLPerf/benchmarks-closed/cosmoflow//cosmoflow/train.py", "lineno": 205, "epoch_num": 11}}
:::MLLOG {"namespace": "", "time_ms": 1633373122715, "event_type": "POINT_IN_TIME", "key": "throughput", "value": 25477.739706870292, "metadata": {"file": "/p/project/jb_benchmark/MLPerf-1.0-combined/MLPerf/benchmarks-closed/cosmoflow//cosmoflow/train.py", "lineno": 337, "epoch_num": 11}}
:::MLLOG {"namespace": "", "time_ms": 1633373122715, "event_type": "INTERVAL_START", "key": "eval_start", "value": null, "metadata": {"file": "/p/project/jb_benchmark/MLPerf-1.0-combined/MLPerf/benchmarks-closed/cosmoflow//cosmoflow/train.py", "lineno": 345, "epoch_num": 11}}
:::MLLOG {"namespace": "", "time_ms": 1633373132644, "event_type": "INTERVAL_END", "key": "eval_stop", "value": null, "metadata": {"file": "/p/project/jb_benchmark/MLPerf-1.0-combined/MLPerf/benchmarks-closed/cosmoflow/cosmoflow/utils.py", "lineno": 141, "epoch_num": 11}}
:::MLLOG {"namespace": "", "time_ms": 1633373132645, "event_type": "INTERVAL_END", "key": "epoch_stop", "value": null, "metadata": {"file": "/p/project/jb_benchmark/MLPerf-1.0-combined/MLPerf/benchmarks-closed/cosmoflow/cosmoflow/utils.py", "lineno": 141, "epoch_num": 11}}
:::MLLOG {"namespace": "", "time_ms": 1633373132645, "event_type": "POINT_IN_TIME", "key": "eval_error", "value": 0.18238496774574742, "metadata": {"file": "/p/project/jb_benchmark/MLPerf-1.0-combined/MLPerf/benchmarks-closed/cosmoflow//cosmoflow/train.py", "lineno": 221, "epoch_num": 11}}
:::MLLOG {"namespace": "", "time_ms": 1633373132645, "event_type": "INTERVAL_START", "key": "epoch_start", "value": null, "metadata": {"file": "/p/project/jb_benchmark/MLPerf-1.0-combined/MLPerf/benchmarks-closed/cosmoflow//cosmoflow/train.py", "lineno": 205, "epoch_num": 12}}
:::MLLOG {"namespace": "", "time_ms": 1633373153397, "event_type": "POINT_IN_TIME", "key": "throughput", "value": 25264.60580993391, "metadata": {"file": "/p/project/jb_benchmark/MLPerf-1.0-combined/MLPerf/benchmarks-closed/cosmoflow//cosmoflow/train.py", "lineno": 337, "epoch_num": 12}}
:::MLLOG {"namespace": "", "time_ms": 1633373153398, "event_type": "INTERVAL_START", "key": "eval_start", "value": null, "metadata": {"file": "/p/project/jb_benchmark/MLPerf-1.0-combined/MLPerf/benchmarks-closed/cosmoflow//cosmoflow/train.py", "lineno": 345, "epoch_num": 12}}
:::MLLOG {"namespace": "", "time_ms": 1633373163006, "event_type": "INTERVAL_END", "key": "eval_stop", "value": null, "metadata": {"file": "/p/project/jb_benchmark/MLPerf-1.0-combined/MLPerf/benchmarks-closed/cosmoflow/cosmoflow/utils.py", "lineno": 141, "epoch_num": 12}}
:::MLLOG {"namespace": "", "time_ms": 1633373163007, "event_type": "INTERVAL_END", "key": "epoch_stop", "value": null, "metadata": {"file": "/p/project/jb_benchmark/MLPerf-1.0-combined/MLPerf/benchmarks-closed/cosmoflow/cosmoflow/utils.py", "lineno": 141, "epoch_num": 12}}
:::MLLOG {"namespace": "", "time_ms": 1633373163007, "event_type": "POINT_IN_TIME", "key": "eval_error", "value": 0.199112474831054, "metadata": {"file": "/p/project/jb_benchmark/MLPerf-1.0-combined/MLPerf/benchmarks-closed/cosmoflow//cosmoflow/train.py", "lineno": 221, "epoch_num": 12}}
:::MLLOG {"namespace": "", "time_ms": 1633373163007, "event_type": "INTERVAL_START", "key": "epoch_start", "value": null, "metadata": {"file": "/p/project/jb_benchmark/MLPerf-1.0-combined/MLPerf/benchmarks-closed/cosmoflow//cosmoflow/train.py", "lineno": 205, "epoch_num": 13}}
:::MLLOG {"namespace": "", "time_ms": 1633373183538, "event_type": "POINT_IN_TIME", "key": "throughput", "value": 25537.439907108343, "metadata": {"file": "/p/project/jb_benchmark/MLPerf-1.0-combined/MLPerf/benchmarks-closed/cosmoflow//cosmoflow/train.py", "lineno": 337, "epoch_num": 13}}
:::MLLOG {"namespace": "", "time_ms": 1633373183538, "event_type": "INTERVAL_START", "key": "eval_start", "value": null, "metadata": {"file": "/p/project/jb_benchmark/MLPerf-1.0-combined/MLPerf/benchmarks-closed/cosmoflow//cosmoflow/train.py", "lineno": 345, "epoch_num": 13}}
:::MLLOG {"namespace": "", "time_ms": 1633373192971, "event_type": "INTERVAL_END", "key": "eval_stop", "value": null, "metadata": {"file": "/p/project/jb_benchmark/MLPerf-1.0-combined/MLPerf/benchmarks-closed/cosmoflow/cosmoflow/utils.py", "lineno": 141, "epoch_num": 13}}
:::MLLOG {"namespace": "", "time_ms": 1633373192971, "event_type": "INTERVAL_END", "key": "epoch_stop", "value": null, "metadata": {"file": "/p/project/jb_benchmark/MLPerf-1.0-combined/MLPerf/benchmarks-closed/cosmoflow/cosmoflow/utils.py", "lineno": 141, "epoch_num": 13}}
:::MLLOG {"namespace": "", "time_ms": 1633373192971, "event_type": "POINT_IN_TIME", "key": "eval_error", "value": 0.19209855702669368, "metadata": {"file": "/p/project/jb_benchmark/MLPerf-1.0-combined/MLPerf/benchmarks-closed/cosmoflow//cosmoflow/train.py", "lineno": 221, "epoch_num": 13}}
:::MLLOG {"namespace": "", "time_ms": 1633373192972, "event_type": "INTERVAL_START", "key": "epoch_start", "value": null, "metadata": {"file": "/p/project/jb_benchmark/MLPerf-1.0-combined/MLPerf/benchmarks-closed/cosmoflow//cosmoflow/train.py", "lineno": 205, "epoch_num": 14}}
:::MLLOG {"namespace": "", "time_ms": 1633373218092, "event_type": "POINT_IN_TIME", "key": "throughput", "value": 20871.375312580894, "metadata": {"file": "/p/project/jb_benchmark/MLPerf-1.0-combined/MLPerf/benchmarks-closed/cosmoflow//cosmoflow/train.py", "lineno": 337, "epoch_num": 14}}
:::MLLOG {"namespace": "", "time_ms": 1633373218092, "event_type": "INTERVAL_START", "key": "eval_start", "value": null, "metadata": {"file": "/p/project/jb_benchmark/MLPerf-1.0-combined/MLPerf/benchmarks-closed/cosmoflow//cosmoflow/train.py", "lineno": 345, "epoch_num": 14}}
:::MLLOG {"namespace": "", "time_ms": 1633373227147, "event_type": "INTERVAL_END", "key": "eval_stop", "value": null, "metadata": {"file": "/p/project/jb_benchmark/MLPerf-1.0-combined/MLPerf/benchmarks-closed/cosmoflow/cosmoflow/utils.py", "lineno": 141, "epoch_num": 14}}
:::MLLOG {"namespace": "", "time_ms": 1633373227148, "event_type": "INTERVAL_END", "key": "epoch_stop", "value": null, "metadata": {"file": "/p/project/jb_benchmark/MLPerf-1.0-combined/MLPerf/benchmarks-closed/cosmoflow/cosmoflow/utils.py", "lineno": 141, "epoch_num": 14}}
:::MLLOG {"namespace": "", "time_ms": 1633373227148, "event_type": "POINT_IN_TIME", "key": "eval_error", "value": 0.1607941387919709, "metadata": {"file": "/p/project/jb_benchmark/MLPerf-1.0-combined/MLPerf/benchmarks-closed/cosmoflow//cosmoflow/train.py", "lineno": 221, "epoch_num": 14}}
:::MLLOG {"namespace": "", "time_ms": 1633373227148, "event_type": "INTERVAL_START", "key": "epoch_start", "value": null, "metadata": {"file": "/p/project/jb_benchmark/MLPerf-1.0-combined/MLPerf/benchmarks-closed/cosmoflow//cosmoflow/train.py", "lineno": 205, "epoch_num": 15}}
:::MLLOG {"namespace": "", "time_ms": 1633373247746, "event_type": "POINT_IN_TIME", "key": "throughput", "value": 25454.10388336157, "metadata": {"file": "/p/project/jb_benchmark/MLPerf-1.0-combined/MLPerf/benchmarks-closed/cosmoflow//cosmoflow/train.py", "lineno": 337, "epoch_num": 15}}
:::MLLOG {"namespace": "", "time_ms": 1633373247746, "event_type": "INTERVAL_START", "key": "eval_start", "value": null, "metadata": {"file": "/p/project/jb_benchmark/MLPerf-1.0-combined/MLPerf/benchmarks-closed/cosmoflow//cosmoflow/train.py", "lineno": 345, "epoch_num": 15}}
:::MLLOG {"namespace": "", "time_ms": 1633373256794, "event_type": "INTERVAL_END", "key": "eval_stop", "value": null, "metadata": {"file": "/p/project/jb_benchmark/MLPerf-1.0-combined/MLPerf/benchmarks-closed/cosmoflow/cosmoflow/utils.py", "lineno": 141, "epoch_num": 15}}
:::MLLOG {"namespace": "", "time_ms": 1633373256794, "event_type": "INTERVAL_END", "key": "epoch_stop", "value": null, "metadata": {"file": "/p/project/jb_benchmark/MLPerf-1.0-combined/MLPerf/benchmarks-closed/cosmoflow/cosmoflow/utils.py", "lineno": 141, "epoch_num": 15}}
:::MLLOG {"namespace": "", "time_ms": 1633373256794, "event_type": "POINT_IN_TIME", "key": "eval_error", "value": 0.15547895421332214, "metadata": {"file": "/p/project/jb_benchmark/MLPerf-1.0-combined/MLPerf/benchmarks-closed/cosmoflow//cosmoflow/train.py", "lineno": 221, "epoch_num": 15}}
:::MLLOG {"namespace": "", "time_ms": 1633373256794, "event_type": "INTERVAL_START", "key": "epoch_start", "value": null, "metadata": {"file": "/p/project/jb_benchmark/MLPerf-1.0-combined/MLPerf/benchmarks-closed/cosmoflow//cosmoflow/train.py", "lineno": 205, "epoch_num": 16}}
:::MLLOG {"namespace": "", "time_ms": 1633373277486, "event_type": "POINT_IN_TIME", "key": "throughput", "value": 25338.945493796782, "metadata": {"file": "/p/project/jb_benchmark/MLPerf-1.0-combined/MLPerf/benchmarks-closed/cosmoflow//cosmoflow/train.py", "lineno": 337, "epoch_num": 16}}
:::MLLOG {"namespace": "", "time_ms": 1633373277486, "event_type": "INTERVAL_START", "key": "eval_start", "value": null, "metadata": {"file": "/p/project/jb_benchmark/MLPerf-1.0-combined/MLPerf/benchmarks-closed/cosmoflow//cosmoflow/train.py", "lineno": 345, "epoch_num": 16}}
:::MLLOG {"namespace": "", "time_ms": 1633373287574, "event_type": "INTERVAL_END", "key": "eval_stop", "value": null, "metadata": {"file": "/p/project/jb_benchmark/MLPerf-1.0-combined/MLPerf/benchmarks-closed/cosmoflow/cosmoflow/utils.py", "lineno": 141, "epoch_num": 16}}
:::MLLOG {"namespace": "", "time_ms": 1633373287574, "event_type": "INTERVAL_END", "key": "epoch_stop", "value": null, "metadata": {"file": "/p/project/jb_benchmark/MLPerf-1.0-combined/MLPerf/benchmarks-closed/cosmoflow/cosmoflow/utils.py", "lineno": 141, "epoch_num": 16}}
:::MLLOG {"namespace": "", "time_ms": 1633373287574, "event_type": "POINT_IN_TIME", "key": "eval_error", "value": 0.1696658729633782, "metadata": {"file": "/p/project/jb_benchmark/MLPerf-1.0-combined/MLPerf/benchmarks-closed/cosmoflow//cosmoflow/train.py", "lineno": 221, "epoch_num": 16}}
:::MLLOG {"namespace": "", "time_ms": 1633373287574, "event_type": "INTERVAL_START", "key": "epoch_start", "value": null, "metadata": {"file": "/p/project/jb_benchmark/MLPerf-1.0-combined/MLPerf/benchmarks-closed/cosmoflow//cosmoflow/train.py", "lineno": 205, "epoch_num": 17}}
:::MLLOG {"namespace": "", "time_ms": 1633373308684, "event_type": "POINT_IN_TIME", "key": "throughput", "value": 24836.802872843396, "metadata": {"file": "/p/project/jb_benchmark/MLPerf-1.0-combined/MLPerf/benchmarks-closed/cosmoflow//cosmoflow/train.py", "lineno": 337, "epoch_num": 17}}
:::MLLOG {"namespace": "", "time_ms": 1633373308684, "event_type": "INTERVAL_START", "key": "eval_start", "value": null, "metadata": {"file": "/p/project/jb_benchmark/MLPerf-1.0-combined/MLPerf/benchmarks-closed/cosmoflow//cosmoflow/train.py", "lineno": 345, "epoch_num": 17}}
:::MLLOG {"namespace": "", "time_ms": 1633373316342, "event_type": "INTERVAL_END", "key": "eval_stop", "value": null, "metadata": {"file": "/p/project/jb_benchmark/MLPerf-1.0-combined/MLPerf/benchmarks-closed/cosmoflow/cosmoflow/utils.py", "lineno": 141, "epoch_num": 17}}
:::MLLOG {"namespace": "", "time_ms": 1633373316342, "event_type": "INTERVAL_END", "key": "epoch_stop", "value": null, "metadata": {"file": "/p/project/jb_benchmark/MLPerf-1.0-combined/MLPerf/benchmarks-closed/cosmoflow/cosmoflow/utils.py", "lineno": 141, "epoch_num": 17}}
:::MLLOG {"namespace": "", "time_ms": 1633373316342, "event_type": "POINT_IN_TIME", "key": "eval_error", "value": 0.160519719007425, "metadata": {"file": "/p/project/jb_benchmark/MLPerf-1.0-combined/MLPerf/benchmarks-closed/cosmoflow//cosmoflow/train.py", "lineno": 221, "epoch_num": 17}}
:::MLLOG {"namespace": "", "time_ms": 1633373316343, "event_type": "INTERVAL_START", "key": "epoch_start", "value": null, "metadata": {"file": "/p/project/jb_benchmark/MLPerf-1.0-combined/MLPerf/benchmarks-closed/cosmoflow//cosmoflow/train.py", "lineno": 205, "epoch_num": 18}}
:::MLLOG {"namespace": "", "time_ms": 1633373344234, "event_type": "POINT_IN_TIME", "key": "throughput", "value": 18797.902616935287, "metadata": {"file": "/p/project/jb_benchmark/MLPerf-1.0-combined/MLPerf/benchmarks-closed/cosmoflow//cosmoflow/train.py", "lineno": 337, "epoch_num": 18}}
:::MLLOG {"namespace": "", "time_ms": 1633373344234, "event_type": "INTERVAL_START", "key": "eval_start", "value": null, "metadata": {"file": "/p/project/jb_benchmark/MLPerf-1.0-combined/MLPerf/benchmarks-closed/cosmoflow//cosmoflow/train.py", "lineno": 345, "epoch_num": 18}}
:::MLLOG {"namespace": "", "time_ms": 1633373352808, "event_type": "INTERVAL_END", "key": "eval_stop", "value": null, "metadata": {"file": "/p/project/jb_benchmark/MLPerf-1.0-combined/MLPerf/benchmarks-closed/cosmoflow/cosmoflow/utils.py", "lineno": 141, "epoch_num": 18}}
:::MLLOG {"namespace": "", "time_ms": 1633373352808, "event_type": "INTERVAL_END", "key": "epoch_stop", "value": null, "metadata": {"file": "/p/project/jb_benchmark/MLPerf-1.0-combined/MLPerf/benchmarks-closed/cosmoflow/cosmoflow/utils.py", "lineno": 141, "epoch_num": 18}}
:::MLLOG {"namespace": "", "time_ms": 1633373352808, "event_type": "POINT_IN_TIME", "key": "eval_error", "value": 0.15783262244076468, "metadata": {"file": "/p/project/jb_benchmark/MLPerf-1.0-combined/MLPerf/benchmarks-closed/cosmoflow//cosmoflow/train.py", "lineno": 221, "epoch_num": 18}}
:::MLLOG {"namespace": "", "time_ms": 1633373352808, "event_type": "INTERVAL_START", "key": "epoch_start", "value": null, "metadata": {"file": "/p/project/jb_benchmark/MLPerf-1.0-combined/MLPerf/benchmarks-closed/cosmoflow//cosmoflow/train.py", "lineno": 205, "epoch_num": 19}}
:::MLLOG {"namespace": "", "time_ms": 1633373373765, "event_type": "POINT_IN_TIME", "key": "throughput", "value": 25017.653306501285, "metadata": {"file": "/p/project/jb_benchmark/MLPerf-1.0-combined/MLPerf/benchmarks-closed/cosmoflow//cosmoflow/train.py", "lineno": 337, "epoch_num": 19}}
:::MLLOG {"namespace": "", "time_ms": 1633373373766, "event_type": "INTERVAL_START", "key": "eval_start", "value": null, "metadata": {"file": "/p/project/jb_benchmark/MLPerf-1.0-combined/MLPerf/benchmarks-closed/cosmoflow//cosmoflow/train.py", "lineno": 345, "epoch_num": 19}}
:::MLLOG {"namespace": "", "time_ms": 1633373382104, "event_type": "INTERVAL_END", "key": "eval_stop", "value": null, "metadata": {"file": "/p/project/jb_benchmark/MLPerf-1.0-combined/MLPerf/benchmarks-closed/cosmoflow/cosmoflow/utils.py", "lineno": 141, "epoch_num": 19}}
:::MLLOG {"namespace": "", "time_ms": 1633373382104, "event_type": "INTERVAL_END", "key": "epoch_stop", "value": null, "metadata": {"file": "/p/project/jb_benchmark/MLPerf-1.0-combined/MLPerf/benchmarks-closed/cosmoflow/cosmoflow/utils.py", "lineno": 141, "epoch_num": 19}}
:::MLLOG {"namespace": "", "time_ms": 1633373382104, "event_type": "POINT_IN_TIME", "key": "eval_error", "value": 0.14963626859389478, "metadata": {"file": "/p/project/jb_benchmark/MLPerf-1.0-combined/MLPerf/benchmarks-closed/cosmoflow//cosmoflow/train.py", "lineno": 221, "epoch_num": 19}}
:::MLLOG {"namespace": "", "time_ms": 1633373382104, "event_type": "INTERVAL_START", "key": "epoch_start", "value": null, "metadata": {"file": "/p/project/jb_benchmark/MLPerf-1.0-combined/MLPerf/benchmarks-closed/cosmoflow//cosmoflow/train.py", "lineno": 205, "epoch_num": 20}}
:::MLLOG {"namespace": "", "time_ms": 1633373411295, "event_type": "POINT_IN_TIME", "key": "throughput", "value": 17961.098530595933, "metadata": {"file": "/p/project/jb_benchmark/MLPerf-1.0-combined/MLPerf/benchmarks-closed/cosmoflow//cosmoflow/train.py", "lineno": 337, "epoch_num": 20}}
:::MLLOG {"namespace": "", "time_ms": 1633373411295, "event_type": "INTERVAL_START", "key": "eval_start", "value": null, "metadata": {"file": "/p/project/jb_benchmark/MLPerf-1.0-combined/MLPerf/benchmarks-closed/cosmoflow//cosmoflow/train.py", "lineno": 345, "epoch_num": 20}}
:::MLLOG {"namespace": "", "time_ms": 1633373419591, "event_type": "INTERVAL_END", "key": "eval_stop", "value": null, "metadata": {"file": "/p/project/jb_benchmark/MLPerf-1.0-combined/MLPerf/benchmarks-closed/cosmoflow/cosmoflow/utils.py", "lineno": 141, "epoch_num": 20}}
:::MLLOG {"namespace": "", "time_ms": 1633373419591, "event_type": "INTERVAL_END", "key": "epoch_stop", "value": null, "metadata": {"file": "/p/project/jb_benchmark/MLPerf-1.0-combined/MLPerf/benchmarks-closed/cosmoflow/cosmoflow/utils.py", "lineno": 141, "epoch_num": 20}}
:::MLLOG {"namespace": "", "time_ms": 1633373419592, "event_type": "POINT_IN_TIME", "key": "eval_error", "value": 0.17499333614250645, "metadata": {"file": "/p/project/jb_benchmark/MLPerf-1.0-combined/MLPerf/benchmarks-closed/cosmoflow//cosmoflow/train.py", "lineno": 221, "epoch_num": 20}}
:::MLLOG {"namespace": "", "time_ms": 1633373419592, "event_type": "INTERVAL_START", "key": "epoch_start", "value": null, "metadata": {"file": "/p/project/jb_benchmark/MLPerf-1.0-combined/MLPerf/benchmarks-closed/cosmoflow//cosmoflow/train.py", "lineno": 205, "epoch_num": 21}}
:::MLLOG {"namespace": "", "time_ms": 1633373440217, "event_type": "POINT_IN_TIME", "key": "throughput", "value": 25420.106226159725, "metadata": {"file": "/p/project/jb_benchmark/MLPerf-1.0-combined/MLPerf/benchmarks-closed/cosmoflow//cosmoflow/train.py", "lineno": 337, "epoch_num": 21}}
:::MLLOG {"namespace": "", "time_ms": 1633373440217, "event_type": "INTERVAL_START", "key": "eval_start", "value": null, "metadata": {"file": "/p/project/jb_benchmark/MLPerf-1.0-combined/MLPerf/benchmarks-closed/cosmoflow//cosmoflow/train.py", "lineno": 345, "epoch_num": 21}}
:::MLLOG {"namespace": "", "time_ms": 1633373448436, "event_type": "INTERVAL_END", "key": "eval_stop", "value": null, "metadata": {"file": "/p/project/jb_benchmark/MLPerf-1.0-combined/MLPerf/benchmarks-closed/cosmoflow/cosmoflow/utils.py", "lineno": 141, "epoch_num": 21}}
:::MLLOG {"namespace": "", "time_ms": 1633373448437, "event_type": "INTERVAL_END", "key": "epoch_stop", "value": null, "metadata": {"file": "/p/project/jb_benchmark/MLPerf-1.0-combined/MLPerf/benchmarks-closed/cosmoflow/cosmoflow/utils.py", "lineno": 141, "epoch_num": 21}}
:::MLLOG {"namespace": "", "time_ms": 1633373448437, "event_type": "POINT_IN_TIME", "key": "eval_error", "value": 0.14621317377896048, "metadata": {"file": "/p/project/jb_benchmark/MLPerf-1.0-combined/MLPerf/benchmarks-closed/cosmoflow//cosmoflow/train.py", "lineno": 221, "epoch_num": 21}}
:::MLLOG {"namespace": "", "time_ms": 1633373448437, "event_type": "INTERVAL_START", "key": "epoch_start", "value": null, "metadata": {"file": "/p/project/jb_benchmark/MLPerf-1.0-combined/MLPerf/benchmarks-closed/cosmoflow//cosmoflow/train.py", "lineno": 205, "epoch_num": 22}}
:::MLLOG {"namespace": "", "time_ms": 1633373469202, "event_type": "POINT_IN_TIME", "key": "throughput", "value": 25249.4789844287, "metadata": {"file": "/p/project/jb_benchmark/MLPerf-1.0-combined/MLPerf/benchmarks-closed/cosmoflow//cosmoflow/train.py", "lineno": 337, "epoch_num": 22}}
:::MLLOG {"namespace": "", "time_ms": 1633373469202, "event_type": "INTERVAL_START", "key": "eval_start", "value": null, "metadata": {"file": "/p/project/jb_benchmark/MLPerf-1.0-combined/MLPerf/benchmarks-closed/cosmoflow//cosmoflow/train.py", "lineno": 345, "epoch_num": 22}}
:::MLLOG {"namespace": "", "time_ms": 1633373477134, "event_type": "INTERVAL_END", "key": "eval_stop", "value": null, "metadata": {"file": "/p/project/jb_benchmark/MLPerf-1.0-combined/MLPerf/benchmarks-closed/cosmoflow/cosmoflow/utils.py", "lineno": 141, "epoch_num": 22}}
:::MLLOG {"namespace": "", "time_ms": 1633373477134, "event_type": "INTERVAL_END", "key": "epoch_stop", "value": null, "metadata": {"file": "/p/project/jb_benchmark/MLPerf-1.0-combined/MLPerf/benchmarks-closed/cosmoflow/cosmoflow/utils.py", "lineno": 141, "epoch_num": 22}}
:::MLLOG {"namespace": "", "time_ms": 1633373477134, "event_type": "POINT_IN_TIME", "key": "eval_error", "value": 0.14759171000332572, "metadata": {"file": "/p/project/jb_benchmark/MLPerf-1.0-combined/MLPerf/benchmarks-closed/cosmoflow//cosmoflow/train.py", "lineno": 221, "epoch_num": 22}}
:::MLLOG {"namespace": "", "time_ms": 1633373477135, "event_type": "INTERVAL_START", "key": "epoch_start", "value": null, "metadata": {"file": "/p/project/jb_benchmark/MLPerf-1.0-combined/MLPerf/benchmarks-closed/cosmoflow//cosmoflow/train.py", "lineno": 205, "epoch_num": 23}}
:::MLLOG {"namespace": "", "time_ms": 1633373503789, "event_type": "POINT_IN_TIME", "key": "throughput", "value": 19670.27929472481, "metadata": {"file": "/p/project/jb_benchmark/MLPerf-1.0-combined/MLPerf/benchmarks-closed/cosmoflow//cosmoflow/train.py", "lineno": 337, "epoch_num": 23}}
:::MLLOG {"namespace": "", "time_ms": 1633373503789, "event_type": "INTERVAL_START", "key": "eval_start", "value": null, "metadata": {"file": "/p/project/jb_benchmark/MLPerf-1.0-combined/MLPerf/benchmarks-closed/cosmoflow//cosmoflow/train.py", "lineno": 345, "epoch_num": 23}}
:::MLLOG {"namespace": "", "time_ms": 1633373512040, "event_type": "INTERVAL_END", "key": "eval_stop", "value": null, "metadata": {"file": "/p/project/jb_benchmark/MLPerf-1.0-combined/MLPerf/benchmarks-closed/cosmoflow/cosmoflow/utils.py", "lineno": 141, "epoch_num": 23}}
:::MLLOG {"namespace": "", "time_ms": 1633373512041, "event_type": "INTERVAL_END", "key": "epoch_stop", "value": null, "metadata": {"file": "/p/project/jb_benchmark/MLPerf-1.0-combined/MLPerf/benchmarks-closed/cosmoflow/cosmoflow/utils.py", "lineno": 141, "epoch_num": 23}}
:::MLLOG {"namespace": "", "time_ms": 1633373512041, "event_type": "POINT_IN_TIME", "key": "eval_error", "value": 0.1444920300564263, "metadata": {"file": "/p/project/jb_benchmark/MLPerf-1.0-combined/MLPerf/benchmarks-closed/cosmoflow//cosmoflow/train.py", "lineno": 221, "epoch_num": 23}}
:::MLLOG {"namespace": "", "time_ms": 1633373512041, "event_type": "INTERVAL_START", "key": "epoch_start", "value": null, "metadata": {"file": "/p/project/jb_benchmark/MLPerf-1.0-combined/MLPerf/benchmarks-closed/cosmoflow//cosmoflow/train.py", "lineno": 205, "epoch_num": 24}}
:::MLLOG {"namespace": "", "time_ms": 1633373532728, "event_type": "POINT_IN_TIME", "key": "throughput", "value": 25344.738163005833, "metadata": {"file": "/p/project/jb_benchmark/MLPerf-1.0-combined/MLPerf/benchmarks-closed/cosmoflow//cosmoflow/train.py", "lineno": 337, "epoch_num": 24}}
:::MLLOG {"namespace": "", "time_ms": 1633373532728, "event_type": "INTERVAL_START", "key": "eval_start", "value": null, "metadata": {"file": "/p/project/jb_benchmark/MLPerf-1.0-combined/MLPerf/benchmarks-closed/cosmoflow//cosmoflow/train.py", "lineno": 345, "epoch_num": 24}}
:::MLLOG {"namespace": "", "time_ms": 1633373540446, "event_type": "INTERVAL_END", "key": "eval_stop", "value": null, "metadata": {"file": "/p/project/jb_benchmark/MLPerf-1.0-combined/MLPerf/benchmarks-closed/cosmoflow/cosmoflow/utils.py", "lineno": 141, "epoch_num": 24}}
:::MLLOG {"namespace": "", "time_ms": 1633373540447, "event_type": "INTERVAL_END", "key": "epoch_stop", "value": null, "metadata": {"file": "/p/project/jb_benchmark/MLPerf-1.0-combined/MLPerf/benchmarks-closed/cosmoflow/cosmoflow/utils.py", "lineno": 141, "epoch_num": 24}}
:::MLLOG {"namespace": "", "time_ms": 1633373540447, "event_type": "POINT_IN_TIME", "key": "eval_error", "value": 0.14658003987214668, "metadata": {"file": "/p/project/jb_benchmark/MLPerf-1.0-combined/MLPerf/benchmarks-closed/cosmoflow//cosmoflow/train.py", "lineno": 221, "epoch_num": 24}}
:::MLLOG {"namespace": "", "time_ms": 1633373540447, "event_type": "INTERVAL_START", "key": "epoch_start", "value": null, "metadata": {"file": "/p/project/jb_benchmark/MLPerf-1.0-combined/MLPerf/benchmarks-closed/cosmoflow//cosmoflow/train.py", "lineno": 205, "epoch_num": 25}}
:::MLLOG {"namespace": "", "time_ms": 1633373560969, "event_type": "POINT_IN_TIME", "key": "throughput", "value": 25547.049966167073, "metadata": {"file": "/p/project/jb_benchmark/MLPerf-1.0-combined/MLPerf/benchmarks-closed/cosmoflow//cosmoflow/train.py", "lineno": 337, "epoch_num": 25}}
:::MLLOG {"namespace": "", "time_ms": 1633373560970, "event_type": "INTERVAL_START", "key": "eval_start", "value": null, "metadata": {"file": "/p/project/jb_benchmark/MLPerf-1.0-combined/MLPerf/benchmarks-closed/cosmoflow//cosmoflow/train.py", "lineno": 345, "epoch_num": 25}}
:::MLLOG {"namespace": "", "time_ms": 1633373569336, "event_type": "INTERVAL_END", "key": "eval_stop", "value": null, "metadata": {"file": "/p/project/jb_benchmark/MLPerf-1.0-combined/MLPerf/benchmarks-closed/cosmoflow/cosmoflow/utils.py", "lineno": 141, "epoch_num": 25}}
:::MLLOG {"namespace": "", "time_ms": 1633373569337, "event_type": "INTERVAL_END", "key": "epoch_stop", "value": null, "metadata": {"file": "/p/project/jb_benchmark/MLPerf-1.0-combined/MLPerf/benchmarks-closed/cosmoflow/cosmoflow/utils.py", "lineno": 141, "epoch_num": 25}}
:::MLLOG {"namespace": "", "time_ms": 1633373569337, "event_type": "POINT_IN_TIME", "key": "eval_error", "value": 0.14695054283220088, "metadata": {"file": "/p/project/jb_benchmark/MLPerf-1.0-combined/MLPerf/benchmarks-closed/cosmoflow//cosmoflow/train.py", "lineno": 221, "epoch_num": 25}}
:::MLLOG {"namespace": "", "time_ms": 1633373569337, "event_type": "INTERVAL_START", "key": "epoch_start", "value": null, "metadata": {"file": "/p/project/jb_benchmark/MLPerf-1.0-combined/MLPerf/benchmarks-closed/cosmoflow//cosmoflow/train.py", "lineno": 205, "epoch_num": 26}}
:::MLLOG {"namespace": "", "time_ms": 1633373590322, "event_type": "POINT_IN_TIME", "key": "throughput", "value": 24984.251573096484, "metadata": {"file": "/p/project/jb_benchmark/MLPerf-1.0-combined/MLPerf/benchmarks-closed/cosmoflow//cosmoflow/train.py", "lineno": 337, "epoch_num": 26}}
:::MLLOG {"namespace": "", "time_ms": 1633373590323, "event_type": "INTERVAL_START", "key": "eval_start", "value": null, "metadata": {"file": "/p/project/jb_benchmark/MLPerf-1.0-combined/MLPerf/benchmarks-closed/cosmoflow//cosmoflow/train.py", "lineno": 345, "epoch_num": 26}}
:::MLLOG {"namespace": "", "time_ms": 1633373598107, "event_type": "INTERVAL_END", "key": "eval_stop", "value": null, "metadata": {"file": "/p/project/jb_benchmark/MLPerf-1.0-combined/MLPerf/benchmarks-closed/cosmoflow/cosmoflow/utils.py", "lineno": 141, "epoch_num": 26}}
:::MLLOG {"namespace": "", "time_ms": 1633373598108, "event_type": "INTERVAL_END", "key": "epoch_stop", "value": null, "metadata": {"file": "/p/project/jb_benchmark/MLPerf-1.0-combined/MLPerf/benchmarks-closed/cosmoflow/cosmoflow/utils.py", "lineno": 141, "epoch_num": 26}}
:::MLLOG {"namespace": "", "time_ms": 1633373598108, "event_type": "POINT_IN_TIME", "key": "eval_error", "value": 0.14252454036613926, "metadata": {"file": "/p/project/jb_benchmark/MLPerf-1.0-combined/MLPerf/benchmarks-closed/cosmoflow//cosmoflow/train.py", "lineno": 221, "epoch_num": 26}}
:::MLLOG {"namespace": "", "time_ms": 1633373598108, "event_type": "INTERVAL_START", "key": "epoch_start", "value": null, "metadata": {"file": "/p/project/jb_benchmark/MLPerf-1.0-combined/MLPerf/benchmarks-closed/cosmoflow//cosmoflow/train.py", "lineno": 205, "epoch_num": 27}}
:::MLLOG {"namespace": "", "time_ms": 1633373619215, "event_type": "POINT_IN_TIME", "key": "throughput", "value": 24840.023082022584, "metadata": {"file": "/p/project/jb_benchmark/MLPerf-1.0-combined/MLPerf/benchmarks-closed/cosmoflow//cosmoflow/train.py", "lineno": 337, "epoch_num": 27}}
:::MLLOG {"namespace": "", "time_ms": 1633373619215, "event_type": "INTERVAL_START", "key": "eval_start", "value": null, "metadata": {"file": "/p/project/jb_benchmark/MLPerf-1.0-combined/MLPerf/benchmarks-closed/cosmoflow//cosmoflow/train.py", "lineno": 345, "epoch_num": 27}}
:::MLLOG {"namespace": "", "time_ms": 1633373626913, "event_type": "INTERVAL_END", "key": "eval_stop", "value": null, "metadata": {"file": "/p/project/jb_benchmark/MLPerf-1.0-combined/MLPerf/benchmarks-closed/cosmoflow/cosmoflow/utils.py", "lineno": 141, "epoch_num": 27}}
:::MLLOG {"namespace": "", "time_ms": 1633373626913, "event_type": "INTERVAL_END", "key": "epoch_stop", "value": null, "metadata": {"file": "/p/project/jb_benchmark/MLPerf-1.0-combined/MLPerf/benchmarks-closed/cosmoflow/cosmoflow/utils.py", "lineno": 141, "epoch_num": 27}}
:::MLLOG {"namespace": "", "time_ms": 1633373626913, "event_type": "POINT_IN_TIME", "key": "eval_error", "value": 0.14952647684549447, "metadata": {"file": "/p/project/jb_benchmark/MLPerf-1.0-combined/MLPerf/benchmarks-closed/cosmoflow//cosmoflow/train.py", "lineno": 221, "epoch_num": 27}}
:::MLLOG {"namespace": "", "time_ms": 1633373626913, "event_type": "INTERVAL_START", "key": "epoch_start", "value": null, "metadata": {"file": "/p/project/jb_benchmark/MLPerf-1.0-combined/MLPerf/benchmarks-closed/cosmoflow//cosmoflow/train.py", "lineno": 205, "epoch_num": 28}}
:::MLLOG {"namespace": "", "time_ms": 1633373647976, "event_type": "POINT_IN_TIME", "key": "throughput", "value": 24891.717426371244, "metadata": {"file": "/p/project/jb_benchmark/MLPerf-1.0-combined/MLPerf/benchmarks-closed/cosmoflow//cosmoflow/train.py", "lineno": 337, "epoch_num": 28}}
:::MLLOG {"namespace": "", "time_ms": 1633373647977, "event_type": "INTERVAL_START", "key": "eval_start", "value": null, "metadata": {"file": "/p/project/jb_benchmark/MLPerf-1.0-combined/MLPerf/benchmarks-closed/cosmoflow//cosmoflow/train.py", "lineno": 345, "epoch_num": 28}}
:::MLLOG {"namespace": "", "time_ms": 1633373655732, "event_type": "INTERVAL_END", "key": "eval_stop", "value": null, "metadata": {"file": "/p/project/jb_benchmark/MLPerf-1.0-combined/MLPerf/benchmarks-closed/cosmoflow/cosmoflow/utils.py", "lineno": 141, "epoch_num": 28}}
:::MLLOG {"namespace": "", "time_ms": 1633373655732, "event_type": "INTERVAL_END", "key": "epoch_stop", "value": null, "metadata": {"file": "/p/project/jb_benchmark/MLPerf-1.0-combined/MLPerf/benchmarks-closed/cosmoflow/cosmoflow/utils.py", "lineno": 141, "epoch_num": 28}}
:::MLLOG {"namespace": "", "time_ms": 1633373655733, "event_type": "POINT_IN_TIME", "key": "eval_error", "value": 0.13432723277946934, "metadata": {"file": "/p/project/jb_benchmark/MLPerf-1.0-combined/MLPerf/benchmarks-closed/cosmoflow//cosmoflow/train.py", "lineno": 221, "epoch_num": 28}}
:::MLLOG {"namespace": "", "time_ms": 1633373655733, "event_type": "INTERVAL_START", "key": "epoch_start", "value": null, "metadata": {"file": "/p/project/jb_benchmark/MLPerf-1.0-combined/MLPerf/benchmarks-closed/cosmoflow//cosmoflow/train.py", "lineno": 205, "epoch_num": 29}}
:::MLLOG {"namespace": "", "time_ms": 1633373676548, "event_type": "POINT_IN_TIME", "key": "throughput", "value": 25187.542759691187, "metadata": {"file": "/p/project/jb_benchmark/MLPerf-1.0-combined/MLPerf/benchmarks-closed/cosmoflow//cosmoflow/train.py", "lineno": 337, "epoch_num": 29}}
:::MLLOG {"namespace": "", "time_ms": 1633373676549, "event_type": "INTERVAL_START", "key": "eval_start", "value": null, "metadata": {"file": "/p/project/jb_benchmark/MLPerf-1.0-combined/MLPerf/benchmarks-closed/cosmoflow//cosmoflow/train.py", "lineno": 345, "epoch_num": 29}}
:::MLLOG {"namespace": "", "time_ms": 1633373684403, "event_type": "INTERVAL_END", "key": "eval_stop", "value": null, "metadata": {"file": "/p/project/jb_benchmark/MLPerf-1.0-combined/MLPerf/benchmarks-closed/cosmoflow/cosmoflow/utils.py", "lineno": 141, "epoch_num": 29}}
:::MLLOG {"namespace": "", "time_ms": 1633373684404, "event_type": "INTERVAL_END", "key": "epoch_stop", "value": null, "metadata": {"file": "/p/project/jb_benchmark/MLPerf-1.0-combined/MLPerf/benchmarks-closed/cosmoflow/cosmoflow/utils.py", "lineno": 141, "epoch_num": 29}}
:::MLLOG {"namespace": "", "time_ms": 1633373684404, "event_type": "POINT_IN_TIME", "key": "eval_error", "value": 0.15364819756359793, "metadata": {"file": "/p/project/jb_benchmark/MLPerf-1.0-combined/MLPerf/benchmarks-closed/cosmoflow//cosmoflow/train.py", "lineno": 221, "epoch_num": 29}}
:::MLLOG {"namespace": "", "time_ms": 1633373684404, "event_type": "INTERVAL_START", "key": "epoch_start", "value": null, "metadata": {"file": "/p/project/jb_benchmark/MLPerf-1.0-combined/MLPerf/benchmarks-closed/cosmoflow//cosmoflow/train.py", "lineno": 205, "epoch_num": 30}}
:::MLLOG {"namespace": "", "time_ms": 1633373705097, "event_type": "POINT_IN_TIME", "key": "throughput", "value": 25336.27944890223, "metadata": {"file": "/p/project/jb_benchmark/MLPerf-1.0-combined/MLPerf/benchmarks-closed/cosmoflow//cosmoflow/train.py", "lineno": 337, "epoch_num": 30}}
:::MLLOG {"namespace": "", "time_ms": 1633373705098, "event_type": "INTERVAL_START", "key": "eval_start", "value": null, "metadata": {"file": "/p/project/jb_benchmark/MLPerf-1.0-combined/MLPerf/benchmarks-closed/cosmoflow//cosmoflow/train.py", "lineno": 345, "epoch_num": 30}}
:::MLLOG {"namespace": "", "time_ms": 1633373712717, "event_type": "INTERVAL_END", "key": "eval_stop", "value": null, "metadata": {"file": "/p/project/jb_benchmark/MLPerf-1.0-combined/MLPerf/benchmarks-closed/cosmoflow/cosmoflow/utils.py", "lineno": 141, "epoch_num": 30}}
:::MLLOG {"namespace": "", "time_ms": 1633373712718, "event_type": "INTERVAL_END", "key": "epoch_stop", "value": null, "metadata": {"file": "/p/project/jb_benchmark/MLPerf-1.0-combined/MLPerf/benchmarks-closed/cosmoflow/cosmoflow/utils.py", "lineno": 141, "epoch_num": 30}}
:::MLLOG {"namespace": "", "time_ms": 1633373712718, "event_type": "POINT_IN_TIME", "key": "eval_error", "value": 0.1445904969878029, "metadata": {"file": "/p/project/jb_benchmark/MLPerf-1.0-combined/MLPerf/benchmarks-closed/cosmoflow//cosmoflow/train.py", "lineno": 221, "epoch_num": 30}}
:::MLLOG {"namespace": "", "time_ms": 1633373712718, "event_type": "INTERVAL_START", "key": "epoch_start", "value": null, "metadata": {"file": "/p/project/jb_benchmark/MLPerf-1.0-combined/MLPerf/benchmarks-closed/cosmoflow//cosmoflow/train.py", "lineno": 205, "epoch_num": 31}}
:::MLLOG {"namespace": "", "time_ms": 1633373746818, "event_type": "POINT_IN_TIME", "key": "throughput", "value": 15375.007395880662, "metadata": {"file": "/p/project/jb_benchmark/MLPerf-1.0-combined/MLPerf/benchmarks-closed/cosmoflow//cosmoflow/train.py", "lineno": 337, "epoch_num": 31}}
:::MLLOG {"namespace": "", "time_ms": 1633373746819, "event_type": "INTERVAL_START", "key": "eval_start", "value": null, "metadata": {"file": "/p/project/jb_benchmark/MLPerf-1.0-combined/MLPerf/benchmarks-closed/cosmoflow//cosmoflow/train.py", "lineno": 345, "epoch_num": 31}}
:::MLLOG {"namespace": "", "time_ms": 1633373754862, "event_type": "INTERVAL_END", "key": "eval_stop", "value": null, "metadata": {"file": "/p/project/jb_benchmark/MLPerf-1.0-combined/MLPerf/benchmarks-closed/cosmoflow/cosmoflow/utils.py", "lineno": 141, "epoch_num": 31}}
:::MLLOG {"namespace": "", "time_ms": 1633373754863, "event_type": "INTERVAL_END", "key": "epoch_stop", "value": null, "metadata": {"file": "/p/project/jb_benchmark/MLPerf-1.0-combined/MLPerf/benchmarks-closed/cosmoflow/cosmoflow/utils.py", "lineno": 141, "epoch_num": 31}}
:::MLLOG {"namespace": "", "time_ms": 1633373754863, "event_type": "POINT_IN_TIME", "key": "eval_error", "value": 0.1374572514760075, "metadata": {"file": "/p/project/jb_benchmark/MLPerf-1.0-combined/MLPerf/benchmarks-closed/cosmoflow//cosmoflow/train.py", "lineno": 221, "epoch_num": 31}}
:::MLLOG {"namespace": "", "time_ms": 1633373754863, "event_type": "INTERVAL_START", "key": "epoch_start", "value": null, "metadata": {"file": "/p/project/jb_benchmark/MLPerf-1.0-combined/MLPerf/benchmarks-closed/cosmoflow//cosmoflow/train.py", "lineno": 205, "epoch_num": 32}}
:::MLLOG {"namespace": "", "time_ms": 1633373775754, "event_type": "POINT_IN_TIME", "key": "throughput", "value": 25097.149485315862, "metadata": {"file": "/p/project/jb_benchmark/MLPerf-1.0-combined/MLPerf/benchmarks-closed/cosmoflow//cosmoflow/train.py", "lineno": 337, "epoch_num": 32}}
:::MLLOG {"namespace": "", "time_ms": 1633373775754, "event_type": "INTERVAL_START", "key": "eval_start", "value": null, "metadata": {"file": "/p/project/jb_benchmark/MLPerf-1.0-combined/MLPerf/benchmarks-closed/cosmoflow//cosmoflow/train.py", "lineno": 345, "epoch_num": 32}}
:::MLLOG {"namespace": "", "time_ms": 1633373783504, "event_type": "INTERVAL_END", "key": "eval_stop", "value": null, "metadata": {"file": "/p/project/jb_benchmark/MLPerf-1.0-combined/MLPerf/benchmarks-closed/cosmoflow/cosmoflow/utils.py", "lineno": 141, "epoch_num": 32}}
:::MLLOG {"namespace": "", "time_ms": 1633373783505, "event_type": "INTERVAL_END", "key": "epoch_stop", "value": null, "metadata": {"file": "/p/project/jb_benchmark/MLPerf-1.0-combined/MLPerf/benchmarks-closed/cosmoflow/cosmoflow/utils.py", "lineno": 141, "epoch_num": 32}}
:::MLLOG {"namespace": "", "time_ms": 1633373783505, "event_type": "POINT_IN_TIME", "key": "eval_error", "value": 0.13708502045483328, "metadata": {"file": "/p/project/jb_benchmark/MLPerf-1.0-combined/MLPerf/benchmarks-closed/cosmoflow//cosmoflow/train.py", "lineno": 221, "epoch_num": 32}}
:::MLLOG {"namespace": "", "time_ms": 1633373783505, "event_type": "INTERVAL_START", "key": "epoch_start", "value": null, "metadata": {"file": "/p/project/jb_benchmark/MLPerf-1.0-combined/MLPerf/benchmarks-closed/cosmoflow//cosmoflow/train.py", "lineno": 205, "epoch_num": 33}}
:::MLLOG {"namespace": "", "time_ms": 1633373804392, "event_type": "POINT_IN_TIME", "key": "throughput", "value": 25101.12003748029, "metadata": {"file": "/p/project/jb_benchmark/MLPerf-1.0-combined/MLPerf/benchmarks-closed/cosmoflow//cosmoflow/train.py", "lineno": 337, "epoch_num": 33}}
:::MLLOG {"namespace": "", "time_ms": 1633373804393, "event_type": "INTERVAL_START", "key": "eval_start", "value": null, "metadata": {"file": "/p/project/jb_benchmark/MLPerf-1.0-combined/MLPerf/benchmarks-closed/cosmoflow//cosmoflow/train.py", "lineno": 345, "epoch_num": 33}}
:::MLLOG {"namespace": "", "time_ms": 1633373814723, "event_type": "INTERVAL_END", "key": "eval_stop", "value": null, "metadata": {"file": "/p/project/jb_benchmark/MLPerf-1.0-combined/MLPerf/benchmarks-closed/cosmoflow/cosmoflow/utils.py", "lineno": 141, "epoch_num": 33}}
:::MLLOG {"namespace": "", "time_ms": 1633373814723, "event_type": "INTERVAL_END", "key": "epoch_stop", "value": null, "metadata": {"file": "/p/project/jb_benchmark/MLPerf-1.0-combined/MLPerf/benchmarks-closed/cosmoflow/cosmoflow/utils.py", "lineno": 141, "epoch_num": 33}}
:::MLLOG {"namespace": "", "time_ms": 1633373814723, "event_type": "POINT_IN_TIME", "key": "eval_error", "value": 0.13830912101548165, "metadata": {"file": "/p/project/jb_benchmark/MLPerf-1.0-combined/MLPerf/benchmarks-closed/cosmoflow//cosmoflow/train.py", "lineno": 221, "epoch_num": 33}}
:::MLLOG {"namespace": "", "time_ms": 1633373814724, "event_type": "INTERVAL_START", "key": "epoch_start", "value": null, "metadata": {"file": "/p/project/jb_benchmark/MLPerf-1.0-combined/MLPerf/benchmarks-closed/cosmoflow//cosmoflow/train.py", "lineno": 205, "epoch_num": 34}}
:::MLLOG {"namespace": "", "time_ms": 1633373835457, "event_type": "POINT_IN_TIME", "key": "throughput", "value": 25287.281937470583, "metadata": {"file": "/p/project/jb_benchmark/MLPerf-1.0-combined/MLPerf/benchmarks-closed/cosmoflow//cosmoflow/train.py", "lineno": 337, "epoch_num": 34}}
:::MLLOG {"namespace": "", "time_ms": 1633373835458, "event_type": "INTERVAL_START", "key": "eval_start", "value": null, "metadata": {"file": "/p/project/jb_benchmark/MLPerf-1.0-combined/MLPerf/benchmarks-closed/cosmoflow//cosmoflow/train.py", "lineno": 345, "epoch_num": 34}}
:::MLLOG {"namespace": "", "time_ms": 1633373849416, "event_type": "INTERVAL_END", "key": "eval_stop", "value": null, "metadata": {"file": "/p/project/jb_benchmark/MLPerf-1.0-combined/MLPerf/benchmarks-closed/cosmoflow/cosmoflow/utils.py", "lineno": 141, "epoch_num": 34}}
:::MLLOG {"namespace": "", "time_ms": 1633373849416, "event_type": "INTERVAL_END", "key": "epoch_stop", "value": null, "metadata": {"file": "/p/project/jb_benchmark/MLPerf-1.0-combined/MLPerf/benchmarks-closed/cosmoflow/cosmoflow/utils.py", "lineno": 141, "epoch_num": 34}}
:::MLLOG {"namespace": "", "time_ms": 1633373849417, "event_type": "POINT_IN_TIME", "key": "eval_error", "value": 0.1264584063392249, "metadata": {"file": "/p/project/jb_benchmark/MLPerf-1.0-combined/MLPerf/benchmarks-closed/cosmoflow//cosmoflow/train.py", "lineno": 221, "epoch_num": 34}}
:::MLLOG {"namespace": "", "time_ms": 1633373849417, "event_type": "INTERVAL_START", "key": "epoch_start", "value": null, "metadata": {"file": "/p/project/jb_benchmark/MLPerf-1.0-combined/MLPerf/benchmarks-closed/cosmoflow//cosmoflow/train.py", "lineno": 205, "epoch_num": 35}}
:::MLLOG {"namespace": "", "time_ms": 1633373870143, "event_type": "POINT_IN_TIME", "key": "throughput", "value": 25295.464704026235, "metadata": {"file": "/p/project/jb_benchmark/MLPerf-1.0-combined/MLPerf/benchmarks-closed/cosmoflow//cosmoflow/train.py", "lineno": 337, "epoch_num": 35}}
:::MLLOG {"namespace": "", "time_ms": 1633373870144, "event_type": "INTERVAL_START", "key": "eval_start", "value": null, "metadata": {"file": "/p/project/jb_benchmark/MLPerf-1.0-combined/MLPerf/benchmarks-closed/cosmoflow//cosmoflow/train.py", "lineno": 345, "epoch_num": 35}}
:::MLLOG {"namespace": "", "time_ms": 1633373884212, "event_type": "INTERVAL_END", "key": "eval_stop", "value": null, "metadata": {"file": "/p/project/jb_benchmark/MLPerf-1.0-combined/MLPerf/benchmarks-closed/cosmoflow/cosmoflow/utils.py", "lineno": 141, "epoch_num": 35}}
:::MLLOG {"namespace": "", "time_ms": 1633373884213, "event_type": "INTERVAL_END", "key": "epoch_stop", "value": null, "metadata": {"file": "/p/project/jb_benchmark/MLPerf-1.0-combined/MLPerf/benchmarks-closed/cosmoflow/cosmoflow/utils.py", "lineno": 141, "epoch_num": 35}}
:::MLLOG {"namespace": "", "time_ms": 1633373884213, "event_type": "POINT_IN_TIME", "key": "eval_error", "value": 0.1269653434911561, "metadata": {"file": "/p/project/jb_benchmark/MLPerf-1.0-combined/MLPerf/benchmarks-closed/cosmoflow//cosmoflow/train.py", "lineno": 221, "epoch_num": 35}}
:::MLLOG {"namespace": "", "time_ms": 1633373884213, "event_type": "INTERVAL_START", "key": "epoch_start", "value": null, "metadata": {"file": "/p/project/jb_benchmark/MLPerf-1.0-combined/MLPerf/benchmarks-closed/cosmoflow//cosmoflow/train.py", "lineno": 205, "epoch_num": 36}}
:::MLLOG {"namespace": "", "time_ms": 1633373912343, "event_type": "POINT_IN_TIME", "key": "throughput", "value": 18637.89464595227, "metadata": {"file": "/p/project/jb_benchmark/MLPerf-1.0-combined/MLPerf/benchmarks-closed/cosmoflow//cosmoflow/train.py", "lineno": 337, "epoch_num": 36}}
:::MLLOG {"namespace": "", "time_ms": 1633373912344, "event_type": "INTERVAL_START", "key": "eval_start", "value": null, "metadata": {"file": "/p/project/jb_benchmark/MLPerf-1.0-combined/MLPerf/benchmarks-closed/cosmoflow//cosmoflow/train.py", "lineno": 345, "epoch_num": 36}}
:::MLLOG {"namespace": "", "time_ms": 1633373926594, "event_type": "INTERVAL_END", "key": "eval_stop", "value": null, "metadata": {"file": "/p/project/jb_benchmark/MLPerf-1.0-combined/MLPerf/benchmarks-closed/cosmoflow/cosmoflow/utils.py", "lineno": 141, "epoch_num": 36}}
:::MLLOG {"namespace": "", "time_ms": 1633373926594, "event_type": "INTERVAL_END", "key": "epoch_stop", "value": null, "metadata": {"file": "/p/project/jb_benchmark/MLPerf-1.0-combined/MLPerf/benchmarks-closed/cosmoflow/cosmoflow/utils.py", "lineno": 141, "epoch_num": 36}}
:::MLLOG {"namespace": "", "time_ms": 1633373926594, "event_type": "POINT_IN_TIME", "key": "eval_error", "value": 0.12833380687516183, "metadata": {"file": "/p/project/jb_benchmark/MLPerf-1.0-combined/MLPerf/benchmarks-closed/cosmoflow//cosmoflow/train.py", "lineno": 221, "epoch_num": 36}}
:::MLLOG {"namespace": "", "time_ms": 1633373926595, "event_type": "INTERVAL_START", "key": "epoch_start", "value": null, "metadata": {"file": "/p/project/jb_benchmark/MLPerf-1.0-combined/MLPerf/benchmarks-closed/cosmoflow//cosmoflow/train.py", "lineno": 205, "epoch_num": 37}}
:::MLLOG {"namespace": "", "time_ms": 1633373968949, "event_type": "POINT_IN_TIME", "key": "throughput", "value": 12378.727151854162, "metadata": {"file": "/p/project/jb_benchmark/MLPerf-1.0-combined/MLPerf/benchmarks-closed/cosmoflow//cosmoflow/train.py", "lineno": 337, "epoch_num": 37}}
:::MLLOG {"namespace": "", "time_ms": 1633373968949, "event_type": "INTERVAL_START", "key": "eval_start", "value": null, "metadata": {"file": "/p/project/jb_benchmark/MLPerf-1.0-combined/MLPerf/benchmarks-closed/cosmoflow//cosmoflow/train.py", "lineno": 345, "epoch_num": 37}}
:::MLLOG {"namespace": "", "time_ms": 1633373976637, "event_type": "INTERVAL_END", "key": "eval_stop", "value": null, "metadata": {"file": "/p/project/jb_benchmark/MLPerf-1.0-combined/MLPerf/benchmarks-closed/cosmoflow/cosmoflow/utils.py", "lineno": 141, "epoch_num": 37}}
:::MLLOG {"namespace": "", "time_ms": 1633373976637, "event_type": "INTERVAL_END", "key": "epoch_stop", "value": null, "metadata": {"file": "/p/project/jb_benchmark/MLPerf-1.0-combined/MLPerf/benchmarks-closed/cosmoflow/cosmoflow/utils.py", "lineno": 141, "epoch_num": 37}}
:::MLLOG {"namespace": "", "time_ms": 1633373976638, "event_type": "POINT_IN_TIME", "key": "eval_error", "value": 0.12702047817583662, "metadata": {"file": "/p/project/jb_benchmark/MLPerf-1.0-combined/MLPerf/benchmarks-closed/cosmoflow//cosmoflow/train.py", "lineno": 221, "epoch_num": 37}}
:::MLLOG {"namespace": "", "time_ms": 1633373976638, "event_type": "INTERVAL_START", "key": "epoch_start", "value": null, "metadata": {"file": "/p/project/jb_benchmark/MLPerf-1.0-combined/MLPerf/benchmarks-closed/cosmoflow//cosmoflow/train.py", "lineno": 205, "epoch_num": 38}}
:::MLLOG {"namespace": "", "time_ms": 1633374001880, "event_type": "POINT_IN_TIME", "key": "throughput", "value": 20770.20916250283, "metadata": {"file": "/p/project/jb_benchmark/MLPerf-1.0-combined/MLPerf/benchmarks-closed/cosmoflow//cosmoflow/train.py", "lineno": 337, "epoch_num": 38}}
:::MLLOG {"namespace": "", "time_ms": 1633374001881, "event_type": "INTERVAL_START", "key": "eval_start", "value": null, "metadata": {"file": "/p/project/jb_benchmark/MLPerf-1.0-combined/MLPerf/benchmarks-closed/cosmoflow//cosmoflow/train.py", "lineno": 345, "epoch_num": 38}}
:::MLLOG {"namespace": "", "time_ms": 1633374009554, "event_type": "INTERVAL_END", "key": "eval_stop", "value": null, "metadata": {"file": "/p/project/jb_benchmark/MLPerf-1.0-combined/MLPerf/benchmarks-closed/cosmoflow/cosmoflow/utils.py", "lineno": 141, "epoch_num": 38}}
:::MLLOG {"namespace": "", "time_ms": 1633374009555, "event_type": "INTERVAL_END", "key": "epoch_stop", "value": null, "metadata": {"file": "/p/project/jb_benchmark/MLPerf-1.0-combined/MLPerf/benchmarks-closed/cosmoflow/cosmoflow/utils.py", "lineno": 141, "epoch_num": 38}}
:::MLLOG {"namespace": "", "time_ms": 1633374009555, "event_type": "POINT_IN_TIME", "key": "eval_error", "value": 0.12441602348553715, "metadata": {"file": "/p/project/jb_benchmark/MLPerf-1.0-combined/MLPerf/benchmarks-closed/cosmoflow//cosmoflow/train.py", "lineno": 221, "epoch_num": 38}}
:::MLLOG {"namespace": "", "time_ms": 1633374009555, "event_type": "INTERVAL_START", "key": "epoch_start", "value": null, "metadata": {"file": "/p/project/jb_benchmark/MLPerf-1.0-combined/MLPerf/benchmarks-closed/cosmoflow//cosmoflow/train.py", "lineno": 205, "epoch_num": 39}}
:::MLLOG {"namespace": "", "time_ms": 1633374030368, "event_type": "POINT_IN_TIME", "key": "throughput", "value": 25190.106896358608, "metadata": {"file": "/p/project/jb_benchmark/MLPerf-1.0-combined/MLPerf/benchmarks-closed/cosmoflow//cosmoflow/train.py", "lineno": 337, "epoch_num": 39}}
:::MLLOG {"namespace": "", "time_ms": 1633374030369, "event_type": "INTERVAL_START", "key": "eval_start", "value": null, "metadata": {"file": "/p/project/jb_benchmark/MLPerf-1.0-combined/MLPerf/benchmarks-closed/cosmoflow//cosmoflow/train.py", "lineno": 345, "epoch_num": 39}}
:::MLLOG {"namespace": "", "time_ms": 1633374041363, "event_type": "INTERVAL_END", "key": "eval_stop", "value": null, "metadata": {"file": "/p/project/jb_benchmark/MLPerf-1.0-combined/MLPerf/benchmarks-closed/cosmoflow/cosmoflow/utils.py", "lineno": 141, "epoch_num": 39}}
:::MLLOG {"namespace": "", "time_ms": 1633374041363, "event_type": "INTERVAL_END", "key": "epoch_stop", "value": null, "metadata": {"file": "/p/project/jb_benchmark/MLPerf-1.0-combined/MLPerf/benchmarks-closed/cosmoflow/cosmoflow/utils.py", "lineno": 141, "epoch_num": 39}}
:::MLLOG {"namespace": "", "time_ms": 1633374041364, "event_type": "POINT_IN_TIME", "key": "eval_error", "value": 0.1324631568042533, "metadata": {"file": "/p/project/jb_benchmark/MLPerf-1.0-combined/MLPerf/benchmarks-closed/cosmoflow//cosmoflow/train.py", "lineno": 221, "epoch_num": 39}}
:::MLLOG {"namespace": "", "time_ms": 1633374041364, "event_type": "INTERVAL_START", "key": "epoch_start", "value": null, "metadata": {"file": "/p/project/jb_benchmark/MLPerf-1.0-combined/MLPerf/benchmarks-closed/cosmoflow//cosmoflow/train.py", "lineno": 205, "epoch_num": 40}}
:::MLLOG {"namespace": "", "time_ms": 1633374062224, "event_type": "POINT_IN_TIME", "key": "throughput", "value": 25134.05292869254, "metadata": {"file": "/p/project/jb_benchmark/MLPerf-1.0-combined/MLPerf/benchmarks-closed/cosmoflow//cosmoflow/train.py", "lineno": 337, "epoch_num": 40}}
:::MLLOG {"namespace": "", "time_ms": 1633374062224, "event_type": "INTERVAL_START", "key": "eval_start", "value": null, "metadata": {"file": "/p/project/jb_benchmark/MLPerf-1.0-combined/MLPerf/benchmarks-closed/cosmoflow//cosmoflow/train.py", "lineno": 345, "epoch_num": 40}}
:::MLLOG {"namespace": "", "time_ms": 1633374073068, "event_type": "INTERVAL_END", "key": "eval_stop", "value": null, "metadata": {"file": "/p/project/jb_benchmark/MLPerf-1.0-combined/MLPerf/benchmarks-closed/cosmoflow/cosmoflow/utils.py", "lineno": 141, "epoch_num": 40}}
:::MLLOG {"namespace": "", "time_ms": 1633374073068, "event_type": "INTERVAL_END", "key": "epoch_stop", "value": null, "metadata": {"file": "/p/project/jb_benchmark/MLPerf-1.0-combined/MLPerf/benchmarks-closed/cosmoflow/cosmoflow/utils.py", "lineno": 141, "epoch_num": 40}}
:::MLLOG {"namespace": "", "time_ms": 1633374073068, "event_type": "POINT_IN_TIME", "key": "eval_error", "value": 0.12622302758973092, "metadata": {"file": "/p/project/jb_benchmark/MLPerf-1.0-combined/MLPerf/benchmarks-closed/cosmoflow//cosmoflow/train.py", "lineno": 221, "epoch_num": 40}}
:::MLLOG {"namespace": "", "time_ms": 1633374073068, "event_type": "INTERVAL_START", "key": "epoch_start", "value": null, "metadata": {"file": "/p/project/jb_benchmark/MLPerf-1.0-combined/MLPerf/benchmarks-closed/cosmoflow//cosmoflow/train.py", "lineno": 205, "epoch_num": 41}}
:::MLLOG {"namespace": "", "time_ms": 1633374106532, "event_type": "POINT_IN_TIME", "key": "throughput", "value": 15667.282753794989, "metadata": {"file": "/p/project/jb_benchmark/MLPerf-1.0-combined/MLPerf/benchmarks-closed/cosmoflow//cosmoflow/train.py", "lineno": 337, "epoch_num": 41}}
:::MLLOG {"namespace": "", "time_ms": 1633374106533, "event_type": "INTERVAL_START", "key": "eval_start", "value": null, "metadata": {"file": "/p/project/jb_benchmark/MLPerf-1.0-combined/MLPerf/benchmarks-closed/cosmoflow//cosmoflow/train.py", "lineno": 345, "epoch_num": 41}}
:::MLLOG {"namespace": "", "time_ms": 1633374113693, "event_type": "INTERVAL_END", "key": "eval_stop", "value": null, "metadata": {"file": "/p/project/jb_benchmark/MLPerf-1.0-combined/MLPerf/benchmarks-closed/cosmoflow/cosmoflow/utils.py", "lineno": 141, "epoch_num": 41}}
:::MLLOG {"namespace": "", "time_ms": 1633374113693, "event_type": "INTERVAL_END", "key": "epoch_stop", "value": null, "metadata": {"file": "/p/project/jb_benchmark/MLPerf-1.0-combined/MLPerf/benchmarks-closed/cosmoflow/cosmoflow/utils.py", "lineno": 141, "epoch_num": 41}}
:::MLLOG {"namespace": "", "time_ms": 1633374113694, "event_type": "POINT_IN_TIME", "key": "eval_error", "value": 0.1253081559407292, "metadata": {"file": "/p/project/jb_benchmark/MLPerf-1.0-combined/MLPerf/benchmarks-closed/cosmoflow//cosmoflow/train.py", "lineno": 221, "epoch_num": 41}}
:::MLLOG {"namespace": "", "time_ms": 1633374113694, "event_type": "INTERVAL_START", "key": "epoch_start", "value": null, "metadata": {"file": "/p/project/jb_benchmark/MLPerf-1.0-combined/MLPerf/benchmarks-closed/cosmoflow//cosmoflow/train.py", "lineno": 205, "epoch_num": 42}}
:::MLLOG {"namespace": "", "time_ms": 1633374134635, "event_type": "POINT_IN_TIME", "key": "throughput", "value": 25036.17632923442, "metadata": {"file": "/p/project/jb_benchmark/MLPerf-1.0-combined/MLPerf/benchmarks-closed/cosmoflow//cosmoflow/train.py", "lineno": 337, "epoch_num": 42}}
:::MLLOG {"namespace": "", "time_ms": 1633374134636, "event_type": "INTERVAL_START", "key": "eval_start", "value": null, "metadata": {"file": "/p/project/jb_benchmark/MLPerf-1.0-combined/MLPerf/benchmarks-closed/cosmoflow//cosmoflow/train.py", "lineno": 345, "epoch_num": 42}}
:::MLLOG {"namespace": "", "time_ms": 1633374142621, "event_type": "INTERVAL_END", "key": "eval_stop", "value": null, "metadata": {"file": "/p/project/jb_benchmark/MLPerf-1.0-combined/MLPerf/benchmarks-closed/cosmoflow/cosmoflow/utils.py", "lineno": 141, "epoch_num": 42}}
:::MLLOG {"namespace": "", "time_ms": 1633374142621, "event_type": "INTERVAL_END", "key": "epoch_stop", "value": null, "metadata": {"file": "/p/project/jb_benchmark/MLPerf-1.0-combined/MLPerf/benchmarks-closed/cosmoflow/cosmoflow/utils.py", "lineno": 141, "epoch_num": 42}}
:::MLLOG {"namespace": "", "time_ms": 1633374142621, "event_type": "POINT_IN_TIME", "key": "eval_error", "value": 0.12497124074434396, "metadata": {"file": "/p/project/jb_benchmark/MLPerf-1.0-combined/MLPerf/benchmarks-closed/cosmoflow//cosmoflow/train.py", "lineno": 221, "epoch_num": 42}}
:::MLLOG {"namespace": "", "time_ms": 1633374142622, "event_type": "INTERVAL_START", "key": "epoch_start", "value": null, "metadata": {"file": "/p/project/jb_benchmark/MLPerf-1.0-combined/MLPerf/benchmarks-closed/cosmoflow//cosmoflow/train.py", "lineno": 205, "epoch_num": 43}}
:::MLLOG {"namespace": "", "time_ms": 1633374163530, "event_type": "POINT_IN_TIME", "key": "throughput", "value": 25076.11936380266, "metadata": {"file": "/p/project/jb_benchmark/MLPerf-1.0-combined/MLPerf/benchmarks-closed/cosmoflow//cosmoflow/train.py", "lineno": 337, "epoch_num": 43}}
:::MLLOG {"namespace": "", "time_ms": 1633374163530, "event_type": "INTERVAL_START", "key": "eval_start", "value": null, "metadata": {"file": "/p/project/jb_benchmark/MLPerf-1.0-combined/MLPerf/benchmarks-closed/cosmoflow//cosmoflow/train.py", "lineno": 345, "epoch_num": 43}}
:::MLLOG {"namespace": "", "time_ms": 1633374170912, "event_type": "INTERVAL_END", "key": "eval_stop", "value": null, "metadata": {"file": "/p/project/jb_benchmark/MLPerf-1.0-combined/MLPerf/benchmarks-closed/cosmoflow/cosmoflow/utils.py", "lineno": 141, "epoch_num": 43}}
:::MLLOG {"namespace": "", "time_ms": 1633374170913, "event_type": "INTERVAL_END", "key": "epoch_stop", "value": null, "metadata": {"file": "/p/project/jb_benchmark/MLPerf-1.0-combined/MLPerf/benchmarks-closed/cosmoflow/cosmoflow/utils.py", "lineno": 141, "epoch_num": 43}}
:::MLLOG {"namespace": "", "time_ms": 1633374170913, "event_type": "POINT_IN_TIME", "key": "eval_error", "value": 0.12354239818523638, "metadata": {"file": "/p/project/jb_benchmark/MLPerf-1.0-combined/MLPerf/benchmarks-closed/cosmoflow//cosmoflow/train.py", "lineno": 221, "epoch_num": 43}}
:::MLLOG {"namespace": "", "time_ms": 1633374170913, "event_type": "INTERVAL_END", "key": "run_stop", "value": null, "metadata": {"file": "/p/project/jb_benchmark/MLPerf-1.0-combined/MLPerf/benchmarks-closed/cosmoflow/cosmoflow/utils.py", "lineno": 141, "status": "success"}}
