:::MLLOG {"namespace": "", "time_ms": 1633365981866, "event_type": "POINT_IN_TIME", "key": "cache_clear", "value": null, "metadata": {"file": "/p/project/jb_benchmark/MLPerf-1.0-combined/MLPerf/benchmarks-closed/cosmoflow//cosmoflow/train.py", "lineno": 122}}
:::MLLOG {"namespace": "", "time_ms": 1633365981901, "event_type": "INTERVAL_START", "key": "init_start", "value": null, "metadata": {"file": "/p/project/jb_benchmark/MLPerf-1.0-combined/MLPerf/benchmarks-closed/cosmoflow//cosmoflow/train.py", "lineno": 123}}
:::MLLOG {"namespace": "", "time_ms": 1633365981901, "event_type": "POINT_IN_TIME", "key": "submission_benchmark", "value": "cosmoflow", "metadata": {"file": "/p/project/jb_benchmark/MLPerf-1.0-combined/MLPerf/benchmarks-closed/cosmoflow//cosmoflow/train.py", "lineno": 125}}
:::MLLOG {"namespace": "", "time_ms": 1633365981901, "event_type": "POINT_IN_TIME", "key": "submission_org", "value": "HelmholtzAI", "metadata": {"file": "/p/project/jb_benchmark/MLPerf-1.0-combined/MLPerf/benchmarks-closed/cosmoflow//cosmoflow/train.py", "lineno": 127}}
:::MLLOG {"namespace": "", "time_ms": 1633365981901, "event_type": "POINT_IN_TIME", "key": "submission_division", "value": "closed", "metadata": {"file": "/p/project/jb_benchmark/MLPerf-1.0-combined/MLPerf/benchmarks-closed/cosmoflow//cosmoflow/train.py", "lineno": 128}}
:::MLLOG {"namespace": "", "time_ms": 1633365981901, "event_type": "POINT_IN_TIME", "key": "submission_status", "value": "onprem", "metadata": {"file": "/p/project/jb_benchmark/MLPerf-1.0-combined/MLPerf/benchmarks-closed/cosmoflow//cosmoflow/train.py", "lineno": 129}}
:::MLLOG {"namespace": "", "time_ms": 1633365981901, "event_type": "POINT_IN_TIME", "key": "submission_platform", "value": "A100", "metadata": {"file": "/p/project/jb_benchmark/MLPerf-1.0-combined/MLPerf/benchmarks-closed/cosmoflow//cosmoflow/train.py", "lineno": 130}}
:::MLLOG {"namespace": "", "time_ms": 1633365981901, "event_type": "POINT_IN_TIME", "key": "number_of_nodes", "value": 128, "metadata": {"file": "/p/project/jb_benchmark/MLPerf-1.0-combined/MLPerf/benchmarks-closed/cosmoflow//cosmoflow/train.py", "lineno": 132}}
:::MLLOG {"namespace": "", "time_ms": 1633365981901, "event_type": "POINT_IN_TIME", "key": "accelerators_per_node", "value": 4, "metadata": {"file": "/p/project/jb_benchmark/MLPerf-1.0-combined/MLPerf/benchmarks-closed/cosmoflow//cosmoflow/train.py", "lineno": 134}}
:::MLLOG {"namespace": "", "time_ms": 1633366003457, "event_type": "POINT_IN_TIME", "key": "opt_weight_decay", "value": 0.0, "metadata": {"file": "/p/project/jb_benchmark/MLPerf-1.0-combined/MLPerf/benchmarks-closed/cosmoflow//cosmoflow/train.py", "lineno": 150}}
:::MLLOG {"namespace": "", "time_ms": 1633366003459, "event_type": "POINT_IN_TIME", "key": "dropout", "value": 0.5, "metadata": {"file": "/p/project/jb_benchmark/MLPerf-1.0-combined/MLPerf/benchmarks-closed/cosmoflow//cosmoflow/train.py", "lineno": 152}}
:::MLLOG {"namespace": "", "time_ms": 1633366005964, "event_type": "POINT_IN_TIME", "key": "global_batch_size", "value": 512, "metadata": {"file": "/p/project/jb_benchmark/MLPerf-1.0-combined/MLPerf/benchmarks-closed/cosmoflow/cosmoflow/h5_data.py", "lineno": 410}}
:::MLLOG {"namespace": "", "time_ms": 1633366005986, "event_type": "POINT_IN_TIME", "key": "train_samples", "value": 524288, "metadata": {"file": "/p/project/jb_benchmark/MLPerf-1.0-combined/MLPerf/benchmarks-closed/cosmoflow/cosmoflow/h5_data.py", "lineno": 412}}
:::MLLOG {"namespace": "", "time_ms": 1633366005986, "event_type": "POINT_IN_TIME", "key": "eval_samples", "value": 65536, "metadata": {"file": "/p/project/jb_benchmark/MLPerf-1.0-combined/MLPerf/benchmarks-closed/cosmoflow/cosmoflow/h5_data.py", "lineno": 414}}
:::MLLOG {"namespace": "", "time_ms": 1633366005986, "event_type": "POINT_IN_TIME", "key": "opt_base_learning_rate", "value": 0.008, "metadata": {"file": "/p/project/jb_benchmark/MLPerf-1.0-combined/MLPerf/benchmarks-closed/cosmoflow//cosmoflow/train.py", "lineno": 87}}
:::MLLOG {"namespace": "", "time_ms": 1633366005987, "event_type": "POINT_IN_TIME", "key": "opt_learning_rate_warmup_epochs", "value": 4, "metadata": {"file": "/p/project/jb_benchmark/MLPerf-1.0-combined/MLPerf/benchmarks-closed/cosmoflow//cosmoflow/train.py", "lineno": 89}}
:::MLLOG {"namespace": "", "time_ms": 1633366005987, "event_type": "POINT_IN_TIME", "key": "opt_learning_rate_warmup_factor", "value": 8, "metadata": {"file": "/p/project/jb_benchmark/MLPerf-1.0-combined/MLPerf/benchmarks-closed/cosmoflow//cosmoflow/train.py", "lineno": 91}}
:::MLLOG {"namespace": "", "time_ms": 1633366005987, "event_type": "POINT_IN_TIME", "key": "opt_learning_rate_decay_boundary_epochs", "value": [32, 64], "metadata": {"file": "/p/project/jb_benchmark/MLPerf-1.0-combined/MLPerf/benchmarks-closed/cosmoflow//cosmoflow/train.py", "lineno": 93}}
:::MLLOG {"namespace": "", "time_ms": 1633366005987, "event_type": "POINT_IN_TIME", "key": "opt_learning_rate_decay_factor", "value": [0.25, 0.125], "metadata": {"file": "/p/project/jb_benchmark/MLPerf-1.0-combined/MLPerf/benchmarks-closed/cosmoflow//cosmoflow/train.py", "lineno": 95}}
:::MLLOG {"namespace": "", "time_ms": 1633366005987, "event_type": "POINT_IN_TIME", "key": "opt_name", "value": "sgd", "metadata": {"file": "/p/project/jb_benchmark/MLPerf-1.0-combined/MLPerf/benchmarks-closed/cosmoflow//cosmoflow/train.py", "lineno": 171}}
:::MLLOG {"namespace": "", "time_ms": 1633366006553, "event_type": "INTERVAL_END", "key": "init_stop", "value": null, "metadata": {"file": "/p/project/jb_benchmark/MLPerf-1.0-combined/MLPerf/benchmarks-closed/cosmoflow/cosmoflow/utils.py", "lineno": 141}}
:::MLLOG {"namespace": "", "time_ms": 1633366006623, "event_type": "INTERVAL_START", "key": "run_start", "value": null, "metadata": {"file": "/p/project/jb_benchmark/MLPerf-1.0-combined/MLPerf/benchmarks-closed/cosmoflow//cosmoflow/train.py", "lineno": 195}}
:::MLLOG {"namespace": "", "time_ms": 1633366006623, "event_type": "INTERVAL_START", "key": "staging_start", "value": null, "metadata": {"file": "/p/project/jb_benchmark/MLPerf-1.0-combined/MLPerf/benchmarks-closed/cosmoflow/cosmoflow/h5_data.py", "lineno": 418}}
:::MLLOG {"namespace": "", "time_ms": 1633366105959, "event_type": "INTERVAL_END", "key": "staging_stop", "value": null, "metadata": {"file": "/p/project/jb_benchmark/MLPerf-1.0-combined/MLPerf/benchmarks-closed/cosmoflow/cosmoflow/h5_data.py", "lineno": 421}}
:::MLLOG {"namespace": "", "time_ms": 1633366105960, "event_type": "INTERVAL_START", "key": "epoch_start", "value": null, "metadata": {"file": "/p/project/jb_benchmark/MLPerf-1.0-combined/MLPerf/benchmarks-closed/cosmoflow//cosmoflow/train.py", "lineno": 205, "epoch_num": 1}}
:::MLLOG {"namespace": "", "time_ms": 1633366141367, "event_type": "POINT_IN_TIME", "key": "throughput", "value": 14807.646002717562, "metadata": {"file": "/p/project/jb_benchmark/MLPerf-1.0-combined/MLPerf/benchmarks-closed/cosmoflow//cosmoflow/train.py", "lineno": 337, "epoch_num": 1}}
:::MLLOG {"namespace": "", "time_ms": 1633366141367, "event_type": "INTERVAL_START", "key": "eval_start", "value": null, "metadata": {"file": "/p/project/jb_benchmark/MLPerf-1.0-combined/MLPerf/benchmarks-closed/cosmoflow//cosmoflow/train.py", "lineno": 345, "epoch_num": 1}}
:::MLLOG {"namespace": "", "time_ms": 1633366156057, "event_type": "INTERVAL_END", "key": "eval_stop", "value": null, "metadata": {"file": "/p/project/jb_benchmark/MLPerf-1.0-combined/MLPerf/benchmarks-closed/cosmoflow/cosmoflow/utils.py", "lineno": 141, "epoch_num": 1}}
:::MLLOG {"namespace": "", "time_ms": 1633366156058, "event_type": "INTERVAL_END", "key": "epoch_stop", "value": null, "metadata": {"file": "/p/project/jb_benchmark/MLPerf-1.0-combined/MLPerf/benchmarks-closed/cosmoflow/cosmoflow/utils.py", "lineno": 141, "epoch_num": 1}}
:::MLLOG {"namespace": "", "time_ms": 1633366156058, "event_type": "POINT_IN_TIME", "key": "eval_error", "value": 0.38291478145401925, "metadata": {"file": "/p/project/jb_benchmark/MLPerf-1.0-combined/MLPerf/benchmarks-closed/cosmoflow//cosmoflow/train.py", "lineno": 221, "epoch_num": 1}}
:::MLLOG {"namespace": "", "time_ms": 1633366156058, "event_type": "INTERVAL_START", "key": "epoch_start", "value": null, "metadata": {"file": "/p/project/jb_benchmark/MLPerf-1.0-combined/MLPerf/benchmarks-closed/cosmoflow//cosmoflow/train.py", "lineno": 205, "epoch_num": 2}}
:::MLLOG {"namespace": "", "time_ms": 1633366176618, "event_type": "POINT_IN_TIME", "key": "throughput", "value": 25500.275920179436, "metadata": {"file": "/p/project/jb_benchmark/MLPerf-1.0-combined/MLPerf/benchmarks-closed/cosmoflow//cosmoflow/train.py", "lineno": 337, "epoch_num": 2}}
:::MLLOG {"namespace": "", "time_ms": 1633366176619, "event_type": "INTERVAL_START", "key": "eval_start", "value": null, "metadata": {"file": "/p/project/jb_benchmark/MLPerf-1.0-combined/MLPerf/benchmarks-closed/cosmoflow//cosmoflow/train.py", "lineno": 345, "epoch_num": 2}}
:::MLLOG {"namespace": "", "time_ms": 1633366188797, "event_type": "INTERVAL_END", "key": "eval_stop", "value": null, "metadata": {"file": "/p/project/jb_benchmark/MLPerf-1.0-combined/MLPerf/benchmarks-closed/cosmoflow/cosmoflow/utils.py", "lineno": 141, "epoch_num": 2}}
:::MLLOG {"namespace": "", "time_ms": 1633366188797, "event_type": "INTERVAL_END", "key": "epoch_stop", "value": null, "metadata": {"file": "/p/project/jb_benchmark/MLPerf-1.0-combined/MLPerf/benchmarks-closed/cosmoflow/cosmoflow/utils.py", "lineno": 141, "epoch_num": 2}}
:::MLLOG {"namespace": "", "time_ms": 1633366188797, "event_type": "POINT_IN_TIME", "key": "eval_error", "value": 0.32302975648781285, "metadata": {"file": "/p/project/jb_benchmark/MLPerf-1.0-combined/MLPerf/benchmarks-closed/cosmoflow//cosmoflow/train.py", "lineno": 221, "epoch_num": 2}}
:::MLLOG {"namespace": "", "time_ms": 1633366188797, "event_type": "INTERVAL_START", "key": "epoch_start", "value": null, "metadata": {"file": "/p/project/jb_benchmark/MLPerf-1.0-combined/MLPerf/benchmarks-closed/cosmoflow//cosmoflow/train.py", "lineno": 205, "epoch_num": 3}}
:::MLLOG {"namespace": "", "time_ms": 1633366209381, "event_type": "POINT_IN_TIME", "key": "throughput", "value": 25471.51315383562, "metadata": {"file": "/p/project/jb_benchmark/MLPerf-1.0-combined/MLPerf/benchmarks-closed/cosmoflow//cosmoflow/train.py", "lineno": 337, "epoch_num": 3}}
:::MLLOG {"namespace": "", "time_ms": 1633366209381, "event_type": "INTERVAL_START", "key": "eval_start", "value": null, "metadata": {"file": "/p/project/jb_benchmark/MLPerf-1.0-combined/MLPerf/benchmarks-closed/cosmoflow//cosmoflow/train.py", "lineno": 345, "epoch_num": 3}}
:::MLLOG {"namespace": "", "time_ms": 1633366220666, "event_type": "INTERVAL_END", "key": "eval_stop", "value": null, "metadata": {"file": "/p/project/jb_benchmark/MLPerf-1.0-combined/MLPerf/benchmarks-closed/cosmoflow/cosmoflow/utils.py", "lineno": 141, "epoch_num": 3}}
:::MLLOG {"namespace": "", "time_ms": 1633366220667, "event_type": "INTERVAL_END", "key": "epoch_stop", "value": null, "metadata": {"file": "/p/project/jb_benchmark/MLPerf-1.0-combined/MLPerf/benchmarks-closed/cosmoflow/cosmoflow/utils.py", "lineno": 141, "epoch_num": 3}}
:::MLLOG {"namespace": "", "time_ms": 1633366220667, "event_type": "POINT_IN_TIME", "key": "eval_error", "value": 0.31925642443820834, "metadata": {"file": "/p/project/jb_benchmark/MLPerf-1.0-combined/MLPerf/benchmarks-closed/cosmoflow//cosmoflow/train.py", "lineno": 221, "epoch_num": 3}}
:::MLLOG {"namespace": "", "time_ms": 1633366220667, "event_type": "INTERVAL_START", "key": "epoch_start", "value": null, "metadata": {"file": "/p/project/jb_benchmark/MLPerf-1.0-combined/MLPerf/benchmarks-closed/cosmoflow//cosmoflow/train.py", "lineno": 205, "epoch_num": 4}}
:::MLLOG {"namespace": "", "time_ms": 1633366241296, "event_type": "POINT_IN_TIME", "key": "throughput", "value": 25415.860516828543, "metadata": {"file": "/p/project/jb_benchmark/MLPerf-1.0-combined/MLPerf/benchmarks-closed/cosmoflow//cosmoflow/train.py", "lineno": 337, "epoch_num": 4}}
:::MLLOG {"namespace": "", "time_ms": 1633366241296, "event_type": "INTERVAL_START", "key": "eval_start", "value": null, "metadata": {"file": "/p/project/jb_benchmark/MLPerf-1.0-combined/MLPerf/benchmarks-closed/cosmoflow//cosmoflow/train.py", "lineno": 345, "epoch_num": 4}}
:::MLLOG {"namespace": "", "time_ms": 1633366251485, "event_type": "INTERVAL_END", "key": "eval_stop", "value": null, "metadata": {"file": "/p/project/jb_benchmark/MLPerf-1.0-combined/MLPerf/benchmarks-closed/cosmoflow/cosmoflow/utils.py", "lineno": 141, "epoch_num": 4}}
:::MLLOG {"namespace": "", "time_ms": 1633366251486, "event_type": "INTERVAL_END", "key": "epoch_stop", "value": null, "metadata": {"file": "/p/project/jb_benchmark/MLPerf-1.0-combined/MLPerf/benchmarks-closed/cosmoflow/cosmoflow/utils.py", "lineno": 141, "epoch_num": 4}}
:::MLLOG {"namespace": "", "time_ms": 1633366251486, "event_type": "POINT_IN_TIME", "key": "eval_error", "value": 0.2744328953819368, "metadata": {"file": "/p/project/jb_benchmark/MLPerf-1.0-combined/MLPerf/benchmarks-closed/cosmoflow//cosmoflow/train.py", "lineno": 221, "epoch_num": 4}}
:::MLLOG {"namespace": "", "time_ms": 1633366251486, "event_type": "INTERVAL_START", "key": "epoch_start", "value": null, "metadata": {"file": "/p/project/jb_benchmark/MLPerf-1.0-combined/MLPerf/benchmarks-closed/cosmoflow//cosmoflow/train.py", "lineno": 205, "epoch_num": 5}}
:::MLLOG {"namespace": "", "time_ms": 1633366276302, "event_type": "POINT_IN_TIME", "key": "throughput", "value": 21127.16443711147, "metadata": {"file": "/p/project/jb_benchmark/MLPerf-1.0-combined/MLPerf/benchmarks-closed/cosmoflow//cosmoflow/train.py", "lineno": 337, "epoch_num": 5}}
:::MLLOG {"namespace": "", "time_ms": 1633366276303, "event_type": "INTERVAL_START", "key": "eval_start", "value": null, "metadata": {"file": "/p/project/jb_benchmark/MLPerf-1.0-combined/MLPerf/benchmarks-closed/cosmoflow//cosmoflow/train.py", "lineno": 345, "epoch_num": 5}}
:::MLLOG {"namespace": "", "time_ms": 1633366286457, "event_type": "INTERVAL_END", "key": "eval_stop", "value": null, "metadata": {"file": "/p/project/jb_benchmark/MLPerf-1.0-combined/MLPerf/benchmarks-closed/cosmoflow/cosmoflow/utils.py", "lineno": 141, "epoch_num": 5}}
:::MLLOG {"namespace": "", "time_ms": 1633366286458, "event_type": "INTERVAL_END", "key": "epoch_stop", "value": null, "metadata": {"file": "/p/project/jb_benchmark/MLPerf-1.0-combined/MLPerf/benchmarks-closed/cosmoflow/cosmoflow/utils.py", "lineno": 141, "epoch_num": 5}}
:::MLLOG {"namespace": "", "time_ms": 1633366286458, "event_type": "POINT_IN_TIME", "key": "eval_error", "value": 0.3054307698912453, "metadata": {"file": "/p/project/jb_benchmark/MLPerf-1.0-combined/MLPerf/benchmarks-closed/cosmoflow//cosmoflow/train.py", "lineno": 221, "epoch_num": 5}}
:::MLLOG {"namespace": "", "time_ms": 1633366286458, "event_type": "INTERVAL_START", "key": "epoch_start", "value": null, "metadata": {"file": "/p/project/jb_benchmark/MLPerf-1.0-combined/MLPerf/benchmarks-closed/cosmoflow//cosmoflow/train.py", "lineno": 205, "epoch_num": 6}}
:::MLLOG {"namespace": "", "time_ms": 1633366319532, "event_type": "POINT_IN_TIME", "key": "throughput", "value": 15852.256110118655, "metadata": {"file": "/p/project/jb_benchmark/MLPerf-1.0-combined/MLPerf/benchmarks-closed/cosmoflow//cosmoflow/train.py", "lineno": 337, "epoch_num": 6}}
:::MLLOG {"namespace": "", "time_ms": 1633366319532, "event_type": "INTERVAL_START", "key": "eval_start", "value": null, "metadata": {"file": "/p/project/jb_benchmark/MLPerf-1.0-combined/MLPerf/benchmarks-closed/cosmoflow//cosmoflow/train.py", "lineno": 345, "epoch_num": 6}}
:::MLLOG {"namespace": "", "time_ms": 1633366329271, "event_type": "INTERVAL_END", "key": "eval_stop", "value": null, "metadata": {"file": "/p/project/jb_benchmark/MLPerf-1.0-combined/MLPerf/benchmarks-closed/cosmoflow/cosmoflow/utils.py", "lineno": 141, "epoch_num": 6}}
:::MLLOG {"namespace": "", "time_ms": 1633366329272, "event_type": "INTERVAL_END", "key": "epoch_stop", "value": null, "metadata": {"file": "/p/project/jb_benchmark/MLPerf-1.0-combined/MLPerf/benchmarks-closed/cosmoflow/cosmoflow/utils.py", "lineno": 141, "epoch_num": 6}}
:::MLLOG {"namespace": "", "time_ms": 1633366329273, "event_type": "POINT_IN_TIME", "key": "eval_error", "value": 0.3572432993678376, "metadata": {"file": "/p/project/jb_benchmark/MLPerf-1.0-combined/MLPerf/benchmarks-closed/cosmoflow//cosmoflow/train.py", "lineno": 221, "epoch_num": 6}}
:::MLLOG {"namespace": "", "time_ms": 1633366329273, "event_type": "INTERVAL_START", "key": "epoch_start", "value": null, "metadata": {"file": "/p/project/jb_benchmark/MLPerf-1.0-combined/MLPerf/benchmarks-closed/cosmoflow//cosmoflow/train.py", "lineno": 205, "epoch_num": 7}}
:::MLLOG {"namespace": "", "time_ms": 1633366357808, "event_type": "POINT_IN_TIME", "key": "throughput", "value": 18373.801688633946, "metadata": {"file": "/p/project/jb_benchmark/MLPerf-1.0-combined/MLPerf/benchmarks-closed/cosmoflow//cosmoflow/train.py", "lineno": 337, "epoch_num": 7}}
:::MLLOG {"namespace": "", "time_ms": 1633366357808, "event_type": "INTERVAL_START", "key": "eval_start", "value": null, "metadata": {"file": "/p/project/jb_benchmark/MLPerf-1.0-combined/MLPerf/benchmarks-closed/cosmoflow//cosmoflow/train.py", "lineno": 345, "epoch_num": 7}}
:::MLLOG {"namespace": "", "time_ms": 1633366367083, "event_type": "INTERVAL_END", "key": "eval_stop", "value": null, "metadata": {"file": "/p/project/jb_benchmark/MLPerf-1.0-combined/MLPerf/benchmarks-closed/cosmoflow/cosmoflow/utils.py", "lineno": 141, "epoch_num": 7}}
:::MLLOG {"namespace": "", "time_ms": 1633366367084, "event_type": "INTERVAL_END", "key": "epoch_stop", "value": null, "metadata": {"file": "/p/project/jb_benchmark/MLPerf-1.0-combined/MLPerf/benchmarks-closed/cosmoflow/cosmoflow/utils.py", "lineno": 141, "epoch_num": 7}}
:::MLLOG {"namespace": "", "time_ms": 1633366367084, "event_type": "POINT_IN_TIME", "key": "eval_error", "value": 0.38214695430360734, "metadata": {"file": "/p/project/jb_benchmark/MLPerf-1.0-combined/MLPerf/benchmarks-closed/cosmoflow//cosmoflow/train.py", "lineno": 221, "epoch_num": 7}}
:::MLLOG {"namespace": "", "time_ms": 1633366367085, "event_type": "INTERVAL_START", "key": "epoch_start", "value": null, "metadata": {"file": "/p/project/jb_benchmark/MLPerf-1.0-combined/MLPerf/benchmarks-closed/cosmoflow//cosmoflow/train.py", "lineno": 205, "epoch_num": 8}}
:::MLLOG {"namespace": "", "time_ms": 1633366387376, "event_type": "POINT_IN_TIME", "key": "throughput", "value": 25837.71538488906, "metadata": {"file": "/p/project/jb_benchmark/MLPerf-1.0-combined/MLPerf/benchmarks-closed/cosmoflow//cosmoflow/train.py", "lineno": 337, "epoch_num": 8}}
:::MLLOG {"namespace": "", "time_ms": 1633366387377, "event_type": "INTERVAL_START", "key": "eval_start", "value": null, "metadata": {"file": "/p/project/jb_benchmark/MLPerf-1.0-combined/MLPerf/benchmarks-closed/cosmoflow//cosmoflow/train.py", "lineno": 345, "epoch_num": 8}}
:::MLLOG {"namespace": "", "time_ms": 1633366396559, "event_type": "INTERVAL_END", "key": "eval_stop", "value": null, "metadata": {"file": "/p/project/jb_benchmark/MLPerf-1.0-combined/MLPerf/benchmarks-closed/cosmoflow/cosmoflow/utils.py", "lineno": 141, "epoch_num": 8}}
:::MLLOG {"namespace": "", "time_ms": 1633366396560, "event_type": "INTERVAL_END", "key": "epoch_stop", "value": null, "metadata": {"file": "/p/project/jb_benchmark/MLPerf-1.0-combined/MLPerf/benchmarks-closed/cosmoflow/cosmoflow/utils.py", "lineno": 141, "epoch_num": 8}}
:::MLLOG {"namespace": "", "time_ms": 1633366396560, "event_type": "POINT_IN_TIME", "key": "eval_error", "value": 0.2602596280630678, "metadata": {"file": "/p/project/jb_benchmark/MLPerf-1.0-combined/MLPerf/benchmarks-closed/cosmoflow//cosmoflow/train.py", "lineno": 221, "epoch_num": 8}}
:::MLLOG {"namespace": "", "time_ms": 1633366396560, "event_type": "INTERVAL_START", "key": "epoch_start", "value": null, "metadata": {"file": "/p/project/jb_benchmark/MLPerf-1.0-combined/MLPerf/benchmarks-closed/cosmoflow//cosmoflow/train.py", "lineno": 205, "epoch_num": 9}}
:::MLLOG {"namespace": "", "time_ms": 1633366429740, "event_type": "POINT_IN_TIME", "key": "throughput", "value": 15801.56019572314, "metadata": {"file": "/p/project/jb_benchmark/MLPerf-1.0-combined/MLPerf/benchmarks-closed/cosmoflow//cosmoflow/train.py", "lineno": 337, "epoch_num": 9}}
:::MLLOG {"namespace": "", "time_ms": 1633366429740, "event_type": "INTERVAL_START", "key": "eval_start", "value": null, "metadata": {"file": "/p/project/jb_benchmark/MLPerf-1.0-combined/MLPerf/benchmarks-closed/cosmoflow//cosmoflow/train.py", "lineno": 345, "epoch_num": 9}}
:::MLLOG {"namespace": "", "time_ms": 1633366438580, "event_type": "INTERVAL_END", "key": "eval_stop", "value": null, "metadata": {"file": "/p/project/jb_benchmark/MLPerf-1.0-combined/MLPerf/benchmarks-closed/cosmoflow/cosmoflow/utils.py", "lineno": 141, "epoch_num": 9}}
:::MLLOG {"namespace": "", "time_ms": 1633366438580, "event_type": "INTERVAL_END", "key": "epoch_stop", "value": null, "metadata": {"file": "/p/project/jb_benchmark/MLPerf-1.0-combined/MLPerf/benchmarks-closed/cosmoflow/cosmoflow/utils.py", "lineno": 141, "epoch_num": 9}}
:::MLLOG {"namespace": "", "time_ms": 1633366438580, "event_type": "POINT_IN_TIME", "key": "eval_error", "value": 0.21065270894905552, "metadata": {"file": "/p/project/jb_benchmark/MLPerf-1.0-combined/MLPerf/benchmarks-closed/cosmoflow//cosmoflow/train.py", "lineno": 221, "epoch_num": 9}}
:::MLLOG {"namespace": "", "time_ms": 1633366438580, "event_type": "INTERVAL_START", "key": "epoch_start", "value": null, "metadata": {"file": "/p/project/jb_benchmark/MLPerf-1.0-combined/MLPerf/benchmarks-closed/cosmoflow//cosmoflow/train.py", "lineno": 205, "epoch_num": 10}}
:::MLLOG {"namespace": "", "time_ms": 1633366458956, "event_type": "POINT_IN_TIME", "key": "throughput", "value": 25730.999920444192, "metadata": {"file": "/p/project/jb_benchmark/MLPerf-1.0-combined/MLPerf/benchmarks-closed/cosmoflow//cosmoflow/train.py", "lineno": 337, "epoch_num": 10}}
:::MLLOG {"namespace": "", "time_ms": 1633366458957, "event_type": "INTERVAL_START", "key": "eval_start", "value": null, "metadata": {"file": "/p/project/jb_benchmark/MLPerf-1.0-combined/MLPerf/benchmarks-closed/cosmoflow//cosmoflow/train.py", "lineno": 345, "epoch_num": 10}}
:::MLLOG {"namespace": "", "time_ms": 1633366467721, "event_type": "INTERVAL_END", "key": "eval_stop", "value": null, "metadata": {"file": "/p/project/jb_benchmark/MLPerf-1.0-combined/MLPerf/benchmarks-closed/cosmoflow/cosmoflow/utils.py", "lineno": 141, "epoch_num": 10}}
:::MLLOG {"namespace": "", "time_ms": 1633366467721, "event_type": "INTERVAL_END", "key": "epoch_stop", "value": null, "metadata": {"file": "/p/project/jb_benchmark/MLPerf-1.0-combined/MLPerf/benchmarks-closed/cosmoflow/cosmoflow/utils.py", "lineno": 141, "epoch_num": 10}}
:::MLLOG {"namespace": "", "time_ms": 1633366467721, "event_type": "POINT_IN_TIME", "key": "eval_error", "value": 0.19101005789707415, "metadata": {"file": "/p/project/jb_benchmark/MLPerf-1.0-combined/MLPerf/benchmarks-closed/cosmoflow//cosmoflow/train.py", "lineno": 221, "epoch_num": 10}}
:::MLLOG {"namespace": "", "time_ms": 1633366467722, "event_type": "INTERVAL_START", "key": "epoch_start", "value": null, "metadata": {"file": "/p/project/jb_benchmark/MLPerf-1.0-combined/MLPerf/benchmarks-closed/cosmoflow//cosmoflow/train.py", "lineno": 205, "epoch_num": 11}}
:::MLLOG {"namespace": "", "time_ms": 1633366488071, "event_type": "POINT_IN_TIME", "key": "throughput", "value": 25764.22582110973, "metadata": {"file": "/p/project/jb_benchmark/MLPerf-1.0-combined/MLPerf/benchmarks-closed/cosmoflow//cosmoflow/train.py", "lineno": 337, "epoch_num": 11}}
:::MLLOG {"namespace": "", "time_ms": 1633366488072, "event_type": "INTERVAL_START", "key": "eval_start", "value": null, "metadata": {"file": "/p/project/jb_benchmark/MLPerf-1.0-combined/MLPerf/benchmarks-closed/cosmoflow//cosmoflow/train.py", "lineno": 345, "epoch_num": 11}}
:::MLLOG {"namespace": "", "time_ms": 1633366496722, "event_type": "INTERVAL_END", "key": "eval_stop", "value": null, "metadata": {"file": "/p/project/jb_benchmark/MLPerf-1.0-combined/MLPerf/benchmarks-closed/cosmoflow/cosmoflow/utils.py", "lineno": 141, "epoch_num": 11}}
:::MLLOG {"namespace": "", "time_ms": 1633366496723, "event_type": "INTERVAL_END", "key": "epoch_stop", "value": null, "metadata": {"file": "/p/project/jb_benchmark/MLPerf-1.0-combined/MLPerf/benchmarks-closed/cosmoflow/cosmoflow/utils.py", "lineno": 141, "epoch_num": 11}}
:::MLLOG {"namespace": "", "time_ms": 1633366496723, "event_type": "POINT_IN_TIME", "key": "eval_error", "value": 0.18238496774574742, "metadata": {"file": "/p/project/jb_benchmark/MLPerf-1.0-combined/MLPerf/benchmarks-closed/cosmoflow//cosmoflow/train.py", "lineno": 221, "epoch_num": 11}}
:::MLLOG {"namespace": "", "time_ms": 1633366496723, "event_type": "INTERVAL_START", "key": "epoch_start", "value": null, "metadata": {"file": "/p/project/jb_benchmark/MLPerf-1.0-combined/MLPerf/benchmarks-closed/cosmoflow//cosmoflow/train.py", "lineno": 205, "epoch_num": 12}}
:::MLLOG {"namespace": "", "time_ms": 1633366531554, "event_type": "POINT_IN_TIME", "key": "throughput", "value": 15052.857083532323, "metadata": {"file": "/p/project/jb_benchmark/MLPerf-1.0-combined/MLPerf/benchmarks-closed/cosmoflow//cosmoflow/train.py", "lineno": 337, "epoch_num": 12}}
:::MLLOG {"namespace": "", "time_ms": 1633366531554, "event_type": "INTERVAL_START", "key": "eval_start", "value": null, "metadata": {"file": "/p/project/jb_benchmark/MLPerf-1.0-combined/MLPerf/benchmarks-closed/cosmoflow//cosmoflow/train.py", "lineno": 345, "epoch_num": 12}}
:::MLLOG {"namespace": "", "time_ms": 1633366540109, "event_type": "INTERVAL_END", "key": "eval_stop", "value": null, "metadata": {"file": "/p/project/jb_benchmark/MLPerf-1.0-combined/MLPerf/benchmarks-closed/cosmoflow/cosmoflow/utils.py", "lineno": 141, "epoch_num": 12}}
:::MLLOG {"namespace": "", "time_ms": 1633366540109, "event_type": "INTERVAL_END", "key": "epoch_stop", "value": null, "metadata": {"file": "/p/project/jb_benchmark/MLPerf-1.0-combined/MLPerf/benchmarks-closed/cosmoflow/cosmoflow/utils.py", "lineno": 141, "epoch_num": 12}}
:::MLLOG {"namespace": "", "time_ms": 1633366540109, "event_type": "POINT_IN_TIME", "key": "eval_error", "value": 0.199112474831054, "metadata": {"file": "/p/project/jb_benchmark/MLPerf-1.0-combined/MLPerf/benchmarks-closed/cosmoflow//cosmoflow/train.py", "lineno": 221, "epoch_num": 12}}
:::MLLOG {"namespace": "", "time_ms": 1633366540110, "event_type": "INTERVAL_START", "key": "epoch_start", "value": null, "metadata": {"file": "/p/project/jb_benchmark/MLPerf-1.0-combined/MLPerf/benchmarks-closed/cosmoflow//cosmoflow/train.py", "lineno": 205, "epoch_num": 13}}
:::MLLOG {"namespace": "", "time_ms": 1633366560625, "event_type": "POINT_IN_TIME", "key": "throughput", "value": 25556.541623925674, "metadata": {"file": "/p/project/jb_benchmark/MLPerf-1.0-combined/MLPerf/benchmarks-closed/cosmoflow//cosmoflow/train.py", "lineno": 337, "epoch_num": 13}}
:::MLLOG {"namespace": "", "time_ms": 1633366560625, "event_type": "INTERVAL_START", "key": "eval_start", "value": null, "metadata": {"file": "/p/project/jb_benchmark/MLPerf-1.0-combined/MLPerf/benchmarks-closed/cosmoflow//cosmoflow/train.py", "lineno": 345, "epoch_num": 13}}
:::MLLOG {"namespace": "", "time_ms": 1633366568829, "event_type": "INTERVAL_END", "key": "eval_stop", "value": null, "metadata": {"file": "/p/project/jb_benchmark/MLPerf-1.0-combined/MLPerf/benchmarks-closed/cosmoflow/cosmoflow/utils.py", "lineno": 141, "epoch_num": 13}}
:::MLLOG {"namespace": "", "time_ms": 1633366568830, "event_type": "INTERVAL_END", "key": "epoch_stop", "value": null, "metadata": {"file": "/p/project/jb_benchmark/MLPerf-1.0-combined/MLPerf/benchmarks-closed/cosmoflow/cosmoflow/utils.py", "lineno": 141, "epoch_num": 13}}
:::MLLOG {"namespace": "", "time_ms": 1633366568830, "event_type": "POINT_IN_TIME", "key": "eval_error", "value": 0.19209855702669368, "metadata": {"file": "/p/project/jb_benchmark/MLPerf-1.0-combined/MLPerf/benchmarks-closed/cosmoflow//cosmoflow/train.py", "lineno": 221, "epoch_num": 13}}
:::MLLOG {"namespace": "", "time_ms": 1633366568830, "event_type": "INTERVAL_START", "key": "epoch_start", "value": null, "metadata": {"file": "/p/project/jb_benchmark/MLPerf-1.0-combined/MLPerf/benchmarks-closed/cosmoflow//cosmoflow/train.py", "lineno": 205, "epoch_num": 14}}
:::MLLOG {"namespace": "", "time_ms": 1633366589202, "event_type": "POINT_IN_TIME", "key": "throughput", "value": 25735.58258875993, "metadata": {"file": "/p/project/jb_benchmark/MLPerf-1.0-combined/MLPerf/benchmarks-closed/cosmoflow//cosmoflow/train.py", "lineno": 337, "epoch_num": 14}}
:::MLLOG {"namespace": "", "time_ms": 1633366589203, "event_type": "INTERVAL_START", "key": "eval_start", "value": null, "metadata": {"file": "/p/project/jb_benchmark/MLPerf-1.0-combined/MLPerf/benchmarks-closed/cosmoflow//cosmoflow/train.py", "lineno": 345, "epoch_num": 14}}
:::MLLOG {"namespace": "", "time_ms": 1633366597443, "event_type": "INTERVAL_END", "key": "eval_stop", "value": null, "metadata": {"file": "/p/project/jb_benchmark/MLPerf-1.0-combined/MLPerf/benchmarks-closed/cosmoflow/cosmoflow/utils.py", "lineno": 141, "epoch_num": 14}}
:::MLLOG {"namespace": "", "time_ms": 1633366597444, "event_type": "INTERVAL_END", "key": "epoch_stop", "value": null, "metadata": {"file": "/p/project/jb_benchmark/MLPerf-1.0-combined/MLPerf/benchmarks-closed/cosmoflow/cosmoflow/utils.py", "lineno": 141, "epoch_num": 14}}
:::MLLOG {"namespace": "", "time_ms": 1633366597444, "event_type": "POINT_IN_TIME", "key": "eval_error", "value": 0.1607941387919709, "metadata": {"file": "/p/project/jb_benchmark/MLPerf-1.0-combined/MLPerf/benchmarks-closed/cosmoflow//cosmoflow/train.py", "lineno": 221, "epoch_num": 14}}
:::MLLOG {"namespace": "", "time_ms": 1633366597444, "event_type": "INTERVAL_START", "key": "epoch_start", "value": null, "metadata": {"file": "/p/project/jb_benchmark/MLPerf-1.0-combined/MLPerf/benchmarks-closed/cosmoflow//cosmoflow/train.py", "lineno": 205, "epoch_num": 15}}
:::MLLOG {"namespace": "", "time_ms": 1633366617834, "event_type": "POINT_IN_TIME", "key": "throughput", "value": 25713.51267812441, "metadata": {"file": "/p/project/jb_benchmark/MLPerf-1.0-combined/MLPerf/benchmarks-closed/cosmoflow//cosmoflow/train.py", "lineno": 337, "epoch_num": 15}}
:::MLLOG {"namespace": "", "time_ms": 1633366617835, "event_type": "INTERVAL_START", "key": "eval_start", "value": null, "metadata": {"file": "/p/project/jb_benchmark/MLPerf-1.0-combined/MLPerf/benchmarks-closed/cosmoflow//cosmoflow/train.py", "lineno": 345, "epoch_num": 15}}
:::MLLOG {"namespace": "", "time_ms": 1633366625859, "event_type": "INTERVAL_END", "key": "eval_stop", "value": null, "metadata": {"file": "/p/project/jb_benchmark/MLPerf-1.0-combined/MLPerf/benchmarks-closed/cosmoflow/cosmoflow/utils.py", "lineno": 141, "epoch_num": 15}}
:::MLLOG {"namespace": "", "time_ms": 1633366625860, "event_type": "INTERVAL_END", "key": "epoch_stop", "value": null, "metadata": {"file": "/p/project/jb_benchmark/MLPerf-1.0-combined/MLPerf/benchmarks-closed/cosmoflow/cosmoflow/utils.py", "lineno": 141, "epoch_num": 15}}
:::MLLOG {"namespace": "", "time_ms": 1633366625860, "event_type": "POINT_IN_TIME", "key": "eval_error", "value": 0.15547895421332214, "metadata": {"file": "/p/project/jb_benchmark/MLPerf-1.0-combined/MLPerf/benchmarks-closed/cosmoflow//cosmoflow/train.py", "lineno": 221, "epoch_num": 15}}
:::MLLOG {"namespace": "", "time_ms": 1633366625860, "event_type": "INTERVAL_START", "key": "epoch_start", "value": null, "metadata": {"file": "/p/project/jb_benchmark/MLPerf-1.0-combined/MLPerf/benchmarks-closed/cosmoflow//cosmoflow/train.py", "lineno": 205, "epoch_num": 16}}
:::MLLOG {"namespace": "", "time_ms": 1633366646412, "event_type": "POINT_IN_TIME", "key": "throughput", "value": 25509.89679043882, "metadata": {"file": "/p/project/jb_benchmark/MLPerf-1.0-combined/MLPerf/benchmarks-closed/cosmoflow//cosmoflow/train.py", "lineno": 337, "epoch_num": 16}}
:::MLLOG {"namespace": "", "time_ms": 1633366646413, "event_type": "INTERVAL_START", "key": "eval_start", "value": null, "metadata": {"file": "/p/project/jb_benchmark/MLPerf-1.0-combined/MLPerf/benchmarks-closed/cosmoflow//cosmoflow/train.py", "lineno": 345, "epoch_num": 16}}
:::MLLOG {"namespace": "", "time_ms": 1633366655579, "event_type": "INTERVAL_END", "key": "eval_stop", "value": null, "metadata": {"file": "/p/project/jb_benchmark/MLPerf-1.0-combined/MLPerf/benchmarks-closed/cosmoflow/cosmoflow/utils.py", "lineno": 141, "epoch_num": 16}}
:::MLLOG {"namespace": "", "time_ms": 1633366655579, "event_type": "INTERVAL_END", "key": "epoch_stop", "value": null, "metadata": {"file": "/p/project/jb_benchmark/MLPerf-1.0-combined/MLPerf/benchmarks-closed/cosmoflow/cosmoflow/utils.py", "lineno": 141, "epoch_num": 16}}
:::MLLOG {"namespace": "", "time_ms": 1633366655580, "event_type": "POINT_IN_TIME", "key": "eval_error", "value": 0.1696658729633782, "metadata": {"file": "/p/project/jb_benchmark/MLPerf-1.0-combined/MLPerf/benchmarks-closed/cosmoflow//cosmoflow/train.py", "lineno": 221, "epoch_num": 16}}
:::MLLOG {"namespace": "", "time_ms": 1633366655580, "event_type": "INTERVAL_START", "key": "epoch_start", "value": null, "metadata": {"file": "/p/project/jb_benchmark/MLPerf-1.0-combined/MLPerf/benchmarks-closed/cosmoflow//cosmoflow/train.py", "lineno": 205, "epoch_num": 17}}
:::MLLOG {"namespace": "", "time_ms": 1633366683766, "event_type": "POINT_IN_TIME", "key": "throughput", "value": 18600.826737119096, "metadata": {"file": "/p/project/jb_benchmark/MLPerf-1.0-combined/MLPerf/benchmarks-closed/cosmoflow//cosmoflow/train.py", "lineno": 337, "epoch_num": 17}}
:::MLLOG {"namespace": "", "time_ms": 1633366683767, "event_type": "INTERVAL_START", "key": "eval_start", "value": null, "metadata": {"file": "/p/project/jb_benchmark/MLPerf-1.0-combined/MLPerf/benchmarks-closed/cosmoflow//cosmoflow/train.py", "lineno": 345, "epoch_num": 17}}
:::MLLOG {"namespace": "", "time_ms": 1633366691723, "event_type": "INTERVAL_END", "key": "eval_stop", "value": null, "metadata": {"file": "/p/project/jb_benchmark/MLPerf-1.0-combined/MLPerf/benchmarks-closed/cosmoflow/cosmoflow/utils.py", "lineno": 141, "epoch_num": 17}}
:::MLLOG {"namespace": "", "time_ms": 1633366691723, "event_type": "INTERVAL_END", "key": "epoch_stop", "value": null, "metadata": {"file": "/p/project/jb_benchmark/MLPerf-1.0-combined/MLPerf/benchmarks-closed/cosmoflow/cosmoflow/utils.py", "lineno": 141, "epoch_num": 17}}
:::MLLOG {"namespace": "", "time_ms": 1633366691723, "event_type": "POINT_IN_TIME", "key": "eval_error", "value": 0.160519719007425, "metadata": {"file": "/p/project/jb_benchmark/MLPerf-1.0-combined/MLPerf/benchmarks-closed/cosmoflow//cosmoflow/train.py", "lineno": 221, "epoch_num": 17}}
:::MLLOG {"namespace": "", "time_ms": 1633366691724, "event_type": "INTERVAL_START", "key": "epoch_start", "value": null, "metadata": {"file": "/p/project/jb_benchmark/MLPerf-1.0-combined/MLPerf/benchmarks-closed/cosmoflow//cosmoflow/train.py", "lineno": 205, "epoch_num": 18}}
:::MLLOG {"namespace": "", "time_ms": 1633366712202, "event_type": "POINT_IN_TIME", "key": "throughput", "value": 25601.81148948716, "metadata": {"file": "/p/project/jb_benchmark/MLPerf-1.0-combined/MLPerf/benchmarks-closed/cosmoflow//cosmoflow/train.py", "lineno": 337, "epoch_num": 18}}
:::MLLOG {"namespace": "", "time_ms": 1633366712203, "event_type": "INTERVAL_START", "key": "eval_start", "value": null, "metadata": {"file": "/p/project/jb_benchmark/MLPerf-1.0-combined/MLPerf/benchmarks-closed/cosmoflow//cosmoflow/train.py", "lineno": 345, "epoch_num": 18}}
:::MLLOG {"namespace": "", "time_ms": 1633366720137, "event_type": "INTERVAL_END", "key": "eval_stop", "value": null, "metadata": {"file": "/p/project/jb_benchmark/MLPerf-1.0-combined/MLPerf/benchmarks-closed/cosmoflow/cosmoflow/utils.py", "lineno": 141, "epoch_num": 18}}
:::MLLOG {"namespace": "", "time_ms": 1633366720137, "event_type": "INTERVAL_END", "key": "epoch_stop", "value": null, "metadata": {"file": "/p/project/jb_benchmark/MLPerf-1.0-combined/MLPerf/benchmarks-closed/cosmoflow/cosmoflow/utils.py", "lineno": 141, "epoch_num": 18}}
:::MLLOG {"namespace": "", "time_ms": 1633366720137, "event_type": "POINT_IN_TIME", "key": "eval_error", "value": 0.15783262244076468, "metadata": {"file": "/p/project/jb_benchmark/MLPerf-1.0-combined/MLPerf/benchmarks-closed/cosmoflow//cosmoflow/train.py", "lineno": 221, "epoch_num": 18}}
:::MLLOG {"namespace": "", "time_ms": 1633366720137, "event_type": "INTERVAL_START", "key": "epoch_start", "value": null, "metadata": {"file": "/p/project/jb_benchmark/MLPerf-1.0-combined/MLPerf/benchmarks-closed/cosmoflow//cosmoflow/train.py", "lineno": 205, "epoch_num": 19}}
:::MLLOG {"namespace": "", "time_ms": 1633366740894, "event_type": "POINT_IN_TIME", "key": "throughput", "value": 25259.23530078526, "metadata": {"file": "/p/project/jb_benchmark/MLPerf-1.0-combined/MLPerf/benchmarks-closed/cosmoflow//cosmoflow/train.py", "lineno": 337, "epoch_num": 19}}
:::MLLOG {"namespace": "", "time_ms": 1633366740894, "event_type": "INTERVAL_START", "key": "eval_start", "value": null, "metadata": {"file": "/p/project/jb_benchmark/MLPerf-1.0-combined/MLPerf/benchmarks-closed/cosmoflow//cosmoflow/train.py", "lineno": 345, "epoch_num": 19}}
:::MLLOG {"namespace": "", "time_ms": 1633366749170, "event_type": "INTERVAL_END", "key": "eval_stop", "value": null, "metadata": {"file": "/p/project/jb_benchmark/MLPerf-1.0-combined/MLPerf/benchmarks-closed/cosmoflow/cosmoflow/utils.py", "lineno": 141, "epoch_num": 19}}
:::MLLOG {"namespace": "", "time_ms": 1633366749170, "event_type": "INTERVAL_END", "key": "epoch_stop", "value": null, "metadata": {"file": "/p/project/jb_benchmark/MLPerf-1.0-combined/MLPerf/benchmarks-closed/cosmoflow/cosmoflow/utils.py", "lineno": 141, "epoch_num": 19}}
:::MLLOG {"namespace": "", "time_ms": 1633366749170, "event_type": "POINT_IN_TIME", "key": "eval_error", "value": 0.14963626859389478, "metadata": {"file": "/p/project/jb_benchmark/MLPerf-1.0-combined/MLPerf/benchmarks-closed/cosmoflow//cosmoflow/train.py", "lineno": 221, "epoch_num": 19}}
:::MLLOG {"namespace": "", "time_ms": 1633366749170, "event_type": "INTERVAL_START", "key": "epoch_start", "value": null, "metadata": {"file": "/p/project/jb_benchmark/MLPerf-1.0-combined/MLPerf/benchmarks-closed/cosmoflow//cosmoflow/train.py", "lineno": 205, "epoch_num": 20}}
:::MLLOG {"namespace": "", "time_ms": 1633366769665, "event_type": "POINT_IN_TIME", "key": "throughput", "value": 25582.03434203465, "metadata": {"file": "/p/project/jb_benchmark/MLPerf-1.0-combined/MLPerf/benchmarks-closed/cosmoflow//cosmoflow/train.py", "lineno": 337, "epoch_num": 20}}
:::MLLOG {"namespace": "", "time_ms": 1633366769665, "event_type": "INTERVAL_START", "key": "eval_start", "value": null, "metadata": {"file": "/p/project/jb_benchmark/MLPerf-1.0-combined/MLPerf/benchmarks-closed/cosmoflow//cosmoflow/train.py", "lineno": 345, "epoch_num": 20}}
:::MLLOG {"namespace": "", "time_ms": 1633366778425, "event_type": "INTERVAL_END", "key": "eval_stop", "value": null, "metadata": {"file": "/p/project/jb_benchmark/MLPerf-1.0-combined/MLPerf/benchmarks-closed/cosmoflow/cosmoflow/utils.py", "lineno": 141, "epoch_num": 20}}
:::MLLOG {"namespace": "", "time_ms": 1633366778425, "event_type": "INTERVAL_END", "key": "epoch_stop", "value": null, "metadata": {"file": "/p/project/jb_benchmark/MLPerf-1.0-combined/MLPerf/benchmarks-closed/cosmoflow/cosmoflow/utils.py", "lineno": 141, "epoch_num": 20}}
:::MLLOG {"namespace": "", "time_ms": 1633366778426, "event_type": "POINT_IN_TIME", "key": "eval_error", "value": 0.17499333614250645, "metadata": {"file": "/p/project/jb_benchmark/MLPerf-1.0-combined/MLPerf/benchmarks-closed/cosmoflow//cosmoflow/train.py", "lineno": 221, "epoch_num": 20}}
:::MLLOG {"namespace": "", "time_ms": 1633366778426, "event_type": "INTERVAL_START", "key": "epoch_start", "value": null, "metadata": {"file": "/p/project/jb_benchmark/MLPerf-1.0-combined/MLPerf/benchmarks-closed/cosmoflow//cosmoflow/train.py", "lineno": 205, "epoch_num": 21}}
:::MLLOG {"namespace": "", "time_ms": 1633366799039, "event_type": "POINT_IN_TIME", "key": "throughput", "value": 25434.075862302918, "metadata": {"file": "/p/project/jb_benchmark/MLPerf-1.0-combined/MLPerf/benchmarks-closed/cosmoflow//cosmoflow/train.py", "lineno": 337, "epoch_num": 21}}
:::MLLOG {"namespace": "", "time_ms": 1633366799040, "event_type": "INTERVAL_START", "key": "eval_start", "value": null, "metadata": {"file": "/p/project/jb_benchmark/MLPerf-1.0-combined/MLPerf/benchmarks-closed/cosmoflow//cosmoflow/train.py", "lineno": 345, "epoch_num": 21}}
:::MLLOG {"namespace": "", "time_ms": 1633366806997, "event_type": "INTERVAL_END", "key": "eval_stop", "value": null, "metadata": {"file": "/p/project/jb_benchmark/MLPerf-1.0-combined/MLPerf/benchmarks-closed/cosmoflow/cosmoflow/utils.py", "lineno": 141, "epoch_num": 21}}
:::MLLOG {"namespace": "", "time_ms": 1633366806997, "event_type": "INTERVAL_END", "key": "epoch_stop", "value": null, "metadata": {"file": "/p/project/jb_benchmark/MLPerf-1.0-combined/MLPerf/benchmarks-closed/cosmoflow/cosmoflow/utils.py", "lineno": 141, "epoch_num": 21}}
:::MLLOG {"namespace": "", "time_ms": 1633366806997, "event_type": "POINT_IN_TIME", "key": "eval_error", "value": 0.14621317377896048, "metadata": {"file": "/p/project/jb_benchmark/MLPerf-1.0-combined/MLPerf/benchmarks-closed/cosmoflow//cosmoflow/train.py", "lineno": 221, "epoch_num": 21}}
:::MLLOG {"namespace": "", "time_ms": 1633366806997, "event_type": "INTERVAL_START", "key": "epoch_start", "value": null, "metadata": {"file": "/p/project/jb_benchmark/MLPerf-1.0-combined/MLPerf/benchmarks-closed/cosmoflow//cosmoflow/train.py", "lineno": 205, "epoch_num": 22}}
:::MLLOG {"namespace": "", "time_ms": 1633366827607, "event_type": "POINT_IN_TIME", "key": "throughput", "value": 25439.250232730818, "metadata": {"file": "/p/project/jb_benchmark/MLPerf-1.0-combined/MLPerf/benchmarks-closed/cosmoflow//cosmoflow/train.py", "lineno": 337, "epoch_num": 22}}
:::MLLOG {"namespace": "", "time_ms": 1633366827607, "event_type": "INTERVAL_START", "key": "eval_start", "value": null, "metadata": {"file": "/p/project/jb_benchmark/MLPerf-1.0-combined/MLPerf/benchmarks-closed/cosmoflow//cosmoflow/train.py", "lineno": 345, "epoch_num": 22}}
:::MLLOG {"namespace": "", "time_ms": 1633366835262, "event_type": "INTERVAL_END", "key": "eval_stop", "value": null, "metadata": {"file": "/p/project/jb_benchmark/MLPerf-1.0-combined/MLPerf/benchmarks-closed/cosmoflow/cosmoflow/utils.py", "lineno": 141, "epoch_num": 22}}
:::MLLOG {"namespace": "", "time_ms": 1633366835262, "event_type": "INTERVAL_END", "key": "epoch_stop", "value": null, "metadata": {"file": "/p/project/jb_benchmark/MLPerf-1.0-combined/MLPerf/benchmarks-closed/cosmoflow/cosmoflow/utils.py", "lineno": 141, "epoch_num": 22}}
:::MLLOG {"namespace": "", "time_ms": 1633366835262, "event_type": "POINT_IN_TIME", "key": "eval_error", "value": 0.14759171000332572, "metadata": {"file": "/p/project/jb_benchmark/MLPerf-1.0-combined/MLPerf/benchmarks-closed/cosmoflow//cosmoflow/train.py", "lineno": 221, "epoch_num": 22}}
:::MLLOG {"namespace": "", "time_ms": 1633366835262, "event_type": "INTERVAL_START", "key": "epoch_start", "value": null, "metadata": {"file": "/p/project/jb_benchmark/MLPerf-1.0-combined/MLPerf/benchmarks-closed/cosmoflow//cosmoflow/train.py", "lineno": 205, "epoch_num": 23}}
:::MLLOG {"namespace": "", "time_ms": 1633366864341, "event_type": "POINT_IN_TIME", "key": "throughput", "value": 18029.90511870562, "metadata": {"file": "/p/project/jb_benchmark/MLPerf-1.0-combined/MLPerf/benchmarks-closed/cosmoflow//cosmoflow/train.py", "lineno": 337, "epoch_num": 23}}
:::MLLOG {"namespace": "", "time_ms": 1633366864342, "event_type": "INTERVAL_START", "key": "eval_start", "value": null, "metadata": {"file": "/p/project/jb_benchmark/MLPerf-1.0-combined/MLPerf/benchmarks-closed/cosmoflow//cosmoflow/train.py", "lineno": 345, "epoch_num": 23}}
:::MLLOG {"namespace": "", "time_ms": 1633366872249, "event_type": "INTERVAL_END", "key": "eval_stop", "value": null, "metadata": {"file": "/p/project/jb_benchmark/MLPerf-1.0-combined/MLPerf/benchmarks-closed/cosmoflow/cosmoflow/utils.py", "lineno": 141, "epoch_num": 23}}
:::MLLOG {"namespace": "", "time_ms": 1633366872250, "event_type": "INTERVAL_END", "key": "epoch_stop", "value": null, "metadata": {"file": "/p/project/jb_benchmark/MLPerf-1.0-combined/MLPerf/benchmarks-closed/cosmoflow/cosmoflow/utils.py", "lineno": 141, "epoch_num": 23}}
:::MLLOG {"namespace": "", "time_ms": 1633366872250, "event_type": "POINT_IN_TIME", "key": "eval_error", "value": 0.1444920300564263, "metadata": {"file": "/p/project/jb_benchmark/MLPerf-1.0-combined/MLPerf/benchmarks-closed/cosmoflow//cosmoflow/train.py", "lineno": 221, "epoch_num": 23}}
:::MLLOG {"namespace": "", "time_ms": 1633366872250, "event_type": "INTERVAL_START", "key": "epoch_start", "value": null, "metadata": {"file": "/p/project/jb_benchmark/MLPerf-1.0-combined/MLPerf/benchmarks-closed/cosmoflow//cosmoflow/train.py", "lineno": 205, "epoch_num": 24}}
:::MLLOG {"namespace": "", "time_ms": 1633366892633, "event_type": "POINT_IN_TIME", "key": "throughput", "value": 25722.678923898486, "metadata": {"file": "/p/project/jb_benchmark/MLPerf-1.0-combined/MLPerf/benchmarks-closed/cosmoflow//cosmoflow/train.py", "lineno": 337, "epoch_num": 24}}
:::MLLOG {"namespace": "", "time_ms": 1633366892633, "event_type": "INTERVAL_START", "key": "eval_start", "value": null, "metadata": {"file": "/p/project/jb_benchmark/MLPerf-1.0-combined/MLPerf/benchmarks-closed/cosmoflow//cosmoflow/train.py", "lineno": 345, "epoch_num": 24}}
:::MLLOG {"namespace": "", "time_ms": 1633366900436, "event_type": "INTERVAL_END", "key": "eval_stop", "value": null, "metadata": {"file": "/p/project/jb_benchmark/MLPerf-1.0-combined/MLPerf/benchmarks-closed/cosmoflow/cosmoflow/utils.py", "lineno": 141, "epoch_num": 24}}
:::MLLOG {"namespace": "", "time_ms": 1633366900437, "event_type": "INTERVAL_END", "key": "epoch_stop", "value": null, "metadata": {"file": "/p/project/jb_benchmark/MLPerf-1.0-combined/MLPerf/benchmarks-closed/cosmoflow/cosmoflow/utils.py", "lineno": 141, "epoch_num": 24}}
:::MLLOG {"namespace": "", "time_ms": 1633366900437, "event_type": "POINT_IN_TIME", "key": "eval_error", "value": 0.14658003987214668, "metadata": {"file": "/p/project/jb_benchmark/MLPerf-1.0-combined/MLPerf/benchmarks-closed/cosmoflow//cosmoflow/train.py", "lineno": 221, "epoch_num": 24}}
:::MLLOG {"namespace": "", "time_ms": 1633366900437, "event_type": "INTERVAL_START", "key": "epoch_start", "value": null, "metadata": {"file": "/p/project/jb_benchmark/MLPerf-1.0-combined/MLPerf/benchmarks-closed/cosmoflow//cosmoflow/train.py", "lineno": 205, "epoch_num": 25}}
:::MLLOG {"namespace": "", "time_ms": 1633366921015, "event_type": "POINT_IN_TIME", "key": "throughput", "value": 25477.60244731623, "metadata": {"file": "/p/project/jb_benchmark/MLPerf-1.0-combined/MLPerf/benchmarks-closed/cosmoflow//cosmoflow/train.py", "lineno": 337, "epoch_num": 25}}
:::MLLOG {"namespace": "", "time_ms": 1633366921016, "event_type": "INTERVAL_START", "key": "eval_start", "value": null, "metadata": {"file": "/p/project/jb_benchmark/MLPerf-1.0-combined/MLPerf/benchmarks-closed/cosmoflow//cosmoflow/train.py", "lineno": 345, "epoch_num": 25}}
:::MLLOG {"namespace": "", "time_ms": 1633366928507, "event_type": "INTERVAL_END", "key": "eval_stop", "value": null, "metadata": {"file": "/p/project/jb_benchmark/MLPerf-1.0-combined/MLPerf/benchmarks-closed/cosmoflow/cosmoflow/utils.py", "lineno": 141, "epoch_num": 25}}
:::MLLOG {"namespace": "", "time_ms": 1633366928507, "event_type": "INTERVAL_END", "key": "epoch_stop", "value": null, "metadata": {"file": "/p/project/jb_benchmark/MLPerf-1.0-combined/MLPerf/benchmarks-closed/cosmoflow/cosmoflow/utils.py", "lineno": 141, "epoch_num": 25}}
:::MLLOG {"namespace": "", "time_ms": 1633366928507, "event_type": "POINT_IN_TIME", "key": "eval_error", "value": 0.14695054283220088, "metadata": {"file": "/p/project/jb_benchmark/MLPerf-1.0-combined/MLPerf/benchmarks-closed/cosmoflow//cosmoflow/train.py", "lineno": 221, "epoch_num": 25}}
:::MLLOG {"namespace": "", "time_ms": 1633366928507, "event_type": "INTERVAL_START", "key": "epoch_start", "value": null, "metadata": {"file": "/p/project/jb_benchmark/MLPerf-1.0-combined/MLPerf/benchmarks-closed/cosmoflow//cosmoflow/train.py", "lineno": 205, "epoch_num": 26}}
:::MLLOG {"namespace": "", "time_ms": 1633366949257, "event_type": "POINT_IN_TIME", "key": "throughput", "value": 25267.402536098798, "metadata": {"file": "/p/project/jb_benchmark/MLPerf-1.0-combined/MLPerf/benchmarks-closed/cosmoflow//cosmoflow/train.py", "lineno": 337, "epoch_num": 26}}
:::MLLOG {"namespace": "", "time_ms": 1633366949258, "event_type": "INTERVAL_START", "key": "eval_start", "value": null, "metadata": {"file": "/p/project/jb_benchmark/MLPerf-1.0-combined/MLPerf/benchmarks-closed/cosmoflow//cosmoflow/train.py", "lineno": 345, "epoch_num": 26}}
:::MLLOG {"namespace": "", "time_ms": 1633366957871, "event_type": "INTERVAL_END", "key": "eval_stop", "value": null, "metadata": {"file": "/p/project/jb_benchmark/MLPerf-1.0-combined/MLPerf/benchmarks-closed/cosmoflow/cosmoflow/utils.py", "lineno": 141, "epoch_num": 26}}
:::MLLOG {"namespace": "", "time_ms": 1633366957871, "event_type": "INTERVAL_END", "key": "epoch_stop", "value": null, "metadata": {"file": "/p/project/jb_benchmark/MLPerf-1.0-combined/MLPerf/benchmarks-closed/cosmoflow/cosmoflow/utils.py", "lineno": 141, "epoch_num": 26}}
:::MLLOG {"namespace": "", "time_ms": 1633366957871, "event_type": "POINT_IN_TIME", "key": "eval_error", "value": 0.14252454036613926, "metadata": {"file": "/p/project/jb_benchmark/MLPerf-1.0-combined/MLPerf/benchmarks-closed/cosmoflow//cosmoflow/train.py", "lineno": 221, "epoch_num": 26}}
:::MLLOG {"namespace": "", "time_ms": 1633366957871, "event_type": "INTERVAL_START", "key": "epoch_start", "value": null, "metadata": {"file": "/p/project/jb_benchmark/MLPerf-1.0-combined/MLPerf/benchmarks-closed/cosmoflow//cosmoflow/train.py", "lineno": 205, "epoch_num": 27}}
:::MLLOG {"namespace": "", "time_ms": 1633366978381, "event_type": "POINT_IN_TIME", "key": "throughput", "value": 25563.42406240246, "metadata": {"file": "/p/project/jb_benchmark/MLPerf-1.0-combined/MLPerf/benchmarks-closed/cosmoflow//cosmoflow/train.py", "lineno": 337, "epoch_num": 27}}
:::MLLOG {"namespace": "", "time_ms": 1633366978381, "event_type": "INTERVAL_START", "key": "eval_start", "value": null, "metadata": {"file": "/p/project/jb_benchmark/MLPerf-1.0-combined/MLPerf/benchmarks-closed/cosmoflow//cosmoflow/train.py", "lineno": 345, "epoch_num": 27}}
:::MLLOG {"namespace": "", "time_ms": 1633366986251, "event_type": "INTERVAL_END", "key": "eval_stop", "value": null, "metadata": {"file": "/p/project/jb_benchmark/MLPerf-1.0-combined/MLPerf/benchmarks-closed/cosmoflow/cosmoflow/utils.py", "lineno": 141, "epoch_num": 27}}
:::MLLOG {"namespace": "", "time_ms": 1633366986251, "event_type": "INTERVAL_END", "key": "epoch_stop", "value": null, "metadata": {"file": "/p/project/jb_benchmark/MLPerf-1.0-combined/MLPerf/benchmarks-closed/cosmoflow/cosmoflow/utils.py", "lineno": 141, "epoch_num": 27}}
:::MLLOG {"namespace": "", "time_ms": 1633366986252, "event_type": "POINT_IN_TIME", "key": "eval_error", "value": 0.14952647684549447, "metadata": {"file": "/p/project/jb_benchmark/MLPerf-1.0-combined/MLPerf/benchmarks-closed/cosmoflow//cosmoflow/train.py", "lineno": 221, "epoch_num": 27}}
:::MLLOG {"namespace": "", "time_ms": 1633366986252, "event_type": "INTERVAL_START", "key": "epoch_start", "value": null, "metadata": {"file": "/p/project/jb_benchmark/MLPerf-1.0-combined/MLPerf/benchmarks-closed/cosmoflow//cosmoflow/train.py", "lineno": 205, "epoch_num": 28}}
:::MLLOG {"namespace": "", "time_ms": 1633367006681, "event_type": "POINT_IN_TIME", "key": "throughput", "value": 25663.945514491017, "metadata": {"file": "/p/project/jb_benchmark/MLPerf-1.0-combined/MLPerf/benchmarks-closed/cosmoflow//cosmoflow/train.py", "lineno": 337, "epoch_num": 28}}
:::MLLOG {"namespace": "", "time_ms": 1633367006681, "event_type": "INTERVAL_START", "key": "eval_start", "value": null, "metadata": {"file": "/p/project/jb_benchmark/MLPerf-1.0-combined/MLPerf/benchmarks-closed/cosmoflow//cosmoflow/train.py", "lineno": 345, "epoch_num": 28}}
:::MLLOG {"namespace": "", "time_ms": 1633367014513, "event_type": "INTERVAL_END", "key": "eval_stop", "value": null, "metadata": {"file": "/p/project/jb_benchmark/MLPerf-1.0-combined/MLPerf/benchmarks-closed/cosmoflow/cosmoflow/utils.py", "lineno": 141, "epoch_num": 28}}
:::MLLOG {"namespace": "", "time_ms": 1633367014514, "event_type": "INTERVAL_END", "key": "epoch_stop", "value": null, "metadata": {"file": "/p/project/jb_benchmark/MLPerf-1.0-combined/MLPerf/benchmarks-closed/cosmoflow/cosmoflow/utils.py", "lineno": 141, "epoch_num": 28}}
:::MLLOG {"namespace": "", "time_ms": 1633367014514, "event_type": "POINT_IN_TIME", "key": "eval_error", "value": 0.13432723277946934, "metadata": {"file": "/p/project/jb_benchmark/MLPerf-1.0-combined/MLPerf/benchmarks-closed/cosmoflow//cosmoflow/train.py", "lineno": 221, "epoch_num": 28}}
:::MLLOG {"namespace": "", "time_ms": 1633367014514, "event_type": "INTERVAL_START", "key": "epoch_start", "value": null, "metadata": {"file": "/p/project/jb_benchmark/MLPerf-1.0-combined/MLPerf/benchmarks-closed/cosmoflow//cosmoflow/train.py", "lineno": 205, "epoch_num": 29}}
:::MLLOG {"namespace": "", "time_ms": 1633367035199, "event_type": "POINT_IN_TIME", "key": "throughput", "value": 25347.006596883486, "metadata": {"file": "/p/project/jb_benchmark/MLPerf-1.0-combined/MLPerf/benchmarks-closed/cosmoflow//cosmoflow/train.py", "lineno": 337, "epoch_num": 29}}
:::MLLOG {"namespace": "", "time_ms": 1633367035199, "event_type": "INTERVAL_START", "key": "eval_start", "value": null, "metadata": {"file": "/p/project/jb_benchmark/MLPerf-1.0-combined/MLPerf/benchmarks-closed/cosmoflow//cosmoflow/train.py", "lineno": 345, "epoch_num": 29}}
:::MLLOG {"namespace": "", "time_ms": 1633367043004, "event_type": "INTERVAL_END", "key": "eval_stop", "value": null, "metadata": {"file": "/p/project/jb_benchmark/MLPerf-1.0-combined/MLPerf/benchmarks-closed/cosmoflow/cosmoflow/utils.py", "lineno": 141, "epoch_num": 29}}
:::MLLOG {"namespace": "", "time_ms": 1633367043005, "event_type": "INTERVAL_END", "key": "epoch_stop", "value": null, "metadata": {"file": "/p/project/jb_benchmark/MLPerf-1.0-combined/MLPerf/benchmarks-closed/cosmoflow/cosmoflow/utils.py", "lineno": 141, "epoch_num": 29}}
:::MLLOG {"namespace": "", "time_ms": 1633367043005, "event_type": "POINT_IN_TIME", "key": "eval_error", "value": 0.15364819756359793, "metadata": {"file": "/p/project/jb_benchmark/MLPerf-1.0-combined/MLPerf/benchmarks-closed/cosmoflow//cosmoflow/train.py", "lineno": 221, "epoch_num": 29}}
:::MLLOG {"namespace": "", "time_ms": 1633367043005, "event_type": "INTERVAL_START", "key": "epoch_start", "value": null, "metadata": {"file": "/p/project/jb_benchmark/MLPerf-1.0-combined/MLPerf/benchmarks-closed/cosmoflow//cosmoflow/train.py", "lineno": 205, "epoch_num": 30}}
:::MLLOG {"namespace": "", "time_ms": 1633367063441, "event_type": "POINT_IN_TIME", "key": "throughput", "value": 25655.393049613354, "metadata": {"file": "/p/project/jb_benchmark/MLPerf-1.0-combined/MLPerf/benchmarks-closed/cosmoflow//cosmoflow/train.py", "lineno": 337, "epoch_num": 30}}
:::MLLOG {"namespace": "", "time_ms": 1633367063441, "event_type": "INTERVAL_START", "key": "eval_start", "value": null, "metadata": {"file": "/p/project/jb_benchmark/MLPerf-1.0-combined/MLPerf/benchmarks-closed/cosmoflow//cosmoflow/train.py", "lineno": 345, "epoch_num": 30}}
:::MLLOG {"namespace": "", "time_ms": 1633367071352, "event_type": "INTERVAL_END", "key": "eval_stop", "value": null, "metadata": {"file": "/p/project/jb_benchmark/MLPerf-1.0-combined/MLPerf/benchmarks-closed/cosmoflow/cosmoflow/utils.py", "lineno": 141, "epoch_num": 30}}
:::MLLOG {"namespace": "", "time_ms": 1633367071353, "event_type": "INTERVAL_END", "key": "epoch_stop", "value": null, "metadata": {"file": "/p/project/jb_benchmark/MLPerf-1.0-combined/MLPerf/benchmarks-closed/cosmoflow/cosmoflow/utils.py", "lineno": 141, "epoch_num": 30}}
:::MLLOG {"namespace": "", "time_ms": 1633367071353, "event_type": "POINT_IN_TIME", "key": "eval_error", "value": 0.1445904969878029, "metadata": {"file": "/p/project/jb_benchmark/MLPerf-1.0-combined/MLPerf/benchmarks-closed/cosmoflow//cosmoflow/train.py", "lineno": 221, "epoch_num": 30}}
:::MLLOG {"namespace": "", "time_ms": 1633367071353, "event_type": "INTERVAL_START", "key": "epoch_start", "value": null, "metadata": {"file": "/p/project/jb_benchmark/MLPerf-1.0-combined/MLPerf/benchmarks-closed/cosmoflow//cosmoflow/train.py", "lineno": 205, "epoch_num": 31}}
:::MLLOG {"namespace": "", "time_ms": 1633367091734, "event_type": "POINT_IN_TIME", "key": "throughput", "value": 25725.078716878932, "metadata": {"file": "/p/project/jb_benchmark/MLPerf-1.0-combined/MLPerf/benchmarks-closed/cosmoflow//cosmoflow/train.py", "lineno": 337, "epoch_num": 31}}
:::MLLOG {"namespace": "", "time_ms": 1633367091734, "event_type": "INTERVAL_START", "key": "eval_start", "value": null, "metadata": {"file": "/p/project/jb_benchmark/MLPerf-1.0-combined/MLPerf/benchmarks-closed/cosmoflow//cosmoflow/train.py", "lineno": 345, "epoch_num": 31}}
:::MLLOG {"namespace": "", "time_ms": 1633367099411, "event_type": "INTERVAL_END", "key": "eval_stop", "value": null, "metadata": {"file": "/p/project/jb_benchmark/MLPerf-1.0-combined/MLPerf/benchmarks-closed/cosmoflow/cosmoflow/utils.py", "lineno": 141, "epoch_num": 31}}
:::MLLOG {"namespace": "", "time_ms": 1633367099411, "event_type": "INTERVAL_END", "key": "epoch_stop", "value": null, "metadata": {"file": "/p/project/jb_benchmark/MLPerf-1.0-combined/MLPerf/benchmarks-closed/cosmoflow/cosmoflow/utils.py", "lineno": 141, "epoch_num": 31}}
:::MLLOG {"namespace": "", "time_ms": 1633367099411, "event_type": "POINT_IN_TIME", "key": "eval_error", "value": 0.1374572514760075, "metadata": {"file": "/p/project/jb_benchmark/MLPerf-1.0-combined/MLPerf/benchmarks-closed/cosmoflow//cosmoflow/train.py", "lineno": 221, "epoch_num": 31}}
:::MLLOG {"namespace": "", "time_ms": 1633367099412, "event_type": "INTERVAL_START", "key": "epoch_start", "value": null, "metadata": {"file": "/p/project/jb_benchmark/MLPerf-1.0-combined/MLPerf/benchmarks-closed/cosmoflow//cosmoflow/train.py", "lineno": 205, "epoch_num": 32}}
:::MLLOG {"namespace": "", "time_ms": 1633367119977, "event_type": "POINT_IN_TIME", "key": "throughput", "value": 25493.324292383983, "metadata": {"file": "/p/project/jb_benchmark/MLPerf-1.0-combined/MLPerf/benchmarks-closed/cosmoflow//cosmoflow/train.py", "lineno": 337, "epoch_num": 32}}
:::MLLOG {"namespace": "", "time_ms": 1633367119978, "event_type": "INTERVAL_START", "key": "eval_start", "value": null, "metadata": {"file": "/p/project/jb_benchmark/MLPerf-1.0-combined/MLPerf/benchmarks-closed/cosmoflow//cosmoflow/train.py", "lineno": 345, "epoch_num": 32}}
:::MLLOG {"namespace": "", "time_ms": 1633367128884, "event_type": "INTERVAL_END", "key": "eval_stop", "value": null, "metadata": {"file": "/p/project/jb_benchmark/MLPerf-1.0-combined/MLPerf/benchmarks-closed/cosmoflow/cosmoflow/utils.py", "lineno": 141, "epoch_num": 32}}
:::MLLOG {"namespace": "", "time_ms": 1633367128885, "event_type": "INTERVAL_END", "key": "epoch_stop", "value": null, "metadata": {"file": "/p/project/jb_benchmark/MLPerf-1.0-combined/MLPerf/benchmarks-closed/cosmoflow/cosmoflow/utils.py", "lineno": 141, "epoch_num": 32}}
:::MLLOG {"namespace": "", "time_ms": 1633367128885, "event_type": "POINT_IN_TIME", "key": "eval_error", "value": 0.13708502045483328, "metadata": {"file": "/p/project/jb_benchmark/MLPerf-1.0-combined/MLPerf/benchmarks-closed/cosmoflow//cosmoflow/train.py", "lineno": 221, "epoch_num": 32}}
:::MLLOG {"namespace": "", "time_ms": 1633367128885, "event_type": "INTERVAL_START", "key": "epoch_start", "value": null, "metadata": {"file": "/p/project/jb_benchmark/MLPerf-1.0-combined/MLPerf/benchmarks-closed/cosmoflow//cosmoflow/train.py", "lineno": 205, "epoch_num": 33}}
:::MLLOG {"namespace": "", "time_ms": 1633367149503, "event_type": "POINT_IN_TIME", "key": "throughput", "value": 25429.43055008596, "metadata": {"file": "/p/project/jb_benchmark/MLPerf-1.0-combined/MLPerf/benchmarks-closed/cosmoflow//cosmoflow/train.py", "lineno": 337, "epoch_num": 33}}
:::MLLOG {"namespace": "", "time_ms": 1633367149503, "event_type": "INTERVAL_START", "key": "eval_start", "value": null, "metadata": {"file": "/p/project/jb_benchmark/MLPerf-1.0-combined/MLPerf/benchmarks-closed/cosmoflow//cosmoflow/train.py", "lineno": 345, "epoch_num": 33}}
:::MLLOG {"namespace": "", "time_ms": 1633367157042, "event_type": "INTERVAL_END", "key": "eval_stop", "value": null, "metadata": {"file": "/p/project/jb_benchmark/MLPerf-1.0-combined/MLPerf/benchmarks-closed/cosmoflow/cosmoflow/utils.py", "lineno": 141, "epoch_num": 33}}
:::MLLOG {"namespace": "", "time_ms": 1633367157042, "event_type": "INTERVAL_END", "key": "epoch_stop", "value": null, "metadata": {"file": "/p/project/jb_benchmark/MLPerf-1.0-combined/MLPerf/benchmarks-closed/cosmoflow/cosmoflow/utils.py", "lineno": 141, "epoch_num": 33}}
:::MLLOG {"namespace": "", "time_ms": 1633367157042, "event_type": "POINT_IN_TIME", "key": "eval_error", "value": 0.13830912101548165, "metadata": {"file": "/p/project/jb_benchmark/MLPerf-1.0-combined/MLPerf/benchmarks-closed/cosmoflow//cosmoflow/train.py", "lineno": 221, "epoch_num": 33}}
:::MLLOG {"namespace": "", "time_ms": 1633367157042, "event_type": "INTERVAL_START", "key": "epoch_start", "value": null, "metadata": {"file": "/p/project/jb_benchmark/MLPerf-1.0-combined/MLPerf/benchmarks-closed/cosmoflow//cosmoflow/train.py", "lineno": 205, "epoch_num": 34}}
:::MLLOG {"namespace": "", "time_ms": 1633367177649, "event_type": "POINT_IN_TIME", "key": "throughput", "value": 25442.429280305038, "metadata": {"file": "/p/project/jb_benchmark/MLPerf-1.0-combined/MLPerf/benchmarks-closed/cosmoflow//cosmoflow/train.py", "lineno": 337, "epoch_num": 34}}
:::MLLOG {"namespace": "", "time_ms": 1633367177650, "event_type": "INTERVAL_START", "key": "eval_start", "value": null, "metadata": {"file": "/p/project/jb_benchmark/MLPerf-1.0-combined/MLPerf/benchmarks-closed/cosmoflow//cosmoflow/train.py", "lineno": 345, "epoch_num": 34}}
:::MLLOG {"namespace": "", "time_ms": 1633367185214, "event_type": "INTERVAL_END", "key": "eval_stop", "value": null, "metadata": {"file": "/p/project/jb_benchmark/MLPerf-1.0-combined/MLPerf/benchmarks-closed/cosmoflow/cosmoflow/utils.py", "lineno": 141, "epoch_num": 34}}
:::MLLOG {"namespace": "", "time_ms": 1633367185215, "event_type": "INTERVAL_END", "key": "epoch_stop", "value": null, "metadata": {"file": "/p/project/jb_benchmark/MLPerf-1.0-combined/MLPerf/benchmarks-closed/cosmoflow/cosmoflow/utils.py", "lineno": 141, "epoch_num": 34}}
:::MLLOG {"namespace": "", "time_ms": 1633367185215, "event_type": "POINT_IN_TIME", "key": "eval_error", "value": 0.1264584063392249, "metadata": {"file": "/p/project/jb_benchmark/MLPerf-1.0-combined/MLPerf/benchmarks-closed/cosmoflow//cosmoflow/train.py", "lineno": 221, "epoch_num": 34}}
:::MLLOG {"namespace": "", "time_ms": 1633367185215, "event_type": "INTERVAL_START", "key": "epoch_start", "value": null, "metadata": {"file": "/p/project/jb_benchmark/MLPerf-1.0-combined/MLPerf/benchmarks-closed/cosmoflow//cosmoflow/train.py", "lineno": 205, "epoch_num": 35}}
:::MLLOG {"namespace": "", "time_ms": 1633367219843, "event_type": "POINT_IN_TIME", "key": "throughput", "value": 15140.58424667305, "metadata": {"file": "/p/project/jb_benchmark/MLPerf-1.0-combined/MLPerf/benchmarks-closed/cosmoflow//cosmoflow/train.py", "lineno": 337, "epoch_num": 35}}
:::MLLOG {"namespace": "", "time_ms": 1633367219844, "event_type": "INTERVAL_START", "key": "eval_start", "value": null, "metadata": {"file": "/p/project/jb_benchmark/MLPerf-1.0-combined/MLPerf/benchmarks-closed/cosmoflow//cosmoflow/train.py", "lineno": 345, "epoch_num": 35}}
:::MLLOG {"namespace": "", "time_ms": 1633367227935, "event_type": "INTERVAL_END", "key": "eval_stop", "value": null, "metadata": {"file": "/p/project/jb_benchmark/MLPerf-1.0-combined/MLPerf/benchmarks-closed/cosmoflow/cosmoflow/utils.py", "lineno": 141, "epoch_num": 35}}
:::MLLOG {"namespace": "", "time_ms": 1633367227936, "event_type": "INTERVAL_END", "key": "epoch_stop", "value": null, "metadata": {"file": "/p/project/jb_benchmark/MLPerf-1.0-combined/MLPerf/benchmarks-closed/cosmoflow/cosmoflow/utils.py", "lineno": 141, "epoch_num": 35}}
:::MLLOG {"namespace": "", "time_ms": 1633367227936, "event_type": "POINT_IN_TIME", "key": "eval_error", "value": 0.1269653434911561, "metadata": {"file": "/p/project/jb_benchmark/MLPerf-1.0-combined/MLPerf/benchmarks-closed/cosmoflow//cosmoflow/train.py", "lineno": 221, "epoch_num": 35}}
:::MLLOG {"namespace": "", "time_ms": 1633367227936, "event_type": "INTERVAL_START", "key": "epoch_start", "value": null, "metadata": {"file": "/p/project/jb_benchmark/MLPerf-1.0-combined/MLPerf/benchmarks-closed/cosmoflow//cosmoflow/train.py", "lineno": 205, "epoch_num": 36}}
:::MLLOG {"namespace": "", "time_ms": 1633367248610, "event_type": "POINT_IN_TIME", "key": "throughput", "value": 25359.350601203994, "metadata": {"file": "/p/project/jb_benchmark/MLPerf-1.0-combined/MLPerf/benchmarks-closed/cosmoflow//cosmoflow/train.py", "lineno": 337, "epoch_num": 36}}
:::MLLOG {"namespace": "", "time_ms": 1633367248611, "event_type": "INTERVAL_START", "key": "eval_start", "value": null, "metadata": {"file": "/p/project/jb_benchmark/MLPerf-1.0-combined/MLPerf/benchmarks-closed/cosmoflow//cosmoflow/train.py", "lineno": 345, "epoch_num": 36}}
:::MLLOG {"namespace": "", "time_ms": 1633367256241, "event_type": "INTERVAL_END", "key": "eval_stop", "value": null, "metadata": {"file": "/p/project/jb_benchmark/MLPerf-1.0-combined/MLPerf/benchmarks-closed/cosmoflow/cosmoflow/utils.py", "lineno": 141, "epoch_num": 36}}
:::MLLOG {"namespace": "", "time_ms": 1633367256241, "event_type": "INTERVAL_END", "key": "epoch_stop", "value": null, "metadata": {"file": "/p/project/jb_benchmark/MLPerf-1.0-combined/MLPerf/benchmarks-closed/cosmoflow/cosmoflow/utils.py", "lineno": 141, "epoch_num": 36}}
:::MLLOG {"namespace": "", "time_ms": 1633367256242, "event_type": "POINT_IN_TIME", "key": "eval_error", "value": 0.12833380687516183, "metadata": {"file": "/p/project/jb_benchmark/MLPerf-1.0-combined/MLPerf/benchmarks-closed/cosmoflow//cosmoflow/train.py", "lineno": 221, "epoch_num": 36}}
:::MLLOG {"namespace": "", "time_ms": 1633367256242, "event_type": "INTERVAL_START", "key": "epoch_start", "value": null, "metadata": {"file": "/p/project/jb_benchmark/MLPerf-1.0-combined/MLPerf/benchmarks-closed/cosmoflow//cosmoflow/train.py", "lineno": 205, "epoch_num": 37}}
:::MLLOG {"namespace": "", "time_ms": 1633367276870, "event_type": "POINT_IN_TIME", "key": "throughput", "value": 25415.72568569175, "metadata": {"file": "/p/project/jb_benchmark/MLPerf-1.0-combined/MLPerf/benchmarks-closed/cosmoflow//cosmoflow/train.py", "lineno": 337, "epoch_num": 37}}
:::MLLOG {"namespace": "", "time_ms": 1633367276871, "event_type": "INTERVAL_START", "key": "eval_start", "value": null, "metadata": {"file": "/p/project/jb_benchmark/MLPerf-1.0-combined/MLPerf/benchmarks-closed/cosmoflow//cosmoflow/train.py", "lineno": 345, "epoch_num": 37}}
:::MLLOG {"namespace": "", "time_ms": 1633367284660, "event_type": "INTERVAL_END", "key": "eval_stop", "value": null, "metadata": {"file": "/p/project/jb_benchmark/MLPerf-1.0-combined/MLPerf/benchmarks-closed/cosmoflow/cosmoflow/utils.py", "lineno": 141, "epoch_num": 37}}
:::MLLOG {"namespace": "", "time_ms": 1633367284661, "event_type": "INTERVAL_END", "key": "epoch_stop", "value": null, "metadata": {"file": "/p/project/jb_benchmark/MLPerf-1.0-combined/MLPerf/benchmarks-closed/cosmoflow/cosmoflow/utils.py", "lineno": 141, "epoch_num": 37}}
:::MLLOG {"namespace": "", "time_ms": 1633367284661, "event_type": "POINT_IN_TIME", "key": "eval_error", "value": 0.12702047817583662, "metadata": {"file": "/p/project/jb_benchmark/MLPerf-1.0-combined/MLPerf/benchmarks-closed/cosmoflow//cosmoflow/train.py", "lineno": 221, "epoch_num": 37}}
:::MLLOG {"namespace": "", "time_ms": 1633367284661, "event_type": "INTERVAL_START", "key": "epoch_start", "value": null, "metadata": {"file": "/p/project/jb_benchmark/MLPerf-1.0-combined/MLPerf/benchmarks-closed/cosmoflow//cosmoflow/train.py", "lineno": 205, "epoch_num": 38}}
:::MLLOG {"namespace": "", "time_ms": 1633367305390, "event_type": "POINT_IN_TIME", "key": "throughput", "value": 25293.437353539866, "metadata": {"file": "/p/project/jb_benchmark/MLPerf-1.0-combined/MLPerf/benchmarks-closed/cosmoflow//cosmoflow/train.py", "lineno": 337, "epoch_num": 38}}
:::MLLOG {"namespace": "", "time_ms": 1633367305390, "event_type": "INTERVAL_START", "key": "eval_start", "value": null, "metadata": {"file": "/p/project/jb_benchmark/MLPerf-1.0-combined/MLPerf/benchmarks-closed/cosmoflow//cosmoflow/train.py", "lineno": 345, "epoch_num": 38}}
:::MLLOG {"namespace": "", "time_ms": 1633367312995, "event_type": "INTERVAL_END", "key": "eval_stop", "value": null, "metadata": {"file": "/p/project/jb_benchmark/MLPerf-1.0-combined/MLPerf/benchmarks-closed/cosmoflow/cosmoflow/utils.py", "lineno": 141, "epoch_num": 38}}
:::MLLOG {"namespace": "", "time_ms": 1633367312996, "event_type": "INTERVAL_END", "key": "epoch_stop", "value": null, "metadata": {"file": "/p/project/jb_benchmark/MLPerf-1.0-combined/MLPerf/benchmarks-closed/cosmoflow/cosmoflow/utils.py", "lineno": 141, "epoch_num": 38}}
:::MLLOG {"namespace": "", "time_ms": 1633367312996, "event_type": "POINT_IN_TIME", "key": "eval_error", "value": 0.12441602348553715, "metadata": {"file": "/p/project/jb_benchmark/MLPerf-1.0-combined/MLPerf/benchmarks-closed/cosmoflow//cosmoflow/train.py", "lineno": 221, "epoch_num": 38}}
:::MLLOG {"namespace": "", "time_ms": 1633367312996, "event_type": "INTERVAL_START", "key": "epoch_start", "value": null, "metadata": {"file": "/p/project/jb_benchmark/MLPerf-1.0-combined/MLPerf/benchmarks-closed/cosmoflow//cosmoflow/train.py", "lineno": 205, "epoch_num": 39}}
:::MLLOG {"namespace": "", "time_ms": 1633367333885, "event_type": "POINT_IN_TIME", "key": "throughput", "value": 25099.687228012554, "metadata": {"file": "/p/project/jb_benchmark/MLPerf-1.0-combined/MLPerf/benchmarks-closed/cosmoflow//cosmoflow/train.py", "lineno": 337, "epoch_num": 39}}
:::MLLOG {"namespace": "", "time_ms": 1633367333885, "event_type": "INTERVAL_START", "key": "eval_start", "value": null, "metadata": {"file": "/p/project/jb_benchmark/MLPerf-1.0-combined/MLPerf/benchmarks-closed/cosmoflow//cosmoflow/train.py", "lineno": 345, "epoch_num": 39}}
:::MLLOG {"namespace": "", "time_ms": 1633367341258, "event_type": "INTERVAL_END", "key": "eval_stop", "value": null, "metadata": {"file": "/p/project/jb_benchmark/MLPerf-1.0-combined/MLPerf/benchmarks-closed/cosmoflow/cosmoflow/utils.py", "lineno": 141, "epoch_num": 39}}
:::MLLOG {"namespace": "", "time_ms": 1633367341259, "event_type": "INTERVAL_END", "key": "epoch_stop", "value": null, "metadata": {"file": "/p/project/jb_benchmark/MLPerf-1.0-combined/MLPerf/benchmarks-closed/cosmoflow/cosmoflow/utils.py", "lineno": 141, "epoch_num": 39}}
:::MLLOG {"namespace": "", "time_ms": 1633367341259, "event_type": "POINT_IN_TIME", "key": "eval_error", "value": 0.1324631568042533, "metadata": {"file": "/p/project/jb_benchmark/MLPerf-1.0-combined/MLPerf/benchmarks-closed/cosmoflow//cosmoflow/train.py", "lineno": 221, "epoch_num": 39}}
:::MLLOG {"namespace": "", "time_ms": 1633367341259, "event_type": "INTERVAL_START", "key": "epoch_start", "value": null, "metadata": {"file": "/p/project/jb_benchmark/MLPerf-1.0-combined/MLPerf/benchmarks-closed/cosmoflow//cosmoflow/train.py", "lineno": 205, "epoch_num": 40}}
:::MLLOG {"namespace": "", "time_ms": 1633367361903, "event_type": "POINT_IN_TIME", "key": "throughput", "value": 25396.212005659127, "metadata": {"file": "/p/project/jb_benchmark/MLPerf-1.0-combined/MLPerf/benchmarks-closed/cosmoflow//cosmoflow/train.py", "lineno": 337, "epoch_num": 40}}
:::MLLOG {"namespace": "", "time_ms": 1633367361904, "event_type": "INTERVAL_START", "key": "eval_start", "value": null, "metadata": {"file": "/p/project/jb_benchmark/MLPerf-1.0-combined/MLPerf/benchmarks-closed/cosmoflow//cosmoflow/train.py", "lineno": 345, "epoch_num": 40}}
:::MLLOG {"namespace": "", "time_ms": 1633367369949, "event_type": "INTERVAL_END", "key": "eval_stop", "value": null, "metadata": {"file": "/p/project/jb_benchmark/MLPerf-1.0-combined/MLPerf/benchmarks-closed/cosmoflow/cosmoflow/utils.py", "lineno": 141, "epoch_num": 40}}
:::MLLOG {"namespace": "", "time_ms": 1633367369950, "event_type": "INTERVAL_END", "key": "epoch_stop", "value": null, "metadata": {"file": "/p/project/jb_benchmark/MLPerf-1.0-combined/MLPerf/benchmarks-closed/cosmoflow/cosmoflow/utils.py", "lineno": 141, "epoch_num": 40}}
:::MLLOG {"namespace": "", "time_ms": 1633367369950, "event_type": "POINT_IN_TIME", "key": "eval_error", "value": 0.12622302758973092, "metadata": {"file": "/p/project/jb_benchmark/MLPerf-1.0-combined/MLPerf/benchmarks-closed/cosmoflow//cosmoflow/train.py", "lineno": 221, "epoch_num": 40}}
:::MLLOG {"namespace": "", "time_ms": 1633367369950, "event_type": "INTERVAL_START", "key": "epoch_start", "value": null, "metadata": {"file": "/p/project/jb_benchmark/MLPerf-1.0-combined/MLPerf/benchmarks-closed/cosmoflow//cosmoflow/train.py", "lineno": 205, "epoch_num": 41}}
:::MLLOG {"namespace": "", "time_ms": 1633367396905, "event_type": "POINT_IN_TIME", "key": "throughput", "value": 19450.398369417555, "metadata": {"file": "/p/project/jb_benchmark/MLPerf-1.0-combined/MLPerf/benchmarks-closed/cosmoflow//cosmoflow/train.py", "lineno": 337, "epoch_num": 41}}
:::MLLOG {"namespace": "", "time_ms": 1633367396906, "event_type": "INTERVAL_START", "key": "eval_start", "value": null, "metadata": {"file": "/p/project/jb_benchmark/MLPerf-1.0-combined/MLPerf/benchmarks-closed/cosmoflow//cosmoflow/train.py", "lineno": 345, "epoch_num": 41}}
:::MLLOG {"namespace": "", "time_ms": 1633367404538, "event_type": "INTERVAL_END", "key": "eval_stop", "value": null, "metadata": {"file": "/p/project/jb_benchmark/MLPerf-1.0-combined/MLPerf/benchmarks-closed/cosmoflow/cosmoflow/utils.py", "lineno": 141, "epoch_num": 41}}
:::MLLOG {"namespace": "", "time_ms": 1633367404539, "event_type": "INTERVAL_END", "key": "epoch_stop", "value": null, "metadata": {"file": "/p/project/jb_benchmark/MLPerf-1.0-combined/MLPerf/benchmarks-closed/cosmoflow/cosmoflow/utils.py", "lineno": 141, "epoch_num": 41}}
:::MLLOG {"namespace": "", "time_ms": 1633367404539, "event_type": "POINT_IN_TIME", "key": "eval_error", "value": 0.1253081559407292, "metadata": {"file": "/p/project/jb_benchmark/MLPerf-1.0-combined/MLPerf/benchmarks-closed/cosmoflow//cosmoflow/train.py", "lineno": 221, "epoch_num": 41}}
:::MLLOG {"namespace": "", "time_ms": 1633367404539, "event_type": "INTERVAL_START", "key": "epoch_start", "value": null, "metadata": {"file": "/p/project/jb_benchmark/MLPerf-1.0-combined/MLPerf/benchmarks-closed/cosmoflow//cosmoflow/train.py", "lineno": 205, "epoch_num": 42}}
:::MLLOG {"namespace": "", "time_ms": 1633367430799, "event_type": "POINT_IN_TIME", "key": "throughput", "value": 19965.620958446987, "metadata": {"file": "/p/project/jb_benchmark/MLPerf-1.0-combined/MLPerf/benchmarks-closed/cosmoflow//cosmoflow/train.py", "lineno": 337, "epoch_num": 42}}
:::MLLOG {"namespace": "", "time_ms": 1633367430799, "event_type": "INTERVAL_START", "key": "eval_start", "value": null, "metadata": {"file": "/p/project/jb_benchmark/MLPerf-1.0-combined/MLPerf/benchmarks-closed/cosmoflow//cosmoflow/train.py", "lineno": 345, "epoch_num": 42}}
:::MLLOG {"namespace": "", "time_ms": 1633367438791, "event_type": "INTERVAL_END", "key": "eval_stop", "value": null, "metadata": {"file": "/p/project/jb_benchmark/MLPerf-1.0-combined/MLPerf/benchmarks-closed/cosmoflow/cosmoflow/utils.py", "lineno": 141, "epoch_num": 42}}
:::MLLOG {"namespace": "", "time_ms": 1633367438792, "event_type": "INTERVAL_END", "key": "epoch_stop", "value": null, "metadata": {"file": "/p/project/jb_benchmark/MLPerf-1.0-combined/MLPerf/benchmarks-closed/cosmoflow/cosmoflow/utils.py", "lineno": 141, "epoch_num": 42}}
:::MLLOG {"namespace": "", "time_ms": 1633367438792, "event_type": "POINT_IN_TIME", "key": "eval_error", "value": 0.12497124074434396, "metadata": {"file": "/p/project/jb_benchmark/MLPerf-1.0-combined/MLPerf/benchmarks-closed/cosmoflow//cosmoflow/train.py", "lineno": 221, "epoch_num": 42}}
:::MLLOG {"namespace": "", "time_ms": 1633367438793, "event_type": "INTERVAL_START", "key": "epoch_start", "value": null, "metadata": {"file": "/p/project/jb_benchmark/MLPerf-1.0-combined/MLPerf/benchmarks-closed/cosmoflow//cosmoflow/train.py", "lineno": 205, "epoch_num": 43}}
:::MLLOG {"namespace": "", "time_ms": 1633367466461, "event_type": "POINT_IN_TIME", "key": "throughput", "value": 18948.82325563881, "metadata": {"file": "/p/project/jb_benchmark/MLPerf-1.0-combined/MLPerf/benchmarks-closed/cosmoflow//cosmoflow/train.py", "lineno": 337, "epoch_num": 43}}
:::MLLOG {"namespace": "", "time_ms": 1633367466462, "event_type": "INTERVAL_START", "key": "eval_start", "value": null, "metadata": {"file": "/p/project/jb_benchmark/MLPerf-1.0-combined/MLPerf/benchmarks-closed/cosmoflow//cosmoflow/train.py", "lineno": 345, "epoch_num": 43}}
:::MLLOG {"namespace": "", "time_ms": 1633367476058, "event_type": "INTERVAL_END", "key": "eval_stop", "value": null, "metadata": {"file": "/p/project/jb_benchmark/MLPerf-1.0-combined/MLPerf/benchmarks-closed/cosmoflow/cosmoflow/utils.py", "lineno": 141, "epoch_num": 43}}
:::MLLOG {"namespace": "", "time_ms": 1633367476058, "event_type": "INTERVAL_END", "key": "epoch_stop", "value": null, "metadata": {"file": "/p/project/jb_benchmark/MLPerf-1.0-combined/MLPerf/benchmarks-closed/cosmoflow/cosmoflow/utils.py", "lineno": 141, "epoch_num": 43}}
:::MLLOG {"namespace": "", "time_ms": 1633367476058, "event_type": "POINT_IN_TIME", "key": "eval_error", "value": 0.12354239818523638, "metadata": {"file": "/p/project/jb_benchmark/MLPerf-1.0-combined/MLPerf/benchmarks-closed/cosmoflow//cosmoflow/train.py", "lineno": 221, "epoch_num": 43}}
:::MLLOG {"namespace": "", "time_ms": 1633367476059, "event_type": "INTERVAL_END", "key": "run_stop", "value": null, "metadata": {"file": "/p/project/jb_benchmark/MLPerf-1.0-combined/MLPerf/benchmarks-closed/cosmoflow/cosmoflow/utils.py", "lineno": 141, "status": "success"}}
