:::MLLOG {"namespace": "", "time_ms": 1633381917204, "event_type": "POINT_IN_TIME", "key": "cache_clear", "value": null, "metadata": {"file": "/p/project/jb_benchmark/MLPerf-1.0-combined/MLPerf/benchmarks-closed/cosmoflow//cosmoflow/train.py", "lineno": 122}}
:::MLLOG {"namespace": "", "time_ms": 1633381917237, "event_type": "INTERVAL_START", "key": "init_start", "value": null, "metadata": {"file": "/p/project/jb_benchmark/MLPerf-1.0-combined/MLPerf/benchmarks-closed/cosmoflow//cosmoflow/train.py", "lineno": 123}}
:::MLLOG {"namespace": "", "time_ms": 1633381917238, "event_type": "POINT_IN_TIME", "key": "submission_benchmark", "value": "cosmoflow", "metadata": {"file": "/p/project/jb_benchmark/MLPerf-1.0-combined/MLPerf/benchmarks-closed/cosmoflow//cosmoflow/train.py", "lineno": 125}}
:::MLLOG {"namespace": "", "time_ms": 1633381917238, "event_type": "POINT_IN_TIME", "key": "submission_org", "value": "HelmholtzAI", "metadata": {"file": "/p/project/jb_benchmark/MLPerf-1.0-combined/MLPerf/benchmarks-closed/cosmoflow//cosmoflow/train.py", "lineno": 127}}
:::MLLOG {"namespace": "", "time_ms": 1633381917238, "event_type": "POINT_IN_TIME", "key": "submission_division", "value": "closed", "metadata": {"file": "/p/project/jb_benchmark/MLPerf-1.0-combined/MLPerf/benchmarks-closed/cosmoflow//cosmoflow/train.py", "lineno": 128}}
:::MLLOG {"namespace": "", "time_ms": 1633381917238, "event_type": "POINT_IN_TIME", "key": "submission_status", "value": "onprem", "metadata": {"file": "/p/project/jb_benchmark/MLPerf-1.0-combined/MLPerf/benchmarks-closed/cosmoflow//cosmoflow/train.py", "lineno": 129}}
:::MLLOG {"namespace": "", "time_ms": 1633381917238, "event_type": "POINT_IN_TIME", "key": "submission_platform", "value": "A100", "metadata": {"file": "/p/project/jb_benchmark/MLPerf-1.0-combined/MLPerf/benchmarks-closed/cosmoflow//cosmoflow/train.py", "lineno": 130}}
:::MLLOG {"namespace": "", "time_ms": 1633381917238, "event_type": "POINT_IN_TIME", "key": "number_of_nodes", "value": 128, "metadata": {"file": "/p/project/jb_benchmark/MLPerf-1.0-combined/MLPerf/benchmarks-closed/cosmoflow//cosmoflow/train.py", "lineno": 132}}
:::MLLOG {"namespace": "", "time_ms": 1633381917238, "event_type": "POINT_IN_TIME", "key": "accelerators_per_node", "value": 4, "metadata": {"file": "/p/project/jb_benchmark/MLPerf-1.0-combined/MLPerf/benchmarks-closed/cosmoflow//cosmoflow/train.py", "lineno": 134}}
:::MLLOG {"namespace": "", "time_ms": 1633381941695, "event_type": "POINT_IN_TIME", "key": "opt_weight_decay", "value": 0.0, "metadata": {"file": "/p/project/jb_benchmark/MLPerf-1.0-combined/MLPerf/benchmarks-closed/cosmoflow//cosmoflow/train.py", "lineno": 150}}
:::MLLOG {"namespace": "", "time_ms": 1633381941695, "event_type": "POINT_IN_TIME", "key": "dropout", "value": 0.5, "metadata": {"file": "/p/project/jb_benchmark/MLPerf-1.0-combined/MLPerf/benchmarks-closed/cosmoflow//cosmoflow/train.py", "lineno": 152}}
:::MLLOG {"namespace": "", "time_ms": 1633381942053, "event_type": "POINT_IN_TIME", "key": "global_batch_size", "value": 512, "metadata": {"file": "/p/project/jb_benchmark/MLPerf-1.0-combined/MLPerf/benchmarks-closed/cosmoflow/cosmoflow/h5_data.py", "lineno": 410}}
:::MLLOG {"namespace": "", "time_ms": 1633381942053, "event_type": "POINT_IN_TIME", "key": "train_samples", "value": 524288, "metadata": {"file": "/p/project/jb_benchmark/MLPerf-1.0-combined/MLPerf/benchmarks-closed/cosmoflow/cosmoflow/h5_data.py", "lineno": 412}}
:::MLLOG {"namespace": "", "time_ms": 1633381942053, "event_type": "POINT_IN_TIME", "key": "eval_samples", "value": 65536, "metadata": {"file": "/p/project/jb_benchmark/MLPerf-1.0-combined/MLPerf/benchmarks-closed/cosmoflow/cosmoflow/h5_data.py", "lineno": 414}}
:::MLLOG {"namespace": "", "time_ms": 1633381942053, "event_type": "POINT_IN_TIME", "key": "opt_base_learning_rate", "value": 0.008, "metadata": {"file": "/p/project/jb_benchmark/MLPerf-1.0-combined/MLPerf/benchmarks-closed/cosmoflow//cosmoflow/train.py", "lineno": 87}}
:::MLLOG {"namespace": "", "time_ms": 1633381942054, "event_type": "POINT_IN_TIME", "key": "opt_learning_rate_warmup_epochs", "value": 4, "metadata": {"file": "/p/project/jb_benchmark/MLPerf-1.0-combined/MLPerf/benchmarks-closed/cosmoflow//cosmoflow/train.py", "lineno": 89}}
:::MLLOG {"namespace": "", "time_ms": 1633381942054, "event_type": "POINT_IN_TIME", "key": "opt_learning_rate_warmup_factor", "value": 8, "metadata": {"file": "/p/project/jb_benchmark/MLPerf-1.0-combined/MLPerf/benchmarks-closed/cosmoflow//cosmoflow/train.py", "lineno": 91}}
:::MLLOG {"namespace": "", "time_ms": 1633381942054, "event_type": "POINT_IN_TIME", "key": "opt_learning_rate_decay_boundary_epochs", "value": [32, 64], "metadata": {"file": "/p/project/jb_benchmark/MLPerf-1.0-combined/MLPerf/benchmarks-closed/cosmoflow//cosmoflow/train.py", "lineno": 93}}
:::MLLOG {"namespace": "", "time_ms": 1633381942054, "event_type": "POINT_IN_TIME", "key": "opt_learning_rate_decay_factor", "value": [0.25, 0.125], "metadata": {"file": "/p/project/jb_benchmark/MLPerf-1.0-combined/MLPerf/benchmarks-closed/cosmoflow//cosmoflow/train.py", "lineno": 95}}
:::MLLOG {"namespace": "", "time_ms": 1633381942054, "event_type": "POINT_IN_TIME", "key": "opt_name", "value": "sgd", "metadata": {"file": "/p/project/jb_benchmark/MLPerf-1.0-combined/MLPerf/benchmarks-closed/cosmoflow//cosmoflow/train.py", "lineno": 171}}
:::MLLOG {"namespace": "", "time_ms": 1633381942242, "event_type": "INTERVAL_END", "key": "init_stop", "value": null, "metadata": {"file": "/p/project/jb_benchmark/MLPerf-1.0-combined/MLPerf/benchmarks-closed/cosmoflow/cosmoflow/utils.py", "lineno": 141}}
:::MLLOG {"namespace": "", "time_ms": 1633381942243, "event_type": "INTERVAL_START", "key": "run_start", "value": null, "metadata": {"file": "/p/project/jb_benchmark/MLPerf-1.0-combined/MLPerf/benchmarks-closed/cosmoflow//cosmoflow/train.py", "lineno": 195}}
:::MLLOG {"namespace": "", "time_ms": 1633381942243, "event_type": "INTERVAL_START", "key": "staging_start", "value": null, "metadata": {"file": "/p/project/jb_benchmark/MLPerf-1.0-combined/MLPerf/benchmarks-closed/cosmoflow/cosmoflow/h5_data.py", "lineno": 418}}
:::MLLOG {"namespace": "", "time_ms": 1633382044868, "event_type": "INTERVAL_END", "key": "staging_stop", "value": null, "metadata": {"file": "/p/project/jb_benchmark/MLPerf-1.0-combined/MLPerf/benchmarks-closed/cosmoflow/cosmoflow/h5_data.py", "lineno": 421}}
:::MLLOG {"namespace": "", "time_ms": 1633382044870, "event_type": "INTERVAL_START", "key": "epoch_start", "value": null, "metadata": {"file": "/p/project/jb_benchmark/MLPerf-1.0-combined/MLPerf/benchmarks-closed/cosmoflow//cosmoflow/train.py", "lineno": 205, "epoch_num": 1}}
:::MLLOG {"namespace": "", "time_ms": 1633382069106, "event_type": "POINT_IN_TIME", "key": "throughput", "value": 21632.73325072845, "metadata": {"file": "/p/project/jb_benchmark/MLPerf-1.0-combined/MLPerf/benchmarks-closed/cosmoflow//cosmoflow/train.py", "lineno": 337, "epoch_num": 1}}
:::MLLOG {"namespace": "", "time_ms": 1633382069107, "event_type": "INTERVAL_START", "key": "eval_start", "value": null, "metadata": {"file": "/p/project/jb_benchmark/MLPerf-1.0-combined/MLPerf/benchmarks-closed/cosmoflow//cosmoflow/train.py", "lineno": 345, "epoch_num": 1}}
:::MLLOG {"namespace": "", "time_ms": 1633382085866, "event_type": "INTERVAL_END", "key": "eval_stop", "value": null, "metadata": {"file": "/p/project/jb_benchmark/MLPerf-1.0-combined/MLPerf/benchmarks-closed/cosmoflow/cosmoflow/utils.py", "lineno": 141, "epoch_num": 1}}
:::MLLOG {"namespace": "", "time_ms": 1633382085867, "event_type": "INTERVAL_END", "key": "epoch_stop", "value": null, "metadata": {"file": "/p/project/jb_benchmark/MLPerf-1.0-combined/MLPerf/benchmarks-closed/cosmoflow/cosmoflow/utils.py", "lineno": 141, "epoch_num": 1}}
:::MLLOG {"namespace": "", "time_ms": 1633382085867, "event_type": "POINT_IN_TIME", "key": "eval_error", "value": 0.38291478145401925, "metadata": {"file": "/p/project/jb_benchmark/MLPerf-1.0-combined/MLPerf/benchmarks-closed/cosmoflow//cosmoflow/train.py", "lineno": 221, "epoch_num": 1}}
:::MLLOG {"namespace": "", "time_ms": 1633382085867, "event_type": "INTERVAL_START", "key": "epoch_start", "value": null, "metadata": {"file": "/p/project/jb_benchmark/MLPerf-1.0-combined/MLPerf/benchmarks-closed/cosmoflow//cosmoflow/train.py", "lineno": 205, "epoch_num": 2}}
:::MLLOG {"namespace": "", "time_ms": 1633382106783, "event_type": "POINT_IN_TIME", "key": "throughput", "value": 25066.56939654793, "metadata": {"file": "/p/project/jb_benchmark/MLPerf-1.0-combined/MLPerf/benchmarks-closed/cosmoflow//cosmoflow/train.py", "lineno": 337, "epoch_num": 2}}
:::MLLOG {"namespace": "", "time_ms": 1633382106784, "event_type": "INTERVAL_START", "key": "eval_start", "value": null, "metadata": {"file": "/p/project/jb_benchmark/MLPerf-1.0-combined/MLPerf/benchmarks-closed/cosmoflow//cosmoflow/train.py", "lineno": 345, "epoch_num": 2}}
:::MLLOG {"namespace": "", "time_ms": 1633382122119, "event_type": "INTERVAL_END", "key": "eval_stop", "value": null, "metadata": {"file": "/p/project/jb_benchmark/MLPerf-1.0-combined/MLPerf/benchmarks-closed/cosmoflow/cosmoflow/utils.py", "lineno": 141, "epoch_num": 2}}
:::MLLOG {"namespace": "", "time_ms": 1633382122120, "event_type": "INTERVAL_END", "key": "epoch_stop", "value": null, "metadata": {"file": "/p/project/jb_benchmark/MLPerf-1.0-combined/MLPerf/benchmarks-closed/cosmoflow/cosmoflow/utils.py", "lineno": 141, "epoch_num": 2}}
:::MLLOG {"namespace": "", "time_ms": 1633382122120, "event_type": "POINT_IN_TIME", "key": "eval_error", "value": 0.32302975648781285, "metadata": {"file": "/p/project/jb_benchmark/MLPerf-1.0-combined/MLPerf/benchmarks-closed/cosmoflow//cosmoflow/train.py", "lineno": 221, "epoch_num": 2}}
:::MLLOG {"namespace": "", "time_ms": 1633382122120, "event_type": "INTERVAL_START", "key": "epoch_start", "value": null, "metadata": {"file": "/p/project/jb_benchmark/MLPerf-1.0-combined/MLPerf/benchmarks-closed/cosmoflow//cosmoflow/train.py", "lineno": 205, "epoch_num": 3}}
:::MLLOG {"namespace": "", "time_ms": 1633382143059, "event_type": "POINT_IN_TIME", "key": "throughput", "value": 25038.9939840781, "metadata": {"file": "/p/project/jb_benchmark/MLPerf-1.0-combined/MLPerf/benchmarks-closed/cosmoflow//cosmoflow/train.py", "lineno": 337, "epoch_num": 3}}
:::MLLOG {"namespace": "", "time_ms": 1633382143060, "event_type": "INTERVAL_START", "key": "eval_start", "value": null, "metadata": {"file": "/p/project/jb_benchmark/MLPerf-1.0-combined/MLPerf/benchmarks-closed/cosmoflow//cosmoflow/train.py", "lineno": 345, "epoch_num": 3}}
:::MLLOG {"namespace": "", "time_ms": 1633382156926, "event_type": "INTERVAL_END", "key": "eval_stop", "value": null, "metadata": {"file": "/p/project/jb_benchmark/MLPerf-1.0-combined/MLPerf/benchmarks-closed/cosmoflow/cosmoflow/utils.py", "lineno": 141, "epoch_num": 3}}
:::MLLOG {"namespace": "", "time_ms": 1633382156927, "event_type": "INTERVAL_END", "key": "epoch_stop", "value": null, "metadata": {"file": "/p/project/jb_benchmark/MLPerf-1.0-combined/MLPerf/benchmarks-closed/cosmoflow/cosmoflow/utils.py", "lineno": 141, "epoch_num": 3}}
:::MLLOG {"namespace": "", "time_ms": 1633382156927, "event_type": "POINT_IN_TIME", "key": "eval_error", "value": 0.31925642443820834, "metadata": {"file": "/p/project/jb_benchmark/MLPerf-1.0-combined/MLPerf/benchmarks-closed/cosmoflow//cosmoflow/train.py", "lineno": 221, "epoch_num": 3}}
:::MLLOG {"namespace": "", "time_ms": 1633382156927, "event_type": "INTERVAL_START", "key": "epoch_start", "value": null, "metadata": {"file": "/p/project/jb_benchmark/MLPerf-1.0-combined/MLPerf/benchmarks-closed/cosmoflow//cosmoflow/train.py", "lineno": 205, "epoch_num": 4}}
:::MLLOG {"namespace": "", "time_ms": 1633382177919, "event_type": "POINT_IN_TIME", "key": "throughput", "value": 24975.8864915093, "metadata": {"file": "/p/project/jb_benchmark/MLPerf-1.0-combined/MLPerf/benchmarks-closed/cosmoflow//cosmoflow/train.py", "lineno": 337, "epoch_num": 4}}
:::MLLOG {"namespace": "", "time_ms": 1633382177920, "event_type": "INTERVAL_START", "key": "eval_start", "value": null, "metadata": {"file": "/p/project/jb_benchmark/MLPerf-1.0-combined/MLPerf/benchmarks-closed/cosmoflow//cosmoflow/train.py", "lineno": 345, "epoch_num": 4}}
:::MLLOG {"namespace": "", "time_ms": 1633382192826, "event_type": "INTERVAL_END", "key": "eval_stop", "value": null, "metadata": {"file": "/p/project/jb_benchmark/MLPerf-1.0-combined/MLPerf/benchmarks-closed/cosmoflow/cosmoflow/utils.py", "lineno": 141, "epoch_num": 4}}
:::MLLOG {"namespace": "", "time_ms": 1633382192827, "event_type": "INTERVAL_END", "key": "epoch_stop", "value": null, "metadata": {"file": "/p/project/jb_benchmark/MLPerf-1.0-combined/MLPerf/benchmarks-closed/cosmoflow/cosmoflow/utils.py", "lineno": 141, "epoch_num": 4}}
:::MLLOG {"namespace": "", "time_ms": 1633382192827, "event_type": "POINT_IN_TIME", "key": "eval_error", "value": 0.2744328953819368, "metadata": {"file": "/p/project/jb_benchmark/MLPerf-1.0-combined/MLPerf/benchmarks-closed/cosmoflow//cosmoflow/train.py", "lineno": 221, "epoch_num": 4}}
:::MLLOG {"namespace": "", "time_ms": 1633382192827, "event_type": "INTERVAL_START", "key": "epoch_start", "value": null, "metadata": {"file": "/p/project/jb_benchmark/MLPerf-1.0-combined/MLPerf/benchmarks-closed/cosmoflow//cosmoflow/train.py", "lineno": 205, "epoch_num": 5}}
:::MLLOG {"namespace": "", "time_ms": 1633382213512, "event_type": "POINT_IN_TIME", "key": "throughput", "value": 25347.75747512909, "metadata": {"file": "/p/project/jb_benchmark/MLPerf-1.0-combined/MLPerf/benchmarks-closed/cosmoflow//cosmoflow/train.py", "lineno": 337, "epoch_num": 5}}
:::MLLOG {"namespace": "", "time_ms": 1633382213512, "event_type": "INTERVAL_START", "key": "eval_start", "value": null, "metadata": {"file": "/p/project/jb_benchmark/MLPerf-1.0-combined/MLPerf/benchmarks-closed/cosmoflow//cosmoflow/train.py", "lineno": 345, "epoch_num": 5}}
:::MLLOG {"namespace": "", "time_ms": 1633382226364, "event_type": "INTERVAL_END", "key": "eval_stop", "value": null, "metadata": {"file": "/p/project/jb_benchmark/MLPerf-1.0-combined/MLPerf/benchmarks-closed/cosmoflow/cosmoflow/utils.py", "lineno": 141, "epoch_num": 5}}
:::MLLOG {"namespace": "", "time_ms": 1633382226366, "event_type": "INTERVAL_END", "key": "epoch_stop", "value": null, "metadata": {"file": "/p/project/jb_benchmark/MLPerf-1.0-combined/MLPerf/benchmarks-closed/cosmoflow/cosmoflow/utils.py", "lineno": 141, "epoch_num": 5}}
:::MLLOG {"namespace": "", "time_ms": 1633382226366, "event_type": "POINT_IN_TIME", "key": "eval_error", "value": 0.3054307698912453, "metadata": {"file": "/p/project/jb_benchmark/MLPerf-1.0-combined/MLPerf/benchmarks-closed/cosmoflow//cosmoflow/train.py", "lineno": 221, "epoch_num": 5}}
:::MLLOG {"namespace": "", "time_ms": 1633382226366, "event_type": "INTERVAL_START", "key": "epoch_start", "value": null, "metadata": {"file": "/p/project/jb_benchmark/MLPerf-1.0-combined/MLPerf/benchmarks-closed/cosmoflow//cosmoflow/train.py", "lineno": 205, "epoch_num": 6}}
:::MLLOG {"namespace": "", "time_ms": 1633382246963, "event_type": "POINT_IN_TIME", "key": "throughput", "value": 25455.022886208142, "metadata": {"file": "/p/project/jb_benchmark/MLPerf-1.0-combined/MLPerf/benchmarks-closed/cosmoflow//cosmoflow/train.py", "lineno": 337, "epoch_num": 6}}
:::MLLOG {"namespace": "", "time_ms": 1633382246964, "event_type": "INTERVAL_START", "key": "eval_start", "value": null, "metadata": {"file": "/p/project/jb_benchmark/MLPerf-1.0-combined/MLPerf/benchmarks-closed/cosmoflow//cosmoflow/train.py", "lineno": 345, "epoch_num": 6}}
:::MLLOG {"namespace": "", "time_ms": 1633382259644, "event_type": "INTERVAL_END", "key": "eval_stop", "value": null, "metadata": {"file": "/p/project/jb_benchmark/MLPerf-1.0-combined/MLPerf/benchmarks-closed/cosmoflow/cosmoflow/utils.py", "lineno": 141, "epoch_num": 6}}
:::MLLOG {"namespace": "", "time_ms": 1633382259645, "event_type": "INTERVAL_END", "key": "epoch_stop", "value": null, "metadata": {"file": "/p/project/jb_benchmark/MLPerf-1.0-combined/MLPerf/benchmarks-closed/cosmoflow/cosmoflow/utils.py", "lineno": 141, "epoch_num": 6}}
:::MLLOG {"namespace": "", "time_ms": 1633382259645, "event_type": "POINT_IN_TIME", "key": "eval_error", "value": 0.3572432993678376, "metadata": {"file": "/p/project/jb_benchmark/MLPerf-1.0-combined/MLPerf/benchmarks-closed/cosmoflow//cosmoflow/train.py", "lineno": 221, "epoch_num": 6}}
:::MLLOG {"namespace": "", "time_ms": 1633382259645, "event_type": "INTERVAL_START", "key": "epoch_start", "value": null, "metadata": {"file": "/p/project/jb_benchmark/MLPerf-1.0-combined/MLPerf/benchmarks-closed/cosmoflow//cosmoflow/train.py", "lineno": 205, "epoch_num": 7}}
:::MLLOG {"namespace": "", "time_ms": 1633382280226, "event_type": "POINT_IN_TIME", "key": "throughput", "value": 25475.484114830822, "metadata": {"file": "/p/project/jb_benchmark/MLPerf-1.0-combined/MLPerf/benchmarks-closed/cosmoflow//cosmoflow/train.py", "lineno": 337, "epoch_num": 7}}
:::MLLOG {"namespace": "", "time_ms": 1633382280226, "event_type": "INTERVAL_START", "key": "eval_start", "value": null, "metadata": {"file": "/p/project/jb_benchmark/MLPerf-1.0-combined/MLPerf/benchmarks-closed/cosmoflow//cosmoflow/train.py", "lineno": 345, "epoch_num": 7}}
:::MLLOG {"namespace": "", "time_ms": 1633382292570, "event_type": "INTERVAL_END", "key": "eval_stop", "value": null, "metadata": {"file": "/p/project/jb_benchmark/MLPerf-1.0-combined/MLPerf/benchmarks-closed/cosmoflow/cosmoflow/utils.py", "lineno": 141, "epoch_num": 7}}
:::MLLOG {"namespace": "", "time_ms": 1633382292571, "event_type": "INTERVAL_END", "key": "epoch_stop", "value": null, "metadata": {"file": "/p/project/jb_benchmark/MLPerf-1.0-combined/MLPerf/benchmarks-closed/cosmoflow/cosmoflow/utils.py", "lineno": 141, "epoch_num": 7}}
:::MLLOG {"namespace": "", "time_ms": 1633382292571, "event_type": "POINT_IN_TIME", "key": "eval_error", "value": 0.38214695430360734, "metadata": {"file": "/p/project/jb_benchmark/MLPerf-1.0-combined/MLPerf/benchmarks-closed/cosmoflow//cosmoflow/train.py", "lineno": 221, "epoch_num": 7}}
:::MLLOG {"namespace": "", "time_ms": 1633382292571, "event_type": "INTERVAL_START", "key": "epoch_start", "value": null, "metadata": {"file": "/p/project/jb_benchmark/MLPerf-1.0-combined/MLPerf/benchmarks-closed/cosmoflow//cosmoflow/train.py", "lineno": 205, "epoch_num": 8}}
:::MLLOG {"namespace": "", "time_ms": 1633382313159, "event_type": "POINT_IN_TIME", "key": "throughput", "value": 25466.898397380053, "metadata": {"file": "/p/project/jb_benchmark/MLPerf-1.0-combined/MLPerf/benchmarks-closed/cosmoflow//cosmoflow/train.py", "lineno": 337, "epoch_num": 8}}
:::MLLOG {"namespace": "", "time_ms": 1633382313159, "event_type": "INTERVAL_START", "key": "eval_start", "value": null, "metadata": {"file": "/p/project/jb_benchmark/MLPerf-1.0-combined/MLPerf/benchmarks-closed/cosmoflow//cosmoflow/train.py", "lineno": 345, "epoch_num": 8}}
:::MLLOG {"namespace": "", "time_ms": 1633382325903, "event_type": "INTERVAL_END", "key": "eval_stop", "value": null, "metadata": {"file": "/p/project/jb_benchmark/MLPerf-1.0-combined/MLPerf/benchmarks-closed/cosmoflow/cosmoflow/utils.py", "lineno": 141, "epoch_num": 8}}
:::MLLOG {"namespace": "", "time_ms": 1633382325904, "event_type": "INTERVAL_END", "key": "epoch_stop", "value": null, "metadata": {"file": "/p/project/jb_benchmark/MLPerf-1.0-combined/MLPerf/benchmarks-closed/cosmoflow/cosmoflow/utils.py", "lineno": 141, "epoch_num": 8}}
:::MLLOG {"namespace": "", "time_ms": 1633382325904, "event_type": "POINT_IN_TIME", "key": "eval_error", "value": 0.2602596280630678, "metadata": {"file": "/p/project/jb_benchmark/MLPerf-1.0-combined/MLPerf/benchmarks-closed/cosmoflow//cosmoflow/train.py", "lineno": 221, "epoch_num": 8}}
:::MLLOG {"namespace": "", "time_ms": 1633382325904, "event_type": "INTERVAL_START", "key": "epoch_start", "value": null, "metadata": {"file": "/p/project/jb_benchmark/MLPerf-1.0-combined/MLPerf/benchmarks-closed/cosmoflow//cosmoflow/train.py", "lineno": 205, "epoch_num": 9}}
:::MLLOG {"namespace": "", "time_ms": 1633382346529, "event_type": "POINT_IN_TIME", "key": "throughput", "value": 25419.583184879644, "metadata": {"file": "/p/project/jb_benchmark/MLPerf-1.0-combined/MLPerf/benchmarks-closed/cosmoflow//cosmoflow/train.py", "lineno": 337, "epoch_num": 9}}
:::MLLOG {"namespace": "", "time_ms": 1633382346530, "event_type": "INTERVAL_START", "key": "eval_start", "value": null, "metadata": {"file": "/p/project/jb_benchmark/MLPerf-1.0-combined/MLPerf/benchmarks-closed/cosmoflow//cosmoflow/train.py", "lineno": 345, "epoch_num": 9}}
:::MLLOG {"namespace": "", "time_ms": 1633382359226, "event_type": "INTERVAL_END", "key": "eval_stop", "value": null, "metadata": {"file": "/p/project/jb_benchmark/MLPerf-1.0-combined/MLPerf/benchmarks-closed/cosmoflow/cosmoflow/utils.py", "lineno": 141, "epoch_num": 9}}
:::MLLOG {"namespace": "", "time_ms": 1633382359227, "event_type": "INTERVAL_END", "key": "epoch_stop", "value": null, "metadata": {"file": "/p/project/jb_benchmark/MLPerf-1.0-combined/MLPerf/benchmarks-closed/cosmoflow/cosmoflow/utils.py", "lineno": 141, "epoch_num": 9}}
:::MLLOG {"namespace": "", "time_ms": 1633382359227, "event_type": "POINT_IN_TIME", "key": "eval_error", "value": 0.21065270894905552, "metadata": {"file": "/p/project/jb_benchmark/MLPerf-1.0-combined/MLPerf/benchmarks-closed/cosmoflow//cosmoflow/train.py", "lineno": 221, "epoch_num": 9}}
:::MLLOG {"namespace": "", "time_ms": 1633382359227, "event_type": "INTERVAL_START", "key": "epoch_start", "value": null, "metadata": {"file": "/p/project/jb_benchmark/MLPerf-1.0-combined/MLPerf/benchmarks-closed/cosmoflow//cosmoflow/train.py", "lineno": 205, "epoch_num": 10}}
:::MLLOG {"namespace": "", "time_ms": 1633382379766, "event_type": "POINT_IN_TIME", "key": "throughput", "value": 25526.83517084748, "metadata": {"file": "/p/project/jb_benchmark/MLPerf-1.0-combined/MLPerf/benchmarks-closed/cosmoflow//cosmoflow/train.py", "lineno": 337, "epoch_num": 10}}
:::MLLOG {"namespace": "", "time_ms": 1633382379766, "event_type": "INTERVAL_START", "key": "eval_start", "value": null, "metadata": {"file": "/p/project/jb_benchmark/MLPerf-1.0-combined/MLPerf/benchmarks-closed/cosmoflow//cosmoflow/train.py", "lineno": 345, "epoch_num": 10}}
:::MLLOG {"namespace": "", "time_ms": 1633382392100, "event_type": "INTERVAL_END", "key": "eval_stop", "value": null, "metadata": {"file": "/p/project/jb_benchmark/MLPerf-1.0-combined/MLPerf/benchmarks-closed/cosmoflow/cosmoflow/utils.py", "lineno": 141, "epoch_num": 10}}
:::MLLOG {"namespace": "", "time_ms": 1633382392101, "event_type": "INTERVAL_END", "key": "epoch_stop", "value": null, "metadata": {"file": "/p/project/jb_benchmark/MLPerf-1.0-combined/MLPerf/benchmarks-closed/cosmoflow/cosmoflow/utils.py", "lineno": 141, "epoch_num": 10}}
:::MLLOG {"namespace": "", "time_ms": 1633382392102, "event_type": "POINT_IN_TIME", "key": "eval_error", "value": 0.19101005789707415, "metadata": {"file": "/p/project/jb_benchmark/MLPerf-1.0-combined/MLPerf/benchmarks-closed/cosmoflow//cosmoflow/train.py", "lineno": 221, "epoch_num": 10}}
:::MLLOG {"namespace": "", "time_ms": 1633382392102, "event_type": "INTERVAL_START", "key": "epoch_start", "value": null, "metadata": {"file": "/p/project/jb_benchmark/MLPerf-1.0-combined/MLPerf/benchmarks-closed/cosmoflow//cosmoflow/train.py", "lineno": 205, "epoch_num": 11}}
:::MLLOG {"namespace": "", "time_ms": 1633382412695, "event_type": "POINT_IN_TIME", "key": "throughput", "value": 25459.676080302605, "metadata": {"file": "/p/project/jb_benchmark/MLPerf-1.0-combined/MLPerf/benchmarks-closed/cosmoflow//cosmoflow/train.py", "lineno": 337, "epoch_num": 11}}
:::MLLOG {"namespace": "", "time_ms": 1633382412696, "event_type": "INTERVAL_START", "key": "eval_start", "value": null, "metadata": {"file": "/p/project/jb_benchmark/MLPerf-1.0-combined/MLPerf/benchmarks-closed/cosmoflow//cosmoflow/train.py", "lineno": 345, "epoch_num": 11}}
:::MLLOG {"namespace": "", "time_ms": 1633382424803, "event_type": "INTERVAL_END", "key": "eval_stop", "value": null, "metadata": {"file": "/p/project/jb_benchmark/MLPerf-1.0-combined/MLPerf/benchmarks-closed/cosmoflow/cosmoflow/utils.py", "lineno": 141, "epoch_num": 11}}
:::MLLOG {"namespace": "", "time_ms": 1633382424804, "event_type": "INTERVAL_END", "key": "epoch_stop", "value": null, "metadata": {"file": "/p/project/jb_benchmark/MLPerf-1.0-combined/MLPerf/benchmarks-closed/cosmoflow/cosmoflow/utils.py", "lineno": 141, "epoch_num": 11}}
:::MLLOG {"namespace": "", "time_ms": 1633382424804, "event_type": "POINT_IN_TIME", "key": "eval_error", "value": 0.18238496774574742, "metadata": {"file": "/p/project/jb_benchmark/MLPerf-1.0-combined/MLPerf/benchmarks-closed/cosmoflow//cosmoflow/train.py", "lineno": 221, "epoch_num": 11}}
:::MLLOG {"namespace": "", "time_ms": 1633382424804, "event_type": "INTERVAL_START", "key": "epoch_start", "value": null, "metadata": {"file": "/p/project/jb_benchmark/MLPerf-1.0-combined/MLPerf/benchmarks-closed/cosmoflow//cosmoflow/train.py", "lineno": 205, "epoch_num": 12}}
:::MLLOG {"namespace": "", "time_ms": 1633382445376, "event_type": "POINT_IN_TIME", "key": "throughput", "value": 25486.069553865913, "metadata": {"file": "/p/project/jb_benchmark/MLPerf-1.0-combined/MLPerf/benchmarks-closed/cosmoflow//cosmoflow/train.py", "lineno": 337, "epoch_num": 12}}
:::MLLOG {"namespace": "", "time_ms": 1633382445377, "event_type": "INTERVAL_START", "key": "eval_start", "value": null, "metadata": {"file": "/p/project/jb_benchmark/MLPerf-1.0-combined/MLPerf/benchmarks-closed/cosmoflow//cosmoflow/train.py", "lineno": 345, "epoch_num": 12}}
:::MLLOG {"namespace": "", "time_ms": 1633382457156, "event_type": "INTERVAL_END", "key": "eval_stop", "value": null, "metadata": {"file": "/p/project/jb_benchmark/MLPerf-1.0-combined/MLPerf/benchmarks-closed/cosmoflow/cosmoflow/utils.py", "lineno": 141, "epoch_num": 12}}
:::MLLOG {"namespace": "", "time_ms": 1633382457157, "event_type": "INTERVAL_END", "key": "epoch_stop", "value": null, "metadata": {"file": "/p/project/jb_benchmark/MLPerf-1.0-combined/MLPerf/benchmarks-closed/cosmoflow/cosmoflow/utils.py", "lineno": 141, "epoch_num": 12}}
:::MLLOG {"namespace": "", "time_ms": 1633382457157, "event_type": "POINT_IN_TIME", "key": "eval_error", "value": 0.199112474831054, "metadata": {"file": "/p/project/jb_benchmark/MLPerf-1.0-combined/MLPerf/benchmarks-closed/cosmoflow//cosmoflow/train.py", "lineno": 221, "epoch_num": 12}}
:::MLLOG {"namespace": "", "time_ms": 1633382457157, "event_type": "INTERVAL_START", "key": "epoch_start", "value": null, "metadata": {"file": "/p/project/jb_benchmark/MLPerf-1.0-combined/MLPerf/benchmarks-closed/cosmoflow//cosmoflow/train.py", "lineno": 205, "epoch_num": 13}}
:::MLLOG {"namespace": "", "time_ms": 1633382477772, "event_type": "POINT_IN_TIME", "key": "throughput", "value": 25433.16307772947, "metadata": {"file": "/p/project/jb_benchmark/MLPerf-1.0-combined/MLPerf/benchmarks-closed/cosmoflow//cosmoflow/train.py", "lineno": 337, "epoch_num": 13}}
:::MLLOG {"namespace": "", "time_ms": 1633382477772, "event_type": "INTERVAL_START", "key": "eval_start", "value": null, "metadata": {"file": "/p/project/jb_benchmark/MLPerf-1.0-combined/MLPerf/benchmarks-closed/cosmoflow//cosmoflow/train.py", "lineno": 345, "epoch_num": 13}}
:::MLLOG {"namespace": "", "time_ms": 1633382489692, "event_type": "INTERVAL_END", "key": "eval_stop", "value": null, "metadata": {"file": "/p/project/jb_benchmark/MLPerf-1.0-combined/MLPerf/benchmarks-closed/cosmoflow/cosmoflow/utils.py", "lineno": 141, "epoch_num": 13}}
:::MLLOG {"namespace": "", "time_ms": 1633382489693, "event_type": "INTERVAL_END", "key": "epoch_stop", "value": null, "metadata": {"file": "/p/project/jb_benchmark/MLPerf-1.0-combined/MLPerf/benchmarks-closed/cosmoflow/cosmoflow/utils.py", "lineno": 141, "epoch_num": 13}}
:::MLLOG {"namespace": "", "time_ms": 1633382489693, "event_type": "POINT_IN_TIME", "key": "eval_error", "value": 0.19209855702669368, "metadata": {"file": "/p/project/jb_benchmark/MLPerf-1.0-combined/MLPerf/benchmarks-closed/cosmoflow//cosmoflow/train.py", "lineno": 221, "epoch_num": 13}}
:::MLLOG {"namespace": "", "time_ms": 1633382489694, "event_type": "INTERVAL_START", "key": "epoch_start", "value": null, "metadata": {"file": "/p/project/jb_benchmark/MLPerf-1.0-combined/MLPerf/benchmarks-closed/cosmoflow//cosmoflow/train.py", "lineno": 205, "epoch_num": 14}}
:::MLLOG {"namespace": "", "time_ms": 1633382510294, "event_type": "POINT_IN_TIME", "key": "throughput", "value": 25450.844153583377, "metadata": {"file": "/p/project/jb_benchmark/MLPerf-1.0-combined/MLPerf/benchmarks-closed/cosmoflow//cosmoflow/train.py", "lineno": 337, "epoch_num": 14}}
:::MLLOG {"namespace": "", "time_ms": 1633382510294, "event_type": "INTERVAL_START", "key": "eval_start", "value": null, "metadata": {"file": "/p/project/jb_benchmark/MLPerf-1.0-combined/MLPerf/benchmarks-closed/cosmoflow//cosmoflow/train.py", "lineno": 345, "epoch_num": 14}}
:::MLLOG {"namespace": "", "time_ms": 1633382521769, "event_type": "INTERVAL_END", "key": "eval_stop", "value": null, "metadata": {"file": "/p/project/jb_benchmark/MLPerf-1.0-combined/MLPerf/benchmarks-closed/cosmoflow/cosmoflow/utils.py", "lineno": 141, "epoch_num": 14}}
:::MLLOG {"namespace": "", "time_ms": 1633382521769, "event_type": "INTERVAL_END", "key": "epoch_stop", "value": null, "metadata": {"file": "/p/project/jb_benchmark/MLPerf-1.0-combined/MLPerf/benchmarks-closed/cosmoflow/cosmoflow/utils.py", "lineno": 141, "epoch_num": 14}}
:::MLLOG {"namespace": "", "time_ms": 1633382521769, "event_type": "POINT_IN_TIME", "key": "eval_error", "value": 0.1607941387919709, "metadata": {"file": "/p/project/jb_benchmark/MLPerf-1.0-combined/MLPerf/benchmarks-closed/cosmoflow//cosmoflow/train.py", "lineno": 221, "epoch_num": 14}}
:::MLLOG {"namespace": "", "time_ms": 1633382521770, "event_type": "INTERVAL_START", "key": "epoch_start", "value": null, "metadata": {"file": "/p/project/jb_benchmark/MLPerf-1.0-combined/MLPerf/benchmarks-closed/cosmoflow//cosmoflow/train.py", "lineno": 205, "epoch_num": 15}}
:::MLLOG {"namespace": "", "time_ms": 1633382542387, "event_type": "POINT_IN_TIME", "key": "throughput", "value": 25429.883124290496, "metadata": {"file": "/p/project/jb_benchmark/MLPerf-1.0-combined/MLPerf/benchmarks-closed/cosmoflow//cosmoflow/train.py", "lineno": 337, "epoch_num": 15}}
:::MLLOG {"namespace": "", "time_ms": 1633382542387, "event_type": "INTERVAL_START", "key": "eval_start", "value": null, "metadata": {"file": "/p/project/jb_benchmark/MLPerf-1.0-combined/MLPerf/benchmarks-closed/cosmoflow//cosmoflow/train.py", "lineno": 345, "epoch_num": 15}}
:::MLLOG {"namespace": "", "time_ms": 1633382554329, "event_type": "INTERVAL_END", "key": "eval_stop", "value": null, "metadata": {"file": "/p/project/jb_benchmark/MLPerf-1.0-combined/MLPerf/benchmarks-closed/cosmoflow/cosmoflow/utils.py", "lineno": 141, "epoch_num": 15}}
:::MLLOG {"namespace": "", "time_ms": 1633382554330, "event_type": "INTERVAL_END", "key": "epoch_stop", "value": null, "metadata": {"file": "/p/project/jb_benchmark/MLPerf-1.0-combined/MLPerf/benchmarks-closed/cosmoflow/cosmoflow/utils.py", "lineno": 141, "epoch_num": 15}}
:::MLLOG {"namespace": "", "time_ms": 1633382554330, "event_type": "POINT_IN_TIME", "key": "eval_error", "value": 0.15547895421332214, "metadata": {"file": "/p/project/jb_benchmark/MLPerf-1.0-combined/MLPerf/benchmarks-closed/cosmoflow//cosmoflow/train.py", "lineno": 221, "epoch_num": 15}}
:::MLLOG {"namespace": "", "time_ms": 1633382554330, "event_type": "INTERVAL_START", "key": "epoch_start", "value": null, "metadata": {"file": "/p/project/jb_benchmark/MLPerf-1.0-combined/MLPerf/benchmarks-closed/cosmoflow//cosmoflow/train.py", "lineno": 205, "epoch_num": 16}}
:::MLLOG {"namespace": "", "time_ms": 1633382581172, "event_type": "POINT_IN_TIME", "key": "throughput", "value": 19532.58421218966, "metadata": {"file": "/p/project/jb_benchmark/MLPerf-1.0-combined/MLPerf/benchmarks-closed/cosmoflow//cosmoflow/train.py", "lineno": 337, "epoch_num": 16}}
:::MLLOG {"namespace": "", "time_ms": 1633382581172, "event_type": "INTERVAL_START", "key": "eval_start", "value": null, "metadata": {"file": "/p/project/jb_benchmark/MLPerf-1.0-combined/MLPerf/benchmarks-closed/cosmoflow//cosmoflow/train.py", "lineno": 345, "epoch_num": 16}}
:::MLLOG {"namespace": "", "time_ms": 1633382593420, "event_type": "INTERVAL_END", "key": "eval_stop", "value": null, "metadata": {"file": "/p/project/jb_benchmark/MLPerf-1.0-combined/MLPerf/benchmarks-closed/cosmoflow/cosmoflow/utils.py", "lineno": 141, "epoch_num": 16}}
:::MLLOG {"namespace": "", "time_ms": 1633382593421, "event_type": "INTERVAL_END", "key": "epoch_stop", "value": null, "metadata": {"file": "/p/project/jb_benchmark/MLPerf-1.0-combined/MLPerf/benchmarks-closed/cosmoflow/cosmoflow/utils.py", "lineno": 141, "epoch_num": 16}}
:::MLLOG {"namespace": "", "time_ms": 1633382593421, "event_type": "POINT_IN_TIME", "key": "eval_error", "value": 0.1696658729633782, "metadata": {"file": "/p/project/jb_benchmark/MLPerf-1.0-combined/MLPerf/benchmarks-closed/cosmoflow//cosmoflow/train.py", "lineno": 221, "epoch_num": 16}}
:::MLLOG {"namespace": "", "time_ms": 1633382593421, "event_type": "INTERVAL_START", "key": "epoch_start", "value": null, "metadata": {"file": "/p/project/jb_benchmark/MLPerf-1.0-combined/MLPerf/benchmarks-closed/cosmoflow//cosmoflow/train.py", "lineno": 205, "epoch_num": 17}}
:::MLLOG {"namespace": "", "time_ms": 1633382614008, "event_type": "POINT_IN_TIME", "key": "throughput", "value": 25466.8060839151, "metadata": {"file": "/p/project/jb_benchmark/MLPerf-1.0-combined/MLPerf/benchmarks-closed/cosmoflow//cosmoflow/train.py", "lineno": 337, "epoch_num": 17}}
:::MLLOG {"namespace": "", "time_ms": 1633382614010, "event_type": "INTERVAL_START", "key": "eval_start", "value": null, "metadata": {"file": "/p/project/jb_benchmark/MLPerf-1.0-combined/MLPerf/benchmarks-closed/cosmoflow//cosmoflow/train.py", "lineno": 345, "epoch_num": 17}}
:::MLLOG {"namespace": "", "time_ms": 1633382625723, "event_type": "INTERVAL_END", "key": "eval_stop", "value": null, "metadata": {"file": "/p/project/jb_benchmark/MLPerf-1.0-combined/MLPerf/benchmarks-closed/cosmoflow/cosmoflow/utils.py", "lineno": 141, "epoch_num": 17}}
:::MLLOG {"namespace": "", "time_ms": 1633382625724, "event_type": "INTERVAL_END", "key": "epoch_stop", "value": null, "metadata": {"file": "/p/project/jb_benchmark/MLPerf-1.0-combined/MLPerf/benchmarks-closed/cosmoflow/cosmoflow/utils.py", "lineno": 141, "epoch_num": 17}}
:::MLLOG {"namespace": "", "time_ms": 1633382625724, "event_type": "POINT_IN_TIME", "key": "eval_error", "value": 0.160519719007425, "metadata": {"file": "/p/project/jb_benchmark/MLPerf-1.0-combined/MLPerf/benchmarks-closed/cosmoflow//cosmoflow/train.py", "lineno": 221, "epoch_num": 17}}
:::MLLOG {"namespace": "", "time_ms": 1633382625724, "event_type": "INTERVAL_START", "key": "epoch_start", "value": null, "metadata": {"file": "/p/project/jb_benchmark/MLPerf-1.0-combined/MLPerf/benchmarks-closed/cosmoflow//cosmoflow/train.py", "lineno": 205, "epoch_num": 18}}
:::MLLOG {"namespace": "", "time_ms": 1633382646626, "event_type": "POINT_IN_TIME", "key": "throughput", "value": 25083.11308907065, "metadata": {"file": "/p/project/jb_benchmark/MLPerf-1.0-combined/MLPerf/benchmarks-closed/cosmoflow//cosmoflow/train.py", "lineno": 337, "epoch_num": 18}}
:::MLLOG {"namespace": "", "time_ms": 1633382646627, "event_type": "INTERVAL_START", "key": "eval_start", "value": null, "metadata": {"file": "/p/project/jb_benchmark/MLPerf-1.0-combined/MLPerf/benchmarks-closed/cosmoflow//cosmoflow/train.py", "lineno": 345, "epoch_num": 18}}
:::MLLOG {"namespace": "", "time_ms": 1633382658303, "event_type": "INTERVAL_END", "key": "eval_stop", "value": null, "metadata": {"file": "/p/project/jb_benchmark/MLPerf-1.0-combined/MLPerf/benchmarks-closed/cosmoflow/cosmoflow/utils.py", "lineno": 141, "epoch_num": 18}}
:::MLLOG {"namespace": "", "time_ms": 1633382658307, "event_type": "INTERVAL_END", "key": "epoch_stop", "value": null, "metadata": {"file": "/p/project/jb_benchmark/MLPerf-1.0-combined/MLPerf/benchmarks-closed/cosmoflow/cosmoflow/utils.py", "lineno": 141, "epoch_num": 18}}
:::MLLOG {"namespace": "", "time_ms": 1633382658308, "event_type": "POINT_IN_TIME", "key": "eval_error", "value": 0.15783262244076468, "metadata": {"file": "/p/project/jb_benchmark/MLPerf-1.0-combined/MLPerf/benchmarks-closed/cosmoflow//cosmoflow/train.py", "lineno": 221, "epoch_num": 18}}
:::MLLOG {"namespace": "", "time_ms": 1633382658308, "event_type": "INTERVAL_START", "key": "epoch_start", "value": null, "metadata": {"file": "/p/project/jb_benchmark/MLPerf-1.0-combined/MLPerf/benchmarks-closed/cosmoflow//cosmoflow/train.py", "lineno": 205, "epoch_num": 19}}
:::MLLOG {"namespace": "", "time_ms": 1633382679141, "event_type": "POINT_IN_TIME", "key": "throughput", "value": 25166.51445094273, "metadata": {"file": "/p/project/jb_benchmark/MLPerf-1.0-combined/MLPerf/benchmarks-closed/cosmoflow//cosmoflow/train.py", "lineno": 337, "epoch_num": 19}}
:::MLLOG {"namespace": "", "time_ms": 1633382679142, "event_type": "INTERVAL_START", "key": "eval_start", "value": null, "metadata": {"file": "/p/project/jb_benchmark/MLPerf-1.0-combined/MLPerf/benchmarks-closed/cosmoflow//cosmoflow/train.py", "lineno": 345, "epoch_num": 19}}
:::MLLOG {"namespace": "", "time_ms": 1633382690868, "event_type": "INTERVAL_END", "key": "eval_stop", "value": null, "metadata": {"file": "/p/project/jb_benchmark/MLPerf-1.0-combined/MLPerf/benchmarks-closed/cosmoflow/cosmoflow/utils.py", "lineno": 141, "epoch_num": 19}}
:::MLLOG {"namespace": "", "time_ms": 1633382690869, "event_type": "INTERVAL_END", "key": "epoch_stop", "value": null, "metadata": {"file": "/p/project/jb_benchmark/MLPerf-1.0-combined/MLPerf/benchmarks-closed/cosmoflow/cosmoflow/utils.py", "lineno": 141, "epoch_num": 19}}
:::MLLOG {"namespace": "", "time_ms": 1633382690869, "event_type": "POINT_IN_TIME", "key": "eval_error", "value": 0.14963626859389478, "metadata": {"file": "/p/project/jb_benchmark/MLPerf-1.0-combined/MLPerf/benchmarks-closed/cosmoflow//cosmoflow/train.py", "lineno": 221, "epoch_num": 19}}
:::MLLOG {"namespace": "", "time_ms": 1633382690869, "event_type": "INTERVAL_START", "key": "epoch_start", "value": null, "metadata": {"file": "/p/project/jb_benchmark/MLPerf-1.0-combined/MLPerf/benchmarks-closed/cosmoflow//cosmoflow/train.py", "lineno": 205, "epoch_num": 20}}
:::MLLOG {"namespace": "", "time_ms": 1633382716800, "event_type": "POINT_IN_TIME", "key": "throughput", "value": 20218.817661026766, "metadata": {"file": "/p/project/jb_benchmark/MLPerf-1.0-combined/MLPerf/benchmarks-closed/cosmoflow//cosmoflow/train.py", "lineno": 337, "epoch_num": 20}}
:::MLLOG {"namespace": "", "time_ms": 1633382716801, "event_type": "INTERVAL_START", "key": "eval_start", "value": null, "metadata": {"file": "/p/project/jb_benchmark/MLPerf-1.0-combined/MLPerf/benchmarks-closed/cosmoflow//cosmoflow/train.py", "lineno": 345, "epoch_num": 20}}
:::MLLOG {"namespace": "", "time_ms": 1633382728885, "event_type": "INTERVAL_END", "key": "eval_stop", "value": null, "metadata": {"file": "/p/project/jb_benchmark/MLPerf-1.0-combined/MLPerf/benchmarks-closed/cosmoflow/cosmoflow/utils.py", "lineno": 141, "epoch_num": 20}}
:::MLLOG {"namespace": "", "time_ms": 1633382728885, "event_type": "INTERVAL_END", "key": "epoch_stop", "value": null, "metadata": {"file": "/p/project/jb_benchmark/MLPerf-1.0-combined/MLPerf/benchmarks-closed/cosmoflow/cosmoflow/utils.py", "lineno": 141, "epoch_num": 20}}
:::MLLOG {"namespace": "", "time_ms": 1633382728886, "event_type": "POINT_IN_TIME", "key": "eval_error", "value": 0.17499333614250645, "metadata": {"file": "/p/project/jb_benchmark/MLPerf-1.0-combined/MLPerf/benchmarks-closed/cosmoflow//cosmoflow/train.py", "lineno": 221, "epoch_num": 20}}
:::MLLOG {"namespace": "", "time_ms": 1633382728886, "event_type": "INTERVAL_START", "key": "epoch_start", "value": null, "metadata": {"file": "/p/project/jb_benchmark/MLPerf-1.0-combined/MLPerf/benchmarks-closed/cosmoflow//cosmoflow/train.py", "lineno": 205, "epoch_num": 21}}
:::MLLOG {"namespace": "", "time_ms": 1633382765305, "event_type": "POINT_IN_TIME", "key": "throughput", "value": 14395.898737268488, "metadata": {"file": "/p/project/jb_benchmark/MLPerf-1.0-combined/MLPerf/benchmarks-closed/cosmoflow//cosmoflow/train.py", "lineno": 337, "epoch_num": 21}}
:::MLLOG {"namespace": "", "time_ms": 1633382765306, "event_type": "INTERVAL_START", "key": "eval_start", "value": null, "metadata": {"file": "/p/project/jb_benchmark/MLPerf-1.0-combined/MLPerf/benchmarks-closed/cosmoflow//cosmoflow/train.py", "lineno": 345, "epoch_num": 21}}
:::MLLOG {"namespace": "", "time_ms": 1633382781751, "event_type": "INTERVAL_END", "key": "eval_stop", "value": null, "metadata": {"file": "/p/project/jb_benchmark/MLPerf-1.0-combined/MLPerf/benchmarks-closed/cosmoflow/cosmoflow/utils.py", "lineno": 141, "epoch_num": 21}}
:::MLLOG {"namespace": "", "time_ms": 1633382781752, "event_type": "INTERVAL_END", "key": "epoch_stop", "value": null, "metadata": {"file": "/p/project/jb_benchmark/MLPerf-1.0-combined/MLPerf/benchmarks-closed/cosmoflow/cosmoflow/utils.py", "lineno": 141, "epoch_num": 21}}
:::MLLOG {"namespace": "", "time_ms": 1633382781752, "event_type": "POINT_IN_TIME", "key": "eval_error", "value": 0.14621317377896048, "metadata": {"file": "/p/project/jb_benchmark/MLPerf-1.0-combined/MLPerf/benchmarks-closed/cosmoflow//cosmoflow/train.py", "lineno": 221, "epoch_num": 21}}
:::MLLOG {"namespace": "", "time_ms": 1633382781752, "event_type": "INTERVAL_START", "key": "epoch_start", "value": null, "metadata": {"file": "/p/project/jb_benchmark/MLPerf-1.0-combined/MLPerf/benchmarks-closed/cosmoflow//cosmoflow/train.py", "lineno": 205, "epoch_num": 22}}
:::MLLOG {"namespace": "", "time_ms": 1633382807575, "event_type": "POINT_IN_TIME", "key": "throughput", "value": 20303.173826632763, "metadata": {"file": "/p/project/jb_benchmark/MLPerf-1.0-combined/MLPerf/benchmarks-closed/cosmoflow//cosmoflow/train.py", "lineno": 337, "epoch_num": 22}}
:::MLLOG {"namespace": "", "time_ms": 1633382807576, "event_type": "INTERVAL_START", "key": "eval_start", "value": null, "metadata": {"file": "/p/project/jb_benchmark/MLPerf-1.0-combined/MLPerf/benchmarks-closed/cosmoflow//cosmoflow/train.py", "lineno": 345, "epoch_num": 22}}
:::MLLOG {"namespace": "", "time_ms": 1633382818994, "event_type": "INTERVAL_END", "key": "eval_stop", "value": null, "metadata": {"file": "/p/project/jb_benchmark/MLPerf-1.0-combined/MLPerf/benchmarks-closed/cosmoflow/cosmoflow/utils.py", "lineno": 141, "epoch_num": 22}}
:::MLLOG {"namespace": "", "time_ms": 1633382818995, "event_type": "INTERVAL_END", "key": "epoch_stop", "value": null, "metadata": {"file": "/p/project/jb_benchmark/MLPerf-1.0-combined/MLPerf/benchmarks-closed/cosmoflow/cosmoflow/utils.py", "lineno": 141, "epoch_num": 22}}
:::MLLOG {"namespace": "", "time_ms": 1633382818995, "event_type": "POINT_IN_TIME", "key": "eval_error", "value": 0.14759171000332572, "metadata": {"file": "/p/project/jb_benchmark/MLPerf-1.0-combined/MLPerf/benchmarks-closed/cosmoflow//cosmoflow/train.py", "lineno": 221, "epoch_num": 22}}
:::MLLOG {"namespace": "", "time_ms": 1633382818995, "event_type": "INTERVAL_START", "key": "epoch_start", "value": null, "metadata": {"file": "/p/project/jb_benchmark/MLPerf-1.0-combined/MLPerf/benchmarks-closed/cosmoflow//cosmoflow/train.py", "lineno": 205, "epoch_num": 23}}
:::MLLOG {"namespace": "", "time_ms": 1633382839664, "event_type": "POINT_IN_TIME", "key": "throughput", "value": 25366.43592703878, "metadata": {"file": "/p/project/jb_benchmark/MLPerf-1.0-combined/MLPerf/benchmarks-closed/cosmoflow//cosmoflow/train.py", "lineno": 337, "epoch_num": 23}}
:::MLLOG {"namespace": "", "time_ms": 1633382839664, "event_type": "INTERVAL_START", "key": "eval_start", "value": null, "metadata": {"file": "/p/project/jb_benchmark/MLPerf-1.0-combined/MLPerf/benchmarks-closed/cosmoflow//cosmoflow/train.py", "lineno": 345, "epoch_num": 23}}
:::MLLOG {"namespace": "", "time_ms": 1633382854748, "event_type": "INTERVAL_END", "key": "eval_stop", "value": null, "metadata": {"file": "/p/project/jb_benchmark/MLPerf-1.0-combined/MLPerf/benchmarks-closed/cosmoflow/cosmoflow/utils.py", "lineno": 141, "epoch_num": 23}}
:::MLLOG {"namespace": "", "time_ms": 1633382854748, "event_type": "INTERVAL_END", "key": "epoch_stop", "value": null, "metadata": {"file": "/p/project/jb_benchmark/MLPerf-1.0-combined/MLPerf/benchmarks-closed/cosmoflow/cosmoflow/utils.py", "lineno": 141, "epoch_num": 23}}
:::MLLOG {"namespace": "", "time_ms": 1633382854748, "event_type": "POINT_IN_TIME", "key": "eval_error", "value": 0.1444920300564263, "metadata": {"file": "/p/project/jb_benchmark/MLPerf-1.0-combined/MLPerf/benchmarks-closed/cosmoflow//cosmoflow/train.py", "lineno": 221, "epoch_num": 23}}
:::MLLOG {"namespace": "", "time_ms": 1633382854748, "event_type": "INTERVAL_START", "key": "epoch_start", "value": null, "metadata": {"file": "/p/project/jb_benchmark/MLPerf-1.0-combined/MLPerf/benchmarks-closed/cosmoflow//cosmoflow/train.py", "lineno": 205, "epoch_num": 24}}
:::MLLOG {"namespace": "", "time_ms": 1633382875567, "event_type": "POINT_IN_TIME", "key": "throughput", "value": 25184.310850498052, "metadata": {"file": "/p/project/jb_benchmark/MLPerf-1.0-combined/MLPerf/benchmarks-closed/cosmoflow//cosmoflow/train.py", "lineno": 337, "epoch_num": 24}}
:::MLLOG {"namespace": "", "time_ms": 1633382875567, "event_type": "INTERVAL_START", "key": "eval_start", "value": null, "metadata": {"file": "/p/project/jb_benchmark/MLPerf-1.0-combined/MLPerf/benchmarks-closed/cosmoflow//cosmoflow/train.py", "lineno": 345, "epoch_num": 24}}
:::MLLOG {"namespace": "", "time_ms": 1633382889223, "event_type": "INTERVAL_END", "key": "eval_stop", "value": null, "metadata": {"file": "/p/project/jb_benchmark/MLPerf-1.0-combined/MLPerf/benchmarks-closed/cosmoflow/cosmoflow/utils.py", "lineno": 141, "epoch_num": 24}}
:::MLLOG {"namespace": "", "time_ms": 1633382889225, "event_type": "INTERVAL_END", "key": "epoch_stop", "value": null, "metadata": {"file": "/p/project/jb_benchmark/MLPerf-1.0-combined/MLPerf/benchmarks-closed/cosmoflow/cosmoflow/utils.py", "lineno": 141, "epoch_num": 24}}
:::MLLOG {"namespace": "", "time_ms": 1633382889225, "event_type": "POINT_IN_TIME", "key": "eval_error", "value": 0.14658003987214668, "metadata": {"file": "/p/project/jb_benchmark/MLPerf-1.0-combined/MLPerf/benchmarks-closed/cosmoflow//cosmoflow/train.py", "lineno": 221, "epoch_num": 24}}
:::MLLOG {"namespace": "", "time_ms": 1633382889225, "event_type": "INTERVAL_START", "key": "epoch_start", "value": null, "metadata": {"file": "/p/project/jb_benchmark/MLPerf-1.0-combined/MLPerf/benchmarks-closed/cosmoflow//cosmoflow/train.py", "lineno": 205, "epoch_num": 25}}
:::MLLOG {"namespace": "", "time_ms": 1633382910406, "event_type": "POINT_IN_TIME", "key": "throughput", "value": 24752.866577910736, "metadata": {"file": "/p/project/jb_benchmark/MLPerf-1.0-combined/MLPerf/benchmarks-closed/cosmoflow//cosmoflow/train.py", "lineno": 337, "epoch_num": 25}}
:::MLLOG {"namespace": "", "time_ms": 1633382910407, "event_type": "INTERVAL_START", "key": "eval_start", "value": null, "metadata": {"file": "/p/project/jb_benchmark/MLPerf-1.0-combined/MLPerf/benchmarks-closed/cosmoflow//cosmoflow/train.py", "lineno": 345, "epoch_num": 25}}
:::MLLOG {"namespace": "", "time_ms": 1633382922146, "event_type": "INTERVAL_END", "key": "eval_stop", "value": null, "metadata": {"file": "/p/project/jb_benchmark/MLPerf-1.0-combined/MLPerf/benchmarks-closed/cosmoflow/cosmoflow/utils.py", "lineno": 141, "epoch_num": 25}}
:::MLLOG {"namespace": "", "time_ms": 1633382922146, "event_type": "INTERVAL_END", "key": "epoch_stop", "value": null, "metadata": {"file": "/p/project/jb_benchmark/MLPerf-1.0-combined/MLPerf/benchmarks-closed/cosmoflow/cosmoflow/utils.py", "lineno": 141, "epoch_num": 25}}
:::MLLOG {"namespace": "", "time_ms": 1633382922147, "event_type": "POINT_IN_TIME", "key": "eval_error", "value": 0.14695054283220088, "metadata": {"file": "/p/project/jb_benchmark/MLPerf-1.0-combined/MLPerf/benchmarks-closed/cosmoflow//cosmoflow/train.py", "lineno": 221, "epoch_num": 25}}
:::MLLOG {"namespace": "", "time_ms": 1633382922147, "event_type": "INTERVAL_START", "key": "epoch_start", "value": null, "metadata": {"file": "/p/project/jb_benchmark/MLPerf-1.0-combined/MLPerf/benchmarks-closed/cosmoflow//cosmoflow/train.py", "lineno": 205, "epoch_num": 26}}
:::MLLOG {"namespace": "", "time_ms": 1633382942852, "event_type": "POINT_IN_TIME", "key": "throughput", "value": 25321.34602190719, "metadata": {"file": "/p/project/jb_benchmark/MLPerf-1.0-combined/MLPerf/benchmarks-closed/cosmoflow//cosmoflow/train.py", "lineno": 337, "epoch_num": 26}}
:::MLLOG {"namespace": "", "time_ms": 1633382942853, "event_type": "INTERVAL_START", "key": "eval_start", "value": null, "metadata": {"file": "/p/project/jb_benchmark/MLPerf-1.0-combined/MLPerf/benchmarks-closed/cosmoflow//cosmoflow/train.py", "lineno": 345, "epoch_num": 26}}
:::MLLOG {"namespace": "", "time_ms": 1633382954033, "event_type": "INTERVAL_END", "key": "eval_stop", "value": null, "metadata": {"file": "/p/project/jb_benchmark/MLPerf-1.0-combined/MLPerf/benchmarks-closed/cosmoflow/cosmoflow/utils.py", "lineno": 141, "epoch_num": 26}}
:::MLLOG {"namespace": "", "time_ms": 1633382954034, "event_type": "INTERVAL_END", "key": "epoch_stop", "value": null, "metadata": {"file": "/p/project/jb_benchmark/MLPerf-1.0-combined/MLPerf/benchmarks-closed/cosmoflow/cosmoflow/utils.py", "lineno": 141, "epoch_num": 26}}
:::MLLOG {"namespace": "", "time_ms": 1633382954034, "event_type": "POINT_IN_TIME", "key": "eval_error", "value": 0.14252454036613926, "metadata": {"file": "/p/project/jb_benchmark/MLPerf-1.0-combined/MLPerf/benchmarks-closed/cosmoflow//cosmoflow/train.py", "lineno": 221, "epoch_num": 26}}
:::MLLOG {"namespace": "", "time_ms": 1633382954034, "event_type": "INTERVAL_START", "key": "epoch_start", "value": null, "metadata": {"file": "/p/project/jb_benchmark/MLPerf-1.0-combined/MLPerf/benchmarks-closed/cosmoflow//cosmoflow/train.py", "lineno": 205, "epoch_num": 27}}
:::MLLOG {"namespace": "", "time_ms": 1633382974833, "event_type": "POINT_IN_TIME", "key": "throughput", "value": 25208.634270043338, "metadata": {"file": "/p/project/jb_benchmark/MLPerf-1.0-combined/MLPerf/benchmarks-closed/cosmoflow//cosmoflow/train.py", "lineno": 337, "epoch_num": 27}}
:::MLLOG {"namespace": "", "time_ms": 1633382974833, "event_type": "INTERVAL_START", "key": "eval_start", "value": null, "metadata": {"file": "/p/project/jb_benchmark/MLPerf-1.0-combined/MLPerf/benchmarks-closed/cosmoflow//cosmoflow/train.py", "lineno": 345, "epoch_num": 27}}
:::MLLOG {"namespace": "", "time_ms": 1633382986225, "event_type": "INTERVAL_END", "key": "eval_stop", "value": null, "metadata": {"file": "/p/project/jb_benchmark/MLPerf-1.0-combined/MLPerf/benchmarks-closed/cosmoflow/cosmoflow/utils.py", "lineno": 141, "epoch_num": 27}}
:::MLLOG {"namespace": "", "time_ms": 1633382986226, "event_type": "INTERVAL_END", "key": "epoch_stop", "value": null, "metadata": {"file": "/p/project/jb_benchmark/MLPerf-1.0-combined/MLPerf/benchmarks-closed/cosmoflow/cosmoflow/utils.py", "lineno": 141, "epoch_num": 27}}
:::MLLOG {"namespace": "", "time_ms": 1633382986226, "event_type": "POINT_IN_TIME", "key": "eval_error", "value": 0.14952647684549447, "metadata": {"file": "/p/project/jb_benchmark/MLPerf-1.0-combined/MLPerf/benchmarks-closed/cosmoflow//cosmoflow/train.py", "lineno": 221, "epoch_num": 27}}
:::MLLOG {"namespace": "", "time_ms": 1633382986226, "event_type": "INTERVAL_START", "key": "epoch_start", "value": null, "metadata": {"file": "/p/project/jb_benchmark/MLPerf-1.0-combined/MLPerf/benchmarks-closed/cosmoflow//cosmoflow/train.py", "lineno": 205, "epoch_num": 28}}
:::MLLOG {"namespace": "", "time_ms": 1633383015359, "event_type": "POINT_IN_TIME", "key": "throughput", "value": 17996.412536592317, "metadata": {"file": "/p/project/jb_benchmark/MLPerf-1.0-combined/MLPerf/benchmarks-closed/cosmoflow//cosmoflow/train.py", "lineno": 337, "epoch_num": 28}}
:::MLLOG {"namespace": "", "time_ms": 1633383015360, "event_type": "INTERVAL_START", "key": "eval_start", "value": null, "metadata": {"file": "/p/project/jb_benchmark/MLPerf-1.0-combined/MLPerf/benchmarks-closed/cosmoflow//cosmoflow/train.py", "lineno": 345, "epoch_num": 28}}
:::MLLOG {"namespace": "", "time_ms": 1633383025886, "event_type": "INTERVAL_END", "key": "eval_stop", "value": null, "metadata": {"file": "/p/project/jb_benchmark/MLPerf-1.0-combined/MLPerf/benchmarks-closed/cosmoflow/cosmoflow/utils.py", "lineno": 141, "epoch_num": 28}}
:::MLLOG {"namespace": "", "time_ms": 1633383025887, "event_type": "INTERVAL_END", "key": "epoch_stop", "value": null, "metadata": {"file": "/p/project/jb_benchmark/MLPerf-1.0-combined/MLPerf/benchmarks-closed/cosmoflow/cosmoflow/utils.py", "lineno": 141, "epoch_num": 28}}
:::MLLOG {"namespace": "", "time_ms": 1633383025887, "event_type": "POINT_IN_TIME", "key": "eval_error", "value": 0.13432723277946934, "metadata": {"file": "/p/project/jb_benchmark/MLPerf-1.0-combined/MLPerf/benchmarks-closed/cosmoflow//cosmoflow/train.py", "lineno": 221, "epoch_num": 28}}
:::MLLOG {"namespace": "", "time_ms": 1633383025887, "event_type": "INTERVAL_START", "key": "epoch_start", "value": null, "metadata": {"file": "/p/project/jb_benchmark/MLPerf-1.0-combined/MLPerf/benchmarks-closed/cosmoflow//cosmoflow/train.py", "lineno": 205, "epoch_num": 29}}
:::MLLOG {"namespace": "", "time_ms": 1633383046801, "event_type": "POINT_IN_TIME", "key": "throughput", "value": 25069.38560889069, "metadata": {"file": "/p/project/jb_benchmark/MLPerf-1.0-combined/MLPerf/benchmarks-closed/cosmoflow//cosmoflow/train.py", "lineno": 337, "epoch_num": 29}}
:::MLLOG {"namespace": "", "time_ms": 1633383046801, "event_type": "INTERVAL_START", "key": "eval_start", "value": null, "metadata": {"file": "/p/project/jb_benchmark/MLPerf-1.0-combined/MLPerf/benchmarks-closed/cosmoflow//cosmoflow/train.py", "lineno": 345, "epoch_num": 29}}
:::MLLOG {"namespace": "", "time_ms": 1633383058638, "event_type": "INTERVAL_END", "key": "eval_stop", "value": null, "metadata": {"file": "/p/project/jb_benchmark/MLPerf-1.0-combined/MLPerf/benchmarks-closed/cosmoflow/cosmoflow/utils.py", "lineno": 141, "epoch_num": 29}}
:::MLLOG {"namespace": "", "time_ms": 1633383058639, "event_type": "INTERVAL_END", "key": "epoch_stop", "value": null, "metadata": {"file": "/p/project/jb_benchmark/MLPerf-1.0-combined/MLPerf/benchmarks-closed/cosmoflow/cosmoflow/utils.py", "lineno": 141, "epoch_num": 29}}
:::MLLOG {"namespace": "", "time_ms": 1633383058639, "event_type": "POINT_IN_TIME", "key": "eval_error", "value": 0.15364819756359793, "metadata": {"file": "/p/project/jb_benchmark/MLPerf-1.0-combined/MLPerf/benchmarks-closed/cosmoflow//cosmoflow/train.py", "lineno": 221, "epoch_num": 29}}
:::MLLOG {"namespace": "", "time_ms": 1633383058639, "event_type": "INTERVAL_START", "key": "epoch_start", "value": null, "metadata": {"file": "/p/project/jb_benchmark/MLPerf-1.0-combined/MLPerf/benchmarks-closed/cosmoflow//cosmoflow/train.py", "lineno": 205, "epoch_num": 30}}
:::MLLOG {"namespace": "", "time_ms": 1633383079416, "event_type": "POINT_IN_TIME", "key": "throughput", "value": 25233.780130059884, "metadata": {"file": "/p/project/jb_benchmark/MLPerf-1.0-combined/MLPerf/benchmarks-closed/cosmoflow//cosmoflow/train.py", "lineno": 337, "epoch_num": 30}}
:::MLLOG {"namespace": "", "time_ms": 1633383079417, "event_type": "INTERVAL_START", "key": "eval_start", "value": null, "metadata": {"file": "/p/project/jb_benchmark/MLPerf-1.0-combined/MLPerf/benchmarks-closed/cosmoflow//cosmoflow/train.py", "lineno": 345, "epoch_num": 30}}
:::MLLOG {"namespace": "", "time_ms": 1633383090007, "event_type": "INTERVAL_END", "key": "eval_stop", "value": null, "metadata": {"file": "/p/project/jb_benchmark/MLPerf-1.0-combined/MLPerf/benchmarks-closed/cosmoflow/cosmoflow/utils.py", "lineno": 141, "epoch_num": 30}}
:::MLLOG {"namespace": "", "time_ms": 1633383090007, "event_type": "INTERVAL_END", "key": "epoch_stop", "value": null, "metadata": {"file": "/p/project/jb_benchmark/MLPerf-1.0-combined/MLPerf/benchmarks-closed/cosmoflow/cosmoflow/utils.py", "lineno": 141, "epoch_num": 30}}
:::MLLOG {"namespace": "", "time_ms": 1633383090007, "event_type": "POINT_IN_TIME", "key": "eval_error", "value": 0.1445904969878029, "metadata": {"file": "/p/project/jb_benchmark/MLPerf-1.0-combined/MLPerf/benchmarks-closed/cosmoflow//cosmoflow/train.py", "lineno": 221, "epoch_num": 30}}
:::MLLOG {"namespace": "", "time_ms": 1633383090007, "event_type": "INTERVAL_START", "key": "epoch_start", "value": null, "metadata": {"file": "/p/project/jb_benchmark/MLPerf-1.0-combined/MLPerf/benchmarks-closed/cosmoflow//cosmoflow/train.py", "lineno": 205, "epoch_num": 31}}
:::MLLOG {"namespace": "", "time_ms": 1633383110900, "event_type": "POINT_IN_TIME", "key": "throughput", "value": 25094.565863489286, "metadata": {"file": "/p/project/jb_benchmark/MLPerf-1.0-combined/MLPerf/benchmarks-closed/cosmoflow//cosmoflow/train.py", "lineno": 337, "epoch_num": 31}}
:::MLLOG {"namespace": "", "time_ms": 1633383110901, "event_type": "INTERVAL_START", "key": "eval_start", "value": null, "metadata": {"file": "/p/project/jb_benchmark/MLPerf-1.0-combined/MLPerf/benchmarks-closed/cosmoflow//cosmoflow/train.py", "lineno": 345, "epoch_num": 31}}
:::MLLOG {"namespace": "", "time_ms": 1633383121826, "event_type": "INTERVAL_END", "key": "eval_stop", "value": null, "metadata": {"file": "/p/project/jb_benchmark/MLPerf-1.0-combined/MLPerf/benchmarks-closed/cosmoflow/cosmoflow/utils.py", "lineno": 141, "epoch_num": 31}}
:::MLLOG {"namespace": "", "time_ms": 1633383121826, "event_type": "INTERVAL_END", "key": "epoch_stop", "value": null, "metadata": {"file": "/p/project/jb_benchmark/MLPerf-1.0-combined/MLPerf/benchmarks-closed/cosmoflow/cosmoflow/utils.py", "lineno": 141, "epoch_num": 31}}
:::MLLOG {"namespace": "", "time_ms": 1633383121826, "event_type": "POINT_IN_TIME", "key": "eval_error", "value": 0.1374572514760075, "metadata": {"file": "/p/project/jb_benchmark/MLPerf-1.0-combined/MLPerf/benchmarks-closed/cosmoflow//cosmoflow/train.py", "lineno": 221, "epoch_num": 31}}
:::MLLOG {"namespace": "", "time_ms": 1633383121826, "event_type": "INTERVAL_START", "key": "epoch_start", "value": null, "metadata": {"file": "/p/project/jb_benchmark/MLPerf-1.0-combined/MLPerf/benchmarks-closed/cosmoflow//cosmoflow/train.py", "lineno": 205, "epoch_num": 32}}
:::MLLOG {"namespace": "", "time_ms": 1633383155055, "event_type": "POINT_IN_TIME", "key": "throughput", "value": 15778.36412620853, "metadata": {"file": "/p/project/jb_benchmark/MLPerf-1.0-combined/MLPerf/benchmarks-closed/cosmoflow//cosmoflow/train.py", "lineno": 337, "epoch_num": 32}}
:::MLLOG {"namespace": "", "time_ms": 1633383155055, "event_type": "INTERVAL_START", "key": "eval_start", "value": null, "metadata": {"file": "/p/project/jb_benchmark/MLPerf-1.0-combined/MLPerf/benchmarks-closed/cosmoflow//cosmoflow/train.py", "lineno": 345, "epoch_num": 32}}
:::MLLOG {"namespace": "", "time_ms": 1633383165953, "event_type": "INTERVAL_END", "key": "eval_stop", "value": null, "metadata": {"file": "/p/project/jb_benchmark/MLPerf-1.0-combined/MLPerf/benchmarks-closed/cosmoflow/cosmoflow/utils.py", "lineno": 141, "epoch_num": 32}}
:::MLLOG {"namespace": "", "time_ms": 1633383165953, "event_type": "INTERVAL_END", "key": "epoch_stop", "value": null, "metadata": {"file": "/p/project/jb_benchmark/MLPerf-1.0-combined/MLPerf/benchmarks-closed/cosmoflow/cosmoflow/utils.py", "lineno": 141, "epoch_num": 32}}
:::MLLOG {"namespace": "", "time_ms": 1633383165953, "event_type": "POINT_IN_TIME", "key": "eval_error", "value": 0.13708502045483328, "metadata": {"file": "/p/project/jb_benchmark/MLPerf-1.0-combined/MLPerf/benchmarks-closed/cosmoflow//cosmoflow/train.py", "lineno": 221, "epoch_num": 32}}
:::MLLOG {"namespace": "", "time_ms": 1633383165953, "event_type": "INTERVAL_START", "key": "epoch_start", "value": null, "metadata": {"file": "/p/project/jb_benchmark/MLPerf-1.0-combined/MLPerf/benchmarks-closed/cosmoflow//cosmoflow/train.py", "lineno": 205, "epoch_num": 33}}
:::MLLOG {"namespace": "", "time_ms": 1633383186795, "event_type": "POINT_IN_TIME", "key": "throughput", "value": 25155.82698085257, "metadata": {"file": "/p/project/jb_benchmark/MLPerf-1.0-combined/MLPerf/benchmarks-closed/cosmoflow//cosmoflow/train.py", "lineno": 337, "epoch_num": 33}}
:::MLLOG {"namespace": "", "time_ms": 1633383186796, "event_type": "INTERVAL_START", "key": "eval_start", "value": null, "metadata": {"file": "/p/project/jb_benchmark/MLPerf-1.0-combined/MLPerf/benchmarks-closed/cosmoflow//cosmoflow/train.py", "lineno": 345, "epoch_num": 33}}
:::MLLOG {"namespace": "", "time_ms": 1633383198101, "event_type": "INTERVAL_END", "key": "eval_stop", "value": null, "metadata": {"file": "/p/project/jb_benchmark/MLPerf-1.0-combined/MLPerf/benchmarks-closed/cosmoflow/cosmoflow/utils.py", "lineno": 141, "epoch_num": 33}}
:::MLLOG {"namespace": "", "time_ms": 1633383198102, "event_type": "INTERVAL_END", "key": "epoch_stop", "value": null, "metadata": {"file": "/p/project/jb_benchmark/MLPerf-1.0-combined/MLPerf/benchmarks-closed/cosmoflow/cosmoflow/utils.py", "lineno": 141, "epoch_num": 33}}
:::MLLOG {"namespace": "", "time_ms": 1633383198102, "event_type": "POINT_IN_TIME", "key": "eval_error", "value": 0.13830912101548165, "metadata": {"file": "/p/project/jb_benchmark/MLPerf-1.0-combined/MLPerf/benchmarks-closed/cosmoflow//cosmoflow/train.py", "lineno": 221, "epoch_num": 33}}
:::MLLOG {"namespace": "", "time_ms": 1633383198102, "event_type": "INTERVAL_START", "key": "epoch_start", "value": null, "metadata": {"file": "/p/project/jb_benchmark/MLPerf-1.0-combined/MLPerf/benchmarks-closed/cosmoflow//cosmoflow/train.py", "lineno": 205, "epoch_num": 34}}
:::MLLOG {"namespace": "", "time_ms": 1633383218827, "event_type": "POINT_IN_TIME", "key": "throughput", "value": 25298.423973770907, "metadata": {"file": "/p/project/jb_benchmark/MLPerf-1.0-combined/MLPerf/benchmarks-closed/cosmoflow//cosmoflow/train.py", "lineno": 337, "epoch_num": 34}}
:::MLLOG {"namespace": "", "time_ms": 1633383218827, "event_type": "INTERVAL_START", "key": "eval_start", "value": null, "metadata": {"file": "/p/project/jb_benchmark/MLPerf-1.0-combined/MLPerf/benchmarks-closed/cosmoflow//cosmoflow/train.py", "lineno": 345, "epoch_num": 34}}
:::MLLOG {"namespace": "", "time_ms": 1633383231523, "event_type": "INTERVAL_END", "key": "eval_stop", "value": null, "metadata": {"file": "/p/project/jb_benchmark/MLPerf-1.0-combined/MLPerf/benchmarks-closed/cosmoflow/cosmoflow/utils.py", "lineno": 141, "epoch_num": 34}}
:::MLLOG {"namespace": "", "time_ms": 1633383231524, "event_type": "INTERVAL_END", "key": "epoch_stop", "value": null, "metadata": {"file": "/p/project/jb_benchmark/MLPerf-1.0-combined/MLPerf/benchmarks-closed/cosmoflow/cosmoflow/utils.py", "lineno": 141, "epoch_num": 34}}
:::MLLOG {"namespace": "", "time_ms": 1633383231524, "event_type": "POINT_IN_TIME", "key": "eval_error", "value": 0.1264584063392249, "metadata": {"file": "/p/project/jb_benchmark/MLPerf-1.0-combined/MLPerf/benchmarks-closed/cosmoflow//cosmoflow/train.py", "lineno": 221, "epoch_num": 34}}
:::MLLOG {"namespace": "", "time_ms": 1633383231524, "event_type": "INTERVAL_START", "key": "epoch_start", "value": null, "metadata": {"file": "/p/project/jb_benchmark/MLPerf-1.0-combined/MLPerf/benchmarks-closed/cosmoflow//cosmoflow/train.py", "lineno": 205, "epoch_num": 35}}
:::MLLOG {"namespace": "", "time_ms": 1633383252390, "event_type": "POINT_IN_TIME", "key": "throughput", "value": 25126.412920749277, "metadata": {"file": "/p/project/jb_benchmark/MLPerf-1.0-combined/MLPerf/benchmarks-closed/cosmoflow//cosmoflow/train.py", "lineno": 337, "epoch_num": 35}}
:::MLLOG {"namespace": "", "time_ms": 1633383252391, "event_type": "INTERVAL_START", "key": "eval_start", "value": null, "metadata": {"file": "/p/project/jb_benchmark/MLPerf-1.0-combined/MLPerf/benchmarks-closed/cosmoflow//cosmoflow/train.py", "lineno": 345, "epoch_num": 35}}
:::MLLOG {"namespace": "", "time_ms": 1633383263382, "event_type": "INTERVAL_END", "key": "eval_stop", "value": null, "metadata": {"file": "/p/project/jb_benchmark/MLPerf-1.0-combined/MLPerf/benchmarks-closed/cosmoflow/cosmoflow/utils.py", "lineno": 141, "epoch_num": 35}}
:::MLLOG {"namespace": "", "time_ms": 1633383263382, "event_type": "INTERVAL_END", "key": "epoch_stop", "value": null, "metadata": {"file": "/p/project/jb_benchmark/MLPerf-1.0-combined/MLPerf/benchmarks-closed/cosmoflow/cosmoflow/utils.py", "lineno": 141, "epoch_num": 35}}
:::MLLOG {"namespace": "", "time_ms": 1633383263382, "event_type": "POINT_IN_TIME", "key": "eval_error", "value": 0.1269653434911561, "metadata": {"file": "/p/project/jb_benchmark/MLPerf-1.0-combined/MLPerf/benchmarks-closed/cosmoflow//cosmoflow/train.py", "lineno": 221, "epoch_num": 35}}
:::MLLOG {"namespace": "", "time_ms": 1633383263382, "event_type": "INTERVAL_START", "key": "epoch_start", "value": null, "metadata": {"file": "/p/project/jb_benchmark/MLPerf-1.0-combined/MLPerf/benchmarks-closed/cosmoflow//cosmoflow/train.py", "lineno": 205, "epoch_num": 36}}
:::MLLOG {"namespace": "", "time_ms": 1633383296488, "event_type": "POINT_IN_TIME", "key": "throughput", "value": 15837.140374426514, "metadata": {"file": "/p/project/jb_benchmark/MLPerf-1.0-combined/MLPerf/benchmarks-closed/cosmoflow//cosmoflow/train.py", "lineno": 337, "epoch_num": 36}}
:::MLLOG {"namespace": "", "time_ms": 1633383296488, "event_type": "INTERVAL_START", "key": "eval_start", "value": null, "metadata": {"file": "/p/project/jb_benchmark/MLPerf-1.0-combined/MLPerf/benchmarks-closed/cosmoflow//cosmoflow/train.py", "lineno": 345, "epoch_num": 36}}
:::MLLOG {"namespace": "", "time_ms": 1633383307791, "event_type": "INTERVAL_END", "key": "eval_stop", "value": null, "metadata": {"file": "/p/project/jb_benchmark/MLPerf-1.0-combined/MLPerf/benchmarks-closed/cosmoflow/cosmoflow/utils.py", "lineno": 141, "epoch_num": 36}}
:::MLLOG {"namespace": "", "time_ms": 1633383307791, "event_type": "INTERVAL_END", "key": "epoch_stop", "value": null, "metadata": {"file": "/p/project/jb_benchmark/MLPerf-1.0-combined/MLPerf/benchmarks-closed/cosmoflow/cosmoflow/utils.py", "lineno": 141, "epoch_num": 36}}
:::MLLOG {"namespace": "", "time_ms": 1633383307791, "event_type": "POINT_IN_TIME", "key": "eval_error", "value": 0.12833380687516183, "metadata": {"file": "/p/project/jb_benchmark/MLPerf-1.0-combined/MLPerf/benchmarks-closed/cosmoflow//cosmoflow/train.py", "lineno": 221, "epoch_num": 36}}
:::MLLOG {"namespace": "", "time_ms": 1633383307791, "event_type": "INTERVAL_START", "key": "epoch_start", "value": null, "metadata": {"file": "/p/project/jb_benchmark/MLPerf-1.0-combined/MLPerf/benchmarks-closed/cosmoflow//cosmoflow/train.py", "lineno": 205, "epoch_num": 37}}
:::MLLOG {"namespace": "", "time_ms": 1633383328500, "event_type": "POINT_IN_TIME", "key": "throughput", "value": 25317.069403392587, "metadata": {"file": "/p/project/jb_benchmark/MLPerf-1.0-combined/MLPerf/benchmarks-closed/cosmoflow//cosmoflow/train.py", "lineno": 337, "epoch_num": 37}}
:::MLLOG {"namespace": "", "time_ms": 1633383328501, "event_type": "INTERVAL_START", "key": "eval_start", "value": null, "metadata": {"file": "/p/project/jb_benchmark/MLPerf-1.0-combined/MLPerf/benchmarks-closed/cosmoflow//cosmoflow/train.py", "lineno": 345, "epoch_num": 37}}
:::MLLOG {"namespace": "", "time_ms": 1633383340260, "event_type": "INTERVAL_END", "key": "eval_stop", "value": null, "metadata": {"file": "/p/project/jb_benchmark/MLPerf-1.0-combined/MLPerf/benchmarks-closed/cosmoflow/cosmoflow/utils.py", "lineno": 141, "epoch_num": 37}}
:::MLLOG {"namespace": "", "time_ms": 1633383340261, "event_type": "INTERVAL_END", "key": "epoch_stop", "value": null, "metadata": {"file": "/p/project/jb_benchmark/MLPerf-1.0-combined/MLPerf/benchmarks-closed/cosmoflow/cosmoflow/utils.py", "lineno": 141, "epoch_num": 37}}
:::MLLOG {"namespace": "", "time_ms": 1633383340261, "event_type": "POINT_IN_TIME", "key": "eval_error", "value": 0.12702047817583662, "metadata": {"file": "/p/project/jb_benchmark/MLPerf-1.0-combined/MLPerf/benchmarks-closed/cosmoflow//cosmoflow/train.py", "lineno": 221, "epoch_num": 37}}
:::MLLOG {"namespace": "", "time_ms": 1633383340262, "event_type": "INTERVAL_START", "key": "epoch_start", "value": null, "metadata": {"file": "/p/project/jb_benchmark/MLPerf-1.0-combined/MLPerf/benchmarks-closed/cosmoflow//cosmoflow/train.py", "lineno": 205, "epoch_num": 38}}
:::MLLOG {"namespace": "", "time_ms": 1633383361137, "event_type": "POINT_IN_TIME", "key": "throughput", "value": 25117.117235480546, "metadata": {"file": "/p/project/jb_benchmark/MLPerf-1.0-combined/MLPerf/benchmarks-closed/cosmoflow//cosmoflow/train.py", "lineno": 337, "epoch_num": 38}}
:::MLLOG {"namespace": "", "time_ms": 1633383361138, "event_type": "INTERVAL_START", "key": "eval_start", "value": null, "metadata": {"file": "/p/project/jb_benchmark/MLPerf-1.0-combined/MLPerf/benchmarks-closed/cosmoflow//cosmoflow/train.py", "lineno": 345, "epoch_num": 38}}
:::MLLOG {"namespace": "", "time_ms": 1633383372166, "event_type": "INTERVAL_END", "key": "eval_stop", "value": null, "metadata": {"file": "/p/project/jb_benchmark/MLPerf-1.0-combined/MLPerf/benchmarks-closed/cosmoflow/cosmoflow/utils.py", "lineno": 141, "epoch_num": 38}}
:::MLLOG {"namespace": "", "time_ms": 1633383372167, "event_type": "INTERVAL_END", "key": "epoch_stop", "value": null, "metadata": {"file": "/p/project/jb_benchmark/MLPerf-1.0-combined/MLPerf/benchmarks-closed/cosmoflow/cosmoflow/utils.py", "lineno": 141, "epoch_num": 38}}
:::MLLOG {"namespace": "", "time_ms": 1633383372167, "event_type": "POINT_IN_TIME", "key": "eval_error", "value": 0.12441602348553715, "metadata": {"file": "/p/project/jb_benchmark/MLPerf-1.0-combined/MLPerf/benchmarks-closed/cosmoflow//cosmoflow/train.py", "lineno": 221, "epoch_num": 38}}
:::MLLOG {"namespace": "", "time_ms": 1633383372167, "event_type": "INTERVAL_START", "key": "epoch_start", "value": null, "metadata": {"file": "/p/project/jb_benchmark/MLPerf-1.0-combined/MLPerf/benchmarks-closed/cosmoflow//cosmoflow/train.py", "lineno": 205, "epoch_num": 39}}
:::MLLOG {"namespace": "", "time_ms": 1633383393119, "event_type": "POINT_IN_TIME", "key": "throughput", "value": 25023.691524575555, "metadata": {"file": "/p/project/jb_benchmark/MLPerf-1.0-combined/MLPerf/benchmarks-closed/cosmoflow//cosmoflow/train.py", "lineno": 337, "epoch_num": 39}}
:::MLLOG {"namespace": "", "time_ms": 1633383393119, "event_type": "INTERVAL_START", "key": "eval_start", "value": null, "metadata": {"file": "/p/project/jb_benchmark/MLPerf-1.0-combined/MLPerf/benchmarks-closed/cosmoflow//cosmoflow/train.py", "lineno": 345, "epoch_num": 39}}
:::MLLOG {"namespace": "", "time_ms": 1633383404043, "event_type": "INTERVAL_END", "key": "eval_stop", "value": null, "metadata": {"file": "/p/project/jb_benchmark/MLPerf-1.0-combined/MLPerf/benchmarks-closed/cosmoflow/cosmoflow/utils.py", "lineno": 141, "epoch_num": 39}}
:::MLLOG {"namespace": "", "time_ms": 1633383404044, "event_type": "INTERVAL_END", "key": "epoch_stop", "value": null, "metadata": {"file": "/p/project/jb_benchmark/MLPerf-1.0-combined/MLPerf/benchmarks-closed/cosmoflow/cosmoflow/utils.py", "lineno": 141, "epoch_num": 39}}
:::MLLOG {"namespace": "", "time_ms": 1633383404044, "event_type": "POINT_IN_TIME", "key": "eval_error", "value": 0.1324631568042533, "metadata": {"file": "/p/project/jb_benchmark/MLPerf-1.0-combined/MLPerf/benchmarks-closed/cosmoflow//cosmoflow/train.py", "lineno": 221, "epoch_num": 39}}
:::MLLOG {"namespace": "", "time_ms": 1633383404044, "event_type": "INTERVAL_START", "key": "epoch_start", "value": null, "metadata": {"file": "/p/project/jb_benchmark/MLPerf-1.0-combined/MLPerf/benchmarks-closed/cosmoflow//cosmoflow/train.py", "lineno": 205, "epoch_num": 40}}
:::MLLOG {"namespace": "", "time_ms": 1633383425043, "event_type": "POINT_IN_TIME", "key": "throughput", "value": 24967.473999040823, "metadata": {"file": "/p/project/jb_benchmark/MLPerf-1.0-combined/MLPerf/benchmarks-closed/cosmoflow//cosmoflow/train.py", "lineno": 337, "epoch_num": 40}}
:::MLLOG {"namespace": "", "time_ms": 1633383425044, "event_type": "INTERVAL_START", "key": "eval_start", "value": null, "metadata": {"file": "/p/project/jb_benchmark/MLPerf-1.0-combined/MLPerf/benchmarks-closed/cosmoflow//cosmoflow/train.py", "lineno": 345, "epoch_num": 40}}
:::MLLOG {"namespace": "", "time_ms": 1633383436228, "event_type": "INTERVAL_END", "key": "eval_stop", "value": null, "metadata": {"file": "/p/project/jb_benchmark/MLPerf-1.0-combined/MLPerf/benchmarks-closed/cosmoflow/cosmoflow/utils.py", "lineno": 141, "epoch_num": 40}}
:::MLLOG {"namespace": "", "time_ms": 1633383436228, "event_type": "INTERVAL_END", "key": "epoch_stop", "value": null, "metadata": {"file": "/p/project/jb_benchmark/MLPerf-1.0-combined/MLPerf/benchmarks-closed/cosmoflow/cosmoflow/utils.py", "lineno": 141, "epoch_num": 40}}
:::MLLOG {"namespace": "", "time_ms": 1633383436228, "event_type": "POINT_IN_TIME", "key": "eval_error", "value": 0.12622302758973092, "metadata": {"file": "/p/project/jb_benchmark/MLPerf-1.0-combined/MLPerf/benchmarks-closed/cosmoflow//cosmoflow/train.py", "lineno": 221, "epoch_num": 40}}
:::MLLOG {"namespace": "", "time_ms": 1633383436229, "event_type": "INTERVAL_START", "key": "epoch_start", "value": null, "metadata": {"file": "/p/project/jb_benchmark/MLPerf-1.0-combined/MLPerf/benchmarks-closed/cosmoflow//cosmoflow/train.py", "lineno": 205, "epoch_num": 41}}
:::MLLOG {"namespace": "", "time_ms": 1633383457467, "event_type": "POINT_IN_TIME", "key": "throughput", "value": 24686.305159986052, "metadata": {"file": "/p/project/jb_benchmark/MLPerf-1.0-combined/MLPerf/benchmarks-closed/cosmoflow//cosmoflow/train.py", "lineno": 337, "epoch_num": 41}}
:::MLLOG {"namespace": "", "time_ms": 1633383457467, "event_type": "INTERVAL_START", "key": "eval_start", "value": null, "metadata": {"file": "/p/project/jb_benchmark/MLPerf-1.0-combined/MLPerf/benchmarks-closed/cosmoflow//cosmoflow/train.py", "lineno": 345, "epoch_num": 41}}
:::MLLOG {"namespace": "", "time_ms": 1633383468333, "event_type": "INTERVAL_END", "key": "eval_stop", "value": null, "metadata": {"file": "/p/project/jb_benchmark/MLPerf-1.0-combined/MLPerf/benchmarks-closed/cosmoflow/cosmoflow/utils.py", "lineno": 141, "epoch_num": 41}}
:::MLLOG {"namespace": "", "time_ms": 1633383468334, "event_type": "INTERVAL_END", "key": "epoch_stop", "value": null, "metadata": {"file": "/p/project/jb_benchmark/MLPerf-1.0-combined/MLPerf/benchmarks-closed/cosmoflow/cosmoflow/utils.py", "lineno": 141, "epoch_num": 41}}
:::MLLOG {"namespace": "", "time_ms": 1633383468334, "event_type": "POINT_IN_TIME", "key": "eval_error", "value": 0.1253081559407292, "metadata": {"file": "/p/project/jb_benchmark/MLPerf-1.0-combined/MLPerf/benchmarks-closed/cosmoflow//cosmoflow/train.py", "lineno": 221, "epoch_num": 41}}
:::MLLOG {"namespace": "", "time_ms": 1633383468334, "event_type": "INTERVAL_START", "key": "epoch_start", "value": null, "metadata": {"file": "/p/project/jb_benchmark/MLPerf-1.0-combined/MLPerf/benchmarks-closed/cosmoflow//cosmoflow/train.py", "lineno": 205, "epoch_num": 42}}
:::MLLOG {"namespace": "", "time_ms": 1633383488949, "event_type": "POINT_IN_TIME", "key": "throughput", "value": 25433.317802310703, "metadata": {"file": "/p/project/jb_benchmark/MLPerf-1.0-combined/MLPerf/benchmarks-closed/cosmoflow//cosmoflow/train.py", "lineno": 337, "epoch_num": 42}}
:::MLLOG {"namespace": "", "time_ms": 1633383488949, "event_type": "INTERVAL_START", "key": "eval_start", "value": null, "metadata": {"file": "/p/project/jb_benchmark/MLPerf-1.0-combined/MLPerf/benchmarks-closed/cosmoflow//cosmoflow/train.py", "lineno": 345, "epoch_num": 42}}
:::MLLOG {"namespace": "", "time_ms": 1633383499894, "event_type": "INTERVAL_END", "key": "eval_stop", "value": null, "metadata": {"file": "/p/project/jb_benchmark/MLPerf-1.0-combined/MLPerf/benchmarks-closed/cosmoflow/cosmoflow/utils.py", "lineno": 141, "epoch_num": 42}}
:::MLLOG {"namespace": "", "time_ms": 1633383499895, "event_type": "INTERVAL_END", "key": "epoch_stop", "value": null, "metadata": {"file": "/p/project/jb_benchmark/MLPerf-1.0-combined/MLPerf/benchmarks-closed/cosmoflow/cosmoflow/utils.py", "lineno": 141, "epoch_num": 42}}
:::MLLOG {"namespace": "", "time_ms": 1633383499895, "event_type": "POINT_IN_TIME", "key": "eval_error", "value": 0.12497124074434396, "metadata": {"file": "/p/project/jb_benchmark/MLPerf-1.0-combined/MLPerf/benchmarks-closed/cosmoflow//cosmoflow/train.py", "lineno": 221, "epoch_num": 42}}
:::MLLOG {"namespace": "", "time_ms": 1633383499895, "event_type": "INTERVAL_START", "key": "epoch_start", "value": null, "metadata": {"file": "/p/project/jb_benchmark/MLPerf-1.0-combined/MLPerf/benchmarks-closed/cosmoflow//cosmoflow/train.py", "lineno": 205, "epoch_num": 43}}
:::MLLOG {"namespace": "", "time_ms": 1633383520486, "event_type": "POINT_IN_TIME", "key": "throughput", "value": 25462.946918214147, "metadata": {"file": "/p/project/jb_benchmark/MLPerf-1.0-combined/MLPerf/benchmarks-closed/cosmoflow//cosmoflow/train.py", "lineno": 337, "epoch_num": 43}}
:::MLLOG {"namespace": "", "time_ms": 1633383520486, "event_type": "INTERVAL_START", "key": "eval_start", "value": null, "metadata": {"file": "/p/project/jb_benchmark/MLPerf-1.0-combined/MLPerf/benchmarks-closed/cosmoflow//cosmoflow/train.py", "lineno": 345, "epoch_num": 43}}
:::MLLOG {"namespace": "", "time_ms": 1633383531335, "event_type": "INTERVAL_END", "key": "eval_stop", "value": null, "metadata": {"file": "/p/project/jb_benchmark/MLPerf-1.0-combined/MLPerf/benchmarks-closed/cosmoflow/cosmoflow/utils.py", "lineno": 141, "epoch_num": 43}}
:::MLLOG {"namespace": "", "time_ms": 1633383531336, "event_type": "INTERVAL_END", "key": "epoch_stop", "value": null, "metadata": {"file": "/p/project/jb_benchmark/MLPerf-1.0-combined/MLPerf/benchmarks-closed/cosmoflow/cosmoflow/utils.py", "lineno": 141, "epoch_num": 43}}
:::MLLOG {"namespace": "", "time_ms": 1633383531336, "event_type": "POINT_IN_TIME", "key": "eval_error", "value": 0.12354239818523638, "metadata": {"file": "/p/project/jb_benchmark/MLPerf-1.0-combined/MLPerf/benchmarks-closed/cosmoflow//cosmoflow/train.py", "lineno": 221, "epoch_num": 43}}
:::MLLOG {"namespace": "", "time_ms": 1633383531336, "event_type": "INTERVAL_END", "key": "run_stop", "value": null, "metadata": {"file": "/p/project/jb_benchmark/MLPerf-1.0-combined/MLPerf/benchmarks-closed/cosmoflow/cosmoflow/utils.py", "lineno": 141, "status": "success"}}
