:::MLLOG {"namespace": "", "time_ms": 1633376043777, "event_type": "POINT_IN_TIME", "key": "cache_clear", "value": null, "metadata": {"file": "/p/project/jb_benchmark/MLPerf-1.0-combined/MLPerf/benchmarks-closed/cosmoflow//cosmoflow/train.py", "lineno": 122}}
:::MLLOG {"namespace": "", "time_ms": 1633376043812, "event_type": "INTERVAL_START", "key": "init_start", "value": null, "metadata": {"file": "/p/project/jb_benchmark/MLPerf-1.0-combined/MLPerf/benchmarks-closed/cosmoflow//cosmoflow/train.py", "lineno": 123}}
:::MLLOG {"namespace": "", "time_ms": 1633376043812, "event_type": "POINT_IN_TIME", "key": "submission_benchmark", "value": "cosmoflow", "metadata": {"file": "/p/project/jb_benchmark/MLPerf-1.0-combined/MLPerf/benchmarks-closed/cosmoflow//cosmoflow/train.py", "lineno": 125}}
:::MLLOG {"namespace": "", "time_ms": 1633376043812, "event_type": "POINT_IN_TIME", "key": "submission_org", "value": "HelmholtzAI", "metadata": {"file": "/p/project/jb_benchmark/MLPerf-1.0-combined/MLPerf/benchmarks-closed/cosmoflow//cosmoflow/train.py", "lineno": 127}}
:::MLLOG {"namespace": "", "time_ms": 1633376043814, "event_type": "POINT_IN_TIME", "key": "submission_division", "value": "closed", "metadata": {"file": "/p/project/jb_benchmark/MLPerf-1.0-combined/MLPerf/benchmarks-closed/cosmoflow//cosmoflow/train.py", "lineno": 128}}
:::MLLOG {"namespace": "", "time_ms": 1633376043814, "event_type": "POINT_IN_TIME", "key": "submission_status", "value": "onprem", "metadata": {"file": "/p/project/jb_benchmark/MLPerf-1.0-combined/MLPerf/benchmarks-closed/cosmoflow//cosmoflow/train.py", "lineno": 129}}
:::MLLOG {"namespace": "", "time_ms": 1633376043814, "event_type": "POINT_IN_TIME", "key": "submission_platform", "value": "A100", "metadata": {"file": "/p/project/jb_benchmark/MLPerf-1.0-combined/MLPerf/benchmarks-closed/cosmoflow//cosmoflow/train.py", "lineno": 130}}
:::MLLOG {"namespace": "", "time_ms": 1633376043814, "event_type": "POINT_IN_TIME", "key": "number_of_nodes", "value": 128, "metadata": {"file": "/p/project/jb_benchmark/MLPerf-1.0-combined/MLPerf/benchmarks-closed/cosmoflow//cosmoflow/train.py", "lineno": 132}}
:::MLLOG {"namespace": "", "time_ms": 1633376043814, "event_type": "POINT_IN_TIME", "key": "accelerators_per_node", "value": 4, "metadata": {"file": "/p/project/jb_benchmark/MLPerf-1.0-combined/MLPerf/benchmarks-closed/cosmoflow//cosmoflow/train.py", "lineno": 134}}
:::MLLOG {"namespace": "", "time_ms": 1633376066852, "event_type": "POINT_IN_TIME", "key": "opt_weight_decay", "value": 0.0, "metadata": {"file": "/p/project/jb_benchmark/MLPerf-1.0-combined/MLPerf/benchmarks-closed/cosmoflow//cosmoflow/train.py", "lineno": 150}}
:::MLLOG {"namespace": "", "time_ms": 1633376066852, "event_type": "POINT_IN_TIME", "key": "dropout", "value": 0.5, "metadata": {"file": "/p/project/jb_benchmark/MLPerf-1.0-combined/MLPerf/benchmarks-closed/cosmoflow//cosmoflow/train.py", "lineno": 152}}
:::MLLOG {"namespace": "", "time_ms": 1633376067188, "event_type": "POINT_IN_TIME", "key": "global_batch_size", "value": 512, "metadata": {"file": "/p/project/jb_benchmark/MLPerf-1.0-combined/MLPerf/benchmarks-closed/cosmoflow/cosmoflow/h5_data.py", "lineno": 410}}
:::MLLOG {"namespace": "", "time_ms": 1633376067203, "event_type": "POINT_IN_TIME", "key": "train_samples", "value": 524288, "metadata": {"file": "/p/project/jb_benchmark/MLPerf-1.0-combined/MLPerf/benchmarks-closed/cosmoflow/cosmoflow/h5_data.py", "lineno": 412}}
:::MLLOG {"namespace": "", "time_ms": 1633376067203, "event_type": "POINT_IN_TIME", "key": "eval_samples", "value": 65536, "metadata": {"file": "/p/project/jb_benchmark/MLPerf-1.0-combined/MLPerf/benchmarks-closed/cosmoflow/cosmoflow/h5_data.py", "lineno": 414}}
:::MLLOG {"namespace": "", "time_ms": 1633376067203, "event_type": "POINT_IN_TIME", "key": "opt_base_learning_rate", "value": 0.008, "metadata": {"file": "/p/project/jb_benchmark/MLPerf-1.0-combined/MLPerf/benchmarks-closed/cosmoflow//cosmoflow/train.py", "lineno": 87}}
:::MLLOG {"namespace": "", "time_ms": 1633376067203, "event_type": "POINT_IN_TIME", "key": "opt_learning_rate_warmup_epochs", "value": 4, "metadata": {"file": "/p/project/jb_benchmark/MLPerf-1.0-combined/MLPerf/benchmarks-closed/cosmoflow//cosmoflow/train.py", "lineno": 89}}
:::MLLOG {"namespace": "", "time_ms": 1633376067204, "event_type": "POINT_IN_TIME", "key": "opt_learning_rate_warmup_factor", "value": 8, "metadata": {"file": "/p/project/jb_benchmark/MLPerf-1.0-combined/MLPerf/benchmarks-closed/cosmoflow//cosmoflow/train.py", "lineno": 91}}
:::MLLOG {"namespace": "", "time_ms": 1633376067204, "event_type": "POINT_IN_TIME", "key": "opt_learning_rate_decay_boundary_epochs", "value": [32, 64], "metadata": {"file": "/p/project/jb_benchmark/MLPerf-1.0-combined/MLPerf/benchmarks-closed/cosmoflow//cosmoflow/train.py", "lineno": 93}}
:::MLLOG {"namespace": "", "time_ms": 1633376067204, "event_type": "POINT_IN_TIME", "key": "opt_learning_rate_decay_factor", "value": [0.25, 0.125], "metadata": {"file": "/p/project/jb_benchmark/MLPerf-1.0-combined/MLPerf/benchmarks-closed/cosmoflow//cosmoflow/train.py", "lineno": 95}}
:::MLLOG {"namespace": "", "time_ms": 1633376067204, "event_type": "POINT_IN_TIME", "key": "opt_name", "value": "sgd", "metadata": {"file": "/p/project/jb_benchmark/MLPerf-1.0-combined/MLPerf/benchmarks-closed/cosmoflow//cosmoflow/train.py", "lineno": 171}}
:::MLLOG {"namespace": "", "time_ms": 1633376068102, "event_type": "INTERVAL_END", "key": "init_stop", "value": null, "metadata": {"file": "/p/project/jb_benchmark/MLPerf-1.0-combined/MLPerf/benchmarks-closed/cosmoflow/cosmoflow/utils.py", "lineno": 141}}
:::MLLOG {"namespace": "", "time_ms": 1633376068126, "event_type": "INTERVAL_START", "key": "run_start", "value": null, "metadata": {"file": "/p/project/jb_benchmark/MLPerf-1.0-combined/MLPerf/benchmarks-closed/cosmoflow//cosmoflow/train.py", "lineno": 195}}
:::MLLOG {"namespace": "", "time_ms": 1633376068127, "event_type": "INTERVAL_START", "key": "staging_start", "value": null, "metadata": {"file": "/p/project/jb_benchmark/MLPerf-1.0-combined/MLPerf/benchmarks-closed/cosmoflow/cosmoflow/h5_data.py", "lineno": 418}}
:::MLLOG {"namespace": "", "time_ms": 1633376160287, "event_type": "INTERVAL_END", "key": "staging_stop", "value": null, "metadata": {"file": "/p/project/jb_benchmark/MLPerf-1.0-combined/MLPerf/benchmarks-closed/cosmoflow/cosmoflow/h5_data.py", "lineno": 421}}
:::MLLOG {"namespace": "", "time_ms": 1633376160287, "event_type": "INTERVAL_START", "key": "epoch_start", "value": null, "metadata": {"file": "/p/project/jb_benchmark/MLPerf-1.0-combined/MLPerf/benchmarks-closed/cosmoflow//cosmoflow/train.py", "lineno": 205, "epoch_num": 1}}
:::MLLOG {"namespace": "", "time_ms": 1633376190182, "event_type": "POINT_IN_TIME", "key": "throughput", "value": 17538.21912020833, "metadata": {"file": "/p/project/jb_benchmark/MLPerf-1.0-combined/MLPerf/benchmarks-closed/cosmoflow//cosmoflow/train.py", "lineno": 337, "epoch_num": 1}}
:::MLLOG {"namespace": "", "time_ms": 1633376190183, "event_type": "INTERVAL_START", "key": "eval_start", "value": null, "metadata": {"file": "/p/project/jb_benchmark/MLPerf-1.0-combined/MLPerf/benchmarks-closed/cosmoflow//cosmoflow/train.py", "lineno": 345, "epoch_num": 1}}
:::MLLOG {"namespace": "", "time_ms": 1633376210254, "event_type": "INTERVAL_END", "key": "eval_stop", "value": null, "metadata": {"file": "/p/project/jb_benchmark/MLPerf-1.0-combined/MLPerf/benchmarks-closed/cosmoflow/cosmoflow/utils.py", "lineno": 141, "epoch_num": 1}}
:::MLLOG {"namespace": "", "time_ms": 1633376210255, "event_type": "INTERVAL_END", "key": "epoch_stop", "value": null, "metadata": {"file": "/p/project/jb_benchmark/MLPerf-1.0-combined/MLPerf/benchmarks-closed/cosmoflow/cosmoflow/utils.py", "lineno": 141, "epoch_num": 1}}
:::MLLOG {"namespace": "", "time_ms": 1633376210255, "event_type": "POINT_IN_TIME", "key": "eval_error", "value": 0.38291478145401925, "metadata": {"file": "/p/project/jb_benchmark/MLPerf-1.0-combined/MLPerf/benchmarks-closed/cosmoflow//cosmoflow/train.py", "lineno": 221, "epoch_num": 1}}
:::MLLOG {"namespace": "", "time_ms": 1633376210255, "event_type": "INTERVAL_START", "key": "epoch_start", "value": null, "metadata": {"file": "/p/project/jb_benchmark/MLPerf-1.0-combined/MLPerf/benchmarks-closed/cosmoflow//cosmoflow/train.py", "lineno": 205, "epoch_num": 2}}
:::MLLOG {"namespace": "", "time_ms": 1633376245488, "event_type": "POINT_IN_TIME", "key": "throughput", "value": 14880.544935031747, "metadata": {"file": "/p/project/jb_benchmark/MLPerf-1.0-combined/MLPerf/benchmarks-closed/cosmoflow//cosmoflow/train.py", "lineno": 337, "epoch_num": 2}}
:::MLLOG {"namespace": "", "time_ms": 1633376245489, "event_type": "INTERVAL_START", "key": "eval_start", "value": null, "metadata": {"file": "/p/project/jb_benchmark/MLPerf-1.0-combined/MLPerf/benchmarks-closed/cosmoflow//cosmoflow/train.py", "lineno": 345, "epoch_num": 2}}
:::MLLOG {"namespace": "", "time_ms": 1633376262836, "event_type": "INTERVAL_END", "key": "eval_stop", "value": null, "metadata": {"file": "/p/project/jb_benchmark/MLPerf-1.0-combined/MLPerf/benchmarks-closed/cosmoflow/cosmoflow/utils.py", "lineno": 141, "epoch_num": 2}}
:::MLLOG {"namespace": "", "time_ms": 1633376262837, "event_type": "INTERVAL_END", "key": "epoch_stop", "value": null, "metadata": {"file": "/p/project/jb_benchmark/MLPerf-1.0-combined/MLPerf/benchmarks-closed/cosmoflow/cosmoflow/utils.py", "lineno": 141, "epoch_num": 2}}
:::MLLOG {"namespace": "", "time_ms": 1633376262837, "event_type": "POINT_IN_TIME", "key": "eval_error", "value": 0.32302975648781285, "metadata": {"file": "/p/project/jb_benchmark/MLPerf-1.0-combined/MLPerf/benchmarks-closed/cosmoflow//cosmoflow/train.py", "lineno": 221, "epoch_num": 2}}
:::MLLOG {"namespace": "", "time_ms": 1633376262838, "event_type": "INTERVAL_START", "key": "epoch_start", "value": null, "metadata": {"file": "/p/project/jb_benchmark/MLPerf-1.0-combined/MLPerf/benchmarks-closed/cosmoflow//cosmoflow/train.py", "lineno": 205, "epoch_num": 3}}
:::MLLOG {"namespace": "", "time_ms": 1633376288636, "event_type": "POINT_IN_TIME", "key": "throughput", "value": 20322.996140519936, "metadata": {"file": "/p/project/jb_benchmark/MLPerf-1.0-combined/MLPerf/benchmarks-closed/cosmoflow//cosmoflow/train.py", "lineno": 337, "epoch_num": 3}}
:::MLLOG {"namespace": "", "time_ms": 1633376288637, "event_type": "INTERVAL_START", "key": "eval_start", "value": null, "metadata": {"file": "/p/project/jb_benchmark/MLPerf-1.0-combined/MLPerf/benchmarks-closed/cosmoflow//cosmoflow/train.py", "lineno": 345, "epoch_num": 3}}
:::MLLOG {"namespace": "", "time_ms": 1633376301963, "event_type": "INTERVAL_END", "key": "eval_stop", "value": null, "metadata": {"file": "/p/project/jb_benchmark/MLPerf-1.0-combined/MLPerf/benchmarks-closed/cosmoflow/cosmoflow/utils.py", "lineno": 141, "epoch_num": 3}}
:::MLLOG {"namespace": "", "time_ms": 1633376301963, "event_type": "INTERVAL_END", "key": "epoch_stop", "value": null, "metadata": {"file": "/p/project/jb_benchmark/MLPerf-1.0-combined/MLPerf/benchmarks-closed/cosmoflow/cosmoflow/utils.py", "lineno": 141, "epoch_num": 3}}
:::MLLOG {"namespace": "", "time_ms": 1633376301963, "event_type": "POINT_IN_TIME", "key": "eval_error", "value": 0.31925642443820834, "metadata": {"file": "/p/project/jb_benchmark/MLPerf-1.0-combined/MLPerf/benchmarks-closed/cosmoflow//cosmoflow/train.py", "lineno": 221, "epoch_num": 3}}
:::MLLOG {"namespace": "", "time_ms": 1633376301964, "event_type": "INTERVAL_START", "key": "epoch_start", "value": null, "metadata": {"file": "/p/project/jb_benchmark/MLPerf-1.0-combined/MLPerf/benchmarks-closed/cosmoflow//cosmoflow/train.py", "lineno": 205, "epoch_num": 4}}
:::MLLOG {"namespace": "", "time_ms": 1633376322525, "event_type": "POINT_IN_TIME", "key": "throughput", "value": 25498.490277513403, "metadata": {"file": "/p/project/jb_benchmark/MLPerf-1.0-combined/MLPerf/benchmarks-closed/cosmoflow//cosmoflow/train.py", "lineno": 337, "epoch_num": 4}}
:::MLLOG {"namespace": "", "time_ms": 1633376322526, "event_type": "INTERVAL_START", "key": "eval_start", "value": null, "metadata": {"file": "/p/project/jb_benchmark/MLPerf-1.0-combined/MLPerf/benchmarks-closed/cosmoflow//cosmoflow/train.py", "lineno": 345, "epoch_num": 4}}
:::MLLOG {"namespace": "", "time_ms": 1633376339343, "event_type": "INTERVAL_END", "key": "eval_stop", "value": null, "metadata": {"file": "/p/project/jb_benchmark/MLPerf-1.0-combined/MLPerf/benchmarks-closed/cosmoflow/cosmoflow/utils.py", "lineno": 141, "epoch_num": 4}}
:::MLLOG {"namespace": "", "time_ms": 1633376339344, "event_type": "INTERVAL_END", "key": "epoch_stop", "value": null, "metadata": {"file": "/p/project/jb_benchmark/MLPerf-1.0-combined/MLPerf/benchmarks-closed/cosmoflow/cosmoflow/utils.py", "lineno": 141, "epoch_num": 4}}
:::MLLOG {"namespace": "", "time_ms": 1633376339344, "event_type": "POINT_IN_TIME", "key": "eval_error", "value": 0.2744328953819368, "metadata": {"file": "/p/project/jb_benchmark/MLPerf-1.0-combined/MLPerf/benchmarks-closed/cosmoflow//cosmoflow/train.py", "lineno": 221, "epoch_num": 4}}
:::MLLOG {"namespace": "", "time_ms": 1633376339344, "event_type": "INTERVAL_START", "key": "epoch_start", "value": null, "metadata": {"file": "/p/project/jb_benchmark/MLPerf-1.0-combined/MLPerf/benchmarks-closed/cosmoflow//cosmoflow/train.py", "lineno": 205, "epoch_num": 5}}
:::MLLOG {"namespace": "", "time_ms": 1633376359668, "event_type": "POINT_IN_TIME", "key": "throughput", "value": 25796.743234344805, "metadata": {"file": "/p/project/jb_benchmark/MLPerf-1.0-combined/MLPerf/benchmarks-closed/cosmoflow//cosmoflow/train.py", "lineno": 337, "epoch_num": 5}}
:::MLLOG {"namespace": "", "time_ms": 1633376359669, "event_type": "INTERVAL_START", "key": "eval_start", "value": null, "metadata": {"file": "/p/project/jb_benchmark/MLPerf-1.0-combined/MLPerf/benchmarks-closed/cosmoflow//cosmoflow/train.py", "lineno": 345, "epoch_num": 5}}
:::MLLOG {"namespace": "", "time_ms": 1633376376689, "event_type": "INTERVAL_END", "key": "eval_stop", "value": null, "metadata": {"file": "/p/project/jb_benchmark/MLPerf-1.0-combined/MLPerf/benchmarks-closed/cosmoflow/cosmoflow/utils.py", "lineno": 141, "epoch_num": 5}}
:::MLLOG {"namespace": "", "time_ms": 1633376376689, "event_type": "INTERVAL_END", "key": "epoch_stop", "value": null, "metadata": {"file": "/p/project/jb_benchmark/MLPerf-1.0-combined/MLPerf/benchmarks-closed/cosmoflow/cosmoflow/utils.py", "lineno": 141, "epoch_num": 5}}
:::MLLOG {"namespace": "", "time_ms": 1633376376690, "event_type": "POINT_IN_TIME", "key": "eval_error", "value": 0.3054307698912453, "metadata": {"file": "/p/project/jb_benchmark/MLPerf-1.0-combined/MLPerf/benchmarks-closed/cosmoflow//cosmoflow/train.py", "lineno": 221, "epoch_num": 5}}
:::MLLOG {"namespace": "", "time_ms": 1633376376690, "event_type": "INTERVAL_START", "key": "epoch_start", "value": null, "metadata": {"file": "/p/project/jb_benchmark/MLPerf-1.0-combined/MLPerf/benchmarks-closed/cosmoflow//cosmoflow/train.py", "lineno": 205, "epoch_num": 6}}
:::MLLOG {"namespace": "", "time_ms": 1633376397169, "event_type": "POINT_IN_TIME", "key": "throughput", "value": 25601.50925473712, "metadata": {"file": "/p/project/jb_benchmark/MLPerf-1.0-combined/MLPerf/benchmarks-closed/cosmoflow//cosmoflow/train.py", "lineno": 337, "epoch_num": 6}}
:::MLLOG {"namespace": "", "time_ms": 1633376397169, "event_type": "INTERVAL_START", "key": "eval_start", "value": null, "metadata": {"file": "/p/project/jb_benchmark/MLPerf-1.0-combined/MLPerf/benchmarks-closed/cosmoflow//cosmoflow/train.py", "lineno": 345, "epoch_num": 6}}
:::MLLOG {"namespace": "", "time_ms": 1633376412140, "event_type": "INTERVAL_END", "key": "eval_stop", "value": null, "metadata": {"file": "/p/project/jb_benchmark/MLPerf-1.0-combined/MLPerf/benchmarks-closed/cosmoflow/cosmoflow/utils.py", "lineno": 141, "epoch_num": 6}}
:::MLLOG {"namespace": "", "time_ms": 1633376412141, "event_type": "INTERVAL_END", "key": "epoch_stop", "value": null, "metadata": {"file": "/p/project/jb_benchmark/MLPerf-1.0-combined/MLPerf/benchmarks-closed/cosmoflow/cosmoflow/utils.py", "lineno": 141, "epoch_num": 6}}
:::MLLOG {"namespace": "", "time_ms": 1633376412141, "event_type": "POINT_IN_TIME", "key": "eval_error", "value": 0.3572432993678376, "metadata": {"file": "/p/project/jb_benchmark/MLPerf-1.0-combined/MLPerf/benchmarks-closed/cosmoflow//cosmoflow/train.py", "lineno": 221, "epoch_num": 6}}
:::MLLOG {"namespace": "", "time_ms": 1633376412141, "event_type": "INTERVAL_START", "key": "epoch_start", "value": null, "metadata": {"file": "/p/project/jb_benchmark/MLPerf-1.0-combined/MLPerf/benchmarks-closed/cosmoflow//cosmoflow/train.py", "lineno": 205, "epoch_num": 7}}
:::MLLOG {"namespace": "", "time_ms": 1633376432618, "event_type": "POINT_IN_TIME", "key": "throughput", "value": 25604.52089263146, "metadata": {"file": "/p/project/jb_benchmark/MLPerf-1.0-combined/MLPerf/benchmarks-closed/cosmoflow//cosmoflow/train.py", "lineno": 337, "epoch_num": 7}}
:::MLLOG {"namespace": "", "time_ms": 1633376432618, "event_type": "INTERVAL_START", "key": "eval_start", "value": null, "metadata": {"file": "/p/project/jb_benchmark/MLPerf-1.0-combined/MLPerf/benchmarks-closed/cosmoflow//cosmoflow/train.py", "lineno": 345, "epoch_num": 7}}
:::MLLOG {"namespace": "", "time_ms": 1633376445994, "event_type": "INTERVAL_END", "key": "eval_stop", "value": null, "metadata": {"file": "/p/project/jb_benchmark/MLPerf-1.0-combined/MLPerf/benchmarks-closed/cosmoflow/cosmoflow/utils.py", "lineno": 141, "epoch_num": 7}}
:::MLLOG {"namespace": "", "time_ms": 1633376445995, "event_type": "INTERVAL_END", "key": "epoch_stop", "value": null, "metadata": {"file": "/p/project/jb_benchmark/MLPerf-1.0-combined/MLPerf/benchmarks-closed/cosmoflow/cosmoflow/utils.py", "lineno": 141, "epoch_num": 7}}
:::MLLOG {"namespace": "", "time_ms": 1633376445995, "event_type": "POINT_IN_TIME", "key": "eval_error", "value": 0.38214695430360734, "metadata": {"file": "/p/project/jb_benchmark/MLPerf-1.0-combined/MLPerf/benchmarks-closed/cosmoflow//cosmoflow/train.py", "lineno": 221, "epoch_num": 7}}
:::MLLOG {"namespace": "", "time_ms": 1633376445995, "event_type": "INTERVAL_START", "key": "epoch_start", "value": null, "metadata": {"file": "/p/project/jb_benchmark/MLPerf-1.0-combined/MLPerf/benchmarks-closed/cosmoflow//cosmoflow/train.py", "lineno": 205, "epoch_num": 8}}
:::MLLOG {"namespace": "", "time_ms": 1633376473178, "event_type": "POINT_IN_TIME", "key": "throughput", "value": 19287.736048185183, "metadata": {"file": "/p/project/jb_benchmark/MLPerf-1.0-combined/MLPerf/benchmarks-closed/cosmoflow//cosmoflow/train.py", "lineno": 337, "epoch_num": 8}}
:::MLLOG {"namespace": "", "time_ms": 1633376473178, "event_type": "INTERVAL_START", "key": "eval_start", "value": null, "metadata": {"file": "/p/project/jb_benchmark/MLPerf-1.0-combined/MLPerf/benchmarks-closed/cosmoflow//cosmoflow/train.py", "lineno": 345, "epoch_num": 8}}
:::MLLOG {"namespace": "", "time_ms": 1633376483638, "event_type": "INTERVAL_END", "key": "eval_stop", "value": null, "metadata": {"file": "/p/project/jb_benchmark/MLPerf-1.0-combined/MLPerf/benchmarks-closed/cosmoflow/cosmoflow/utils.py", "lineno": 141, "epoch_num": 8}}
:::MLLOG {"namespace": "", "time_ms": 1633376483642, "event_type": "INTERVAL_END", "key": "epoch_stop", "value": null, "metadata": {"file": "/p/project/jb_benchmark/MLPerf-1.0-combined/MLPerf/benchmarks-closed/cosmoflow/cosmoflow/utils.py", "lineno": 141, "epoch_num": 8}}
:::MLLOG {"namespace": "", "time_ms": 1633376483642, "event_type": "POINT_IN_TIME", "key": "eval_error", "value": 0.2602596280630678, "metadata": {"file": "/p/project/jb_benchmark/MLPerf-1.0-combined/MLPerf/benchmarks-closed/cosmoflow//cosmoflow/train.py", "lineno": 221, "epoch_num": 8}}
:::MLLOG {"namespace": "", "time_ms": 1633376483642, "event_type": "INTERVAL_START", "key": "epoch_start", "value": null, "metadata": {"file": "/p/project/jb_benchmark/MLPerf-1.0-combined/MLPerf/benchmarks-closed/cosmoflow//cosmoflow/train.py", "lineno": 205, "epoch_num": 9}}
:::MLLOG {"namespace": "", "time_ms": 1633376517307, "event_type": "POINT_IN_TIME", "key": "throughput", "value": 15574.220247811907, "metadata": {"file": "/p/project/jb_benchmark/MLPerf-1.0-combined/MLPerf/benchmarks-closed/cosmoflow//cosmoflow/train.py", "lineno": 337, "epoch_num": 9}}
:::MLLOG {"namespace": "", "time_ms": 1633376517307, "event_type": "INTERVAL_START", "key": "eval_start", "value": null, "metadata": {"file": "/p/project/jb_benchmark/MLPerf-1.0-combined/MLPerf/benchmarks-closed/cosmoflow//cosmoflow/train.py", "lineno": 345, "epoch_num": 9}}
:::MLLOG {"namespace": "", "time_ms": 1633376527432, "event_type": "INTERVAL_END", "key": "eval_stop", "value": null, "metadata": {"file": "/p/project/jb_benchmark/MLPerf-1.0-combined/MLPerf/benchmarks-closed/cosmoflow/cosmoflow/utils.py", "lineno": 141, "epoch_num": 9}}
:::MLLOG {"namespace": "", "time_ms": 1633376527433, "event_type": "INTERVAL_END", "key": "epoch_stop", "value": null, "metadata": {"file": "/p/project/jb_benchmark/MLPerf-1.0-combined/MLPerf/benchmarks-closed/cosmoflow/cosmoflow/utils.py", "lineno": 141, "epoch_num": 9}}
:::MLLOG {"namespace": "", "time_ms": 1633376527433, "event_type": "POINT_IN_TIME", "key": "eval_error", "value": 0.21065270894905552, "metadata": {"file": "/p/project/jb_benchmark/MLPerf-1.0-combined/MLPerf/benchmarks-closed/cosmoflow//cosmoflow/train.py", "lineno": 221, "epoch_num": 9}}
:::MLLOG {"namespace": "", "time_ms": 1633376527433, "event_type": "INTERVAL_START", "key": "epoch_start", "value": null, "metadata": {"file": "/p/project/jb_benchmark/MLPerf-1.0-combined/MLPerf/benchmarks-closed/cosmoflow//cosmoflow/train.py", "lineno": 205, "epoch_num": 10}}
:::MLLOG {"namespace": "", "time_ms": 1633376547923, "event_type": "POINT_IN_TIME", "key": "throughput", "value": 25588.053332479398, "metadata": {"file": "/p/project/jb_benchmark/MLPerf-1.0-combined/MLPerf/benchmarks-closed/cosmoflow//cosmoflow/train.py", "lineno": 337, "epoch_num": 10}}
:::MLLOG {"namespace": "", "time_ms": 1633376547923, "event_type": "INTERVAL_START", "key": "eval_start", "value": null, "metadata": {"file": "/p/project/jb_benchmark/MLPerf-1.0-combined/MLPerf/benchmarks-closed/cosmoflow//cosmoflow/train.py", "lineno": 345, "epoch_num": 10}}
:::MLLOG {"namespace": "", "time_ms": 1633376559314, "event_type": "INTERVAL_END", "key": "eval_stop", "value": null, "metadata": {"file": "/p/project/jb_benchmark/MLPerf-1.0-combined/MLPerf/benchmarks-closed/cosmoflow/cosmoflow/utils.py", "lineno": 141, "epoch_num": 10}}
:::MLLOG {"namespace": "", "time_ms": 1633376559315, "event_type": "INTERVAL_END", "key": "epoch_stop", "value": null, "metadata": {"file": "/p/project/jb_benchmark/MLPerf-1.0-combined/MLPerf/benchmarks-closed/cosmoflow/cosmoflow/utils.py", "lineno": 141, "epoch_num": 10}}
:::MLLOG {"namespace": "", "time_ms": 1633376559315, "event_type": "POINT_IN_TIME", "key": "eval_error", "value": 0.19101005789707415, "metadata": {"file": "/p/project/jb_benchmark/MLPerf-1.0-combined/MLPerf/benchmarks-closed/cosmoflow//cosmoflow/train.py", "lineno": 221, "epoch_num": 10}}
:::MLLOG {"namespace": "", "time_ms": 1633376559315, "event_type": "INTERVAL_START", "key": "epoch_start", "value": null, "metadata": {"file": "/p/project/jb_benchmark/MLPerf-1.0-combined/MLPerf/benchmarks-closed/cosmoflow//cosmoflow/train.py", "lineno": 205, "epoch_num": 11}}
:::MLLOG {"namespace": "", "time_ms": 1633376579825, "event_type": "POINT_IN_TIME", "key": "throughput", "value": 25563.50489350524, "metadata": {"file": "/p/project/jb_benchmark/MLPerf-1.0-combined/MLPerf/benchmarks-closed/cosmoflow//cosmoflow/train.py", "lineno": 337, "epoch_num": 11}}
:::MLLOG {"namespace": "", "time_ms": 1633376579825, "event_type": "INTERVAL_START", "key": "eval_start", "value": null, "metadata": {"file": "/p/project/jb_benchmark/MLPerf-1.0-combined/MLPerf/benchmarks-closed/cosmoflow//cosmoflow/train.py", "lineno": 345, "epoch_num": 11}}
:::MLLOG {"namespace": "", "time_ms": 1633376591331, "event_type": "INTERVAL_END", "key": "eval_stop", "value": null, "metadata": {"file": "/p/project/jb_benchmark/MLPerf-1.0-combined/MLPerf/benchmarks-closed/cosmoflow/cosmoflow/utils.py", "lineno": 141, "epoch_num": 11}}
:::MLLOG {"namespace": "", "time_ms": 1633376591333, "event_type": "INTERVAL_END", "key": "epoch_stop", "value": null, "metadata": {"file": "/p/project/jb_benchmark/MLPerf-1.0-combined/MLPerf/benchmarks-closed/cosmoflow/cosmoflow/utils.py", "lineno": 141, "epoch_num": 11}}
:::MLLOG {"namespace": "", "time_ms": 1633376591334, "event_type": "POINT_IN_TIME", "key": "eval_error", "value": 0.18238496774574742, "metadata": {"file": "/p/project/jb_benchmark/MLPerf-1.0-combined/MLPerf/benchmarks-closed/cosmoflow//cosmoflow/train.py", "lineno": 221, "epoch_num": 11}}
:::MLLOG {"namespace": "", "time_ms": 1633376591334, "event_type": "INTERVAL_START", "key": "epoch_start", "value": null, "metadata": {"file": "/p/project/jb_benchmark/MLPerf-1.0-combined/MLPerf/benchmarks-closed/cosmoflow//cosmoflow/train.py", "lineno": 205, "epoch_num": 12}}
:::MLLOG {"namespace": "", "time_ms": 1633376618830, "event_type": "POINT_IN_TIME", "key": "throughput", "value": 19067.96574489621, "metadata": {"file": "/p/project/jb_benchmark/MLPerf-1.0-combined/MLPerf/benchmarks-closed/cosmoflow//cosmoflow/train.py", "lineno": 337, "epoch_num": 12}}
:::MLLOG {"namespace": "", "time_ms": 1633376618831, "event_type": "INTERVAL_START", "key": "eval_start", "value": null, "metadata": {"file": "/p/project/jb_benchmark/MLPerf-1.0-combined/MLPerf/benchmarks-closed/cosmoflow//cosmoflow/train.py", "lineno": 345, "epoch_num": 12}}
:::MLLOG {"namespace": "", "time_ms": 1633376629579, "event_type": "INTERVAL_END", "key": "eval_stop", "value": null, "metadata": {"file": "/p/project/jb_benchmark/MLPerf-1.0-combined/MLPerf/benchmarks-closed/cosmoflow/cosmoflow/utils.py", "lineno": 141, "epoch_num": 12}}
:::MLLOG {"namespace": "", "time_ms": 1633376629579, "event_type": "INTERVAL_END", "key": "epoch_stop", "value": null, "metadata": {"file": "/p/project/jb_benchmark/MLPerf-1.0-combined/MLPerf/benchmarks-closed/cosmoflow/cosmoflow/utils.py", "lineno": 141, "epoch_num": 12}}
:::MLLOG {"namespace": "", "time_ms": 1633376629579, "event_type": "POINT_IN_TIME", "key": "eval_error", "value": 0.199112474831054, "metadata": {"file": "/p/project/jb_benchmark/MLPerf-1.0-combined/MLPerf/benchmarks-closed/cosmoflow//cosmoflow/train.py", "lineno": 221, "epoch_num": 12}}
:::MLLOG {"namespace": "", "time_ms": 1633376629579, "event_type": "INTERVAL_START", "key": "epoch_start", "value": null, "metadata": {"file": "/p/project/jb_benchmark/MLPerf-1.0-combined/MLPerf/benchmarks-closed/cosmoflow//cosmoflow/train.py", "lineno": 205, "epoch_num": 13}}
:::MLLOG {"namespace": "", "time_ms": 1633376649894, "event_type": "POINT_IN_TIME", "key": "throughput", "value": 25808.901640769192, "metadata": {"file": "/p/project/jb_benchmark/MLPerf-1.0-combined/MLPerf/benchmarks-closed/cosmoflow//cosmoflow/train.py", "lineno": 337, "epoch_num": 13}}
:::MLLOG {"namespace": "", "time_ms": 1633376649894, "event_type": "INTERVAL_START", "key": "eval_start", "value": null, "metadata": {"file": "/p/project/jb_benchmark/MLPerf-1.0-combined/MLPerf/benchmarks-closed/cosmoflow//cosmoflow/train.py", "lineno": 345, "epoch_num": 13}}
:::MLLOG {"namespace": "", "time_ms": 1633376660410, "event_type": "INTERVAL_END", "key": "eval_stop", "value": null, "metadata": {"file": "/p/project/jb_benchmark/MLPerf-1.0-combined/MLPerf/benchmarks-closed/cosmoflow/cosmoflow/utils.py", "lineno": 141, "epoch_num": 13}}
:::MLLOG {"namespace": "", "time_ms": 1633376660410, "event_type": "INTERVAL_END", "key": "epoch_stop", "value": null, "metadata": {"file": "/p/project/jb_benchmark/MLPerf-1.0-combined/MLPerf/benchmarks-closed/cosmoflow/cosmoflow/utils.py", "lineno": 141, "epoch_num": 13}}
:::MLLOG {"namespace": "", "time_ms": 1633376660410, "event_type": "POINT_IN_TIME", "key": "eval_error", "value": 0.19209855702669368, "metadata": {"file": "/p/project/jb_benchmark/MLPerf-1.0-combined/MLPerf/benchmarks-closed/cosmoflow//cosmoflow/train.py", "lineno": 221, "epoch_num": 13}}
:::MLLOG {"namespace": "", "time_ms": 1633376660411, "event_type": "INTERVAL_START", "key": "epoch_start", "value": null, "metadata": {"file": "/p/project/jb_benchmark/MLPerf-1.0-combined/MLPerf/benchmarks-closed/cosmoflow//cosmoflow/train.py", "lineno": 205, "epoch_num": 14}}
:::MLLOG {"namespace": "", "time_ms": 1633376680938, "event_type": "POINT_IN_TIME", "key": "throughput", "value": 25541.82008402113, "metadata": {"file": "/p/project/jb_benchmark/MLPerf-1.0-combined/MLPerf/benchmarks-closed/cosmoflow//cosmoflow/train.py", "lineno": 337, "epoch_num": 14}}
:::MLLOG {"namespace": "", "time_ms": 1633376680938, "event_type": "INTERVAL_START", "key": "eval_start", "value": null, "metadata": {"file": "/p/project/jb_benchmark/MLPerf-1.0-combined/MLPerf/benchmarks-closed/cosmoflow//cosmoflow/train.py", "lineno": 345, "epoch_num": 14}}
:::MLLOG {"namespace": "", "time_ms": 1633376691406, "event_type": "INTERVAL_END", "key": "eval_stop", "value": null, "metadata": {"file": "/p/project/jb_benchmark/MLPerf-1.0-combined/MLPerf/benchmarks-closed/cosmoflow/cosmoflow/utils.py", "lineno": 141, "epoch_num": 14}}
:::MLLOG {"namespace": "", "time_ms": 1633376691411, "event_type": "INTERVAL_END", "key": "epoch_stop", "value": null, "metadata": {"file": "/p/project/jb_benchmark/MLPerf-1.0-combined/MLPerf/benchmarks-closed/cosmoflow/cosmoflow/utils.py", "lineno": 141, "epoch_num": 14}}
:::MLLOG {"namespace": "", "time_ms": 1633376691411, "event_type": "POINT_IN_TIME", "key": "eval_error", "value": 0.1607941387919709, "metadata": {"file": "/p/project/jb_benchmark/MLPerf-1.0-combined/MLPerf/benchmarks-closed/cosmoflow//cosmoflow/train.py", "lineno": 221, "epoch_num": 14}}
:::MLLOG {"namespace": "", "time_ms": 1633376691411, "event_type": "INTERVAL_START", "key": "epoch_start", "value": null, "metadata": {"file": "/p/project/jb_benchmark/MLPerf-1.0-combined/MLPerf/benchmarks-closed/cosmoflow//cosmoflow/train.py", "lineno": 205, "epoch_num": 15}}
:::MLLOG {"namespace": "", "time_ms": 1633376711894, "event_type": "POINT_IN_TIME", "key": "throughput", "value": 25597.010556309695, "metadata": {"file": "/p/project/jb_benchmark/MLPerf-1.0-combined/MLPerf/benchmarks-closed/cosmoflow//cosmoflow/train.py", "lineno": 337, "epoch_num": 15}}
:::MLLOG {"namespace": "", "time_ms": 1633376711895, "event_type": "INTERVAL_START", "key": "eval_start", "value": null, "metadata": {"file": "/p/project/jb_benchmark/MLPerf-1.0-combined/MLPerf/benchmarks-closed/cosmoflow//cosmoflow/train.py", "lineno": 345, "epoch_num": 15}}
:::MLLOG {"namespace": "", "time_ms": 1633376721371, "event_type": "INTERVAL_END", "key": "eval_stop", "value": null, "metadata": {"file": "/p/project/jb_benchmark/MLPerf-1.0-combined/MLPerf/benchmarks-closed/cosmoflow/cosmoflow/utils.py", "lineno": 141, "epoch_num": 15}}
:::MLLOG {"namespace": "", "time_ms": 1633376721372, "event_type": "INTERVAL_END", "key": "epoch_stop", "value": null, "metadata": {"file": "/p/project/jb_benchmark/MLPerf-1.0-combined/MLPerf/benchmarks-closed/cosmoflow/cosmoflow/utils.py", "lineno": 141, "epoch_num": 15}}
:::MLLOG {"namespace": "", "time_ms": 1633376721372, "event_type": "POINT_IN_TIME", "key": "eval_error", "value": 0.15547895421332214, "metadata": {"file": "/p/project/jb_benchmark/MLPerf-1.0-combined/MLPerf/benchmarks-closed/cosmoflow//cosmoflow/train.py", "lineno": 221, "epoch_num": 15}}
:::MLLOG {"namespace": "", "time_ms": 1633376721372, "event_type": "INTERVAL_START", "key": "epoch_start", "value": null, "metadata": {"file": "/p/project/jb_benchmark/MLPerf-1.0-combined/MLPerf/benchmarks-closed/cosmoflow//cosmoflow/train.py", "lineno": 205, "epoch_num": 16}}
:::MLLOG {"namespace": "", "time_ms": 1633376741916, "event_type": "POINT_IN_TIME", "key": "throughput", "value": 25520.378166829, "metadata": {"file": "/p/project/jb_benchmark/MLPerf-1.0-combined/MLPerf/benchmarks-closed/cosmoflow//cosmoflow/train.py", "lineno": 337, "epoch_num": 16}}
:::MLLOG {"namespace": "", "time_ms": 1633376741917, "event_type": "INTERVAL_START", "key": "eval_start", "value": null, "metadata": {"file": "/p/project/jb_benchmark/MLPerf-1.0-combined/MLPerf/benchmarks-closed/cosmoflow//cosmoflow/train.py", "lineno": 345, "epoch_num": 16}}
:::MLLOG {"namespace": "", "time_ms": 1633376751348, "event_type": "INTERVAL_END", "key": "eval_stop", "value": null, "metadata": {"file": "/p/project/jb_benchmark/MLPerf-1.0-combined/MLPerf/benchmarks-closed/cosmoflow/cosmoflow/utils.py", "lineno": 141, "epoch_num": 16}}
:::MLLOG {"namespace": "", "time_ms": 1633376751348, "event_type": "INTERVAL_END", "key": "epoch_stop", "value": null, "metadata": {"file": "/p/project/jb_benchmark/MLPerf-1.0-combined/MLPerf/benchmarks-closed/cosmoflow/cosmoflow/utils.py", "lineno": 141, "epoch_num": 16}}
:::MLLOG {"namespace": "", "time_ms": 1633376751348, "event_type": "POINT_IN_TIME", "key": "eval_error", "value": 0.1696658729633782, "metadata": {"file": "/p/project/jb_benchmark/MLPerf-1.0-combined/MLPerf/benchmarks-closed/cosmoflow//cosmoflow/train.py", "lineno": 221, "epoch_num": 16}}
:::MLLOG {"namespace": "", "time_ms": 1633376751349, "event_type": "INTERVAL_START", "key": "epoch_start", "value": null, "metadata": {"file": "/p/project/jb_benchmark/MLPerf-1.0-combined/MLPerf/benchmarks-closed/cosmoflow//cosmoflow/train.py", "lineno": 205, "epoch_num": 17}}
:::MLLOG {"namespace": "", "time_ms": 1633376771878, "event_type": "POINT_IN_TIME", "key": "throughput", "value": 25538.783729297982, "metadata": {"file": "/p/project/jb_benchmark/MLPerf-1.0-combined/MLPerf/benchmarks-closed/cosmoflow//cosmoflow/train.py", "lineno": 337, "epoch_num": 17}}
:::MLLOG {"namespace": "", "time_ms": 1633376771878, "event_type": "INTERVAL_START", "key": "eval_start", "value": null, "metadata": {"file": "/p/project/jb_benchmark/MLPerf-1.0-combined/MLPerf/benchmarks-closed/cosmoflow//cosmoflow/train.py", "lineno": 345, "epoch_num": 17}}
:::MLLOG {"namespace": "", "time_ms": 1633376781768, "event_type": "INTERVAL_END", "key": "eval_stop", "value": null, "metadata": {"file": "/p/project/jb_benchmark/MLPerf-1.0-combined/MLPerf/benchmarks-closed/cosmoflow/cosmoflow/utils.py", "lineno": 141, "epoch_num": 17}}
:::MLLOG {"namespace": "", "time_ms": 1633376781768, "event_type": "INTERVAL_END", "key": "epoch_stop", "value": null, "metadata": {"file": "/p/project/jb_benchmark/MLPerf-1.0-combined/MLPerf/benchmarks-closed/cosmoflow/cosmoflow/utils.py", "lineno": 141, "epoch_num": 17}}
:::MLLOG {"namespace": "", "time_ms": 1633376781768, "event_type": "POINT_IN_TIME", "key": "eval_error", "value": 0.160519719007425, "metadata": {"file": "/p/project/jb_benchmark/MLPerf-1.0-combined/MLPerf/benchmarks-closed/cosmoflow//cosmoflow/train.py", "lineno": 221, "epoch_num": 17}}
:::MLLOG {"namespace": "", "time_ms": 1633376781768, "event_type": "INTERVAL_START", "key": "epoch_start", "value": null, "metadata": {"file": "/p/project/jb_benchmark/MLPerf-1.0-combined/MLPerf/benchmarks-closed/cosmoflow//cosmoflow/train.py", "lineno": 205, "epoch_num": 18}}
:::MLLOG {"namespace": "", "time_ms": 1633376802219, "event_type": "POINT_IN_TIME", "key": "throughput", "value": 25636.918314961822, "metadata": {"file": "/p/project/jb_benchmark/MLPerf-1.0-combined/MLPerf/benchmarks-closed/cosmoflow//cosmoflow/train.py", "lineno": 337, "epoch_num": 18}}
:::MLLOG {"namespace": "", "time_ms": 1633376802220, "event_type": "INTERVAL_START", "key": "eval_start", "value": null, "metadata": {"file": "/p/project/jb_benchmark/MLPerf-1.0-combined/MLPerf/benchmarks-closed/cosmoflow//cosmoflow/train.py", "lineno": 345, "epoch_num": 18}}
:::MLLOG {"namespace": "", "time_ms": 1633376812366, "event_type": "INTERVAL_END", "key": "eval_stop", "value": null, "metadata": {"file": "/p/project/jb_benchmark/MLPerf-1.0-combined/MLPerf/benchmarks-closed/cosmoflow/cosmoflow/utils.py", "lineno": 141, "epoch_num": 18}}
:::MLLOG {"namespace": "", "time_ms": 1633376812367, "event_type": "INTERVAL_END", "key": "epoch_stop", "value": null, "metadata": {"file": "/p/project/jb_benchmark/MLPerf-1.0-combined/MLPerf/benchmarks-closed/cosmoflow/cosmoflow/utils.py", "lineno": 141, "epoch_num": 18}}
:::MLLOG {"namespace": "", "time_ms": 1633376812367, "event_type": "POINT_IN_TIME", "key": "eval_error", "value": 0.15783262244076468, "metadata": {"file": "/p/project/jb_benchmark/MLPerf-1.0-combined/MLPerf/benchmarks-closed/cosmoflow//cosmoflow/train.py", "lineno": 221, "epoch_num": 18}}
:::MLLOG {"namespace": "", "time_ms": 1633376812367, "event_type": "INTERVAL_START", "key": "epoch_start", "value": null, "metadata": {"file": "/p/project/jb_benchmark/MLPerf-1.0-combined/MLPerf/benchmarks-closed/cosmoflow//cosmoflow/train.py", "lineno": 205, "epoch_num": 19}}
:::MLLOG {"namespace": "", "time_ms": 1633376839210, "event_type": "POINT_IN_TIME", "key": "throughput", "value": 19531.527678404495, "metadata": {"file": "/p/project/jb_benchmark/MLPerf-1.0-combined/MLPerf/benchmarks-closed/cosmoflow//cosmoflow/train.py", "lineno": 337, "epoch_num": 19}}
:::MLLOG {"namespace": "", "time_ms": 1633376839211, "event_type": "INTERVAL_START", "key": "eval_start", "value": null, "metadata": {"file": "/p/project/jb_benchmark/MLPerf-1.0-combined/MLPerf/benchmarks-closed/cosmoflow//cosmoflow/train.py", "lineno": 345, "epoch_num": 19}}
:::MLLOG {"namespace": "", "time_ms": 1633376848984, "event_type": "INTERVAL_END", "key": "eval_stop", "value": null, "metadata": {"file": "/p/project/jb_benchmark/MLPerf-1.0-combined/MLPerf/benchmarks-closed/cosmoflow/cosmoflow/utils.py", "lineno": 141, "epoch_num": 19}}
:::MLLOG {"namespace": "", "time_ms": 1633376848985, "event_type": "INTERVAL_END", "key": "epoch_stop", "value": null, "metadata": {"file": "/p/project/jb_benchmark/MLPerf-1.0-combined/MLPerf/benchmarks-closed/cosmoflow/cosmoflow/utils.py", "lineno": 141, "epoch_num": 19}}
:::MLLOG {"namespace": "", "time_ms": 1633376848985, "event_type": "POINT_IN_TIME", "key": "eval_error", "value": 0.14963626859389478, "metadata": {"file": "/p/project/jb_benchmark/MLPerf-1.0-combined/MLPerf/benchmarks-closed/cosmoflow//cosmoflow/train.py", "lineno": 221, "epoch_num": 19}}
:::MLLOG {"namespace": "", "time_ms": 1633376848985, "event_type": "INTERVAL_START", "key": "epoch_start", "value": null, "metadata": {"file": "/p/project/jb_benchmark/MLPerf-1.0-combined/MLPerf/benchmarks-closed/cosmoflow//cosmoflow/train.py", "lineno": 205, "epoch_num": 20}}
:::MLLOG {"namespace": "", "time_ms": 1633376869538, "event_type": "POINT_IN_TIME", "key": "throughput", "value": 25510.24244023735, "metadata": {"file": "/p/project/jb_benchmark/MLPerf-1.0-combined/MLPerf/benchmarks-closed/cosmoflow//cosmoflow/train.py", "lineno": 337, "epoch_num": 20}}
:::MLLOG {"namespace": "", "time_ms": 1633376869538, "event_type": "INTERVAL_START", "key": "eval_start", "value": null, "metadata": {"file": "/p/project/jb_benchmark/MLPerf-1.0-combined/MLPerf/benchmarks-closed/cosmoflow//cosmoflow/train.py", "lineno": 345, "epoch_num": 20}}
:::MLLOG {"namespace": "", "time_ms": 1633376879439, "event_type": "INTERVAL_END", "key": "eval_stop", "value": null, "metadata": {"file": "/p/project/jb_benchmark/MLPerf-1.0-combined/MLPerf/benchmarks-closed/cosmoflow/cosmoflow/utils.py", "lineno": 141, "epoch_num": 20}}
:::MLLOG {"namespace": "", "time_ms": 1633376879440, "event_type": "INTERVAL_END", "key": "epoch_stop", "value": null, "metadata": {"file": "/p/project/jb_benchmark/MLPerf-1.0-combined/MLPerf/benchmarks-closed/cosmoflow/cosmoflow/utils.py", "lineno": 141, "epoch_num": 20}}
:::MLLOG {"namespace": "", "time_ms": 1633376879440, "event_type": "POINT_IN_TIME", "key": "eval_error", "value": 0.17499333614250645, "metadata": {"file": "/p/project/jb_benchmark/MLPerf-1.0-combined/MLPerf/benchmarks-closed/cosmoflow//cosmoflow/train.py", "lineno": 221, "epoch_num": 20}}
:::MLLOG {"namespace": "", "time_ms": 1633376879440, "event_type": "INTERVAL_START", "key": "epoch_start", "value": null, "metadata": {"file": "/p/project/jb_benchmark/MLPerf-1.0-combined/MLPerf/benchmarks-closed/cosmoflow//cosmoflow/train.py", "lineno": 205, "epoch_num": 21}}
:::MLLOG {"namespace": "", "time_ms": 1633376900053, "event_type": "POINT_IN_TIME", "key": "throughput", "value": 25435.414123512648, "metadata": {"file": "/p/project/jb_benchmark/MLPerf-1.0-combined/MLPerf/benchmarks-closed/cosmoflow//cosmoflow/train.py", "lineno": 337, "epoch_num": 21}}
:::MLLOG {"namespace": "", "time_ms": 1633376900053, "event_type": "INTERVAL_START", "key": "eval_start", "value": null, "metadata": {"file": "/p/project/jb_benchmark/MLPerf-1.0-combined/MLPerf/benchmarks-closed/cosmoflow//cosmoflow/train.py", "lineno": 345, "epoch_num": 21}}
:::MLLOG {"namespace": "", "time_ms": 1633376908994, "event_type": "INTERVAL_END", "key": "eval_stop", "value": null, "metadata": {"file": "/p/project/jb_benchmark/MLPerf-1.0-combined/MLPerf/benchmarks-closed/cosmoflow/cosmoflow/utils.py", "lineno": 141, "epoch_num": 21}}
:::MLLOG {"namespace": "", "time_ms": 1633376908994, "event_type": "INTERVAL_END", "key": "epoch_stop", "value": null, "metadata": {"file": "/p/project/jb_benchmark/MLPerf-1.0-combined/MLPerf/benchmarks-closed/cosmoflow/cosmoflow/utils.py", "lineno": 141, "epoch_num": 21}}
:::MLLOG {"namespace": "", "time_ms": 1633376908994, "event_type": "POINT_IN_TIME", "key": "eval_error", "value": 0.14621317377896048, "metadata": {"file": "/p/project/jb_benchmark/MLPerf-1.0-combined/MLPerf/benchmarks-closed/cosmoflow//cosmoflow/train.py", "lineno": 221, "epoch_num": 21}}
:::MLLOG {"namespace": "", "time_ms": 1633376908994, "event_type": "INTERVAL_START", "key": "epoch_start", "value": null, "metadata": {"file": "/p/project/jb_benchmark/MLPerf-1.0-combined/MLPerf/benchmarks-closed/cosmoflow//cosmoflow/train.py", "lineno": 205, "epoch_num": 22}}
:::MLLOG {"namespace": "", "time_ms": 1633376929611, "event_type": "POINT_IN_TIME", "key": "throughput", "value": 25430.80273176436, "metadata": {"file": "/p/project/jb_benchmark/MLPerf-1.0-combined/MLPerf/benchmarks-closed/cosmoflow//cosmoflow/train.py", "lineno": 337, "epoch_num": 22}}
:::MLLOG {"namespace": "", "time_ms": 1633376929611, "event_type": "INTERVAL_START", "key": "eval_start", "value": null, "metadata": {"file": "/p/project/jb_benchmark/MLPerf-1.0-combined/MLPerf/benchmarks-closed/cosmoflow//cosmoflow/train.py", "lineno": 345, "epoch_num": 22}}
:::MLLOG {"namespace": "", "time_ms": 1633376939150, "event_type": "INTERVAL_END", "key": "eval_stop", "value": null, "metadata": {"file": "/p/project/jb_benchmark/MLPerf-1.0-combined/MLPerf/benchmarks-closed/cosmoflow/cosmoflow/utils.py", "lineno": 141, "epoch_num": 22}}
:::MLLOG {"namespace": "", "time_ms": 1633376939150, "event_type": "INTERVAL_END", "key": "epoch_stop", "value": null, "metadata": {"file": "/p/project/jb_benchmark/MLPerf-1.0-combined/MLPerf/benchmarks-closed/cosmoflow/cosmoflow/utils.py", "lineno": 141, "epoch_num": 22}}
:::MLLOG {"namespace": "", "time_ms": 1633376939150, "event_type": "POINT_IN_TIME", "key": "eval_error", "value": 0.14759171000332572, "metadata": {"file": "/p/project/jb_benchmark/MLPerf-1.0-combined/MLPerf/benchmarks-closed/cosmoflow//cosmoflow/train.py", "lineno": 221, "epoch_num": 22}}
:::MLLOG {"namespace": "", "time_ms": 1633376939151, "event_type": "INTERVAL_START", "key": "epoch_start", "value": null, "metadata": {"file": "/p/project/jb_benchmark/MLPerf-1.0-combined/MLPerf/benchmarks-closed/cosmoflow//cosmoflow/train.py", "lineno": 205, "epoch_num": 23}}
:::MLLOG {"namespace": "", "time_ms": 1633376959673, "event_type": "POINT_IN_TIME", "key": "throughput", "value": 25546.747835830553, "metadata": {"file": "/p/project/jb_benchmark/MLPerf-1.0-combined/MLPerf/benchmarks-closed/cosmoflow//cosmoflow/train.py", "lineno": 337, "epoch_num": 23}}
:::MLLOG {"namespace": "", "time_ms": 1633376959674, "event_type": "INTERVAL_START", "key": "eval_start", "value": null, "metadata": {"file": "/p/project/jb_benchmark/MLPerf-1.0-combined/MLPerf/benchmarks-closed/cosmoflow//cosmoflow/train.py", "lineno": 345, "epoch_num": 23}}
:::MLLOG {"namespace": "", "time_ms": 1633376968629, "event_type": "INTERVAL_END", "key": "eval_stop", "value": null, "metadata": {"file": "/p/project/jb_benchmark/MLPerf-1.0-combined/MLPerf/benchmarks-closed/cosmoflow/cosmoflow/utils.py", "lineno": 141, "epoch_num": 23}}
:::MLLOG {"namespace": "", "time_ms": 1633376968630, "event_type": "INTERVAL_END", "key": "epoch_stop", "value": null, "metadata": {"file": "/p/project/jb_benchmark/MLPerf-1.0-combined/MLPerf/benchmarks-closed/cosmoflow/cosmoflow/utils.py", "lineno": 141, "epoch_num": 23}}
:::MLLOG {"namespace": "", "time_ms": 1633376968630, "event_type": "POINT_IN_TIME", "key": "eval_error", "value": 0.1444920300564263, "metadata": {"file": "/p/project/jb_benchmark/MLPerf-1.0-combined/MLPerf/benchmarks-closed/cosmoflow//cosmoflow/train.py", "lineno": 221, "epoch_num": 23}}
:::MLLOG {"namespace": "", "time_ms": 1633376968630, "event_type": "INTERVAL_START", "key": "epoch_start", "value": null, "metadata": {"file": "/p/project/jb_benchmark/MLPerf-1.0-combined/MLPerf/benchmarks-closed/cosmoflow//cosmoflow/train.py", "lineno": 205, "epoch_num": 24}}
:::MLLOG {"namespace": "", "time_ms": 1633376989118, "event_type": "POINT_IN_TIME", "key": "throughput", "value": 25590.354811602636, "metadata": {"file": "/p/project/jb_benchmark/MLPerf-1.0-combined/MLPerf/benchmarks-closed/cosmoflow//cosmoflow/train.py", "lineno": 337, "epoch_num": 24}}
:::MLLOG {"namespace": "", "time_ms": 1633376989118, "event_type": "INTERVAL_START", "key": "eval_start", "value": null, "metadata": {"file": "/p/project/jb_benchmark/MLPerf-1.0-combined/MLPerf/benchmarks-closed/cosmoflow//cosmoflow/train.py", "lineno": 345, "epoch_num": 24}}
:::MLLOG {"namespace": "", "time_ms": 1633376998306, "event_type": "INTERVAL_END", "key": "eval_stop", "value": null, "metadata": {"file": "/p/project/jb_benchmark/MLPerf-1.0-combined/MLPerf/benchmarks-closed/cosmoflow/cosmoflow/utils.py", "lineno": 141, "epoch_num": 24}}
:::MLLOG {"namespace": "", "time_ms": 1633376998306, "event_type": "INTERVAL_END", "key": "epoch_stop", "value": null, "metadata": {"file": "/p/project/jb_benchmark/MLPerf-1.0-combined/MLPerf/benchmarks-closed/cosmoflow/cosmoflow/utils.py", "lineno": 141, "epoch_num": 24}}
:::MLLOG {"namespace": "", "time_ms": 1633376998306, "event_type": "POINT_IN_TIME", "key": "eval_error", "value": 0.14658003987214668, "metadata": {"file": "/p/project/jb_benchmark/MLPerf-1.0-combined/MLPerf/benchmarks-closed/cosmoflow//cosmoflow/train.py", "lineno": 221, "epoch_num": 24}}
:::MLLOG {"namespace": "", "time_ms": 1633376998306, "event_type": "INTERVAL_START", "key": "epoch_start", "value": null, "metadata": {"file": "/p/project/jb_benchmark/MLPerf-1.0-combined/MLPerf/benchmarks-closed/cosmoflow//cosmoflow/train.py", "lineno": 205, "epoch_num": 25}}
:::MLLOG {"namespace": "", "time_ms": 1633377018809, "event_type": "POINT_IN_TIME", "key": "throughput", "value": 25572.12376744452, "metadata": {"file": "/p/project/jb_benchmark/MLPerf-1.0-combined/MLPerf/benchmarks-closed/cosmoflow//cosmoflow/train.py", "lineno": 337, "epoch_num": 25}}
:::MLLOG {"namespace": "", "time_ms": 1633377018809, "event_type": "INTERVAL_START", "key": "eval_start", "value": null, "metadata": {"file": "/p/project/jb_benchmark/MLPerf-1.0-combined/MLPerf/benchmarks-closed/cosmoflow//cosmoflow/train.py", "lineno": 345, "epoch_num": 25}}
:::MLLOG {"namespace": "", "time_ms": 1633377028109, "event_type": "INTERVAL_END", "key": "eval_stop", "value": null, "metadata": {"file": "/p/project/jb_benchmark/MLPerf-1.0-combined/MLPerf/benchmarks-closed/cosmoflow/cosmoflow/utils.py", "lineno": 141, "epoch_num": 25}}
:::MLLOG {"namespace": "", "time_ms": 1633377028110, "event_type": "INTERVAL_END", "key": "epoch_stop", "value": null, "metadata": {"file": "/p/project/jb_benchmark/MLPerf-1.0-combined/MLPerf/benchmarks-closed/cosmoflow/cosmoflow/utils.py", "lineno": 141, "epoch_num": 25}}
:::MLLOG {"namespace": "", "time_ms": 1633377028110, "event_type": "POINT_IN_TIME", "key": "eval_error", "value": 0.14695054283220088, "metadata": {"file": "/p/project/jb_benchmark/MLPerf-1.0-combined/MLPerf/benchmarks-closed/cosmoflow//cosmoflow/train.py", "lineno": 221, "epoch_num": 25}}
:::MLLOG {"namespace": "", "time_ms": 1633377028110, "event_type": "INTERVAL_START", "key": "epoch_start", "value": null, "metadata": {"file": "/p/project/jb_benchmark/MLPerf-1.0-combined/MLPerf/benchmarks-closed/cosmoflow//cosmoflow/train.py", "lineno": 205, "epoch_num": 26}}
:::MLLOG {"namespace": "", "time_ms": 1633377048698, "event_type": "POINT_IN_TIME", "key": "throughput", "value": 25465.97145900454, "metadata": {"file": "/p/project/jb_benchmark/MLPerf-1.0-combined/MLPerf/benchmarks-closed/cosmoflow//cosmoflow/train.py", "lineno": 337, "epoch_num": 26}}
:::MLLOG {"namespace": "", "time_ms": 1633377048698, "event_type": "INTERVAL_START", "key": "eval_start", "value": null, "metadata": {"file": "/p/project/jb_benchmark/MLPerf-1.0-combined/MLPerf/benchmarks-closed/cosmoflow//cosmoflow/train.py", "lineno": 345, "epoch_num": 26}}
:::MLLOG {"namespace": "", "time_ms": 1633377058533, "event_type": "INTERVAL_END", "key": "eval_stop", "value": null, "metadata": {"file": "/p/project/jb_benchmark/MLPerf-1.0-combined/MLPerf/benchmarks-closed/cosmoflow/cosmoflow/utils.py", "lineno": 141, "epoch_num": 26}}
:::MLLOG {"namespace": "", "time_ms": 1633377058533, "event_type": "INTERVAL_END", "key": "epoch_stop", "value": null, "metadata": {"file": "/p/project/jb_benchmark/MLPerf-1.0-combined/MLPerf/benchmarks-closed/cosmoflow/cosmoflow/utils.py", "lineno": 141, "epoch_num": 26}}
:::MLLOG {"namespace": "", "time_ms": 1633377058533, "event_type": "POINT_IN_TIME", "key": "eval_error", "value": 0.14252454036613926, "metadata": {"file": "/p/project/jb_benchmark/MLPerf-1.0-combined/MLPerf/benchmarks-closed/cosmoflow//cosmoflow/train.py", "lineno": 221, "epoch_num": 26}}
:::MLLOG {"namespace": "", "time_ms": 1633377058533, "event_type": "INTERVAL_START", "key": "epoch_start", "value": null, "metadata": {"file": "/p/project/jb_benchmark/MLPerf-1.0-combined/MLPerf/benchmarks-closed/cosmoflow//cosmoflow/train.py", "lineno": 205, "epoch_num": 27}}
:::MLLOG {"namespace": "", "time_ms": 1633377087686, "event_type": "POINT_IN_TIME", "key": "throughput", "value": 17984.2854791524, "metadata": {"file": "/p/project/jb_benchmark/MLPerf-1.0-combined/MLPerf/benchmarks-closed/cosmoflow//cosmoflow/train.py", "lineno": 337, "epoch_num": 27}}
:::MLLOG {"namespace": "", "time_ms": 1633377087687, "event_type": "INTERVAL_START", "key": "eval_start", "value": null, "metadata": {"file": "/p/project/jb_benchmark/MLPerf-1.0-combined/MLPerf/benchmarks-closed/cosmoflow//cosmoflow/train.py", "lineno": 345, "epoch_num": 27}}
:::MLLOG {"namespace": "", "time_ms": 1633377096663, "event_type": "INTERVAL_END", "key": "eval_stop", "value": null, "metadata": {"file": "/p/project/jb_benchmark/MLPerf-1.0-combined/MLPerf/benchmarks-closed/cosmoflow/cosmoflow/utils.py", "lineno": 141, "epoch_num": 27}}
:::MLLOG {"namespace": "", "time_ms": 1633377096664, "event_type": "INTERVAL_END", "key": "epoch_stop", "value": null, "metadata": {"file": "/p/project/jb_benchmark/MLPerf-1.0-combined/MLPerf/benchmarks-closed/cosmoflow/cosmoflow/utils.py", "lineno": 141, "epoch_num": 27}}
:::MLLOG {"namespace": "", "time_ms": 1633377096664, "event_type": "POINT_IN_TIME", "key": "eval_error", "value": 0.14952647684549447, "metadata": {"file": "/p/project/jb_benchmark/MLPerf-1.0-combined/MLPerf/benchmarks-closed/cosmoflow//cosmoflow/train.py", "lineno": 221, "epoch_num": 27}}
:::MLLOG {"namespace": "", "time_ms": 1633377096664, "event_type": "INTERVAL_START", "key": "epoch_start", "value": null, "metadata": {"file": "/p/project/jb_benchmark/MLPerf-1.0-combined/MLPerf/benchmarks-closed/cosmoflow//cosmoflow/train.py", "lineno": 205, "epoch_num": 28}}
:::MLLOG {"namespace": "", "time_ms": 1633377117147, "event_type": "POINT_IN_TIME", "key": "throughput", "value": 25595.974613484792, "metadata": {"file": "/p/project/jb_benchmark/MLPerf-1.0-combined/MLPerf/benchmarks-closed/cosmoflow//cosmoflow/train.py", "lineno": 337, "epoch_num": 28}}
:::MLLOG {"namespace": "", "time_ms": 1633377117148, "event_type": "INTERVAL_START", "key": "eval_start", "value": null, "metadata": {"file": "/p/project/jb_benchmark/MLPerf-1.0-combined/MLPerf/benchmarks-closed/cosmoflow//cosmoflow/train.py", "lineno": 345, "epoch_num": 28}}
:::MLLOG {"namespace": "", "time_ms": 1633377126367, "event_type": "INTERVAL_END", "key": "eval_stop", "value": null, "metadata": {"file": "/p/project/jb_benchmark/MLPerf-1.0-combined/MLPerf/benchmarks-closed/cosmoflow/cosmoflow/utils.py", "lineno": 141, "epoch_num": 28}}
:::MLLOG {"namespace": "", "time_ms": 1633377126368, "event_type": "INTERVAL_END", "key": "epoch_stop", "value": null, "metadata": {"file": "/p/project/jb_benchmark/MLPerf-1.0-combined/MLPerf/benchmarks-closed/cosmoflow/cosmoflow/utils.py", "lineno": 141, "epoch_num": 28}}
:::MLLOG {"namespace": "", "time_ms": 1633377126368, "event_type": "POINT_IN_TIME", "key": "eval_error", "value": 0.13432723277946934, "metadata": {"file": "/p/project/jb_benchmark/MLPerf-1.0-combined/MLPerf/benchmarks-closed/cosmoflow//cosmoflow/train.py", "lineno": 221, "epoch_num": 28}}
:::MLLOG {"namespace": "", "time_ms": 1633377126368, "event_type": "INTERVAL_START", "key": "epoch_start", "value": null, "metadata": {"file": "/p/project/jb_benchmark/MLPerf-1.0-combined/MLPerf/benchmarks-closed/cosmoflow//cosmoflow/train.py", "lineno": 205, "epoch_num": 29}}
:::MLLOG {"namespace": "", "time_ms": 1633377163614, "event_type": "POINT_IN_TIME", "key": "throughput", "value": 14076.218592542173, "metadata": {"file": "/p/project/jb_benchmark/MLPerf-1.0-combined/MLPerf/benchmarks-closed/cosmoflow//cosmoflow/train.py", "lineno": 337, "epoch_num": 29}}
:::MLLOG {"namespace": "", "time_ms": 1633377163615, "event_type": "INTERVAL_START", "key": "eval_start", "value": null, "metadata": {"file": "/p/project/jb_benchmark/MLPerf-1.0-combined/MLPerf/benchmarks-closed/cosmoflow//cosmoflow/train.py", "lineno": 345, "epoch_num": 29}}
:::MLLOG {"namespace": "", "time_ms": 1633377172658, "event_type": "INTERVAL_END", "key": "eval_stop", "value": null, "metadata": {"file": "/p/project/jb_benchmark/MLPerf-1.0-combined/MLPerf/benchmarks-closed/cosmoflow/cosmoflow/utils.py", "lineno": 141, "epoch_num": 29}}
:::MLLOG {"namespace": "", "time_ms": 1633377172659, "event_type": "INTERVAL_END", "key": "epoch_stop", "value": null, "metadata": {"file": "/p/project/jb_benchmark/MLPerf-1.0-combined/MLPerf/benchmarks-closed/cosmoflow/cosmoflow/utils.py", "lineno": 141, "epoch_num": 29}}
:::MLLOG {"namespace": "", "time_ms": 1633377172659, "event_type": "POINT_IN_TIME", "key": "eval_error", "value": 0.15364819756359793, "metadata": {"file": "/p/project/jb_benchmark/MLPerf-1.0-combined/MLPerf/benchmarks-closed/cosmoflow//cosmoflow/train.py", "lineno": 221, "epoch_num": 29}}
:::MLLOG {"namespace": "", "time_ms": 1633377172659, "event_type": "INTERVAL_START", "key": "epoch_start", "value": null, "metadata": {"file": "/p/project/jb_benchmark/MLPerf-1.0-combined/MLPerf/benchmarks-closed/cosmoflow//cosmoflow/train.py", "lineno": 205, "epoch_num": 30}}
:::MLLOG {"namespace": "", "time_ms": 1633377193255, "event_type": "POINT_IN_TIME", "key": "throughput", "value": 25456.477692292716, "metadata": {"file": "/p/project/jb_benchmark/MLPerf-1.0-combined/MLPerf/benchmarks-closed/cosmoflow//cosmoflow/train.py", "lineno": 337, "epoch_num": 30}}
:::MLLOG {"namespace": "", "time_ms": 1633377193255, "event_type": "INTERVAL_START", "key": "eval_start", "value": null, "metadata": {"file": "/p/project/jb_benchmark/MLPerf-1.0-combined/MLPerf/benchmarks-closed/cosmoflow//cosmoflow/train.py", "lineno": 345, "epoch_num": 30}}
:::MLLOG {"namespace": "", "time_ms": 1633377202378, "event_type": "INTERVAL_END", "key": "eval_stop", "value": null, "metadata": {"file": "/p/project/jb_benchmark/MLPerf-1.0-combined/MLPerf/benchmarks-closed/cosmoflow/cosmoflow/utils.py", "lineno": 141, "epoch_num": 30}}
:::MLLOG {"namespace": "", "time_ms": 1633377202379, "event_type": "INTERVAL_END", "key": "epoch_stop", "value": null, "metadata": {"file": "/p/project/jb_benchmark/MLPerf-1.0-combined/MLPerf/benchmarks-closed/cosmoflow/cosmoflow/utils.py", "lineno": 141, "epoch_num": 30}}
:::MLLOG {"namespace": "", "time_ms": 1633377202379, "event_type": "POINT_IN_TIME", "key": "eval_error", "value": 0.1445904969878029, "metadata": {"file": "/p/project/jb_benchmark/MLPerf-1.0-combined/MLPerf/benchmarks-closed/cosmoflow//cosmoflow/train.py", "lineno": 221, "epoch_num": 30}}
:::MLLOG {"namespace": "", "time_ms": 1633377202379, "event_type": "INTERVAL_START", "key": "epoch_start", "value": null, "metadata": {"file": "/p/project/jb_benchmark/MLPerf-1.0-combined/MLPerf/benchmarks-closed/cosmoflow//cosmoflow/train.py", "lineno": 205, "epoch_num": 31}}
:::MLLOG {"namespace": "", "time_ms": 1633377222961, "event_type": "POINT_IN_TIME", "key": "throughput", "value": 25473.766272174988, "metadata": {"file": "/p/project/jb_benchmark/MLPerf-1.0-combined/MLPerf/benchmarks-closed/cosmoflow//cosmoflow/train.py", "lineno": 337, "epoch_num": 31}}
:::MLLOG {"namespace": "", "time_ms": 1633377222961, "event_type": "INTERVAL_START", "key": "eval_start", "value": null, "metadata": {"file": "/p/project/jb_benchmark/MLPerf-1.0-combined/MLPerf/benchmarks-closed/cosmoflow//cosmoflow/train.py", "lineno": 345, "epoch_num": 31}}
:::MLLOG {"namespace": "", "time_ms": 1633377231741, "event_type": "INTERVAL_END", "key": "eval_stop", "value": null, "metadata": {"file": "/p/project/jb_benchmark/MLPerf-1.0-combined/MLPerf/benchmarks-closed/cosmoflow/cosmoflow/utils.py", "lineno": 141, "epoch_num": 31}}
:::MLLOG {"namespace": "", "time_ms": 1633377231741, "event_type": "INTERVAL_END", "key": "epoch_stop", "value": null, "metadata": {"file": "/p/project/jb_benchmark/MLPerf-1.0-combined/MLPerf/benchmarks-closed/cosmoflow/cosmoflow/utils.py", "lineno": 141, "epoch_num": 31}}
:::MLLOG {"namespace": "", "time_ms": 1633377231741, "event_type": "POINT_IN_TIME", "key": "eval_error", "value": 0.1374572514760075, "metadata": {"file": "/p/project/jb_benchmark/MLPerf-1.0-combined/MLPerf/benchmarks-closed/cosmoflow//cosmoflow/train.py", "lineno": 221, "epoch_num": 31}}
:::MLLOG {"namespace": "", "time_ms": 1633377231742, "event_type": "INTERVAL_START", "key": "epoch_start", "value": null, "metadata": {"file": "/p/project/jb_benchmark/MLPerf-1.0-combined/MLPerf/benchmarks-closed/cosmoflow//cosmoflow/train.py", "lineno": 205, "epoch_num": 32}}
:::MLLOG {"namespace": "", "time_ms": 1633377252344, "event_type": "POINT_IN_TIME", "key": "throughput", "value": 25447.54491420455, "metadata": {"file": "/p/project/jb_benchmark/MLPerf-1.0-combined/MLPerf/benchmarks-closed/cosmoflow//cosmoflow/train.py", "lineno": 337, "epoch_num": 32}}
:::MLLOG {"namespace": "", "time_ms": 1633377252345, "event_type": "INTERVAL_START", "key": "eval_start", "value": null, "metadata": {"file": "/p/project/jb_benchmark/MLPerf-1.0-combined/MLPerf/benchmarks-closed/cosmoflow//cosmoflow/train.py", "lineno": 345, "epoch_num": 32}}
:::MLLOG {"namespace": "", "time_ms": 1633377261374, "event_type": "INTERVAL_END", "key": "eval_stop", "value": null, "metadata": {"file": "/p/project/jb_benchmark/MLPerf-1.0-combined/MLPerf/benchmarks-closed/cosmoflow/cosmoflow/utils.py", "lineno": 141, "epoch_num": 32}}
:::MLLOG {"namespace": "", "time_ms": 1633377261375, "event_type": "INTERVAL_END", "key": "epoch_stop", "value": null, "metadata": {"file": "/p/project/jb_benchmark/MLPerf-1.0-combined/MLPerf/benchmarks-closed/cosmoflow/cosmoflow/utils.py", "lineno": 141, "epoch_num": 32}}
:::MLLOG {"namespace": "", "time_ms": 1633377261375, "event_type": "POINT_IN_TIME", "key": "eval_error", "value": 0.13708502045483328, "metadata": {"file": "/p/project/jb_benchmark/MLPerf-1.0-combined/MLPerf/benchmarks-closed/cosmoflow//cosmoflow/train.py", "lineno": 221, "epoch_num": 32}}
:::MLLOG {"namespace": "", "time_ms": 1633377261375, "event_type": "INTERVAL_START", "key": "epoch_start", "value": null, "metadata": {"file": "/p/project/jb_benchmark/MLPerf-1.0-combined/MLPerf/benchmarks-closed/cosmoflow//cosmoflow/train.py", "lineno": 205, "epoch_num": 33}}
:::MLLOG {"namespace": "", "time_ms": 1633377282004, "event_type": "POINT_IN_TIME", "key": "throughput", "value": 25415.644611448544, "metadata": {"file": "/p/project/jb_benchmark/MLPerf-1.0-combined/MLPerf/benchmarks-closed/cosmoflow//cosmoflow/train.py", "lineno": 337, "epoch_num": 33}}
:::MLLOG {"namespace": "", "time_ms": 1633377282004, "event_type": "INTERVAL_START", "key": "eval_start", "value": null, "metadata": {"file": "/p/project/jb_benchmark/MLPerf-1.0-combined/MLPerf/benchmarks-closed/cosmoflow//cosmoflow/train.py", "lineno": 345, "epoch_num": 33}}
:::MLLOG {"namespace": "", "time_ms": 1633377290624, "event_type": "INTERVAL_END", "key": "eval_stop", "value": null, "metadata": {"file": "/p/project/jb_benchmark/MLPerf-1.0-combined/MLPerf/benchmarks-closed/cosmoflow/cosmoflow/utils.py", "lineno": 141, "epoch_num": 33}}
:::MLLOG {"namespace": "", "time_ms": 1633377290625, "event_type": "INTERVAL_END", "key": "epoch_stop", "value": null, "metadata": {"file": "/p/project/jb_benchmark/MLPerf-1.0-combined/MLPerf/benchmarks-closed/cosmoflow/cosmoflow/utils.py", "lineno": 141, "epoch_num": 33}}
:::MLLOG {"namespace": "", "time_ms": 1633377290625, "event_type": "POINT_IN_TIME", "key": "eval_error", "value": 0.13830912101548165, "metadata": {"file": "/p/project/jb_benchmark/MLPerf-1.0-combined/MLPerf/benchmarks-closed/cosmoflow//cosmoflow/train.py", "lineno": 221, "epoch_num": 33}}
:::MLLOG {"namespace": "", "time_ms": 1633377290625, "event_type": "INTERVAL_START", "key": "epoch_start", "value": null, "metadata": {"file": "/p/project/jb_benchmark/MLPerf-1.0-combined/MLPerf/benchmarks-closed/cosmoflow//cosmoflow/train.py", "lineno": 205, "epoch_num": 34}}
:::MLLOG {"namespace": "", "time_ms": 1633377319337, "event_type": "POINT_IN_TIME", "key": "throughput", "value": 18260.28396485679, "metadata": {"file": "/p/project/jb_benchmark/MLPerf-1.0-combined/MLPerf/benchmarks-closed/cosmoflow//cosmoflow/train.py", "lineno": 337, "epoch_num": 34}}
:::MLLOG {"namespace": "", "time_ms": 1633377319337, "event_type": "INTERVAL_START", "key": "eval_start", "value": null, "metadata": {"file": "/p/project/jb_benchmark/MLPerf-1.0-combined/MLPerf/benchmarks-closed/cosmoflow//cosmoflow/train.py", "lineno": 345, "epoch_num": 34}}
:::MLLOG {"namespace": "", "time_ms": 1633377328505, "event_type": "INTERVAL_END", "key": "eval_stop", "value": null, "metadata": {"file": "/p/project/jb_benchmark/MLPerf-1.0-combined/MLPerf/benchmarks-closed/cosmoflow/cosmoflow/utils.py", "lineno": 141, "epoch_num": 34}}
:::MLLOG {"namespace": "", "time_ms": 1633377328505, "event_type": "INTERVAL_END", "key": "epoch_stop", "value": null, "metadata": {"file": "/p/project/jb_benchmark/MLPerf-1.0-combined/MLPerf/benchmarks-closed/cosmoflow/cosmoflow/utils.py", "lineno": 141, "epoch_num": 34}}
:::MLLOG {"namespace": "", "time_ms": 1633377328506, "event_type": "POINT_IN_TIME", "key": "eval_error", "value": 0.1264584063392249, "metadata": {"file": "/p/project/jb_benchmark/MLPerf-1.0-combined/MLPerf/benchmarks-closed/cosmoflow//cosmoflow/train.py", "lineno": 221, "epoch_num": 34}}
:::MLLOG {"namespace": "", "time_ms": 1633377328506, "event_type": "INTERVAL_START", "key": "epoch_start", "value": null, "metadata": {"file": "/p/project/jb_benchmark/MLPerf-1.0-combined/MLPerf/benchmarks-closed/cosmoflow//cosmoflow/train.py", "lineno": 205, "epoch_num": 35}}
:::MLLOG {"namespace": "", "time_ms": 1633377349156, "event_type": "POINT_IN_TIME", "key": "throughput", "value": 25389.24194900816, "metadata": {"file": "/p/project/jb_benchmark/MLPerf-1.0-combined/MLPerf/benchmarks-closed/cosmoflow//cosmoflow/train.py", "lineno": 337, "epoch_num": 35}}
:::MLLOG {"namespace": "", "time_ms": 1633377349156, "event_type": "INTERVAL_START", "key": "eval_start", "value": null, "metadata": {"file": "/p/project/jb_benchmark/MLPerf-1.0-combined/MLPerf/benchmarks-closed/cosmoflow//cosmoflow/train.py", "lineno": 345, "epoch_num": 35}}
:::MLLOG {"namespace": "", "time_ms": 1633377361528, "event_type": "INTERVAL_END", "key": "eval_stop", "value": null, "metadata": {"file": "/p/project/jb_benchmark/MLPerf-1.0-combined/MLPerf/benchmarks-closed/cosmoflow/cosmoflow/utils.py", "lineno": 141, "epoch_num": 35}}
:::MLLOG {"namespace": "", "time_ms": 1633377361528, "event_type": "INTERVAL_END", "key": "epoch_stop", "value": null, "metadata": {"file": "/p/project/jb_benchmark/MLPerf-1.0-combined/MLPerf/benchmarks-closed/cosmoflow/cosmoflow/utils.py", "lineno": 141, "epoch_num": 35}}
:::MLLOG {"namespace": "", "time_ms": 1633377361528, "event_type": "POINT_IN_TIME", "key": "eval_error", "value": 0.1269653434911561, "metadata": {"file": "/p/project/jb_benchmark/MLPerf-1.0-combined/MLPerf/benchmarks-closed/cosmoflow//cosmoflow/train.py", "lineno": 221, "epoch_num": 35}}
:::MLLOG {"namespace": "", "time_ms": 1633377361528, "event_type": "INTERVAL_START", "key": "epoch_start", "value": null, "metadata": {"file": "/p/project/jb_benchmark/MLPerf-1.0-combined/MLPerf/benchmarks-closed/cosmoflow//cosmoflow/train.py", "lineno": 205, "epoch_num": 36}}
:::MLLOG {"namespace": "", "time_ms": 1633377382206, "event_type": "POINT_IN_TIME", "key": "throughput", "value": 25355.461366820175, "metadata": {"file": "/p/project/jb_benchmark/MLPerf-1.0-combined/MLPerf/benchmarks-closed/cosmoflow//cosmoflow/train.py", "lineno": 337, "epoch_num": 36}}
:::MLLOG {"namespace": "", "time_ms": 1633377382206, "event_type": "INTERVAL_START", "key": "eval_start", "value": null, "metadata": {"file": "/p/project/jb_benchmark/MLPerf-1.0-combined/MLPerf/benchmarks-closed/cosmoflow//cosmoflow/train.py", "lineno": 345, "epoch_num": 36}}
:::MLLOG {"namespace": "", "time_ms": 1633377396021, "event_type": "INTERVAL_END", "key": "eval_stop", "value": null, "metadata": {"file": "/p/project/jb_benchmark/MLPerf-1.0-combined/MLPerf/benchmarks-closed/cosmoflow/cosmoflow/utils.py", "lineno": 141, "epoch_num": 36}}
:::MLLOG {"namespace": "", "time_ms": 1633377396021, "event_type": "INTERVAL_END", "key": "epoch_stop", "value": null, "metadata": {"file": "/p/project/jb_benchmark/MLPerf-1.0-combined/MLPerf/benchmarks-closed/cosmoflow/cosmoflow/utils.py", "lineno": 141, "epoch_num": 36}}
:::MLLOG {"namespace": "", "time_ms": 1633377396021, "event_type": "POINT_IN_TIME", "key": "eval_error", "value": 0.12833380687516183, "metadata": {"file": "/p/project/jb_benchmark/MLPerf-1.0-combined/MLPerf/benchmarks-closed/cosmoflow//cosmoflow/train.py", "lineno": 221, "epoch_num": 36}}
:::MLLOG {"namespace": "", "time_ms": 1633377396021, "event_type": "INTERVAL_START", "key": "epoch_start", "value": null, "metadata": {"file": "/p/project/jb_benchmark/MLPerf-1.0-combined/MLPerf/benchmarks-closed/cosmoflow//cosmoflow/train.py", "lineno": 205, "epoch_num": 37}}
:::MLLOG {"namespace": "", "time_ms": 1633377416538, "event_type": "POINT_IN_TIME", "key": "throughput", "value": 25554.248598188813, "metadata": {"file": "/p/project/jb_benchmark/MLPerf-1.0-combined/MLPerf/benchmarks-closed/cosmoflow//cosmoflow/train.py", "lineno": 337, "epoch_num": 37}}
:::MLLOG {"namespace": "", "time_ms": 1633377416539, "event_type": "INTERVAL_START", "key": "eval_start", "value": null, "metadata": {"file": "/p/project/jb_benchmark/MLPerf-1.0-combined/MLPerf/benchmarks-closed/cosmoflow//cosmoflow/train.py", "lineno": 345, "epoch_num": 37}}
:::MLLOG {"namespace": "", "time_ms": 1633377427520, "event_type": "INTERVAL_END", "key": "eval_stop", "value": null, "metadata": {"file": "/p/project/jb_benchmark/MLPerf-1.0-combined/MLPerf/benchmarks-closed/cosmoflow/cosmoflow/utils.py", "lineno": 141, "epoch_num": 37}}
:::MLLOG {"namespace": "", "time_ms": 1633377427521, "event_type": "INTERVAL_END", "key": "epoch_stop", "value": null, "metadata": {"file": "/p/project/jb_benchmark/MLPerf-1.0-combined/MLPerf/benchmarks-closed/cosmoflow/cosmoflow/utils.py", "lineno": 141, "epoch_num": 37}}
:::MLLOG {"namespace": "", "time_ms": 1633377427521, "event_type": "POINT_IN_TIME", "key": "eval_error", "value": 0.12702047817583662, "metadata": {"file": "/p/project/jb_benchmark/MLPerf-1.0-combined/MLPerf/benchmarks-closed/cosmoflow//cosmoflow/train.py", "lineno": 221, "epoch_num": 37}}
:::MLLOG {"namespace": "", "time_ms": 1633377427521, "event_type": "INTERVAL_START", "key": "epoch_start", "value": null, "metadata": {"file": "/p/project/jb_benchmark/MLPerf-1.0-combined/MLPerf/benchmarks-closed/cosmoflow//cosmoflow/train.py", "lineno": 205, "epoch_num": 38}}
:::MLLOG {"namespace": "", "time_ms": 1633377448048, "event_type": "POINT_IN_TIME", "key": "throughput", "value": 25542.18558688411, "metadata": {"file": "/p/project/jb_benchmark/MLPerf-1.0-combined/MLPerf/benchmarks-closed/cosmoflow//cosmoflow/train.py", "lineno": 337, "epoch_num": 38}}
:::MLLOG {"namespace": "", "time_ms": 1633377448048, "event_type": "INTERVAL_START", "key": "eval_start", "value": null, "metadata": {"file": "/p/project/jb_benchmark/MLPerf-1.0-combined/MLPerf/benchmarks-closed/cosmoflow//cosmoflow/train.py", "lineno": 345, "epoch_num": 38}}
:::MLLOG {"namespace": "", "time_ms": 1633377464580, "event_type": "INTERVAL_END", "key": "eval_stop", "value": null, "metadata": {"file": "/p/project/jb_benchmark/MLPerf-1.0-combined/MLPerf/benchmarks-closed/cosmoflow/cosmoflow/utils.py", "lineno": 141, "epoch_num": 38}}
:::MLLOG {"namespace": "", "time_ms": 1633377464580, "event_type": "INTERVAL_END", "key": "epoch_stop", "value": null, "metadata": {"file": "/p/project/jb_benchmark/MLPerf-1.0-combined/MLPerf/benchmarks-closed/cosmoflow/cosmoflow/utils.py", "lineno": 141, "epoch_num": 38}}
:::MLLOG {"namespace": "", "time_ms": 1633377464581, "event_type": "POINT_IN_TIME", "key": "eval_error", "value": 0.12441602348553715, "metadata": {"file": "/p/project/jb_benchmark/MLPerf-1.0-combined/MLPerf/benchmarks-closed/cosmoflow//cosmoflow/train.py", "lineno": 221, "epoch_num": 38}}
:::MLLOG {"namespace": "", "time_ms": 1633377464581, "event_type": "INTERVAL_START", "key": "epoch_start", "value": null, "metadata": {"file": "/p/project/jb_benchmark/MLPerf-1.0-combined/MLPerf/benchmarks-closed/cosmoflow//cosmoflow/train.py", "lineno": 205, "epoch_num": 39}}
:::MLLOG {"namespace": "", "time_ms": 1633377485484, "event_type": "POINT_IN_TIME", "key": "throughput", "value": 25081.876868654203, "metadata": {"file": "/p/project/jb_benchmark/MLPerf-1.0-combined/MLPerf/benchmarks-closed/cosmoflow//cosmoflow/train.py", "lineno": 337, "epoch_num": 39}}
:::MLLOG {"namespace": "", "time_ms": 1633377485484, "event_type": "INTERVAL_START", "key": "eval_start", "value": null, "metadata": {"file": "/p/project/jb_benchmark/MLPerf-1.0-combined/MLPerf/benchmarks-closed/cosmoflow//cosmoflow/train.py", "lineno": 345, "epoch_num": 39}}
:::MLLOG {"namespace": "", "time_ms": 1633377498861, "event_type": "INTERVAL_END", "key": "eval_stop", "value": null, "metadata": {"file": "/p/project/jb_benchmark/MLPerf-1.0-combined/MLPerf/benchmarks-closed/cosmoflow/cosmoflow/utils.py", "lineno": 141, "epoch_num": 39}}
:::MLLOG {"namespace": "", "time_ms": 1633377498862, "event_type": "INTERVAL_END", "key": "epoch_stop", "value": null, "metadata": {"file": "/p/project/jb_benchmark/MLPerf-1.0-combined/MLPerf/benchmarks-closed/cosmoflow/cosmoflow/utils.py", "lineno": 141, "epoch_num": 39}}
:::MLLOG {"namespace": "", "time_ms": 1633377498862, "event_type": "POINT_IN_TIME", "key": "eval_error", "value": 0.1324631568042533, "metadata": {"file": "/p/project/jb_benchmark/MLPerf-1.0-combined/MLPerf/benchmarks-closed/cosmoflow//cosmoflow/train.py", "lineno": 221, "epoch_num": 39}}
:::MLLOG {"namespace": "", "time_ms": 1633377498862, "event_type": "INTERVAL_START", "key": "epoch_start", "value": null, "metadata": {"file": "/p/project/jb_benchmark/MLPerf-1.0-combined/MLPerf/benchmarks-closed/cosmoflow//cosmoflow/train.py", "lineno": 205, "epoch_num": 40}}
:::MLLOG {"namespace": "", "time_ms": 1633377519435, "event_type": "POINT_IN_TIME", "key": "throughput", "value": 25484.738952311556, "metadata": {"file": "/p/project/jb_benchmark/MLPerf-1.0-combined/MLPerf/benchmarks-closed/cosmoflow//cosmoflow/train.py", "lineno": 337, "epoch_num": 40}}
:::MLLOG {"namespace": "", "time_ms": 1633377519435, "event_type": "INTERVAL_START", "key": "eval_start", "value": null, "metadata": {"file": "/p/project/jb_benchmark/MLPerf-1.0-combined/MLPerf/benchmarks-closed/cosmoflow//cosmoflow/train.py", "lineno": 345, "epoch_num": 40}}
:::MLLOG {"namespace": "", "time_ms": 1633377532042, "event_type": "INTERVAL_END", "key": "eval_stop", "value": null, "metadata": {"file": "/p/project/jb_benchmark/MLPerf-1.0-combined/MLPerf/benchmarks-closed/cosmoflow/cosmoflow/utils.py", "lineno": 141, "epoch_num": 40}}
:::MLLOG {"namespace": "", "time_ms": 1633377532043, "event_type": "INTERVAL_END", "key": "epoch_stop", "value": null, "metadata": {"file": "/p/project/jb_benchmark/MLPerf-1.0-combined/MLPerf/benchmarks-closed/cosmoflow/cosmoflow/utils.py", "lineno": 141, "epoch_num": 40}}
:::MLLOG {"namespace": "", "time_ms": 1633377532043, "event_type": "POINT_IN_TIME", "key": "eval_error", "value": 0.12622302758973092, "metadata": {"file": "/p/project/jb_benchmark/MLPerf-1.0-combined/MLPerf/benchmarks-closed/cosmoflow//cosmoflow/train.py", "lineno": 221, "epoch_num": 40}}
:::MLLOG {"namespace": "", "time_ms": 1633377532043, "event_type": "INTERVAL_START", "key": "epoch_start", "value": null, "metadata": {"file": "/p/project/jb_benchmark/MLPerf-1.0-combined/MLPerf/benchmarks-closed/cosmoflow//cosmoflow/train.py", "lineno": 205, "epoch_num": 41}}
:::MLLOG {"namespace": "", "time_ms": 1633377552788, "event_type": "POINT_IN_TIME", "key": "throughput", "value": 25273.584876115747, "metadata": {"file": "/p/project/jb_benchmark/MLPerf-1.0-combined/MLPerf/benchmarks-closed/cosmoflow//cosmoflow/train.py", "lineno": 337, "epoch_num": 41}}
:::MLLOG {"namespace": "", "time_ms": 1633377552788, "event_type": "INTERVAL_START", "key": "eval_start", "value": null, "metadata": {"file": "/p/project/jb_benchmark/MLPerf-1.0-combined/MLPerf/benchmarks-closed/cosmoflow//cosmoflow/train.py", "lineno": 345, "epoch_num": 41}}
:::MLLOG {"namespace": "", "time_ms": 1633377564848, "event_type": "INTERVAL_END", "key": "eval_stop", "value": null, "metadata": {"file": "/p/project/jb_benchmark/MLPerf-1.0-combined/MLPerf/benchmarks-closed/cosmoflow/cosmoflow/utils.py", "lineno": 141, "epoch_num": 41}}
:::MLLOG {"namespace": "", "time_ms": 1633377564849, "event_type": "INTERVAL_END", "key": "epoch_stop", "value": null, "metadata": {"file": "/p/project/jb_benchmark/MLPerf-1.0-combined/MLPerf/benchmarks-closed/cosmoflow/cosmoflow/utils.py", "lineno": 141, "epoch_num": 41}}
:::MLLOG {"namespace": "", "time_ms": 1633377564849, "event_type": "POINT_IN_TIME", "key": "eval_error", "value": 0.1253081559407292, "metadata": {"file": "/p/project/jb_benchmark/MLPerf-1.0-combined/MLPerf/benchmarks-closed/cosmoflow//cosmoflow/train.py", "lineno": 221, "epoch_num": 41}}
:::MLLOG {"namespace": "", "time_ms": 1633377564849, "event_type": "INTERVAL_START", "key": "epoch_start", "value": null, "metadata": {"file": "/p/project/jb_benchmark/MLPerf-1.0-combined/MLPerf/benchmarks-closed/cosmoflow//cosmoflow/train.py", "lineno": 205, "epoch_num": 42}}
:::MLLOG {"namespace": "", "time_ms": 1633377585460, "event_type": "POINT_IN_TIME", "key": "throughput", "value": 25437.298047913344, "metadata": {"file": "/p/project/jb_benchmark/MLPerf-1.0-combined/MLPerf/benchmarks-closed/cosmoflow//cosmoflow/train.py", "lineno": 337, "epoch_num": 42}}
:::MLLOG {"namespace": "", "time_ms": 1633377585461, "event_type": "INTERVAL_START", "key": "eval_start", "value": null, "metadata": {"file": "/p/project/jb_benchmark/MLPerf-1.0-combined/MLPerf/benchmarks-closed/cosmoflow//cosmoflow/train.py", "lineno": 345, "epoch_num": 42}}
:::MLLOG {"namespace": "", "time_ms": 1633377596687, "event_type": "INTERVAL_END", "key": "eval_stop", "value": null, "metadata": {"file": "/p/project/jb_benchmark/MLPerf-1.0-combined/MLPerf/benchmarks-closed/cosmoflow/cosmoflow/utils.py", "lineno": 141, "epoch_num": 42}}
:::MLLOG {"namespace": "", "time_ms": 1633377596688, "event_type": "INTERVAL_END", "key": "epoch_stop", "value": null, "metadata": {"file": "/p/project/jb_benchmark/MLPerf-1.0-combined/MLPerf/benchmarks-closed/cosmoflow/cosmoflow/utils.py", "lineno": 141, "epoch_num": 42}}
:::MLLOG {"namespace": "", "time_ms": 1633377596688, "event_type": "POINT_IN_TIME", "key": "eval_error", "value": 0.12497124074434396, "metadata": {"file": "/p/project/jb_benchmark/MLPerf-1.0-combined/MLPerf/benchmarks-closed/cosmoflow//cosmoflow/train.py", "lineno": 221, "epoch_num": 42}}
:::MLLOG {"namespace": "", "time_ms": 1633377596688, "event_type": "INTERVAL_START", "key": "epoch_start", "value": null, "metadata": {"file": "/p/project/jb_benchmark/MLPerf-1.0-combined/MLPerf/benchmarks-closed/cosmoflow//cosmoflow/train.py", "lineno": 205, "epoch_num": 43}}
:::MLLOG {"namespace": "", "time_ms": 1633377617506, "event_type": "POINT_IN_TIME", "key": "throughput", "value": 25184.288930347408, "metadata": {"file": "/p/project/jb_benchmark/MLPerf-1.0-combined/MLPerf/benchmarks-closed/cosmoflow//cosmoflow/train.py", "lineno": 337, "epoch_num": 43}}
:::MLLOG {"namespace": "", "time_ms": 1633377617507, "event_type": "INTERVAL_START", "key": "eval_start", "value": null, "metadata": {"file": "/p/project/jb_benchmark/MLPerf-1.0-combined/MLPerf/benchmarks-closed/cosmoflow//cosmoflow/train.py", "lineno": 345, "epoch_num": 43}}
:::MLLOG {"namespace": "", "time_ms": 1633377628685, "event_type": "INTERVAL_END", "key": "eval_stop", "value": null, "metadata": {"file": "/p/project/jb_benchmark/MLPerf-1.0-combined/MLPerf/benchmarks-closed/cosmoflow/cosmoflow/utils.py", "lineno": 141, "epoch_num": 43}}
:::MLLOG {"namespace": "", "time_ms": 1633377628686, "event_type": "INTERVAL_END", "key": "epoch_stop", "value": null, "metadata": {"file": "/p/project/jb_benchmark/MLPerf-1.0-combined/MLPerf/benchmarks-closed/cosmoflow/cosmoflow/utils.py", "lineno": 141, "epoch_num": 43}}
:::MLLOG {"namespace": "", "time_ms": 1633377628686, "event_type": "POINT_IN_TIME", "key": "eval_error", "value": 0.12354239818523638, "metadata": {"file": "/p/project/jb_benchmark/MLPerf-1.0-combined/MLPerf/benchmarks-closed/cosmoflow//cosmoflow/train.py", "lineno": 221, "epoch_num": 43}}
:::MLLOG {"namespace": "", "time_ms": 1633377628686, "event_type": "INTERVAL_END", "key": "run_stop", "value": null, "metadata": {"file": "/p/project/jb_benchmark/MLPerf-1.0-combined/MLPerf/benchmarks-closed/cosmoflow/cosmoflow/utils.py", "lineno": 141, "status": "success"}}
