:::MLLOG {"namespace": "", "time_ms": 1633367628785, "event_type": "POINT_IN_TIME", "key": "cache_clear", "value": null, "metadata": {"file": "/p/project/jb_benchmark/MLPerf-1.0-combined/MLPerf/benchmarks-closed/cosmoflow//cosmoflow/train.py", "lineno": 122}}
:::MLLOG {"namespace": "", "time_ms": 1633367628820, "event_type": "INTERVAL_START", "key": "init_start", "value": null, "metadata": {"file": "/p/project/jb_benchmark/MLPerf-1.0-combined/MLPerf/benchmarks-closed/cosmoflow//cosmoflow/train.py", "lineno": 123}}
:::MLLOG {"namespace": "", "time_ms": 1633367628820, "event_type": "POINT_IN_TIME", "key": "submission_benchmark", "value": "cosmoflow", "metadata": {"file": "/p/project/jb_benchmark/MLPerf-1.0-combined/MLPerf/benchmarks-closed/cosmoflow//cosmoflow/train.py", "lineno": 125}}
:::MLLOG {"namespace": "", "time_ms": 1633367628820, "event_type": "POINT_IN_TIME", "key": "submission_org", "value": "HelmholtzAI", "metadata": {"file": "/p/project/jb_benchmark/MLPerf-1.0-combined/MLPerf/benchmarks-closed/cosmoflow//cosmoflow/train.py", "lineno": 127}}
:::MLLOG {"namespace": "", "time_ms": 1633367628820, "event_type": "POINT_IN_TIME", "key": "submission_division", "value": "closed", "metadata": {"file": "/p/project/jb_benchmark/MLPerf-1.0-combined/MLPerf/benchmarks-closed/cosmoflow//cosmoflow/train.py", "lineno": 128}}
:::MLLOG {"namespace": "", "time_ms": 1633367628820, "event_type": "POINT_IN_TIME", "key": "submission_status", "value": "onprem", "metadata": {"file": "/p/project/jb_benchmark/MLPerf-1.0-combined/MLPerf/benchmarks-closed/cosmoflow//cosmoflow/train.py", "lineno": 129}}
:::MLLOG {"namespace": "", "time_ms": 1633367628820, "event_type": "POINT_IN_TIME", "key": "submission_platform", "value": "A100", "metadata": {"file": "/p/project/jb_benchmark/MLPerf-1.0-combined/MLPerf/benchmarks-closed/cosmoflow//cosmoflow/train.py", "lineno": 130}}
:::MLLOG {"namespace": "", "time_ms": 1633367628820, "event_type": "POINT_IN_TIME", "key": "number_of_nodes", "value": 128, "metadata": {"file": "/p/project/jb_benchmark/MLPerf-1.0-combined/MLPerf/benchmarks-closed/cosmoflow//cosmoflow/train.py", "lineno": 132}}
:::MLLOG {"namespace": "", "time_ms": 1633367628820, "event_type": "POINT_IN_TIME", "key": "accelerators_per_node", "value": 4, "metadata": {"file": "/p/project/jb_benchmark/MLPerf-1.0-combined/MLPerf/benchmarks-closed/cosmoflow//cosmoflow/train.py", "lineno": 134}}
:::MLLOG {"namespace": "", "time_ms": 1633367651361, "event_type": "POINT_IN_TIME", "key": "opt_weight_decay", "value": 0.0, "metadata": {"file": "/p/project/jb_benchmark/MLPerf-1.0-combined/MLPerf/benchmarks-closed/cosmoflow//cosmoflow/train.py", "lineno": 150}}
:::MLLOG {"namespace": "", "time_ms": 1633367651361, "event_type": "POINT_IN_TIME", "key": "dropout", "value": 0.5, "metadata": {"file": "/p/project/jb_benchmark/MLPerf-1.0-combined/MLPerf/benchmarks-closed/cosmoflow//cosmoflow/train.py", "lineno": 152}}
:::MLLOG {"namespace": "", "time_ms": 1633367652235, "event_type": "POINT_IN_TIME", "key": "global_batch_size", "value": 512, "metadata": {"file": "/p/project/jb_benchmark/MLPerf-1.0-combined/MLPerf/benchmarks-closed/cosmoflow/cosmoflow/h5_data.py", "lineno": 410}}
:::MLLOG {"namespace": "", "time_ms": 1633367652236, "event_type": "POINT_IN_TIME", "key": "train_samples", "value": 524288, "metadata": {"file": "/p/project/jb_benchmark/MLPerf-1.0-combined/MLPerf/benchmarks-closed/cosmoflow/cosmoflow/h5_data.py", "lineno": 412}}
:::MLLOG {"namespace": "", "time_ms": 1633367652236, "event_type": "POINT_IN_TIME", "key": "eval_samples", "value": 65536, "metadata": {"file": "/p/project/jb_benchmark/MLPerf-1.0-combined/MLPerf/benchmarks-closed/cosmoflow/cosmoflow/h5_data.py", "lineno": 414}}
:::MLLOG {"namespace": "", "time_ms": 1633367652236, "event_type": "POINT_IN_TIME", "key": "opt_base_learning_rate", "value": 0.008, "metadata": {"file": "/p/project/jb_benchmark/MLPerf-1.0-combined/MLPerf/benchmarks-closed/cosmoflow//cosmoflow/train.py", "lineno": 87}}
:::MLLOG {"namespace": "", "time_ms": 1633367652236, "event_type": "POINT_IN_TIME", "key": "opt_learning_rate_warmup_epochs", "value": 4, "metadata": {"file": "/p/project/jb_benchmark/MLPerf-1.0-combined/MLPerf/benchmarks-closed/cosmoflow//cosmoflow/train.py", "lineno": 89}}
:::MLLOG {"namespace": "", "time_ms": 1633367652236, "event_type": "POINT_IN_TIME", "key": "opt_learning_rate_warmup_factor", "value": 8, "metadata": {"file": "/p/project/jb_benchmark/MLPerf-1.0-combined/MLPerf/benchmarks-closed/cosmoflow//cosmoflow/train.py", "lineno": 91}}
:::MLLOG {"namespace": "", "time_ms": 1633367652237, "event_type": "POINT_IN_TIME", "key": "opt_learning_rate_decay_boundary_epochs", "value": [32, 64], "metadata": {"file": "/p/project/jb_benchmark/MLPerf-1.0-combined/MLPerf/benchmarks-closed/cosmoflow//cosmoflow/train.py", "lineno": 93}}
:::MLLOG {"namespace": "", "time_ms": 1633367652237, "event_type": "POINT_IN_TIME", "key": "opt_learning_rate_decay_factor", "value": [0.25, 0.125], "metadata": {"file": "/p/project/jb_benchmark/MLPerf-1.0-combined/MLPerf/benchmarks-closed/cosmoflow//cosmoflow/train.py", "lineno": 95}}
:::MLLOG {"namespace": "", "time_ms": 1633367652237, "event_type": "POINT_IN_TIME", "key": "opt_name", "value": "sgd", "metadata": {"file": "/p/project/jb_benchmark/MLPerf-1.0-combined/MLPerf/benchmarks-closed/cosmoflow//cosmoflow/train.py", "lineno": 171}}
:::MLLOG {"namespace": "", "time_ms": 1633367653057, "event_type": "INTERVAL_END", "key": "init_stop", "value": null, "metadata": {"file": "/p/project/jb_benchmark/MLPerf-1.0-combined/MLPerf/benchmarks-closed/cosmoflow/cosmoflow/utils.py", "lineno": 141}}
:::MLLOG {"namespace": "", "time_ms": 1633367653057, "event_type": "INTERVAL_START", "key": "run_start", "value": null, "metadata": {"file": "/p/project/jb_benchmark/MLPerf-1.0-combined/MLPerf/benchmarks-closed/cosmoflow//cosmoflow/train.py", "lineno": 195}}
:::MLLOG {"namespace": "", "time_ms": 1633367653057, "event_type": "INTERVAL_START", "key": "staging_start", "value": null, "metadata": {"file": "/p/project/jb_benchmark/MLPerf-1.0-combined/MLPerf/benchmarks-closed/cosmoflow/cosmoflow/h5_data.py", "lineno": 418}}
:::MLLOG {"namespace": "", "time_ms": 1633367749952, "event_type": "INTERVAL_END", "key": "staging_stop", "value": null, "metadata": {"file": "/p/project/jb_benchmark/MLPerf-1.0-combined/MLPerf/benchmarks-closed/cosmoflow/cosmoflow/h5_data.py", "lineno": 421}}
:::MLLOG {"namespace": "", "time_ms": 1633367749953, "event_type": "INTERVAL_START", "key": "epoch_start", "value": null, "metadata": {"file": "/p/project/jb_benchmark/MLPerf-1.0-combined/MLPerf/benchmarks-closed/cosmoflow//cosmoflow/train.py", "lineno": 205, "epoch_num": 1}}
:::MLLOG {"namespace": "", "time_ms": 1633367779889, "event_type": "POINT_IN_TIME", "key": "throughput", "value": 17514.4835286467, "metadata": {"file": "/p/project/jb_benchmark/MLPerf-1.0-combined/MLPerf/benchmarks-closed/cosmoflow//cosmoflow/train.py", "lineno": 337, "epoch_num": 1}}
:::MLLOG {"namespace": "", "time_ms": 1633367779890, "event_type": "INTERVAL_START", "key": "eval_start", "value": null, "metadata": {"file": "/p/project/jb_benchmark/MLPerf-1.0-combined/MLPerf/benchmarks-closed/cosmoflow//cosmoflow/train.py", "lineno": 345, "epoch_num": 1}}
:::MLLOG {"namespace": "", "time_ms": 1633367794533, "event_type": "INTERVAL_END", "key": "eval_stop", "value": null, "metadata": {"file": "/p/project/jb_benchmark/MLPerf-1.0-combined/MLPerf/benchmarks-closed/cosmoflow/cosmoflow/utils.py", "lineno": 141, "epoch_num": 1}}
:::MLLOG {"namespace": "", "time_ms": 1633367794537, "event_type": "INTERVAL_END", "key": "epoch_stop", "value": null, "metadata": {"file": "/p/project/jb_benchmark/MLPerf-1.0-combined/MLPerf/benchmarks-closed/cosmoflow/cosmoflow/utils.py", "lineno": 141, "epoch_num": 1}}
:::MLLOG {"namespace": "", "time_ms": 1633367794537, "event_type": "POINT_IN_TIME", "key": "eval_error", "value": 0.38291478145401925, "metadata": {"file": "/p/project/jb_benchmark/MLPerf-1.0-combined/MLPerf/benchmarks-closed/cosmoflow//cosmoflow/train.py", "lineno": 221, "epoch_num": 1}}
:::MLLOG {"namespace": "", "time_ms": 1633367794537, "event_type": "INTERVAL_START", "key": "epoch_start", "value": null, "metadata": {"file": "/p/project/jb_benchmark/MLPerf-1.0-combined/MLPerf/benchmarks-closed/cosmoflow//cosmoflow/train.py", "lineno": 205, "epoch_num": 2}}
:::MLLOG {"namespace": "", "time_ms": 1633367821538, "event_type": "POINT_IN_TIME", "key": "throughput", "value": 19417.676277010858, "metadata": {"file": "/p/project/jb_benchmark/MLPerf-1.0-combined/MLPerf/benchmarks-closed/cosmoflow//cosmoflow/train.py", "lineno": 337, "epoch_num": 2}}
:::MLLOG {"namespace": "", "time_ms": 1633367821540, "event_type": "INTERVAL_START", "key": "eval_start", "value": null, "metadata": {"file": "/p/project/jb_benchmark/MLPerf-1.0-combined/MLPerf/benchmarks-closed/cosmoflow//cosmoflow/train.py", "lineno": 345, "epoch_num": 2}}
:::MLLOG {"namespace": "", "time_ms": 1633367830692, "event_type": "INTERVAL_END", "key": "eval_stop", "value": null, "metadata": {"file": "/p/project/jb_benchmark/MLPerf-1.0-combined/MLPerf/benchmarks-closed/cosmoflow/cosmoflow/utils.py", "lineno": 141, "epoch_num": 2}}
:::MLLOG {"namespace": "", "time_ms": 1633367830692, "event_type": "INTERVAL_END", "key": "epoch_stop", "value": null, "metadata": {"file": "/p/project/jb_benchmark/MLPerf-1.0-combined/MLPerf/benchmarks-closed/cosmoflow/cosmoflow/utils.py", "lineno": 141, "epoch_num": 2}}
:::MLLOG {"namespace": "", "time_ms": 1633367830693, "event_type": "POINT_IN_TIME", "key": "eval_error", "value": 0.32302975648781285, "metadata": {"file": "/p/project/jb_benchmark/MLPerf-1.0-combined/MLPerf/benchmarks-closed/cosmoflow//cosmoflow/train.py", "lineno": 221, "epoch_num": 2}}
:::MLLOG {"namespace": "", "time_ms": 1633367830693, "event_type": "INTERVAL_START", "key": "epoch_start", "value": null, "metadata": {"file": "/p/project/jb_benchmark/MLPerf-1.0-combined/MLPerf/benchmarks-closed/cosmoflow//cosmoflow/train.py", "lineno": 205, "epoch_num": 3}}
:::MLLOG {"namespace": "", "time_ms": 1633367851550, "event_type": "POINT_IN_TIME", "key": "throughput", "value": 25136.90903685528, "metadata": {"file": "/p/project/jb_benchmark/MLPerf-1.0-combined/MLPerf/benchmarks-closed/cosmoflow//cosmoflow/train.py", "lineno": 337, "epoch_num": 3}}
:::MLLOG {"namespace": "", "time_ms": 1633367851552, "event_type": "INTERVAL_START", "key": "eval_start", "value": null, "metadata": {"file": "/p/project/jb_benchmark/MLPerf-1.0-combined/MLPerf/benchmarks-closed/cosmoflow//cosmoflow/train.py", "lineno": 345, "epoch_num": 3}}
:::MLLOG {"namespace": "", "time_ms": 1633367859759, "event_type": "INTERVAL_END", "key": "eval_stop", "value": null, "metadata": {"file": "/p/project/jb_benchmark/MLPerf-1.0-combined/MLPerf/benchmarks-closed/cosmoflow/cosmoflow/utils.py", "lineno": 141, "epoch_num": 3}}
:::MLLOG {"namespace": "", "time_ms": 1633367859763, "event_type": "INTERVAL_END", "key": "epoch_stop", "value": null, "metadata": {"file": "/p/project/jb_benchmark/MLPerf-1.0-combined/MLPerf/benchmarks-closed/cosmoflow/cosmoflow/utils.py", "lineno": 141, "epoch_num": 3}}
:::MLLOG {"namespace": "", "time_ms": 1633367859764, "event_type": "POINT_IN_TIME", "key": "eval_error", "value": 0.31925642443820834, "metadata": {"file": "/p/project/jb_benchmark/MLPerf-1.0-combined/MLPerf/benchmarks-closed/cosmoflow//cosmoflow/train.py", "lineno": 221, "epoch_num": 3}}
:::MLLOG {"namespace": "", "time_ms": 1633367859764, "event_type": "INTERVAL_START", "key": "epoch_start", "value": null, "metadata": {"file": "/p/project/jb_benchmark/MLPerf-1.0-combined/MLPerf/benchmarks-closed/cosmoflow//cosmoflow/train.py", "lineno": 205, "epoch_num": 4}}
:::MLLOG {"namespace": "", "time_ms": 1633367880410, "event_type": "POINT_IN_TIME", "key": "throughput", "value": 25394.656158802434, "metadata": {"file": "/p/project/jb_benchmark/MLPerf-1.0-combined/MLPerf/benchmarks-closed/cosmoflow//cosmoflow/train.py", "lineno": 337, "epoch_num": 4}}
:::MLLOG {"namespace": "", "time_ms": 1633367880411, "event_type": "INTERVAL_START", "key": "eval_start", "value": null, "metadata": {"file": "/p/project/jb_benchmark/MLPerf-1.0-combined/MLPerf/benchmarks-closed/cosmoflow//cosmoflow/train.py", "lineno": 345, "epoch_num": 4}}
:::MLLOG {"namespace": "", "time_ms": 1633367890359, "event_type": "INTERVAL_END", "key": "eval_stop", "value": null, "metadata": {"file": "/p/project/jb_benchmark/MLPerf-1.0-combined/MLPerf/benchmarks-closed/cosmoflow/cosmoflow/utils.py", "lineno": 141, "epoch_num": 4}}
:::MLLOG {"namespace": "", "time_ms": 1633367890360, "event_type": "INTERVAL_END", "key": "epoch_stop", "value": null, "metadata": {"file": "/p/project/jb_benchmark/MLPerf-1.0-combined/MLPerf/benchmarks-closed/cosmoflow/cosmoflow/utils.py", "lineno": 141, "epoch_num": 4}}
:::MLLOG {"namespace": "", "time_ms": 1633367890360, "event_type": "POINT_IN_TIME", "key": "eval_error", "value": 0.2744328953819368, "metadata": {"file": "/p/project/jb_benchmark/MLPerf-1.0-combined/MLPerf/benchmarks-closed/cosmoflow//cosmoflow/train.py", "lineno": 221, "epoch_num": 4}}
:::MLLOG {"namespace": "", "time_ms": 1633367890360, "event_type": "INTERVAL_START", "key": "epoch_start", "value": null, "metadata": {"file": "/p/project/jb_benchmark/MLPerf-1.0-combined/MLPerf/benchmarks-closed/cosmoflow//cosmoflow/train.py", "lineno": 205, "epoch_num": 5}}
:::MLLOG {"namespace": "", "time_ms": 1633367911068, "event_type": "POINT_IN_TIME", "key": "throughput", "value": 25319.18974927002, "metadata": {"file": "/p/project/jb_benchmark/MLPerf-1.0-combined/MLPerf/benchmarks-closed/cosmoflow//cosmoflow/train.py", "lineno": 337, "epoch_num": 5}}
:::MLLOG {"namespace": "", "time_ms": 1633367911068, "event_type": "INTERVAL_START", "key": "eval_start", "value": null, "metadata": {"file": "/p/project/jb_benchmark/MLPerf-1.0-combined/MLPerf/benchmarks-closed/cosmoflow//cosmoflow/train.py", "lineno": 345, "epoch_num": 5}}
:::MLLOG {"namespace": "", "time_ms": 1633367918848, "event_type": "INTERVAL_END", "key": "eval_stop", "value": null, "metadata": {"file": "/p/project/jb_benchmark/MLPerf-1.0-combined/MLPerf/benchmarks-closed/cosmoflow/cosmoflow/utils.py", "lineno": 141, "epoch_num": 5}}
:::MLLOG {"namespace": "", "time_ms": 1633367918849, "event_type": "INTERVAL_END", "key": "epoch_stop", "value": null, "metadata": {"file": "/p/project/jb_benchmark/MLPerf-1.0-combined/MLPerf/benchmarks-closed/cosmoflow/cosmoflow/utils.py", "lineno": 141, "epoch_num": 5}}
:::MLLOG {"namespace": "", "time_ms": 1633367918849, "event_type": "POINT_IN_TIME", "key": "eval_error", "value": 0.3054307698912453, "metadata": {"file": "/p/project/jb_benchmark/MLPerf-1.0-combined/MLPerf/benchmarks-closed/cosmoflow//cosmoflow/train.py", "lineno": 221, "epoch_num": 5}}
:::MLLOG {"namespace": "", "time_ms": 1633367918849, "event_type": "INTERVAL_START", "key": "epoch_start", "value": null, "metadata": {"file": "/p/project/jb_benchmark/MLPerf-1.0-combined/MLPerf/benchmarks-closed/cosmoflow//cosmoflow/train.py", "lineno": 205, "epoch_num": 6}}
:::MLLOG {"namespace": "", "time_ms": 1633367939540, "event_type": "POINT_IN_TIME", "key": "throughput", "value": 25338.517464114804, "metadata": {"file": "/p/project/jb_benchmark/MLPerf-1.0-combined/MLPerf/benchmarks-closed/cosmoflow//cosmoflow/train.py", "lineno": 337, "epoch_num": 6}}
:::MLLOG {"namespace": "", "time_ms": 1633367939541, "event_type": "INTERVAL_START", "key": "eval_start", "value": null, "metadata": {"file": "/p/project/jb_benchmark/MLPerf-1.0-combined/MLPerf/benchmarks-closed/cosmoflow//cosmoflow/train.py", "lineno": 345, "epoch_num": 6}}
:::MLLOG {"namespace": "", "time_ms": 1633367948197, "event_type": "INTERVAL_END", "key": "eval_stop", "value": null, "metadata": {"file": "/p/project/jb_benchmark/MLPerf-1.0-combined/MLPerf/benchmarks-closed/cosmoflow/cosmoflow/utils.py", "lineno": 141, "epoch_num": 6}}
:::MLLOG {"namespace": "", "time_ms": 1633367948197, "event_type": "INTERVAL_END", "key": "epoch_stop", "value": null, "metadata": {"file": "/p/project/jb_benchmark/MLPerf-1.0-combined/MLPerf/benchmarks-closed/cosmoflow/cosmoflow/utils.py", "lineno": 141, "epoch_num": 6}}
:::MLLOG {"namespace": "", "time_ms": 1633367948197, "event_type": "POINT_IN_TIME", "key": "eval_error", "value": 0.3572432993678376, "metadata": {"file": "/p/project/jb_benchmark/MLPerf-1.0-combined/MLPerf/benchmarks-closed/cosmoflow//cosmoflow/train.py", "lineno": 221, "epoch_num": 6}}
:::MLLOG {"namespace": "", "time_ms": 1633367948198, "event_type": "INTERVAL_START", "key": "epoch_start", "value": null, "metadata": {"file": "/p/project/jb_benchmark/MLPerf-1.0-combined/MLPerf/benchmarks-closed/cosmoflow//cosmoflow/train.py", "lineno": 205, "epoch_num": 7}}
:::MLLOG {"namespace": "", "time_ms": 1633367969341, "event_type": "POINT_IN_TIME", "key": "throughput", "value": 24796.852950127864, "metadata": {"file": "/p/project/jb_benchmark/MLPerf-1.0-combined/MLPerf/benchmarks-closed/cosmoflow//cosmoflow/train.py", "lineno": 337, "epoch_num": 7}}
:::MLLOG {"namespace": "", "time_ms": 1633367969342, "event_type": "INTERVAL_START", "key": "eval_start", "value": null, "metadata": {"file": "/p/project/jb_benchmark/MLPerf-1.0-combined/MLPerf/benchmarks-closed/cosmoflow//cosmoflow/train.py", "lineno": 345, "epoch_num": 7}}
:::MLLOG {"namespace": "", "time_ms": 1633367978137, "event_type": "INTERVAL_END", "key": "eval_stop", "value": null, "metadata": {"file": "/p/project/jb_benchmark/MLPerf-1.0-combined/MLPerf/benchmarks-closed/cosmoflow/cosmoflow/utils.py", "lineno": 141, "epoch_num": 7}}
:::MLLOG {"namespace": "", "time_ms": 1633367978138, "event_type": "INTERVAL_END", "key": "epoch_stop", "value": null, "metadata": {"file": "/p/project/jb_benchmark/MLPerf-1.0-combined/MLPerf/benchmarks-closed/cosmoflow/cosmoflow/utils.py", "lineno": 141, "epoch_num": 7}}
:::MLLOG {"namespace": "", "time_ms": 1633367978138, "event_type": "POINT_IN_TIME", "key": "eval_error", "value": 0.38214695430360734, "metadata": {"file": "/p/project/jb_benchmark/MLPerf-1.0-combined/MLPerf/benchmarks-closed/cosmoflow//cosmoflow/train.py", "lineno": 221, "epoch_num": 7}}
:::MLLOG {"namespace": "", "time_ms": 1633367978138, "event_type": "INTERVAL_START", "key": "epoch_start", "value": null, "metadata": {"file": "/p/project/jb_benchmark/MLPerf-1.0-combined/MLPerf/benchmarks-closed/cosmoflow//cosmoflow/train.py", "lineno": 205, "epoch_num": 8}}
:::MLLOG {"namespace": "", "time_ms": 1633367998695, "event_type": "POINT_IN_TIME", "key": "throughput", "value": 25503.8701400738, "metadata": {"file": "/p/project/jb_benchmark/MLPerf-1.0-combined/MLPerf/benchmarks-closed/cosmoflow//cosmoflow/train.py", "lineno": 337, "epoch_num": 8}}
:::MLLOG {"namespace": "", "time_ms": 1633367998696, "event_type": "INTERVAL_START", "key": "eval_start", "value": null, "metadata": {"file": "/p/project/jb_benchmark/MLPerf-1.0-combined/MLPerf/benchmarks-closed/cosmoflow//cosmoflow/train.py", "lineno": 345, "epoch_num": 8}}
:::MLLOG {"namespace": "", "time_ms": 1633368007214, "event_type": "INTERVAL_END", "key": "eval_stop", "value": null, "metadata": {"file": "/p/project/jb_benchmark/MLPerf-1.0-combined/MLPerf/benchmarks-closed/cosmoflow/cosmoflow/utils.py", "lineno": 141, "epoch_num": 8}}
:::MLLOG {"namespace": "", "time_ms": 1633368007215, "event_type": "INTERVAL_END", "key": "epoch_stop", "value": null, "metadata": {"file": "/p/project/jb_benchmark/MLPerf-1.0-combined/MLPerf/benchmarks-closed/cosmoflow/cosmoflow/utils.py", "lineno": 141, "epoch_num": 8}}
:::MLLOG {"namespace": "", "time_ms": 1633368007215, "event_type": "POINT_IN_TIME", "key": "eval_error", "value": 0.2602596280630678, "metadata": {"file": "/p/project/jb_benchmark/MLPerf-1.0-combined/MLPerf/benchmarks-closed/cosmoflow//cosmoflow/train.py", "lineno": 221, "epoch_num": 8}}
:::MLLOG {"namespace": "", "time_ms": 1633368007215, "event_type": "INTERVAL_START", "key": "epoch_start", "value": null, "metadata": {"file": "/p/project/jb_benchmark/MLPerf-1.0-combined/MLPerf/benchmarks-closed/cosmoflow//cosmoflow/train.py", "lineno": 205, "epoch_num": 9}}
:::MLLOG {"namespace": "", "time_ms": 1633368027719, "event_type": "POINT_IN_TIME", "key": "throughput", "value": 25570.19514168872, "metadata": {"file": "/p/project/jb_benchmark/MLPerf-1.0-combined/MLPerf/benchmarks-closed/cosmoflow//cosmoflow/train.py", "lineno": 337, "epoch_num": 9}}
:::MLLOG {"namespace": "", "time_ms": 1633368027719, "event_type": "INTERVAL_START", "key": "eval_start", "value": null, "metadata": {"file": "/p/project/jb_benchmark/MLPerf-1.0-combined/MLPerf/benchmarks-closed/cosmoflow//cosmoflow/train.py", "lineno": 345, "epoch_num": 9}}
:::MLLOG {"namespace": "", "time_ms": 1633368036364, "event_type": "INTERVAL_END", "key": "eval_stop", "value": null, "metadata": {"file": "/p/project/jb_benchmark/MLPerf-1.0-combined/MLPerf/benchmarks-closed/cosmoflow/cosmoflow/utils.py", "lineno": 141, "epoch_num": 9}}
:::MLLOG {"namespace": "", "time_ms": 1633368036365, "event_type": "INTERVAL_END", "key": "epoch_stop", "value": null, "metadata": {"file": "/p/project/jb_benchmark/MLPerf-1.0-combined/MLPerf/benchmarks-closed/cosmoflow/cosmoflow/utils.py", "lineno": 141, "epoch_num": 9}}
:::MLLOG {"namespace": "", "time_ms": 1633368036365, "event_type": "POINT_IN_TIME", "key": "eval_error", "value": 0.21065270894905552, "metadata": {"file": "/p/project/jb_benchmark/MLPerf-1.0-combined/MLPerf/benchmarks-closed/cosmoflow//cosmoflow/train.py", "lineno": 221, "epoch_num": 9}}
:::MLLOG {"namespace": "", "time_ms": 1633368036365, "event_type": "INTERVAL_START", "key": "epoch_start", "value": null, "metadata": {"file": "/p/project/jb_benchmark/MLPerf-1.0-combined/MLPerf/benchmarks-closed/cosmoflow//cosmoflow/train.py", "lineno": 205, "epoch_num": 10}}
:::MLLOG {"namespace": "", "time_ms": 1633368057004, "event_type": "POINT_IN_TIME", "key": "throughput", "value": 25402.700225939552, "metadata": {"file": "/p/project/jb_benchmark/MLPerf-1.0-combined/MLPerf/benchmarks-closed/cosmoflow//cosmoflow/train.py", "lineno": 337, "epoch_num": 10}}
:::MLLOG {"namespace": "", "time_ms": 1633368057005, "event_type": "INTERVAL_START", "key": "eval_start", "value": null, "metadata": {"file": "/p/project/jb_benchmark/MLPerf-1.0-combined/MLPerf/benchmarks-closed/cosmoflow//cosmoflow/train.py", "lineno": 345, "epoch_num": 10}}
:::MLLOG {"namespace": "", "time_ms": 1633368065689, "event_type": "INTERVAL_END", "key": "eval_stop", "value": null, "metadata": {"file": "/p/project/jb_benchmark/MLPerf-1.0-combined/MLPerf/benchmarks-closed/cosmoflow/cosmoflow/utils.py", "lineno": 141, "epoch_num": 10}}
:::MLLOG {"namespace": "", "time_ms": 1633368065689, "event_type": "INTERVAL_END", "key": "epoch_stop", "value": null, "metadata": {"file": "/p/project/jb_benchmark/MLPerf-1.0-combined/MLPerf/benchmarks-closed/cosmoflow/cosmoflow/utils.py", "lineno": 141, "epoch_num": 10}}
:::MLLOG {"namespace": "", "time_ms": 1633368065689, "event_type": "POINT_IN_TIME", "key": "eval_error", "value": 0.19101005789707415, "metadata": {"file": "/p/project/jb_benchmark/MLPerf-1.0-combined/MLPerf/benchmarks-closed/cosmoflow//cosmoflow/train.py", "lineno": 221, "epoch_num": 10}}
:::MLLOG {"namespace": "", "time_ms": 1633368065689, "event_type": "INTERVAL_START", "key": "epoch_start", "value": null, "metadata": {"file": "/p/project/jb_benchmark/MLPerf-1.0-combined/MLPerf/benchmarks-closed/cosmoflow//cosmoflow/train.py", "lineno": 205, "epoch_num": 11}}
:::MLLOG {"namespace": "", "time_ms": 1633368086298, "event_type": "POINT_IN_TIME", "key": "throughput", "value": 25440.960774167073, "metadata": {"file": "/p/project/jb_benchmark/MLPerf-1.0-combined/MLPerf/benchmarks-closed/cosmoflow//cosmoflow/train.py", "lineno": 337, "epoch_num": 11}}
:::MLLOG {"namespace": "", "time_ms": 1633368086299, "event_type": "INTERVAL_START", "key": "eval_start", "value": null, "metadata": {"file": "/p/project/jb_benchmark/MLPerf-1.0-combined/MLPerf/benchmarks-closed/cosmoflow//cosmoflow/train.py", "lineno": 345, "epoch_num": 11}}
:::MLLOG {"namespace": "", "time_ms": 1633368094405, "event_type": "INTERVAL_END", "key": "eval_stop", "value": null, "metadata": {"file": "/p/project/jb_benchmark/MLPerf-1.0-combined/MLPerf/benchmarks-closed/cosmoflow/cosmoflow/utils.py", "lineno": 141, "epoch_num": 11}}
:::MLLOG {"namespace": "", "time_ms": 1633368094406, "event_type": "INTERVAL_END", "key": "epoch_stop", "value": null, "metadata": {"file": "/p/project/jb_benchmark/MLPerf-1.0-combined/MLPerf/benchmarks-closed/cosmoflow/cosmoflow/utils.py", "lineno": 141, "epoch_num": 11}}
:::MLLOG {"namespace": "", "time_ms": 1633368094406, "event_type": "POINT_IN_TIME", "key": "eval_error", "value": 0.18238496774574742, "metadata": {"file": "/p/project/jb_benchmark/MLPerf-1.0-combined/MLPerf/benchmarks-closed/cosmoflow//cosmoflow/train.py", "lineno": 221, "epoch_num": 11}}
:::MLLOG {"namespace": "", "time_ms": 1633368094406, "event_type": "INTERVAL_START", "key": "epoch_start", "value": null, "metadata": {"file": "/p/project/jb_benchmark/MLPerf-1.0-combined/MLPerf/benchmarks-closed/cosmoflow//cosmoflow/train.py", "lineno": 205, "epoch_num": 12}}
:::MLLOG {"namespace": "", "time_ms": 1633368114978, "event_type": "POINT_IN_TIME", "key": "throughput", "value": 25486.082255060737, "metadata": {"file": "/p/project/jb_benchmark/MLPerf-1.0-combined/MLPerf/benchmarks-closed/cosmoflow//cosmoflow/train.py", "lineno": 337, "epoch_num": 12}}
:::MLLOG {"namespace": "", "time_ms": 1633368114979, "event_type": "INTERVAL_START", "key": "eval_start", "value": null, "metadata": {"file": "/p/project/jb_benchmark/MLPerf-1.0-combined/MLPerf/benchmarks-closed/cosmoflow//cosmoflow/train.py", "lineno": 345, "epoch_num": 12}}
:::MLLOG {"namespace": "", "time_ms": 1633368123403, "event_type": "INTERVAL_END", "key": "eval_stop", "value": null, "metadata": {"file": "/p/project/jb_benchmark/MLPerf-1.0-combined/MLPerf/benchmarks-closed/cosmoflow/cosmoflow/utils.py", "lineno": 141, "epoch_num": 12}}
:::MLLOG {"namespace": "", "time_ms": 1633368123403, "event_type": "INTERVAL_END", "key": "epoch_stop", "value": null, "metadata": {"file": "/p/project/jb_benchmark/MLPerf-1.0-combined/MLPerf/benchmarks-closed/cosmoflow/cosmoflow/utils.py", "lineno": 141, "epoch_num": 12}}
:::MLLOG {"namespace": "", "time_ms": 1633368123403, "event_type": "POINT_IN_TIME", "key": "eval_error", "value": 0.199112474831054, "metadata": {"file": "/p/project/jb_benchmark/MLPerf-1.0-combined/MLPerf/benchmarks-closed/cosmoflow//cosmoflow/train.py", "lineno": 221, "epoch_num": 12}}
:::MLLOG {"namespace": "", "time_ms": 1633368123403, "event_type": "INTERVAL_START", "key": "epoch_start", "value": null, "metadata": {"file": "/p/project/jb_benchmark/MLPerf-1.0-combined/MLPerf/benchmarks-closed/cosmoflow//cosmoflow/train.py", "lineno": 205, "epoch_num": 13}}
:::MLLOG {"namespace": "", "time_ms": 1633368144029, "event_type": "POINT_IN_TIME", "key": "throughput", "value": 25419.15859697253, "metadata": {"file": "/p/project/jb_benchmark/MLPerf-1.0-combined/MLPerf/benchmarks-closed/cosmoflow//cosmoflow/train.py", "lineno": 337, "epoch_num": 13}}
:::MLLOG {"namespace": "", "time_ms": 1633368144030, "event_type": "INTERVAL_START", "key": "eval_start", "value": null, "metadata": {"file": "/p/project/jb_benchmark/MLPerf-1.0-combined/MLPerf/benchmarks-closed/cosmoflow//cosmoflow/train.py", "lineno": 345, "epoch_num": 13}}
:::MLLOG {"namespace": "", "time_ms": 1633368152499, "event_type": "INTERVAL_END", "key": "eval_stop", "value": null, "metadata": {"file": "/p/project/jb_benchmark/MLPerf-1.0-combined/MLPerf/benchmarks-closed/cosmoflow/cosmoflow/utils.py", "lineno": 141, "epoch_num": 13}}
:::MLLOG {"namespace": "", "time_ms": 1633368152499, "event_type": "INTERVAL_END", "key": "epoch_stop", "value": null, "metadata": {"file": "/p/project/jb_benchmark/MLPerf-1.0-combined/MLPerf/benchmarks-closed/cosmoflow/cosmoflow/utils.py", "lineno": 141, "epoch_num": 13}}
:::MLLOG {"namespace": "", "time_ms": 1633368152499, "event_type": "POINT_IN_TIME", "key": "eval_error", "value": 0.19209855702669368, "metadata": {"file": "/p/project/jb_benchmark/MLPerf-1.0-combined/MLPerf/benchmarks-closed/cosmoflow//cosmoflow/train.py", "lineno": 221, "epoch_num": 13}}
:::MLLOG {"namespace": "", "time_ms": 1633368152499, "event_type": "INTERVAL_START", "key": "epoch_start", "value": null, "metadata": {"file": "/p/project/jb_benchmark/MLPerf-1.0-combined/MLPerf/benchmarks-closed/cosmoflow//cosmoflow/train.py", "lineno": 205, "epoch_num": 14}}
:::MLLOG {"namespace": "", "time_ms": 1633368173076, "event_type": "POINT_IN_TIME", "key": "throughput", "value": 25480.357367236025, "metadata": {"file": "/p/project/jb_benchmark/MLPerf-1.0-combined/MLPerf/benchmarks-closed/cosmoflow//cosmoflow/train.py", "lineno": 337, "epoch_num": 14}}
:::MLLOG {"namespace": "", "time_ms": 1633368173076, "event_type": "INTERVAL_START", "key": "eval_start", "value": null, "metadata": {"file": "/p/project/jb_benchmark/MLPerf-1.0-combined/MLPerf/benchmarks-closed/cosmoflow//cosmoflow/train.py", "lineno": 345, "epoch_num": 14}}
:::MLLOG {"namespace": "", "time_ms": 1633368184630, "event_type": "INTERVAL_END", "key": "eval_stop", "value": null, "metadata": {"file": "/p/project/jb_benchmark/MLPerf-1.0-combined/MLPerf/benchmarks-closed/cosmoflow/cosmoflow/utils.py", "lineno": 141, "epoch_num": 14}}
:::MLLOG {"namespace": "", "time_ms": 1633368184631, "event_type": "INTERVAL_END", "key": "epoch_stop", "value": null, "metadata": {"file": "/p/project/jb_benchmark/MLPerf-1.0-combined/MLPerf/benchmarks-closed/cosmoflow/cosmoflow/utils.py", "lineno": 141, "epoch_num": 14}}
:::MLLOG {"namespace": "", "time_ms": 1633368184631, "event_type": "POINT_IN_TIME", "key": "eval_error", "value": 0.1607941387919709, "metadata": {"file": "/p/project/jb_benchmark/MLPerf-1.0-combined/MLPerf/benchmarks-closed/cosmoflow//cosmoflow/train.py", "lineno": 221, "epoch_num": 14}}
:::MLLOG {"namespace": "", "time_ms": 1633368184631, "event_type": "INTERVAL_START", "key": "epoch_start", "value": null, "metadata": {"file": "/p/project/jb_benchmark/MLPerf-1.0-combined/MLPerf/benchmarks-closed/cosmoflow//cosmoflow/train.py", "lineno": 205, "epoch_num": 15}}
:::MLLOG {"namespace": "", "time_ms": 1633368205419, "event_type": "POINT_IN_TIME", "key": "throughput", "value": 25222.100446004373, "metadata": {"file": "/p/project/jb_benchmark/MLPerf-1.0-combined/MLPerf/benchmarks-closed/cosmoflow//cosmoflow/train.py", "lineno": 337, "epoch_num": 15}}
:::MLLOG {"namespace": "", "time_ms": 1633368205419, "event_type": "INTERVAL_START", "key": "eval_start", "value": null, "metadata": {"file": "/p/project/jb_benchmark/MLPerf-1.0-combined/MLPerf/benchmarks-closed/cosmoflow//cosmoflow/train.py", "lineno": 345, "epoch_num": 15}}
:::MLLOG {"namespace": "", "time_ms": 1633368217173, "event_type": "INTERVAL_END", "key": "eval_stop", "value": null, "metadata": {"file": "/p/project/jb_benchmark/MLPerf-1.0-combined/MLPerf/benchmarks-closed/cosmoflow/cosmoflow/utils.py", "lineno": 141, "epoch_num": 15}}
:::MLLOG {"namespace": "", "time_ms": 1633368217174, "event_type": "INTERVAL_END", "key": "epoch_stop", "value": null, "metadata": {"file": "/p/project/jb_benchmark/MLPerf-1.0-combined/MLPerf/benchmarks-closed/cosmoflow/cosmoflow/utils.py", "lineno": 141, "epoch_num": 15}}
:::MLLOG {"namespace": "", "time_ms": 1633368217174, "event_type": "POINT_IN_TIME", "key": "eval_error", "value": 0.15547895421332214, "metadata": {"file": "/p/project/jb_benchmark/MLPerf-1.0-combined/MLPerf/benchmarks-closed/cosmoflow//cosmoflow/train.py", "lineno": 221, "epoch_num": 15}}
:::MLLOG {"namespace": "", "time_ms": 1633368217174, "event_type": "INTERVAL_START", "key": "epoch_start", "value": null, "metadata": {"file": "/p/project/jb_benchmark/MLPerf-1.0-combined/MLPerf/benchmarks-closed/cosmoflow//cosmoflow/train.py", "lineno": 205, "epoch_num": 16}}
:::MLLOG {"namespace": "", "time_ms": 1633368237751, "event_type": "POINT_IN_TIME", "key": "throughput", "value": 25480.025517205155, "metadata": {"file": "/p/project/jb_benchmark/MLPerf-1.0-combined/MLPerf/benchmarks-closed/cosmoflow//cosmoflow/train.py", "lineno": 337, "epoch_num": 16}}
:::MLLOG {"namespace": "", "time_ms": 1633368237751, "event_type": "INTERVAL_START", "key": "eval_start", "value": null, "metadata": {"file": "/p/project/jb_benchmark/MLPerf-1.0-combined/MLPerf/benchmarks-closed/cosmoflow//cosmoflow/train.py", "lineno": 345, "epoch_num": 16}}
:::MLLOG {"namespace": "", "time_ms": 1633368248228, "event_type": "INTERVAL_END", "key": "eval_stop", "value": null, "metadata": {"file": "/p/project/jb_benchmark/MLPerf-1.0-combined/MLPerf/benchmarks-closed/cosmoflow/cosmoflow/utils.py", "lineno": 141, "epoch_num": 16}}
:::MLLOG {"namespace": "", "time_ms": 1633368248228, "event_type": "INTERVAL_END", "key": "epoch_stop", "value": null, "metadata": {"file": "/p/project/jb_benchmark/MLPerf-1.0-combined/MLPerf/benchmarks-closed/cosmoflow/cosmoflow/utils.py", "lineno": 141, "epoch_num": 16}}
:::MLLOG {"namespace": "", "time_ms": 1633368248229, "event_type": "POINT_IN_TIME", "key": "eval_error", "value": 0.1696658729633782, "metadata": {"file": "/p/project/jb_benchmark/MLPerf-1.0-combined/MLPerf/benchmarks-closed/cosmoflow//cosmoflow/train.py", "lineno": 221, "epoch_num": 16}}
:::MLLOG {"namespace": "", "time_ms": 1633368248229, "event_type": "INTERVAL_START", "key": "epoch_start", "value": null, "metadata": {"file": "/p/project/jb_benchmark/MLPerf-1.0-combined/MLPerf/benchmarks-closed/cosmoflow//cosmoflow/train.py", "lineno": 205, "epoch_num": 17}}
:::MLLOG {"namespace": "", "time_ms": 1633368268967, "event_type": "POINT_IN_TIME", "key": "throughput", "value": 25281.623041788564, "metadata": {"file": "/p/project/jb_benchmark/MLPerf-1.0-combined/MLPerf/benchmarks-closed/cosmoflow//cosmoflow/train.py", "lineno": 337, "epoch_num": 17}}
:::MLLOG {"namespace": "", "time_ms": 1633368268967, "event_type": "INTERVAL_START", "key": "eval_start", "value": null, "metadata": {"file": "/p/project/jb_benchmark/MLPerf-1.0-combined/MLPerf/benchmarks-closed/cosmoflow//cosmoflow/train.py", "lineno": 345, "epoch_num": 17}}
:::MLLOG {"namespace": "", "time_ms": 1633368280284, "event_type": "INTERVAL_END", "key": "eval_stop", "value": null, "metadata": {"file": "/p/project/jb_benchmark/MLPerf-1.0-combined/MLPerf/benchmarks-closed/cosmoflow/cosmoflow/utils.py", "lineno": 141, "epoch_num": 17}}
:::MLLOG {"namespace": "", "time_ms": 1633368280285, "event_type": "INTERVAL_END", "key": "epoch_stop", "value": null, "metadata": {"file": "/p/project/jb_benchmark/MLPerf-1.0-combined/MLPerf/benchmarks-closed/cosmoflow/cosmoflow/utils.py", "lineno": 141, "epoch_num": 17}}
:::MLLOG {"namespace": "", "time_ms": 1633368280285, "event_type": "POINT_IN_TIME", "key": "eval_error", "value": 0.160519719007425, "metadata": {"file": "/p/project/jb_benchmark/MLPerf-1.0-combined/MLPerf/benchmarks-closed/cosmoflow//cosmoflow/train.py", "lineno": 221, "epoch_num": 17}}
:::MLLOG {"namespace": "", "time_ms": 1633368280285, "event_type": "INTERVAL_START", "key": "epoch_start", "value": null, "metadata": {"file": "/p/project/jb_benchmark/MLPerf-1.0-combined/MLPerf/benchmarks-closed/cosmoflow//cosmoflow/train.py", "lineno": 205, "epoch_num": 18}}
:::MLLOG {"namespace": "", "time_ms": 1633368300955, "event_type": "POINT_IN_TIME", "key": "throughput", "value": 25365.426755492168, "metadata": {"file": "/p/project/jb_benchmark/MLPerf-1.0-combined/MLPerf/benchmarks-closed/cosmoflow//cosmoflow/train.py", "lineno": 337, "epoch_num": 18}}
:::MLLOG {"namespace": "", "time_ms": 1633368300955, "event_type": "INTERVAL_START", "key": "eval_start", "value": null, "metadata": {"file": "/p/project/jb_benchmark/MLPerf-1.0-combined/MLPerf/benchmarks-closed/cosmoflow//cosmoflow/train.py", "lineno": 345, "epoch_num": 18}}
:::MLLOG {"namespace": "", "time_ms": 1633368316507, "event_type": "INTERVAL_END", "key": "eval_stop", "value": null, "metadata": {"file": "/p/project/jb_benchmark/MLPerf-1.0-combined/MLPerf/benchmarks-closed/cosmoflow/cosmoflow/utils.py", "lineno": 141, "epoch_num": 18}}
:::MLLOG {"namespace": "", "time_ms": 1633368316508, "event_type": "INTERVAL_END", "key": "epoch_stop", "value": null, "metadata": {"file": "/p/project/jb_benchmark/MLPerf-1.0-combined/MLPerf/benchmarks-closed/cosmoflow/cosmoflow/utils.py", "lineno": 141, "epoch_num": 18}}
:::MLLOG {"namespace": "", "time_ms": 1633368316508, "event_type": "POINT_IN_TIME", "key": "eval_error", "value": 0.15783262244076468, "metadata": {"file": "/p/project/jb_benchmark/MLPerf-1.0-combined/MLPerf/benchmarks-closed/cosmoflow//cosmoflow/train.py", "lineno": 221, "epoch_num": 18}}
:::MLLOG {"namespace": "", "time_ms": 1633368316508, "event_type": "INTERVAL_START", "key": "epoch_start", "value": null, "metadata": {"file": "/p/project/jb_benchmark/MLPerf-1.0-combined/MLPerf/benchmarks-closed/cosmoflow//cosmoflow/train.py", "lineno": 205, "epoch_num": 19}}
:::MLLOG {"namespace": "", "time_ms": 1633368345878, "event_type": "POINT_IN_TIME", "key": "throughput", "value": 17851.122430437656, "metadata": {"file": "/p/project/jb_benchmark/MLPerf-1.0-combined/MLPerf/benchmarks-closed/cosmoflow//cosmoflow/train.py", "lineno": 337, "epoch_num": 19}}
:::MLLOG {"namespace": "", "time_ms": 1633368345878, "event_type": "INTERVAL_START", "key": "eval_start", "value": null, "metadata": {"file": "/p/project/jb_benchmark/MLPerf-1.0-combined/MLPerf/benchmarks-closed/cosmoflow//cosmoflow/train.py", "lineno": 345, "epoch_num": 19}}
:::MLLOG {"namespace": "", "time_ms": 1633368358422, "event_type": "INTERVAL_END", "key": "eval_stop", "value": null, "metadata": {"file": "/p/project/jb_benchmark/MLPerf-1.0-combined/MLPerf/benchmarks-closed/cosmoflow/cosmoflow/utils.py", "lineno": 141, "epoch_num": 19}}
:::MLLOG {"namespace": "", "time_ms": 1633368358422, "event_type": "INTERVAL_END", "key": "epoch_stop", "value": null, "metadata": {"file": "/p/project/jb_benchmark/MLPerf-1.0-combined/MLPerf/benchmarks-closed/cosmoflow/cosmoflow/utils.py", "lineno": 141, "epoch_num": 19}}
:::MLLOG {"namespace": "", "time_ms": 1633368358423, "event_type": "POINT_IN_TIME", "key": "eval_error", "value": 0.14963626859389478, "metadata": {"file": "/p/project/jb_benchmark/MLPerf-1.0-combined/MLPerf/benchmarks-closed/cosmoflow//cosmoflow/train.py", "lineno": 221, "epoch_num": 19}}
:::MLLOG {"namespace": "", "time_ms": 1633368358423, "event_type": "INTERVAL_START", "key": "epoch_start", "value": null, "metadata": {"file": "/p/project/jb_benchmark/MLPerf-1.0-combined/MLPerf/benchmarks-closed/cosmoflow//cosmoflow/train.py", "lineno": 205, "epoch_num": 20}}
:::MLLOG {"namespace": "", "time_ms": 1633368379095, "event_type": "POINT_IN_TIME", "key": "throughput", "value": 25361.61258420912, "metadata": {"file": "/p/project/jb_benchmark/MLPerf-1.0-combined/MLPerf/benchmarks-closed/cosmoflow//cosmoflow/train.py", "lineno": 337, "epoch_num": 20}}
:::MLLOG {"namespace": "", "time_ms": 1633368379096, "event_type": "INTERVAL_START", "key": "eval_start", "value": null, "metadata": {"file": "/p/project/jb_benchmark/MLPerf-1.0-combined/MLPerf/benchmarks-closed/cosmoflow//cosmoflow/train.py", "lineno": 345, "epoch_num": 20}}
:::MLLOG {"namespace": "", "time_ms": 1633368386995, "event_type": "INTERVAL_END", "key": "eval_stop", "value": null, "metadata": {"file": "/p/project/jb_benchmark/MLPerf-1.0-combined/MLPerf/benchmarks-closed/cosmoflow/cosmoflow/utils.py", "lineno": 141, "epoch_num": 20}}
:::MLLOG {"namespace": "", "time_ms": 1633368386996, "event_type": "INTERVAL_END", "key": "epoch_stop", "value": null, "metadata": {"file": "/p/project/jb_benchmark/MLPerf-1.0-combined/MLPerf/benchmarks-closed/cosmoflow/cosmoflow/utils.py", "lineno": 141, "epoch_num": 20}}
:::MLLOG {"namespace": "", "time_ms": 1633368386996, "event_type": "POINT_IN_TIME", "key": "eval_error", "value": 0.17499333614250645, "metadata": {"file": "/p/project/jb_benchmark/MLPerf-1.0-combined/MLPerf/benchmarks-closed/cosmoflow//cosmoflow/train.py", "lineno": 221, "epoch_num": 20}}
:::MLLOG {"namespace": "", "time_ms": 1633368386996, "event_type": "INTERVAL_START", "key": "epoch_start", "value": null, "metadata": {"file": "/p/project/jb_benchmark/MLPerf-1.0-combined/MLPerf/benchmarks-closed/cosmoflow//cosmoflow/train.py", "lineno": 205, "epoch_num": 21}}
:::MLLOG {"namespace": "", "time_ms": 1633368407685, "event_type": "POINT_IN_TIME", "key": "throughput", "value": 25342.058048971423, "metadata": {"file": "/p/project/jb_benchmark/MLPerf-1.0-combined/MLPerf/benchmarks-closed/cosmoflow//cosmoflow/train.py", "lineno": 337, "epoch_num": 21}}
:::MLLOG {"namespace": "", "time_ms": 1633368407685, "event_type": "INTERVAL_START", "key": "eval_start", "value": null, "metadata": {"file": "/p/project/jb_benchmark/MLPerf-1.0-combined/MLPerf/benchmarks-closed/cosmoflow//cosmoflow/train.py", "lineno": 345, "epoch_num": 21}}
:::MLLOG {"namespace": "", "time_ms": 1633368420189, "event_type": "INTERVAL_END", "key": "eval_stop", "value": null, "metadata": {"file": "/p/project/jb_benchmark/MLPerf-1.0-combined/MLPerf/benchmarks-closed/cosmoflow/cosmoflow/utils.py", "lineno": 141, "epoch_num": 21}}
:::MLLOG {"namespace": "", "time_ms": 1633368420190, "event_type": "INTERVAL_END", "key": "epoch_stop", "value": null, "metadata": {"file": "/p/project/jb_benchmark/MLPerf-1.0-combined/MLPerf/benchmarks-closed/cosmoflow/cosmoflow/utils.py", "lineno": 141, "epoch_num": 21}}
:::MLLOG {"namespace": "", "time_ms": 1633368420190, "event_type": "POINT_IN_TIME", "key": "eval_error", "value": 0.14621317377896048, "metadata": {"file": "/p/project/jb_benchmark/MLPerf-1.0-combined/MLPerf/benchmarks-closed/cosmoflow//cosmoflow/train.py", "lineno": 221, "epoch_num": 21}}
:::MLLOG {"namespace": "", "time_ms": 1633368420190, "event_type": "INTERVAL_START", "key": "epoch_start", "value": null, "metadata": {"file": "/p/project/jb_benchmark/MLPerf-1.0-combined/MLPerf/benchmarks-closed/cosmoflow//cosmoflow/train.py", "lineno": 205, "epoch_num": 22}}
:::MLLOG {"namespace": "", "time_ms": 1633368441098, "event_type": "POINT_IN_TIME", "key": "throughput", "value": 25076.030719466246, "metadata": {"file": "/p/project/jb_benchmark/MLPerf-1.0-combined/MLPerf/benchmarks-closed/cosmoflow//cosmoflow/train.py", "lineno": 337, "epoch_num": 22}}
:::MLLOG {"namespace": "", "time_ms": 1633368441098, "event_type": "INTERVAL_START", "key": "eval_start", "value": null, "metadata": {"file": "/p/project/jb_benchmark/MLPerf-1.0-combined/MLPerf/benchmarks-closed/cosmoflow//cosmoflow/train.py", "lineno": 345, "epoch_num": 22}}
:::MLLOG {"namespace": "", "time_ms": 1633368450642, "event_type": "INTERVAL_END", "key": "eval_stop", "value": null, "metadata": {"file": "/p/project/jb_benchmark/MLPerf-1.0-combined/MLPerf/benchmarks-closed/cosmoflow/cosmoflow/utils.py", "lineno": 141, "epoch_num": 22}}
:::MLLOG {"namespace": "", "time_ms": 1633368450642, "event_type": "INTERVAL_END", "key": "epoch_stop", "value": null, "metadata": {"file": "/p/project/jb_benchmark/MLPerf-1.0-combined/MLPerf/benchmarks-closed/cosmoflow/cosmoflow/utils.py", "lineno": 141, "epoch_num": 22}}
:::MLLOG {"namespace": "", "time_ms": 1633368450642, "event_type": "POINT_IN_TIME", "key": "eval_error", "value": 0.14759171000332572, "metadata": {"file": "/p/project/jb_benchmark/MLPerf-1.0-combined/MLPerf/benchmarks-closed/cosmoflow//cosmoflow/train.py", "lineno": 221, "epoch_num": 22}}
:::MLLOG {"namespace": "", "time_ms": 1633368450642, "event_type": "INTERVAL_START", "key": "epoch_start", "value": null, "metadata": {"file": "/p/project/jb_benchmark/MLPerf-1.0-combined/MLPerf/benchmarks-closed/cosmoflow//cosmoflow/train.py", "lineno": 205, "epoch_num": 23}}
:::MLLOG {"namespace": "", "time_ms": 1633368476049, "event_type": "POINT_IN_TIME", "key": "throughput", "value": 20636.150669746272, "metadata": {"file": "/p/project/jb_benchmark/MLPerf-1.0-combined/MLPerf/benchmarks-closed/cosmoflow//cosmoflow/train.py", "lineno": 337, "epoch_num": 23}}
:::MLLOG {"namespace": "", "time_ms": 1633368476049, "event_type": "INTERVAL_START", "key": "eval_start", "value": null, "metadata": {"file": "/p/project/jb_benchmark/MLPerf-1.0-combined/MLPerf/benchmarks-closed/cosmoflow//cosmoflow/train.py", "lineno": 345, "epoch_num": 23}}
:::MLLOG {"namespace": "", "time_ms": 1633368485751, "event_type": "INTERVAL_END", "key": "eval_stop", "value": null, "metadata": {"file": "/p/project/jb_benchmark/MLPerf-1.0-combined/MLPerf/benchmarks-closed/cosmoflow/cosmoflow/utils.py", "lineno": 141, "epoch_num": 23}}
:::MLLOG {"namespace": "", "time_ms": 1633368485751, "event_type": "INTERVAL_END", "key": "epoch_stop", "value": null, "metadata": {"file": "/p/project/jb_benchmark/MLPerf-1.0-combined/MLPerf/benchmarks-closed/cosmoflow/cosmoflow/utils.py", "lineno": 141, "epoch_num": 23}}
:::MLLOG {"namespace": "", "time_ms": 1633368485752, "event_type": "POINT_IN_TIME", "key": "eval_error", "value": 0.1444920300564263, "metadata": {"file": "/p/project/jb_benchmark/MLPerf-1.0-combined/MLPerf/benchmarks-closed/cosmoflow//cosmoflow/train.py", "lineno": 221, "epoch_num": 23}}
:::MLLOG {"namespace": "", "time_ms": 1633368485752, "event_type": "INTERVAL_START", "key": "epoch_start", "value": null, "metadata": {"file": "/p/project/jb_benchmark/MLPerf-1.0-combined/MLPerf/benchmarks-closed/cosmoflow//cosmoflow/train.py", "lineno": 205, "epoch_num": 24}}
:::MLLOG {"namespace": "", "time_ms": 1633368511820, "event_type": "POINT_IN_TIME", "key": "throughput", "value": 20112.440942870042, "metadata": {"file": "/p/project/jb_benchmark/MLPerf-1.0-combined/MLPerf/benchmarks-closed/cosmoflow//cosmoflow/train.py", "lineno": 337, "epoch_num": 24}}
:::MLLOG {"namespace": "", "time_ms": 1633368511820, "event_type": "INTERVAL_START", "key": "eval_start", "value": null, "metadata": {"file": "/p/project/jb_benchmark/MLPerf-1.0-combined/MLPerf/benchmarks-closed/cosmoflow//cosmoflow/train.py", "lineno": 345, "epoch_num": 24}}
:::MLLOG {"namespace": "", "time_ms": 1633368530158, "event_type": "INTERVAL_END", "key": "eval_stop", "value": null, "metadata": {"file": "/p/project/jb_benchmark/MLPerf-1.0-combined/MLPerf/benchmarks-closed/cosmoflow/cosmoflow/utils.py", "lineno": 141, "epoch_num": 24}}
:::MLLOG {"namespace": "", "time_ms": 1633368530159, "event_type": "INTERVAL_END", "key": "epoch_stop", "value": null, "metadata": {"file": "/p/project/jb_benchmark/MLPerf-1.0-combined/MLPerf/benchmarks-closed/cosmoflow/cosmoflow/utils.py", "lineno": 141, "epoch_num": 24}}
:::MLLOG {"namespace": "", "time_ms": 1633368530159, "event_type": "POINT_IN_TIME", "key": "eval_error", "value": 0.14658003987214668, "metadata": {"file": "/p/project/jb_benchmark/MLPerf-1.0-combined/MLPerf/benchmarks-closed/cosmoflow//cosmoflow/train.py", "lineno": 221, "epoch_num": 24}}
:::MLLOG {"namespace": "", "time_ms": 1633368530159, "event_type": "INTERVAL_START", "key": "epoch_start", "value": null, "metadata": {"file": "/p/project/jb_benchmark/MLPerf-1.0-combined/MLPerf/benchmarks-closed/cosmoflow//cosmoflow/train.py", "lineno": 205, "epoch_num": 25}}
:::MLLOG {"namespace": "", "time_ms": 1633368550978, "event_type": "POINT_IN_TIME", "key": "throughput", "value": 25183.259303106075, "metadata": {"file": "/p/project/jb_benchmark/MLPerf-1.0-combined/MLPerf/benchmarks-closed/cosmoflow//cosmoflow/train.py", "lineno": 337, "epoch_num": 25}}
:::MLLOG {"namespace": "", "time_ms": 1633368550978, "event_type": "INTERVAL_START", "key": "eval_start", "value": null, "metadata": {"file": "/p/project/jb_benchmark/MLPerf-1.0-combined/MLPerf/benchmarks-closed/cosmoflow//cosmoflow/train.py", "lineno": 345, "epoch_num": 25}}
:::MLLOG {"namespace": "", "time_ms": 1633368562399, "event_type": "INTERVAL_END", "key": "eval_stop", "value": null, "metadata": {"file": "/p/project/jb_benchmark/MLPerf-1.0-combined/MLPerf/benchmarks-closed/cosmoflow/cosmoflow/utils.py", "lineno": 141, "epoch_num": 25}}
:::MLLOG {"namespace": "", "time_ms": 1633368562400, "event_type": "INTERVAL_END", "key": "epoch_stop", "value": null, "metadata": {"file": "/p/project/jb_benchmark/MLPerf-1.0-combined/MLPerf/benchmarks-closed/cosmoflow/cosmoflow/utils.py", "lineno": 141, "epoch_num": 25}}
:::MLLOG {"namespace": "", "time_ms": 1633368562400, "event_type": "POINT_IN_TIME", "key": "eval_error", "value": 0.14695054283220088, "metadata": {"file": "/p/project/jb_benchmark/MLPerf-1.0-combined/MLPerf/benchmarks-closed/cosmoflow//cosmoflow/train.py", "lineno": 221, "epoch_num": 25}}
:::MLLOG {"namespace": "", "time_ms": 1633368562400, "event_type": "INTERVAL_START", "key": "epoch_start", "value": null, "metadata": {"file": "/p/project/jb_benchmark/MLPerf-1.0-combined/MLPerf/benchmarks-closed/cosmoflow//cosmoflow/train.py", "lineno": 205, "epoch_num": 26}}
:::MLLOG {"namespace": "", "time_ms": 1633368583100, "event_type": "POINT_IN_TIME", "key": "throughput", "value": 25328.292264254662, "metadata": {"file": "/p/project/jb_benchmark/MLPerf-1.0-combined/MLPerf/benchmarks-closed/cosmoflow//cosmoflow/train.py", "lineno": 337, "epoch_num": 26}}
:::MLLOG {"namespace": "", "time_ms": 1633368583100, "event_type": "INTERVAL_START", "key": "eval_start", "value": null, "metadata": {"file": "/p/project/jb_benchmark/MLPerf-1.0-combined/MLPerf/benchmarks-closed/cosmoflow//cosmoflow/train.py", "lineno": 345, "epoch_num": 26}}
:::MLLOG {"namespace": "", "time_ms": 1633368594535, "event_type": "INTERVAL_END", "key": "eval_stop", "value": null, "metadata": {"file": "/p/project/jb_benchmark/MLPerf-1.0-combined/MLPerf/benchmarks-closed/cosmoflow/cosmoflow/utils.py", "lineno": 141, "epoch_num": 26}}
:::MLLOG {"namespace": "", "time_ms": 1633368594536, "event_type": "INTERVAL_END", "key": "epoch_stop", "value": null, "metadata": {"file": "/p/project/jb_benchmark/MLPerf-1.0-combined/MLPerf/benchmarks-closed/cosmoflow/cosmoflow/utils.py", "lineno": 141, "epoch_num": 26}}
:::MLLOG {"namespace": "", "time_ms": 1633368594536, "event_type": "POINT_IN_TIME", "key": "eval_error", "value": 0.14252454036613926, "metadata": {"file": "/p/project/jb_benchmark/MLPerf-1.0-combined/MLPerf/benchmarks-closed/cosmoflow//cosmoflow/train.py", "lineno": 221, "epoch_num": 26}}
:::MLLOG {"namespace": "", "time_ms": 1633368594536, "event_type": "INTERVAL_START", "key": "epoch_start", "value": null, "metadata": {"file": "/p/project/jb_benchmark/MLPerf-1.0-combined/MLPerf/benchmarks-closed/cosmoflow//cosmoflow/train.py", "lineno": 205, "epoch_num": 27}}
:::MLLOG {"namespace": "", "time_ms": 1633368615399, "event_type": "POINT_IN_TIME", "key": "throughput", "value": 25130.726744383977, "metadata": {"file": "/p/project/jb_benchmark/MLPerf-1.0-combined/MLPerf/benchmarks-closed/cosmoflow//cosmoflow/train.py", "lineno": 337, "epoch_num": 27}}
:::MLLOG {"namespace": "", "time_ms": 1633368615399, "event_type": "INTERVAL_START", "key": "eval_start", "value": null, "metadata": {"file": "/p/project/jb_benchmark/MLPerf-1.0-combined/MLPerf/benchmarks-closed/cosmoflow//cosmoflow/train.py", "lineno": 345, "epoch_num": 27}}
:::MLLOG {"namespace": "", "time_ms": 1633368624989, "event_type": "INTERVAL_END", "key": "eval_stop", "value": null, "metadata": {"file": "/p/project/jb_benchmark/MLPerf-1.0-combined/MLPerf/benchmarks-closed/cosmoflow/cosmoflow/utils.py", "lineno": 141, "epoch_num": 27}}
:::MLLOG {"namespace": "", "time_ms": 1633368624990, "event_type": "INTERVAL_END", "key": "epoch_stop", "value": null, "metadata": {"file": "/p/project/jb_benchmark/MLPerf-1.0-combined/MLPerf/benchmarks-closed/cosmoflow/cosmoflow/utils.py", "lineno": 141, "epoch_num": 27}}
:::MLLOG {"namespace": "", "time_ms": 1633368624990, "event_type": "POINT_IN_TIME", "key": "eval_error", "value": 0.14952647684549447, "metadata": {"file": "/p/project/jb_benchmark/MLPerf-1.0-combined/MLPerf/benchmarks-closed/cosmoflow//cosmoflow/train.py", "lineno": 221, "epoch_num": 27}}
:::MLLOG {"namespace": "", "time_ms": 1633368624990, "event_type": "INTERVAL_START", "key": "epoch_start", "value": null, "metadata": {"file": "/p/project/jb_benchmark/MLPerf-1.0-combined/MLPerf/benchmarks-closed/cosmoflow//cosmoflow/train.py", "lineno": 205, "epoch_num": 28}}
:::MLLOG {"namespace": "", "time_ms": 1633368645749, "event_type": "POINT_IN_TIME", "key": "throughput", "value": 25256.329282911025, "metadata": {"file": "/p/project/jb_benchmark/MLPerf-1.0-combined/MLPerf/benchmarks-closed/cosmoflow//cosmoflow/train.py", "lineno": 337, "epoch_num": 28}}
:::MLLOG {"namespace": "", "time_ms": 1633368645749, "event_type": "INTERVAL_START", "key": "eval_start", "value": null, "metadata": {"file": "/p/project/jb_benchmark/MLPerf-1.0-combined/MLPerf/benchmarks-closed/cosmoflow//cosmoflow/train.py", "lineno": 345, "epoch_num": 28}}
:::MLLOG {"namespace": "", "time_ms": 1633368655612, "event_type": "INTERVAL_END", "key": "eval_stop", "value": null, "metadata": {"file": "/p/project/jb_benchmark/MLPerf-1.0-combined/MLPerf/benchmarks-closed/cosmoflow/cosmoflow/utils.py", "lineno": 141, "epoch_num": 28}}
:::MLLOG {"namespace": "", "time_ms": 1633368655612, "event_type": "INTERVAL_END", "key": "epoch_stop", "value": null, "metadata": {"file": "/p/project/jb_benchmark/MLPerf-1.0-combined/MLPerf/benchmarks-closed/cosmoflow/cosmoflow/utils.py", "lineno": 141, "epoch_num": 28}}
:::MLLOG {"namespace": "", "time_ms": 1633368655612, "event_type": "POINT_IN_TIME", "key": "eval_error", "value": 0.13432723277946934, "metadata": {"file": "/p/project/jb_benchmark/MLPerf-1.0-combined/MLPerf/benchmarks-closed/cosmoflow//cosmoflow/train.py", "lineno": 221, "epoch_num": 28}}
:::MLLOG {"namespace": "", "time_ms": 1633368655612, "event_type": "INTERVAL_START", "key": "epoch_start", "value": null, "metadata": {"file": "/p/project/jb_benchmark/MLPerf-1.0-combined/MLPerf/benchmarks-closed/cosmoflow//cosmoflow/train.py", "lineno": 205, "epoch_num": 29}}
:::MLLOG {"namespace": "", "time_ms": 1633368676304, "event_type": "POINT_IN_TIME", "key": "throughput", "value": 25338.528558835325, "metadata": {"file": "/p/project/jb_benchmark/MLPerf-1.0-combined/MLPerf/benchmarks-closed/cosmoflow//cosmoflow/train.py", "lineno": 337, "epoch_num": 29}}
:::MLLOG {"namespace": "", "time_ms": 1633368676304, "event_type": "INTERVAL_START", "key": "eval_start", "value": null, "metadata": {"file": "/p/project/jb_benchmark/MLPerf-1.0-combined/MLPerf/benchmarks-closed/cosmoflow//cosmoflow/train.py", "lineno": 345, "epoch_num": 29}}
:::MLLOG {"namespace": "", "time_ms": 1633368686038, "event_type": "INTERVAL_END", "key": "eval_stop", "value": null, "metadata": {"file": "/p/project/jb_benchmark/MLPerf-1.0-combined/MLPerf/benchmarks-closed/cosmoflow/cosmoflow/utils.py", "lineno": 141, "epoch_num": 29}}
:::MLLOG {"namespace": "", "time_ms": 1633368686038, "event_type": "INTERVAL_END", "key": "epoch_stop", "value": null, "metadata": {"file": "/p/project/jb_benchmark/MLPerf-1.0-combined/MLPerf/benchmarks-closed/cosmoflow/cosmoflow/utils.py", "lineno": 141, "epoch_num": 29}}
:::MLLOG {"namespace": "", "time_ms": 1633368686039, "event_type": "POINT_IN_TIME", "key": "eval_error", "value": 0.15364819756359793, "metadata": {"file": "/p/project/jb_benchmark/MLPerf-1.0-combined/MLPerf/benchmarks-closed/cosmoflow//cosmoflow/train.py", "lineno": 221, "epoch_num": 29}}
:::MLLOG {"namespace": "", "time_ms": 1633368686039, "event_type": "INTERVAL_START", "key": "epoch_start", "value": null, "metadata": {"file": "/p/project/jb_benchmark/MLPerf-1.0-combined/MLPerf/benchmarks-closed/cosmoflow//cosmoflow/train.py", "lineno": 205, "epoch_num": 30}}
:::MLLOG {"namespace": "", "time_ms": 1633368706805, "event_type": "POINT_IN_TIME", "key": "throughput", "value": 25246.849413102493, "metadata": {"file": "/p/project/jb_benchmark/MLPerf-1.0-combined/MLPerf/benchmarks-closed/cosmoflow//cosmoflow/train.py", "lineno": 337, "epoch_num": 30}}
:::MLLOG {"namespace": "", "time_ms": 1633368706806, "event_type": "INTERVAL_START", "key": "eval_start", "value": null, "metadata": {"file": "/p/project/jb_benchmark/MLPerf-1.0-combined/MLPerf/benchmarks-closed/cosmoflow//cosmoflow/train.py", "lineno": 345, "epoch_num": 30}}
:::MLLOG {"namespace": "", "time_ms": 1633368716660, "event_type": "INTERVAL_END", "key": "eval_stop", "value": null, "metadata": {"file": "/p/project/jb_benchmark/MLPerf-1.0-combined/MLPerf/benchmarks-closed/cosmoflow/cosmoflow/utils.py", "lineno": 141, "epoch_num": 30}}
:::MLLOG {"namespace": "", "time_ms": 1633368716660, "event_type": "INTERVAL_END", "key": "epoch_stop", "value": null, "metadata": {"file": "/p/project/jb_benchmark/MLPerf-1.0-combined/MLPerf/benchmarks-closed/cosmoflow/cosmoflow/utils.py", "lineno": 141, "epoch_num": 30}}
:::MLLOG {"namespace": "", "time_ms": 1633368716660, "event_type": "POINT_IN_TIME", "key": "eval_error", "value": 0.1445904969878029, "metadata": {"file": "/p/project/jb_benchmark/MLPerf-1.0-combined/MLPerf/benchmarks-closed/cosmoflow//cosmoflow/train.py", "lineno": 221, "epoch_num": 30}}
:::MLLOG {"namespace": "", "time_ms": 1633368716661, "event_type": "INTERVAL_START", "key": "epoch_start", "value": null, "metadata": {"file": "/p/project/jb_benchmark/MLPerf-1.0-combined/MLPerf/benchmarks-closed/cosmoflow//cosmoflow/train.py", "lineno": 205, "epoch_num": 31}}
:::MLLOG {"namespace": "", "time_ms": 1633368737450, "event_type": "POINT_IN_TIME", "key": "throughput", "value": 25218.63725833857, "metadata": {"file": "/p/project/jb_benchmark/MLPerf-1.0-combined/MLPerf/benchmarks-closed/cosmoflow//cosmoflow/train.py", "lineno": 337, "epoch_num": 31}}
:::MLLOG {"namespace": "", "time_ms": 1633368737451, "event_type": "INTERVAL_START", "key": "eval_start", "value": null, "metadata": {"file": "/p/project/jb_benchmark/MLPerf-1.0-combined/MLPerf/benchmarks-closed/cosmoflow//cosmoflow/train.py", "lineno": 345, "epoch_num": 31}}
:::MLLOG {"namespace": "", "time_ms": 1633368749336, "event_type": "INTERVAL_END", "key": "eval_stop", "value": null, "metadata": {"file": "/p/project/jb_benchmark/MLPerf-1.0-combined/MLPerf/benchmarks-closed/cosmoflow/cosmoflow/utils.py", "lineno": 141, "epoch_num": 31}}
:::MLLOG {"namespace": "", "time_ms": 1633368749336, "event_type": "INTERVAL_END", "key": "epoch_stop", "value": null, "metadata": {"file": "/p/project/jb_benchmark/MLPerf-1.0-combined/MLPerf/benchmarks-closed/cosmoflow/cosmoflow/utils.py", "lineno": 141, "epoch_num": 31}}
:::MLLOG {"namespace": "", "time_ms": 1633368749336, "event_type": "POINT_IN_TIME", "key": "eval_error", "value": 0.1374572514760075, "metadata": {"file": "/p/project/jb_benchmark/MLPerf-1.0-combined/MLPerf/benchmarks-closed/cosmoflow//cosmoflow/train.py", "lineno": 221, "epoch_num": 31}}
:::MLLOG {"namespace": "", "time_ms": 1633368749336, "event_type": "INTERVAL_START", "key": "epoch_start", "value": null, "metadata": {"file": "/p/project/jb_benchmark/MLPerf-1.0-combined/MLPerf/benchmarks-closed/cosmoflow//cosmoflow/train.py", "lineno": 205, "epoch_num": 32}}
:::MLLOG {"namespace": "", "time_ms": 1633368770165, "event_type": "POINT_IN_TIME", "key": "throughput", "value": 25172.00753499307, "metadata": {"file": "/p/project/jb_benchmark/MLPerf-1.0-combined/MLPerf/benchmarks-closed/cosmoflow//cosmoflow/train.py", "lineno": 337, "epoch_num": 32}}
:::MLLOG {"namespace": "", "time_ms": 1633368770165, "event_type": "INTERVAL_START", "key": "eval_start", "value": null, "metadata": {"file": "/p/project/jb_benchmark/MLPerf-1.0-combined/MLPerf/benchmarks-closed/cosmoflow//cosmoflow/train.py", "lineno": 345, "epoch_num": 32}}
:::MLLOG {"namespace": "", "time_ms": 1633368780537, "event_type": "INTERVAL_END", "key": "eval_stop", "value": null, "metadata": {"file": "/p/project/jb_benchmark/MLPerf-1.0-combined/MLPerf/benchmarks-closed/cosmoflow/cosmoflow/utils.py", "lineno": 141, "epoch_num": 32}}
:::MLLOG {"namespace": "", "time_ms": 1633368780538, "event_type": "INTERVAL_END", "key": "epoch_stop", "value": null, "metadata": {"file": "/p/project/jb_benchmark/MLPerf-1.0-combined/MLPerf/benchmarks-closed/cosmoflow/cosmoflow/utils.py", "lineno": 141, "epoch_num": 32}}
:::MLLOG {"namespace": "", "time_ms": 1633368780538, "event_type": "POINT_IN_TIME", "key": "eval_error", "value": 0.13708502045483328, "metadata": {"file": "/p/project/jb_benchmark/MLPerf-1.0-combined/MLPerf/benchmarks-closed/cosmoflow//cosmoflow/train.py", "lineno": 221, "epoch_num": 32}}
:::MLLOG {"namespace": "", "time_ms": 1633368780538, "event_type": "INTERVAL_START", "key": "epoch_start", "value": null, "metadata": {"file": "/p/project/jb_benchmark/MLPerf-1.0-combined/MLPerf/benchmarks-closed/cosmoflow//cosmoflow/train.py", "lineno": 205, "epoch_num": 33}}
:::MLLOG {"namespace": "", "time_ms": 1633368801165, "event_type": "POINT_IN_TIME", "key": "throughput", "value": 25418.345602134646, "metadata": {"file": "/p/project/jb_benchmark/MLPerf-1.0-combined/MLPerf/benchmarks-closed/cosmoflow//cosmoflow/train.py", "lineno": 337, "epoch_num": 33}}
:::MLLOG {"namespace": "", "time_ms": 1633368801165, "event_type": "INTERVAL_START", "key": "eval_start", "value": null, "metadata": {"file": "/p/project/jb_benchmark/MLPerf-1.0-combined/MLPerf/benchmarks-closed/cosmoflow//cosmoflow/train.py", "lineno": 345, "epoch_num": 33}}
:::MLLOG {"namespace": "", "time_ms": 1633368811482, "event_type": "INTERVAL_END", "key": "eval_stop", "value": null, "metadata": {"file": "/p/project/jb_benchmark/MLPerf-1.0-combined/MLPerf/benchmarks-closed/cosmoflow/cosmoflow/utils.py", "lineno": 141, "epoch_num": 33}}
:::MLLOG {"namespace": "", "time_ms": 1633368811483, "event_type": "INTERVAL_END", "key": "epoch_stop", "value": null, "metadata": {"file": "/p/project/jb_benchmark/MLPerf-1.0-combined/MLPerf/benchmarks-closed/cosmoflow/cosmoflow/utils.py", "lineno": 141, "epoch_num": 33}}
:::MLLOG {"namespace": "", "time_ms": 1633368811483, "event_type": "POINT_IN_TIME", "key": "eval_error", "value": 0.13830912101548165, "metadata": {"file": "/p/project/jb_benchmark/MLPerf-1.0-combined/MLPerf/benchmarks-closed/cosmoflow//cosmoflow/train.py", "lineno": 221, "epoch_num": 33}}
:::MLLOG {"namespace": "", "time_ms": 1633368811483, "event_type": "INTERVAL_START", "key": "epoch_start", "value": null, "metadata": {"file": "/p/project/jb_benchmark/MLPerf-1.0-combined/MLPerf/benchmarks-closed/cosmoflow//cosmoflow/train.py", "lineno": 205, "epoch_num": 34}}
:::MLLOG {"namespace": "", "time_ms": 1633368832584, "event_type": "POINT_IN_TIME", "key": "throughput", "value": 24846.84023398719, "metadata": {"file": "/p/project/jb_benchmark/MLPerf-1.0-combined/MLPerf/benchmarks-closed/cosmoflow//cosmoflow/train.py", "lineno": 337, "epoch_num": 34}}
:::MLLOG {"namespace": "", "time_ms": 1633368832585, "event_type": "INTERVAL_START", "key": "eval_start", "value": null, "metadata": {"file": "/p/project/jb_benchmark/MLPerf-1.0-combined/MLPerf/benchmarks-closed/cosmoflow//cosmoflow/train.py", "lineno": 345, "epoch_num": 34}}
:::MLLOG {"namespace": "", "time_ms": 1633368842235, "event_type": "INTERVAL_END", "key": "eval_stop", "value": null, "metadata": {"file": "/p/project/jb_benchmark/MLPerf-1.0-combined/MLPerf/benchmarks-closed/cosmoflow/cosmoflow/utils.py", "lineno": 141, "epoch_num": 34}}
:::MLLOG {"namespace": "", "time_ms": 1633368842236, "event_type": "INTERVAL_END", "key": "epoch_stop", "value": null, "metadata": {"file": "/p/project/jb_benchmark/MLPerf-1.0-combined/MLPerf/benchmarks-closed/cosmoflow/cosmoflow/utils.py", "lineno": 141, "epoch_num": 34}}
:::MLLOG {"namespace": "", "time_ms": 1633368842236, "event_type": "POINT_IN_TIME", "key": "eval_error", "value": 0.1264584063392249, "metadata": {"file": "/p/project/jb_benchmark/MLPerf-1.0-combined/MLPerf/benchmarks-closed/cosmoflow//cosmoflow/train.py", "lineno": 221, "epoch_num": 34}}
:::MLLOG {"namespace": "", "time_ms": 1633368842236, "event_type": "INTERVAL_START", "key": "epoch_start", "value": null, "metadata": {"file": "/p/project/jb_benchmark/MLPerf-1.0-combined/MLPerf/benchmarks-closed/cosmoflow//cosmoflow/train.py", "lineno": 205, "epoch_num": 35}}
:::MLLOG {"namespace": "", "time_ms": 1633368870260, "event_type": "POINT_IN_TIME", "key": "throughput", "value": 18709.005775678703, "metadata": {"file": "/p/project/jb_benchmark/MLPerf-1.0-combined/MLPerf/benchmarks-closed/cosmoflow//cosmoflow/train.py", "lineno": 337, "epoch_num": 35}}
:::MLLOG {"namespace": "", "time_ms": 1633368870260, "event_type": "INTERVAL_START", "key": "eval_start", "value": null, "metadata": {"file": "/p/project/jb_benchmark/MLPerf-1.0-combined/MLPerf/benchmarks-closed/cosmoflow//cosmoflow/train.py", "lineno": 345, "epoch_num": 35}}
:::MLLOG {"namespace": "", "time_ms": 1633368880491, "event_type": "INTERVAL_END", "key": "eval_stop", "value": null, "metadata": {"file": "/p/project/jb_benchmark/MLPerf-1.0-combined/MLPerf/benchmarks-closed/cosmoflow/cosmoflow/utils.py", "lineno": 141, "epoch_num": 35}}
:::MLLOG {"namespace": "", "time_ms": 1633368880492, "event_type": "INTERVAL_END", "key": "epoch_stop", "value": null, "metadata": {"file": "/p/project/jb_benchmark/MLPerf-1.0-combined/MLPerf/benchmarks-closed/cosmoflow/cosmoflow/utils.py", "lineno": 141, "epoch_num": 35}}
:::MLLOG {"namespace": "", "time_ms": 1633368880492, "event_type": "POINT_IN_TIME", "key": "eval_error", "value": 0.1269653434911561, "metadata": {"file": "/p/project/jb_benchmark/MLPerf-1.0-combined/MLPerf/benchmarks-closed/cosmoflow//cosmoflow/train.py", "lineno": 221, "epoch_num": 35}}
:::MLLOG {"namespace": "", "time_ms": 1633368880492, "event_type": "INTERVAL_START", "key": "epoch_start", "value": null, "metadata": {"file": "/p/project/jb_benchmark/MLPerf-1.0-combined/MLPerf/benchmarks-closed/cosmoflow//cosmoflow/train.py", "lineno": 205, "epoch_num": 36}}
:::MLLOG {"namespace": "", "time_ms": 1633368901210, "event_type": "POINT_IN_TIME", "key": "throughput", "value": 25306.532700723506, "metadata": {"file": "/p/project/jb_benchmark/MLPerf-1.0-combined/MLPerf/benchmarks-closed/cosmoflow//cosmoflow/train.py", "lineno": 337, "epoch_num": 36}}
:::MLLOG {"namespace": "", "time_ms": 1633368901210, "event_type": "INTERVAL_START", "key": "eval_start", "value": null, "metadata": {"file": "/p/project/jb_benchmark/MLPerf-1.0-combined/MLPerf/benchmarks-closed/cosmoflow//cosmoflow/train.py", "lineno": 345, "epoch_num": 36}}
:::MLLOG {"namespace": "", "time_ms": 1633368911395, "event_type": "INTERVAL_END", "key": "eval_stop", "value": null, "metadata": {"file": "/p/project/jb_benchmark/MLPerf-1.0-combined/MLPerf/benchmarks-closed/cosmoflow/cosmoflow/utils.py", "lineno": 141, "epoch_num": 36}}
:::MLLOG {"namespace": "", "time_ms": 1633368911395, "event_type": "INTERVAL_END", "key": "epoch_stop", "value": null, "metadata": {"file": "/p/project/jb_benchmark/MLPerf-1.0-combined/MLPerf/benchmarks-closed/cosmoflow/cosmoflow/utils.py", "lineno": 141, "epoch_num": 36}}
:::MLLOG {"namespace": "", "time_ms": 1633368911396, "event_type": "POINT_IN_TIME", "key": "eval_error", "value": 0.12833380687516183, "metadata": {"file": "/p/project/jb_benchmark/MLPerf-1.0-combined/MLPerf/benchmarks-closed/cosmoflow//cosmoflow/train.py", "lineno": 221, "epoch_num": 36}}
:::MLLOG {"namespace": "", "time_ms": 1633368911396, "event_type": "INTERVAL_START", "key": "epoch_start", "value": null, "metadata": {"file": "/p/project/jb_benchmark/MLPerf-1.0-combined/MLPerf/benchmarks-closed/cosmoflow//cosmoflow/train.py", "lineno": 205, "epoch_num": 37}}
:::MLLOG {"namespace": "", "time_ms": 1633368932220, "event_type": "POINT_IN_TIME", "key": "throughput", "value": 25177.101755724198, "metadata": {"file": "/p/project/jb_benchmark/MLPerf-1.0-combined/MLPerf/benchmarks-closed/cosmoflow//cosmoflow/train.py", "lineno": 337, "epoch_num": 37}}
:::MLLOG {"namespace": "", "time_ms": 1633368932220, "event_type": "INTERVAL_START", "key": "eval_start", "value": null, "metadata": {"file": "/p/project/jb_benchmark/MLPerf-1.0-combined/MLPerf/benchmarks-closed/cosmoflow//cosmoflow/train.py", "lineno": 345, "epoch_num": 37}}
:::MLLOG {"namespace": "", "time_ms": 1633368942207, "event_type": "INTERVAL_END", "key": "eval_stop", "value": null, "metadata": {"file": "/p/project/jb_benchmark/MLPerf-1.0-combined/MLPerf/benchmarks-closed/cosmoflow/cosmoflow/utils.py", "lineno": 141, "epoch_num": 37}}
:::MLLOG {"namespace": "", "time_ms": 1633368942208, "event_type": "INTERVAL_END", "key": "epoch_stop", "value": null, "metadata": {"file": "/p/project/jb_benchmark/MLPerf-1.0-combined/MLPerf/benchmarks-closed/cosmoflow/cosmoflow/utils.py", "lineno": 141, "epoch_num": 37}}
:::MLLOG {"namespace": "", "time_ms": 1633368942208, "event_type": "POINT_IN_TIME", "key": "eval_error", "value": 0.12702047817583662, "metadata": {"file": "/p/project/jb_benchmark/MLPerf-1.0-combined/MLPerf/benchmarks-closed/cosmoflow//cosmoflow/train.py", "lineno": 221, "epoch_num": 37}}
:::MLLOG {"namespace": "", "time_ms": 1633368942208, "event_type": "INTERVAL_START", "key": "epoch_start", "value": null, "metadata": {"file": "/p/project/jb_benchmark/MLPerf-1.0-combined/MLPerf/benchmarks-closed/cosmoflow//cosmoflow/train.py", "lineno": 205, "epoch_num": 38}}
:::MLLOG {"namespace": "", "time_ms": 1633368968140, "event_type": "POINT_IN_TIME", "key": "throughput", "value": 20218.05549572286, "metadata": {"file": "/p/project/jb_benchmark/MLPerf-1.0-combined/MLPerf/benchmarks-closed/cosmoflow//cosmoflow/train.py", "lineno": 337, "epoch_num": 38}}
:::MLLOG {"namespace": "", "time_ms": 1633368968141, "event_type": "INTERVAL_START", "key": "eval_start", "value": null, "metadata": {"file": "/p/project/jb_benchmark/MLPerf-1.0-combined/MLPerf/benchmarks-closed/cosmoflow//cosmoflow/train.py", "lineno": 345, "epoch_num": 38}}
:::MLLOG {"namespace": "", "time_ms": 1633368978578, "event_type": "INTERVAL_END", "key": "eval_stop", "value": null, "metadata": {"file": "/p/project/jb_benchmark/MLPerf-1.0-combined/MLPerf/benchmarks-closed/cosmoflow/cosmoflow/utils.py", "lineno": 141, "epoch_num": 38}}
:::MLLOG {"namespace": "", "time_ms": 1633368978578, "event_type": "INTERVAL_END", "key": "epoch_stop", "value": null, "metadata": {"file": "/p/project/jb_benchmark/MLPerf-1.0-combined/MLPerf/benchmarks-closed/cosmoflow/cosmoflow/utils.py", "lineno": 141, "epoch_num": 38}}
:::MLLOG {"namespace": "", "time_ms": 1633368978579, "event_type": "POINT_IN_TIME", "key": "eval_error", "value": 0.12441602348553715, "metadata": {"file": "/p/project/jb_benchmark/MLPerf-1.0-combined/MLPerf/benchmarks-closed/cosmoflow//cosmoflow/train.py", "lineno": 221, "epoch_num": 38}}
:::MLLOG {"namespace": "", "time_ms": 1633368978579, "event_type": "INTERVAL_START", "key": "epoch_start", "value": null, "metadata": {"file": "/p/project/jb_benchmark/MLPerf-1.0-combined/MLPerf/benchmarks-closed/cosmoflow//cosmoflow/train.py", "lineno": 205, "epoch_num": 39}}
:::MLLOG {"namespace": "", "time_ms": 1633368999554, "event_type": "POINT_IN_TIME", "key": "throughput", "value": 24995.89806250875, "metadata": {"file": "/p/project/jb_benchmark/MLPerf-1.0-combined/MLPerf/benchmarks-closed/cosmoflow//cosmoflow/train.py", "lineno": 337, "epoch_num": 39}}
:::MLLOG {"namespace": "", "time_ms": 1633368999554, "event_type": "INTERVAL_START", "key": "eval_start", "value": null, "metadata": {"file": "/p/project/jb_benchmark/MLPerf-1.0-combined/MLPerf/benchmarks-closed/cosmoflow//cosmoflow/train.py", "lineno": 345, "epoch_num": 39}}
:::MLLOG {"namespace": "", "time_ms": 1633369009741, "event_type": "INTERVAL_END", "key": "eval_stop", "value": null, "metadata": {"file": "/p/project/jb_benchmark/MLPerf-1.0-combined/MLPerf/benchmarks-closed/cosmoflow/cosmoflow/utils.py", "lineno": 141, "epoch_num": 39}}
:::MLLOG {"namespace": "", "time_ms": 1633369009741, "event_type": "INTERVAL_END", "key": "epoch_stop", "value": null, "metadata": {"file": "/p/project/jb_benchmark/MLPerf-1.0-combined/MLPerf/benchmarks-closed/cosmoflow/cosmoflow/utils.py", "lineno": 141, "epoch_num": 39}}
:::MLLOG {"namespace": "", "time_ms": 1633369009741, "event_type": "POINT_IN_TIME", "key": "eval_error", "value": 0.1324631568042533, "metadata": {"file": "/p/project/jb_benchmark/MLPerf-1.0-combined/MLPerf/benchmarks-closed/cosmoflow//cosmoflow/train.py", "lineno": 221, "epoch_num": 39}}
:::MLLOG {"namespace": "", "time_ms": 1633369009741, "event_type": "INTERVAL_START", "key": "epoch_start", "value": null, "metadata": {"file": "/p/project/jb_benchmark/MLPerf-1.0-combined/MLPerf/benchmarks-closed/cosmoflow//cosmoflow/train.py", "lineno": 205, "epoch_num": 40}}
:::MLLOG {"namespace": "", "time_ms": 1633369030678, "event_type": "POINT_IN_TIME", "key": "throughput", "value": 25042.045543289576, "metadata": {"file": "/p/project/jb_benchmark/MLPerf-1.0-combined/MLPerf/benchmarks-closed/cosmoflow//cosmoflow/train.py", "lineno": 337, "epoch_num": 40}}
:::MLLOG {"namespace": "", "time_ms": 1633369030678, "event_type": "INTERVAL_START", "key": "eval_start", "value": null, "metadata": {"file": "/p/project/jb_benchmark/MLPerf-1.0-combined/MLPerf/benchmarks-closed/cosmoflow//cosmoflow/train.py", "lineno": 345, "epoch_num": 40}}
:::MLLOG {"namespace": "", "time_ms": 1633369042447, "event_type": "INTERVAL_END", "key": "eval_stop", "value": null, "metadata": {"file": "/p/project/jb_benchmark/MLPerf-1.0-combined/MLPerf/benchmarks-closed/cosmoflow/cosmoflow/utils.py", "lineno": 141, "epoch_num": 40}}
:::MLLOG {"namespace": "", "time_ms": 1633369042447, "event_type": "INTERVAL_END", "key": "epoch_stop", "value": null, "metadata": {"file": "/p/project/jb_benchmark/MLPerf-1.0-combined/MLPerf/benchmarks-closed/cosmoflow/cosmoflow/utils.py", "lineno": 141, "epoch_num": 40}}
:::MLLOG {"namespace": "", "time_ms": 1633369042447, "event_type": "POINT_IN_TIME", "key": "eval_error", "value": 0.12622302758973092, "metadata": {"file": "/p/project/jb_benchmark/MLPerf-1.0-combined/MLPerf/benchmarks-closed/cosmoflow//cosmoflow/train.py", "lineno": 221, "epoch_num": 40}}
:::MLLOG {"namespace": "", "time_ms": 1633369042447, "event_type": "INTERVAL_START", "key": "epoch_start", "value": null, "metadata": {"file": "/p/project/jb_benchmark/MLPerf-1.0-combined/MLPerf/benchmarks-closed/cosmoflow//cosmoflow/train.py", "lineno": 205, "epoch_num": 41}}
:::MLLOG {"namespace": "", "time_ms": 1633369067943, "event_type": "POINT_IN_TIME", "key": "throughput", "value": 20563.786630349103, "metadata": {"file": "/p/project/jb_benchmark/MLPerf-1.0-combined/MLPerf/benchmarks-closed/cosmoflow//cosmoflow/train.py", "lineno": 337, "epoch_num": 41}}
:::MLLOG {"namespace": "", "time_ms": 1633369067944, "event_type": "INTERVAL_START", "key": "eval_start", "value": null, "metadata": {"file": "/p/project/jb_benchmark/MLPerf-1.0-combined/MLPerf/benchmarks-closed/cosmoflow//cosmoflow/train.py", "lineno": 345, "epoch_num": 41}}
:::MLLOG {"namespace": "", "time_ms": 1633369078171, "event_type": "INTERVAL_END", "key": "eval_stop", "value": null, "metadata": {"file": "/p/project/jb_benchmark/MLPerf-1.0-combined/MLPerf/benchmarks-closed/cosmoflow/cosmoflow/utils.py", "lineno": 141, "epoch_num": 41}}
:::MLLOG {"namespace": "", "time_ms": 1633369078171, "event_type": "INTERVAL_END", "key": "epoch_stop", "value": null, "metadata": {"file": "/p/project/jb_benchmark/MLPerf-1.0-combined/MLPerf/benchmarks-closed/cosmoflow/cosmoflow/utils.py", "lineno": 141, "epoch_num": 41}}
:::MLLOG {"namespace": "", "time_ms": 1633369078172, "event_type": "POINT_IN_TIME", "key": "eval_error", "value": 0.1253081559407292, "metadata": {"file": "/p/project/jb_benchmark/MLPerf-1.0-combined/MLPerf/benchmarks-closed/cosmoflow//cosmoflow/train.py", "lineno": 221, "epoch_num": 41}}
:::MLLOG {"namespace": "", "time_ms": 1633369078172, "event_type": "INTERVAL_START", "key": "epoch_start", "value": null, "metadata": {"file": "/p/project/jb_benchmark/MLPerf-1.0-combined/MLPerf/benchmarks-closed/cosmoflow//cosmoflow/train.py", "lineno": 205, "epoch_num": 42}}
:::MLLOG {"namespace": "", "time_ms": 1633369099008, "event_type": "POINT_IN_TIME", "key": "throughput", "value": 25162.75208702453, "metadata": {"file": "/p/project/jb_benchmark/MLPerf-1.0-combined/MLPerf/benchmarks-closed/cosmoflow//cosmoflow/train.py", "lineno": 337, "epoch_num": 42}}
:::MLLOG {"namespace": "", "time_ms": 1633369099008, "event_type": "INTERVAL_START", "key": "eval_start", "value": null, "metadata": {"file": "/p/project/jb_benchmark/MLPerf-1.0-combined/MLPerf/benchmarks-closed/cosmoflow//cosmoflow/train.py", "lineno": 345, "epoch_num": 42}}
:::MLLOG {"namespace": "", "time_ms": 1633369109346, "event_type": "INTERVAL_END", "key": "eval_stop", "value": null, "metadata": {"file": "/p/project/jb_benchmark/MLPerf-1.0-combined/MLPerf/benchmarks-closed/cosmoflow/cosmoflow/utils.py", "lineno": 141, "epoch_num": 42}}
:::MLLOG {"namespace": "", "time_ms": 1633369109347, "event_type": "INTERVAL_END", "key": "epoch_stop", "value": null, "metadata": {"file": "/p/project/jb_benchmark/MLPerf-1.0-combined/MLPerf/benchmarks-closed/cosmoflow/cosmoflow/utils.py", "lineno": 141, "epoch_num": 42}}
:::MLLOG {"namespace": "", "time_ms": 1633369109347, "event_type": "POINT_IN_TIME", "key": "eval_error", "value": 0.12497124074434396, "metadata": {"file": "/p/project/jb_benchmark/MLPerf-1.0-combined/MLPerf/benchmarks-closed/cosmoflow//cosmoflow/train.py", "lineno": 221, "epoch_num": 42}}
:::MLLOG {"namespace": "", "time_ms": 1633369109347, "event_type": "INTERVAL_START", "key": "epoch_start", "value": null, "metadata": {"file": "/p/project/jb_benchmark/MLPerf-1.0-combined/MLPerf/benchmarks-closed/cosmoflow//cosmoflow/train.py", "lineno": 205, "epoch_num": 43}}
:::MLLOG {"namespace": "", "time_ms": 1633369137806, "event_type": "POINT_IN_TIME", "key": "throughput", "value": 18422.886525409554, "metadata": {"file": "/p/project/jb_benchmark/MLPerf-1.0-combined/MLPerf/benchmarks-closed/cosmoflow//cosmoflow/train.py", "lineno": 337, "epoch_num": 43}}
:::MLLOG {"namespace": "", "time_ms": 1633369137806, "event_type": "INTERVAL_START", "key": "eval_start", "value": null, "metadata": {"file": "/p/project/jb_benchmark/MLPerf-1.0-combined/MLPerf/benchmarks-closed/cosmoflow//cosmoflow/train.py", "lineno": 345, "epoch_num": 43}}
:::MLLOG {"namespace": "", "time_ms": 1633369148285, "event_type": "INTERVAL_END", "key": "eval_stop", "value": null, "metadata": {"file": "/p/project/jb_benchmark/MLPerf-1.0-combined/MLPerf/benchmarks-closed/cosmoflow/cosmoflow/utils.py", "lineno": 141, "epoch_num": 43}}
:::MLLOG {"namespace": "", "time_ms": 1633369148286, "event_type": "INTERVAL_END", "key": "epoch_stop", "value": null, "metadata": {"file": "/p/project/jb_benchmark/MLPerf-1.0-combined/MLPerf/benchmarks-closed/cosmoflow/cosmoflow/utils.py", "lineno": 141, "epoch_num": 43}}
:::MLLOG {"namespace": "", "time_ms": 1633369148286, "event_type": "POINT_IN_TIME", "key": "eval_error", "value": 0.12354239818523638, "metadata": {"file": "/p/project/jb_benchmark/MLPerf-1.0-combined/MLPerf/benchmarks-closed/cosmoflow//cosmoflow/train.py", "lineno": 221, "epoch_num": 43}}
:::MLLOG {"namespace": "", "time_ms": 1633369148286, "event_type": "INTERVAL_END", "key": "run_stop", "value": null, "metadata": {"file": "/p/project/jb_benchmark/MLPerf-1.0-combined/MLPerf/benchmarks-closed/cosmoflow/cosmoflow/utils.py", "lineno": 141, "status": "success"}}
