:::MLLOG {"namespace": "", "time_ms": 1633045324996, "event_type": "POINT_IN_TIME", "key": "submission_benchmark", "value": "deepcam", "metadata": {"file": "/p/project/jb_benchmark/kesselheim1/MLPerf2/MLPerf/benchmarks-closed/deepcam/image-src/utils/mlperf_log_utils.py", "lineno": 55}}
:::MLLOG {"namespace": "", "time_ms": 1633045325055, "event_type": "POINT_IN_TIME", "key": "submission_org", "value": "HelmholtzAI", "metadata": {"file": "/p/project/jb_benchmark/kesselheim1/MLPerf2/MLPerf/benchmarks-closed/deepcam/image-src/utils/mlperf_log_utils.py", "lineno": 58}}
:::MLLOG {"namespace": "", "time_ms": 1633045325055, "event_type": "POINT_IN_TIME", "key": "submission_division", "value": "closed", "metadata": {"file": "/p/project/jb_benchmark/kesselheim1/MLPerf2/MLPerf/benchmarks-closed/deepcam/image-src/utils/mlperf_log_utils.py", "lineno": 61}}
:::MLLOG {"namespace": "", "time_ms": 1633045325055, "event_type": "POINT_IN_TIME", "key": "submission_status", "value": "onprem", "metadata": {"file": "/p/project/jb_benchmark/kesselheim1/MLPerf2/MLPerf/benchmarks-closed/deepcam/image-src/utils/mlperf_log_utils.py", "lineno": 64}}
:::MLLOG {"namespace": "", "time_ms": 1633045325055, "event_type": "POINT_IN_TIME", "key": "submission_platform", "value": "JUWELS_Booster", "metadata": {"file": "/p/project/jb_benchmark/kesselheim1/MLPerf2/MLPerf/benchmarks-closed/deepcam/image-src/utils/mlperf_log_utils.py", "lineno": 67}}
:::MLLOG {"namespace": "", "time_ms": 1633045325056, "event_type": "INTERVAL_START", "key": "init_start", "value": null, "metadata": {"file": "./train_instance.py", "lineno": 100}}
:::MLLOG {"namespace": "", "time_ms": 1633045325056, "event_type": "POINT_IN_TIME", "key": "cache_clear", "value": null, "metadata": {"file": "./train_instance.py", "lineno": 101}}
:::MLLOG {"namespace": "", "time_ms": 1633045325056, "event_type": "POINT_IN_TIME", "key": "seed", "value": 3, "metadata": {"file": "./train_instance.py", "lineno": 105}}
:::MLLOG {"namespace": "", "time_ms": 1633045325061, "event_type": "POINT_IN_TIME", "key": "number_of_ranks", "value": 128, "metadata": {"file": "./train_instance.py", "lineno": 196}}
:::MLLOG {"namespace": "", "time_ms": 1633045325061, "event_type": "POINT_IN_TIME", "key": "number_of_nodes", "value": 32, "metadata": {"file": "./train_instance.py", "lineno": 197}}
:::MLLOG {"namespace": "", "time_ms": 1633045325061, "event_type": "POINT_IN_TIME", "key": "accelerators_per_node", "value": 4, "metadata": {"file": "./train_instance.py", "lineno": 198}}
:::MLLOG {"namespace": "", "time_ms": 1633045325061, "event_type": "POINT_IN_TIME", "key": "instance_id", "value": 1, "metadata": {"file": "./train_instance.py", "lineno": 200}}
:::MLLOG {"namespace": "", "time_ms": 1633045325061, "event_type": "POINT_IN_TIME", "key": "checkpoint", "value": null, "metadata": {"file": "./train_instance.py", "lineno": 202}}
:::MLLOG {"namespace": "", "time_ms": 1633045325061, "event_type": "POINT_IN_TIME", "key": "global_batch_size", "value": 128, "metadata": {"file": "./train_instance.py", "lineno": 203}}
:::MLLOG {"namespace": "", "time_ms": 1633045325061, "event_type": "POINT_IN_TIME", "key": "batchnorm_group_size", "value": 2, "metadata": {"file": "./train_instance.py", "lineno": 204}}
:::MLLOG {"namespace": "", "time_ms": 1633045325061, "event_type": "POINT_IN_TIME", "key": "gradient_accumulation_frequency", "value": 1, "metadata": {"file": "./train_instance.py", "lineno": 205}}
:::MLLOG {"namespace": "", "time_ms": 1633045325061, "event_type": "POINT_IN_TIME", "key": "data_format", "value": "dali-es/hdf5", "metadata": {"file": "./train_instance.py", "lineno": 207}}
:::MLLOG {"namespace": "", "time_ms": 1633045325061, "event_type": "POINT_IN_TIME", "key": "shuffle_mode", "value": "global", "metadata": {"file": "./train_instance.py", "lineno": 208}}
:::MLLOG {"namespace": "", "time_ms": 1633045325061, "event_type": "POINT_IN_TIME", "key": "data_oversampling_factor", "value": 1, "metadata": {"file": "./train_instance.py", "lineno": 209}}
:::MLLOG {"namespace": "", "time_ms": 1633045325064, "event_type": "POINT_IN_TIME", "key": "stage_dir_prefix", "value": "/tmp/deepcam", "metadata": {"file": "./train_instance.py", "lineno": 211}}
:::MLLOG {"namespace": "", "time_ms": 1633045325064, "event_type": "POINT_IN_TIME", "key": "stage_mode", "value": "node", "metadata": {"file": "./train_instance.py", "lineno": 212}}
:::MLLOG {"namespace": "", "time_ms": 1633045325064, "event_type": "POINT_IN_TIME", "key": "stage_batch_size", "value": -1, "metadata": {"file": "./train_instance.py", "lineno": 213}}
:::MLLOG {"namespace": "", "time_ms": 1633045325065, "event_type": "POINT_IN_TIME", "key": "stage_verify", "value": false, "metadata": {"file": "./train_instance.py", "lineno": 214}}
:::MLLOG {"namespace": "", "time_ms": 1633045325065, "event_type": "POINT_IN_TIME", "key": "stage_full_data_per_node", "value": false, "metadata": {"file": "./train_instance.py", "lineno": 215}}
:::MLLOG {"namespace": "", "time_ms": 1633045325065, "event_type": "POINT_IN_TIME", "key": "stage_use_direct_io", "value": false, "metadata": {"file": "./train_instance.py", "lineno": 216}}
:::MLLOG {"namespace": "", "time_ms": 1633045325065, "event_type": "POINT_IN_TIME", "key": "precision_mode", "value": "amp", "metadata": {"file": "./train_instance.py", "lineno": 218}}
:::MLLOG {"namespace": "", "time_ms": 1633045325065, "event_type": "POINT_IN_TIME", "key": "enable_nhwc", "value": true, "metadata": {"file": "./train_instance.py", "lineno": 219}}
:::MLLOG {"namespace": "", "time_ms": 1633045325065, "event_type": "POINT_IN_TIME", "key": "enable_graph", "value": true, "metadata": {"file": "./train_instance.py", "lineno": 220}}
:::MLLOG {"namespace": "", "time_ms": 1633045325065, "event_type": "POINT_IN_TIME", "key": "enable_jit", "value": false, "metadata": {"file": "./train_instance.py", "lineno": 221}}
:::MLLOG {"namespace": "", "time_ms": 1633045325065, "event_type": "POINT_IN_TIME", "key": "disable_comm_overlap", "value": true, "metadata": {"file": "./train_instance.py", "lineno": 222}}
:::MLLOG {"namespace": "", "time_ms": 1633045325744, "event_type": "POINT_IN_TIME", "key": "opt_name", "value": "LAMB", "metadata": {"file": "/p/project/jb_benchmark/kesselheim1/MLPerf2/MLPerf/benchmarks-closed/deepcam/image-src/utils/optimizer_helpers.py", "lineno": 144}}
:::MLLOG {"namespace": "", "time_ms": 1633045325748, "event_type": "POINT_IN_TIME", "key": "opt_lr", "value": 0.001, "metadata": {"file": "/p/project/jb_benchmark/kesselheim1/MLPerf2/MLPerf/benchmarks-closed/deepcam/image-src/utils/optimizer_helpers.py", "lineno": 147}}
:::MLLOG {"namespace": "", "time_ms": 1633045325748, "event_type": "POINT_IN_TIME", "key": "opt_bias_correction", "value": true, "metadata": {"file": "/p/project/jb_benchmark/kesselheim1/MLPerf2/MLPerf/benchmarks-closed/deepcam/image-src/utils/optimizer_helpers.py", "lineno": 147}}
:::MLLOG {"namespace": "", "time_ms": 1633045325748, "event_type": "POINT_IN_TIME", "key": "opt_betas", "value": [0.9, 0.999], "metadata": {"file": "/p/project/jb_benchmark/kesselheim1/MLPerf2/MLPerf/benchmarks-closed/deepcam/image-src/utils/optimizer_helpers.py", "lineno": 147}}
:::MLLOG {"namespace": "", "time_ms": 1633045325748, "event_type": "POINT_IN_TIME", "key": "opt_eps", "value": 1e-06, "metadata": {"file": "/p/project/jb_benchmark/kesselheim1/MLPerf2/MLPerf/benchmarks-closed/deepcam/image-src/utils/optimizer_helpers.py", "lineno": 147}}
:::MLLOG {"namespace": "", "time_ms": 1633045325748, "event_type": "POINT_IN_TIME", "key": "opt_weight_decay", "value": 0.01, "metadata": {"file": "/p/project/jb_benchmark/kesselheim1/MLPerf2/MLPerf/benchmarks-closed/deepcam/image-src/utils/optimizer_helpers.py", "lineno": 147}}
:::MLLOG {"namespace": "", "time_ms": 1633045325749, "event_type": "POINT_IN_TIME", "key": "opt_grad_averaging", "value": true, "metadata": {"file": "/p/project/jb_benchmark/kesselheim1/MLPerf2/MLPerf/benchmarks-closed/deepcam/image-src/utils/optimizer_helpers.py", "lineno": 147}}
:::MLLOG {"namespace": "", "time_ms": 1633045325749, "event_type": "POINT_IN_TIME", "key": "opt_max_grad_norm", "value": 1.0, "metadata": {"file": "/p/project/jb_benchmark/kesselheim1/MLPerf2/MLPerf/benchmarks-closed/deepcam/image-src/utils/optimizer_helpers.py", "lineno": 147}}
:::MLLOG {"namespace": "", "time_ms": 1633045325750, "event_type": "POINT_IN_TIME", "key": "scheduler_type", "value": "multistep", "metadata": {"file": "/p/project/jb_benchmark/kesselheim1/MLPerf2/MLPerf/benchmarks-closed/deepcam/image-src/utils/optimizer_helpers.py", "lineno": 108}}
:::MLLOG {"namespace": "", "time_ms": 1633045325750, "event_type": "POINT_IN_TIME", "key": "scheduler_milestones", "value": [8192, 16384], "metadata": {"file": "/p/project/jb_benchmark/kesselheim1/MLPerf2/MLPerf/benchmarks-closed/deepcam/image-src/utils/optimizer_helpers.py", "lineno": 108}}
:::MLLOG {"namespace": "", "time_ms": 1633045325750, "event_type": "POINT_IN_TIME", "key": "scheduler_decay_rate", "value": 0.1, "metadata": {"file": "/p/project/jb_benchmark/kesselheim1/MLPerf2/MLPerf/benchmarks-closed/deepcam/image-src/utils/optimizer_helpers.py", "lineno": 108}}
:::MLLOG {"namespace": "", "time_ms": 1633045325750, "event_type": "POINT_IN_TIME", "key": "scheduler_lr_warmup_steps", "value": 0, "metadata": {"file": "/p/project/jb_benchmark/kesselheim1/MLPerf2/MLPerf/benchmarks-closed/deepcam/image-src/utils/optimizer_helpers.py", "lineno": 108}}
:::MLLOG {"namespace": "", "time_ms": 1633045325750, "event_type": "POINT_IN_TIME", "key": "scheduler_lr_warmup_factor", "value": 1.0, "metadata": {"file": "/p/project/jb_benchmark/kesselheim1/MLPerf2/MLPerf/benchmarks-closed/deepcam/image-src/utils/optimizer_helpers.py", "lineno": 108}}
:::MLLOG {"namespace": "", "time_ms": 1633045359533, "event_type": "INTERVAL_END", "key": "init_stop", "value": null, "metadata": {"file": "./train_instance.py", "lineno": 383}}
:::MLLOG {"namespace": "", "time_ms": 1633045359534, "event_type": "INTERVAL_START", "key": "run_start", "value": null, "metadata": {"file": "./train_instance.py", "lineno": 386}}
:::MLLOG {"namespace": "", "time_ms": 1633045359534, "event_type": "INTERVAL_START", "key": "staging_start", "value": null, "metadata": {"file": "./train_instance.py", "lineno": 390}}
